created virtual environment CPython3.8.10.final.0-64 in 5717ms
  creator CPython3Posix(dest=/localscratch/srenaud.14839156.0/ENV, clear=False, global=False)
  seeder FromAppData(download=False, pip=latest, setuptools=latest, wheel=latest, via=copy, app_data_dir=/home/srenaud/.local/share/virtualenv/seed-app-data/v1.0.1)
  activators BashActivator,CShellActivator,FishActivator,PowerShellActivator,PythonActivator,XonshActivator
data
ENV
Ignoring pip: markers 'python_version < "3"' don't match your environment
Looking in links: /cvmfs/soft.computecanada.ca/custom/python/wheelhouse/gentoo/avx2, /cvmfs/soft.computecanada.ca/custom/python/wheelhouse/gentoo/generic, /cvmfs/soft.computecanada.ca/custom/python/wheelhouse/generic
Collecting transvae
  Using cached transvae-0.6.1-py3-none-any.whl (31 kB)
Processing /cvmfs/soft.computecanada.ca/custom/python/wheelhouse/generic/torch-1.9.0+computecanada-cp38-cp38-linux_x86_64.whl
Processing /cvmfs/soft.computecanada.ca/custom/python/wheelhouse/gentoo/generic/pandas-1.3.0+computecanada-cp38-cp38-linux_x86_64.whl
Processing /cvmfs/soft.computecanada.ca/custom/python/wheelhouse/generic/seaborn-0.11.2+computecanada-py3-none-any.whl
Processing /cvmfs/soft.computecanada.ca/custom/python/wheelhouse/gentoo/generic/matplotlib-3.4.2+computecanada-cp38-cp38-linux_x86_64.whl
Processing /cvmfs/soft.computecanada.ca/custom/python/wheelhouse/generic/sklearn-0.0+computecanada-py2.py3-none-any.whl
Processing /cvmfs/soft.computecanada.ca/custom/python/wheelhouse/gentoo/generic/numpy-1.21.0+computecanada-cp38-cp38-linux_x86_64.whl
Processing /cvmfs/soft.computecanada.ca/custom/python/wheelhouse/gentoo/generic/scipy-1.7.1+computecanada-cp38-cp38-linux_x86_64.whl
Processing /cvmfs/soft.computecanada.ca/custom/python/wheelhouse/generic/typing_extensions-3.10.0.2+computecanada-py3-none-any.whl
Processing /cvmfs/soft.computecanada.ca/custom/python/wheelhouse/generic/python_dateutil-2.8.2+computecanada-py2.py3-none-any.whl
Processing /cvmfs/soft.computecanada.ca/custom/python/wheelhouse/generic/pytz-2021.1+computecanada-py3-none-any.whl
Processing /cvmfs/soft.computecanada.ca/custom/python/wheelhouse/generic/kiwisolver-1.3.1+computecanada-cp38-cp38-linux_x86_64.whl
Processing /cvmfs/soft.computecanada.ca/custom/python/wheelhouse/generic/pyparsing-2.4.7+computecanada-py2.py3-none-any.whl
Processing /cvmfs/soft.computecanada.ca/custom/python/wheelhouse/gentoo/generic/Pillow-8.3.1+computecanada-cp38-cp38-linux_x86_64.whl
Processing /cvmfs/soft.computecanada.ca/custom/python/wheelhouse/generic/cycler-0.10.0+computecanada-py3-none-any.whl
Processing /cvmfs/soft.computecanada.ca/custom/python/wheelhouse/gentoo/generic/scikit_learn-0.24.1+computecanada-cp38-cp38-linux_x86_64.whl
Processing /cvmfs/soft.computecanada.ca/custom/python/wheelhouse/generic/six-1.16.0+computecanada-py2.py3-none-any.whl
Processing /cvmfs/soft.computecanada.ca/custom/python/wheelhouse/generic/threadpoolctl-2.2.0+computecanada-py3-none-any.whl
Processing /cvmfs/soft.computecanada.ca/custom/python/wheelhouse/generic/joblib-1.0.1+computecanada-py3-none-any.whl
Installing collected packages: typing-extensions, torch, six, python-dateutil, pytz, numpy, pandas, kiwisolver, pyparsing, pillow, cycler, matplotlib, scipy, seaborn, threadpoolctl, joblib, scikit-learn, sklearn, transvae
Successfully installed cycler-0.10.0+computecanada joblib-1.0.1+computecanada kiwisolver-1.3.1+computecanada matplotlib-3.4.2+computecanada numpy-1.21.0+computecanada pandas-1.3.0+computecanada pillow-8.3.1+computecanada pyparsing-2.4.7+computecanada python-dateutil-2.8.2+computecanada pytz-2021.1+computecanada scikit-learn-0.24.1+computecanada scipy-1.7.1+computecanada seaborn-0.11.2+computecanada six-1.16.0+computecanada sklearn-0.0+computecanada threadpoolctl-2.2.0+computecanada torch-1.9.0+computecanada transvae-0.6.1 typing-extensions-3.10.0.2+computecanada
r0 master: cdr901.int.cedar.computecanada.ca
GPUs per node: 4
GPUs per node: 4
GPUs per node: 4
GPUs per node: 4
process group ready!
process group ready!
process group ready!
process group ready!
final check
final check
final check
sh: 1,: command not found
sh: 1,: command not found
sh: 1,: command not found
final check
sh: 1,: command not found
Epoch - 1 Train - 2.824519313465465 Val - 2.721888701121012 KLBeta - 1e-08 Epoch time - -11.13626
Epoch - 1 Train - 2.826360169324008 Val - 2.7157185872395835 KLBeta - 1e-08 Epoch time - -11.57014
Epoch - 1 Train - 2.824087957902388 Val - 2.7198448975880942 KLBeta - 1e-08 Epoch time - -11.45756
Epoch - 1 Train - 2.8275017564946956 Val - 2.718635320663452 KLBeta - 1e-08 Epoch time - -11.65261
Epoch - 2 Train - 2.7156547112898393 Val - 2.69918163617452 KLBeta - 0.00025000995 Epoch time - -11.11786
Epoch - 2 Train - 2.716740018671209 Val - 2.6919883092244468 KLBeta - 0.00025000995 Epoch time - -11.10953
Epoch - 2 Train - 2.7141234614632346 Val - 2.6973677476247153 KLBeta - 0.00025000995 Epoch time - -11.11984
Epoch - 2 Train - 2.718138174577193 Val - 2.695199410120646 KLBeta - 0.00025000995 Epoch time - -11.11753
Epoch - 3 Train - 2.695241602984342 Val - 2.68392022450765 KLBeta - 0.0005000099 Epoch time - -11.10882
Epoch - 3 Train - 2.6973715912212026 Val - 2.6799543698628745 KLBeta - 0.0005000099 Epoch time - -11.10678
Epoch - 3 Train - 2.6936013091694226 Val - 2.6827197074890137 KLBeta - 0.0005000099 Epoch time - -11.11395
Epoch - 3 Train - 2.696230814673684 Val - 2.676779270172119 KLBeta - 0.0005000099 Epoch time - -11.11396
Epoch - 4 Train - 2.680337598107078 Val - 2.669636090596517 KLBeta - 0.00075000985 Epoch time - -11.13043
Epoch - 4 Train - 2.6813999956304375 Val - 2.6622444788614907 KLBeta - 0.00075000985 Epoch time - -11.10892
Epoch - 4 Train - 2.682700339230624 Val - 2.6652375857035318 KLBeta - 0.00075000985 Epoch time - -11.15054
Epoch - 4 Train - 2.6787906690077348 Val - 2.6683181126912436 KLBeta - 0.00075000985 Epoch time - -11.14777
Epoch - 5 Train - 2.6649664662101054 Val - 2.6629370053609214 KLBeta - 0.0010000098 Epoch time - -11.11236
Epoch - 5 Train - 2.663474039597945 Val - 2.661613702774048 KLBeta - 0.0010000098 Epoch time - -11.10875
Epoch - 5 Train - 2.6671487418088047 Val - 2.6578786373138428 KLBeta - 0.0010000098 Epoch time - -11.10708
Epoch - 5 Train - 2.66604961048473 Val - 2.654968023300171 KLBeta - 0.0010000098 Epoch time - -11.11382
Epoch - 6 Train - 2.649767949364402 Val - 2.6418707370758057 KLBeta - 0.0012500097499999999 Epoch time - -11.09263
Epoch - 6 Train - 2.6521807020360773 Val - 2.636596361796061 KLBeta - 0.0012500097499999999 Epoch time - -11.16019
Epoch - 6 Train - 2.6483846057545053 Val - 2.6403509775797525 KLBeta - 0.0012500097499999999 Epoch time - -11.16481
Epoch - 6 Train - 2.650930760123513 Val - 2.6335463523864746 KLBeta - 0.0012500097499999999 Epoch time - -11.16112
Epoch - 7 Train - 2.646215213428844 Val - 2.632175842920939 KLBeta - 0.0015000096999999999 Epoch time - -11.11785
Epoch - 7 Train - 2.648553809252652 Val - 2.6270910104115806 KLBeta - 0.0015000096999999999 Epoch time - -11.1104
Epoch - 7 Train - 2.6447509158741345 Val - 2.6310579776763916 KLBeta - 0.0015000096999999999 Epoch time - -11.11502
Epoch - 7 Train - 2.6476573077115146 Val - 2.6236302057902017 KLBeta - 0.0015000096999999999 Epoch time - -11.11473
Epoch - 8 Train - 2.6246116248044102 Val - 2.615507125854492 KLBeta - 0.0017500096499999999 Epoch time - -11.1131
Epoch - 8 Train - 2.6233733177185057 Val - 2.623826821645101 KLBeta - 0.0017500096499999999 Epoch time - -11.12693
Epoch - 8 Train - 2.625672388076782 Val - 2.6190761725107827 KLBeta - 0.0017500096499999999 Epoch time - -11.12741
Epoch - 8 Train - 2.622095879641446 Val - 2.622748772303263 KLBeta - 0.0017500096499999999 Epoch time - -11.12768
Epoch - 9 Train - 2.608331884037365 Val - 2.6011111736297607 KLBeta - 0.0020000096 Epoch time - -11.11846
Epoch - 9 Train - 2.609718171032992 Val - 2.592779795328776 KLBeta - 0.0020000096 Epoch time - -11.12542
Epoch - 9 Train - 2.610677892511541 Val - 2.596336603164673 KLBeta - 0.0020000096 Epoch time - -11.12196
Epoch - 9 Train - 2.6069074847481466 Val - 2.59971817334493 KLBeta - 0.0020000096 Epoch time - -11.12072
Epoch - 10 Train - 2.6356861287897284 Val - 2.614586273829142 KLBeta - 0.00225000955 Epoch time - -11.11332
Epoch - 10 Train - 2.636540850726041 Val - 2.6066261927286782 KLBeta - 0.00225000955 Epoch time - -11.11913
Epoch - 10 Train - 2.6339463017203593 Val - 2.6134491761525473 KLBeta - 0.00225000955 Epoch time - -11.11833
Epoch - 10 Train - 2.6373870199376888 Val - 2.609595616658529 KLBeta - 0.00225000955 Epoch time - -11.11713
Epoch - 11 Train - 2.6027843952178955 Val - 2.5899454752604165 KLBeta - 0.0025000095 Epoch time - -11.09773
Epoch - 11 Train - 2.603908382762562 Val - 2.5822149912516275 KLBeta - 0.0025000095 Epoch time - -11.15442
Epoch - 11 Train - 2.6050038077614524 Val - 2.585252046585083 KLBeta - 0.0025000095 Epoch time - -11.15556
Epoch - 11 Train - 2.6012649406086314 Val - 2.588160991668701 KLBeta - 0.0025000095 Epoch time - -11.1601
Epoch - 12 Train - 2.5883880615234376 Val - 2.6644558906555176 KLBeta - 0.00275000945 Epoch time - -11.10651
Epoch - 12 Train - 2.590658751401034 Val - 2.661444584528605 KLBeta - 0.00275000945 Epoch time - -11.10545
Epoch - 12 Train - 2.589680454947732 Val - 2.657527287801107 KLBeta - 0.00275000945 Epoch time - -11.11518
Epoch - 12 Train - 2.586963917992332 Val - 2.663933436075846 KLBeta - 0.00275000945 Epoch time - -11.11423
Epoch - 13 Train - 2.5914041129025547 Val - 2.571244796117147 KLBeta - 0.0030000094 Epoch time - -11.10752
Epoch - 13 Train - 2.5935763532465153 Val - 2.566968043645223 KLBeta - 0.0030000094 Epoch time - -11.10411
Epoch - 13 Train - 2.5925236615267666 Val - 2.563666264216105 KLBeta - 0.0030000094 Epoch time - -11.11114
Epoch - 13 Train - 2.5899588758295233 Val - 2.5697238445281982 KLBeta - 0.0030000094 Epoch time - -11.109
Epoch - 14 Train - 2.5652950633655895 Val - 2.559191942214966 KLBeta - 0.00325000935 Epoch time - -11.1096
Epoch - 14 Train - 2.5662438349290326 Val - 2.551584323247274 KLBeta - 0.00325000935 Epoch time - -11.12175
Epoch - 14 Train - 2.563820487802679 Val - 2.5574655532836914 KLBeta - 0.00325000935 Epoch time - -11.1208
Epoch - 14 Train - 2.5673276511105625 Val - 2.5551651318868003 KLBeta - 0.00325000935 Epoch time - -11.12159
Epoch - 15 Train - 2.568389983610673 Val - 2.5816261768341064 KLBeta - 0.0035000092999999998 Epoch time - -11.10375
Epoch - 15 Train - 2.5695528984069824 Val - 2.5747283299764 KLBeta - 0.0035000092999999998 Epoch time - -11.1021
Epoch - 15 Train - 2.570530332218517 Val - 2.5771803855895996 KLBeta - 0.0035000092999999998 Epoch time - -11.11154
Epoch - 15 Train - 2.5669990496201947 Val - 2.58017635345459 KLBeta - 0.0035000092999999998 Epoch time - -11.11016
Epoch - 16 Train - 2.5571492671966554 Val - 2.5308210055033364 KLBeta - 0.0037500092499999998 Epoch time - -11.15497
Epoch - 16 Train - 2.556225195798007 Val - 2.52740478515625 KLBeta - 0.0037500092499999998 Epoch time - -11.16497
Epoch - 16 Train - 2.5553081729195335 Val - 2.5347065925598145 KLBeta - 0.0037500092499999998 Epoch time - -11.1094
Epoch - 16 Train - 2.553939706628973 Val - 2.53348708152771 KLBeta - 0.0037500092499999998 Epoch time - -11.16219
Epoch - 17 Train - 2.532974641973322 Val - 2.5855522950490317 KLBeta - 0.0040000092 Epoch time - -11.11526
Epoch - 17 Train - 2.534167177026922 Val - 2.5793365637461343 KLBeta - 0.0040000092 Epoch time - -11.11826
Epoch - 17 Train - 2.5352449026974764 Val - 2.582629919052124 KLBeta - 0.0040000092 Epoch time - -11.12142
Epoch - 17 Train - 2.5316812081770466 Val - 2.584913412729899 KLBeta - 0.0040000092 Epoch time - -11.12251
Epoch - 18 Train - 2.5369916785847058 Val - 2.5054949124654136 KLBeta - 0.004250009149999999 Epoch time - -11.10817
Epoch - 18 Train - 2.5384694706309925 Val - 2.498601277669271 KLBeta - 0.004250009149999999 Epoch time - -11.11046
Epoch - 18 Train - 2.535658680308949 Val - 2.5048510233561196 KLBeta - 0.004250009149999999 Epoch time - -11.11578
Epoch - 18 Train - 2.539334214817394 Val - 2.5022310415903726 KLBeta - 0.004250009149999999 Epoch time - -11.11387
Epoch - 19 Train - 2.5061679926785554 Val - 2.4981330235799155 KLBeta - 0.0045000091 Epoch time - -11.11419
Epoch - 19 Train - 2.5086361971768465 Val - 2.4950269063313804 KLBeta - 0.0045000091 Epoch time - -11.11013
Epoch - 19 Train - 2.5076323119076815 Val - 2.4918365478515625 KLBeta - 0.0045000091 Epoch time - -11.11816
Epoch - 19 Train - 2.504957476529208 Val - 2.497099240620931 KLBeta - 0.0045000091 Epoch time - -11.11803
Epoch - 20 Train - 2.4973752585324376 Val - 2.4780355294545493 KLBeta - 0.00475000905 Epoch time - -11.10191
Epoch - 20 Train - 2.49852257641879 Val - 2.4808925787607827 KLBeta - 0.00475000905 Epoch time - -11.10087
Epoch - 20 Train - 2.494921753623269 Val - 2.482858737309774 KLBeta - 0.00475000905 Epoch time - -11.11019
Epoch - 20 Train - 2.495905806801536 Val - 2.484119256337484 KLBeta - 0.00475000905 Epoch time - -11.10967
Epoch - 21 Train - 2.481061081452803 Val - 2.45686674118042 KLBeta - 0.005000009 Epoch time - -11.07401
Epoch - 21 Train - 2.482392506165938 Val - 2.451216538747152 KLBeta - 0.005000009 Epoch time - -11.13196
Epoch - 21 Train - 2.479816614497792 Val - 2.455968141555786 KLBeta - 0.005000009 Epoch time - -11.1404
Epoch - 21 Train - 2.483543959530917 Val - 2.4535306294759116 KLBeta - 0.005000009 Epoch time - -11.14154
Epoch - 22 Train - 2.4844387921420013 Val - 2.5215071042378745 KLBeta - 0.005250008949999999 Epoch time - -11.08644
Epoch - 22 Train - 2.483474120226773 Val - 2.518336057662964 KLBeta - 0.005250008949999999 Epoch time - -11.1042
Epoch - 22 Train - 2.481691260771318 Val - 2.5240889390309653 KLBeta - 0.005250008949999999 Epoch time - -11.10844
Epoch - 22 Train - 2.4806860316883435 Val - 2.5232245127360025 KLBeta - 0.005250008949999999 Epoch time - -11.09908
Epoch - 23 Train - 2.474850624257868 Val - 2.434430201848348 KLBeta - 0.0055000089 Epoch time - -11.10855
Epoch - 23 Train - 2.4723481568423185 Val - 2.4370792706807456 KLBeta - 0.0055000089 Epoch time - -11.11104
Epoch - 23 Train - 2.471068672700362 Val - 2.4362354278564453 KLBeta - 0.0055000089 Epoch time - -11.11216
Epoch - 23 Train - 2.473704143003984 Val - 2.432018280029297 KLBeta - 0.0055000089 Epoch time - -11.11365
Epoch - 24 Train - 2.4500667788765647 Val - 2.421724557876587 KLBeta - 0.00575000885 Epoch time - -11.09477
Epoch - 24 Train - 2.451329721104015 Val - 2.4163029193878174 KLBeta - 0.00575000885 Epoch time - -11.10365
Epoch - 24 Train - 2.4523763439872046 Val - 2.418785015741984 KLBeta - 0.00575000885 Epoch time - -11.10504
Epoch - 24 Train - 2.4484632925553753 Val - 2.4204068183898926 KLBeta - 0.00575000885 Epoch time - -11.10643
Epoch - 25 Train - 2.444419444691051 Val - 2.420507828394572 KLBeta - 0.0060000088 Epoch time - -11.10785
Epoch - 25 Train - 2.4457873344421386 Val - 2.4161506493886313 KLBeta - 0.0060000088 Epoch time - -11.11324
Epoch - 25 Train - 2.446405553817749 Val - 2.4176672299702964 KLBeta - 0.0060000088 Epoch time - -11.11209
Epoch - 25 Train - 2.4424526257948442 Val - 2.419262488683065 KLBeta - 0.0060000088 Epoch time - -11.11293
Epoch - 26 Train - 2.4289710868488656 Val - 2.4032487074534097 KLBeta - 0.006250008749999999 Epoch time - -11.112
Epoch - 26 Train - 2.4305106769908558 Val - 2.3983559608459473 KLBeta - 0.006250008749999999 Epoch time - -11.16379
Epoch - 26 Train - 2.4275298508730803 Val - 2.4024834632873535 KLBeta - 0.006250008749999999 Epoch time - -11.16638
Epoch - 26 Train - 2.431300657445734 Val - 2.400442679723104 KLBeta - 0.006250008749999999 Epoch time - -11.16554
Epoch - 27 Train - 2.422305289181796 Val - 2.3886566162109375 KLBeta - 0.0065000087 Epoch time - -11.11008
Epoch - 27 Train - 2.4228601455688477 Val - 2.3898167610168457 KLBeta - 0.0065000087 Epoch time - -11.10768
Epoch - 27 Train - 2.4208196206526322 Val - 2.39316463470459 KLBeta - 0.0065000087 Epoch time - -11.11434
Epoch - 27 Train - 2.4193842020901766 Val - 2.392220973968506 KLBeta - 0.0065000087 Epoch time - -11.11531
Epoch - 28 Train - 2.4104814182628287 Val - 2.374243974685669 KLBeta - 0.00675000865 Epoch time - -11.10792
Epoch - 28 Train - 2.407436635277488 Val - 2.3778820832570395 KLBeta - 0.00675000865 Epoch time - -11.10669
Epoch - 28 Train - 2.409216525337913 Val - 2.37821364402771 KLBeta - 0.00675000865 Epoch time - -11.09877
Epoch - 28 Train - 2.411462978883223 Val - 2.3757498264312744 KLBeta - 0.00675000865 Epoch time - -11.1029
Epoch - 29 Train - 2.3992463328621603 Val - 2.3765573501586914 KLBeta - 0.0070000086 Epoch time - -11.12314
Epoch - 29 Train - 2.401004002311013 Val - 2.3713318506876626 KLBeta - 0.0070000086 Epoch time - -11.12405
Epoch - 29 Train - 2.3977304675362325 Val - 2.375544865926107 KLBeta - 0.0070000086 Epoch time - -11.12568
Epoch - 29 Train - 2.4018183664842083 Val - 2.3736592133839927 KLBeta - 0.0070000086 Epoch time - -11.12439
Epoch - 30 Train - 2.3920094099911777 Val - 2.3481028079986572 KLBeta - 0.007250008549999999 Epoch time - -11.10232
Epoch - 30 Train - 2.390369831431996 Val - 2.353783925374349 KLBeta - 0.007250008549999999 Epoch time - -11.11399
Epoch - 30 Train - 2.392718367143111 Val - 2.350998560587565 KLBeta - 0.007250008549999999 Epoch time - -11.11829
Epoch - 30 Train - 2.388837597586892 Val - 2.352946917215983 KLBeta - 0.007250008549999999 Epoch time - -11.1184
Epoch - 31 Train - 2.3825269352306018 Val - 2.335548162460327 KLBeta - 0.0075000085 Epoch time - -11.1524
Epoch - 31 Train - 2.3812968600880016 Val - 2.341749350229899 KLBeta - 0.0075000085 Epoch time - -11.09969
Epoch - 31 Train - 2.3797690044749866 Val - 2.341090122858683 KLBeta - 0.0075000085 Epoch time - -11.15521
Epoch - 31 Train - 2.384110554781827 Val - 2.3386595249176025 KLBeta - 0.0075000085 Epoch time - -11.15276
Epoch - 32 Train - 2.373454271663319 Val - 2.340197722117106 KLBeta - 0.00775000845 Epoch time - -11.11341
Epoch - 32 Train - 2.3748588041825727 Val - 2.3341612815856934 KLBeta - 0.00775000845 Epoch time - -11.13197
Epoch - 32 Train - 2.3716895753687077 Val - 2.340066909790039 KLBeta - 0.00775000845 Epoch time - -11.12094
Epoch - 32 Train - 2.375874948501587 Val - 2.3370195229848227 KLBeta - 0.00775000845 Epoch time - -11.11836
Epoch - 33 Train - 2.366746811433272 Val - 2.3300464153289795 KLBeta - 0.0080000084 Epoch time - -11.10074
Epoch - 33 Train - 2.3681969859383325 Val - 2.3232356707255044 KLBeta - 0.0080000084 Epoch time - -11.10885
Epoch - 33 Train - 2.3652376781810416 Val - 2.3298402627309165 KLBeta - 0.0080000084 Epoch time - -11.11428
Epoch - 33 Train - 2.3689780191941696 Val - 2.3263302644093833 KLBeta - 0.0080000084 Epoch time - -11.11466
Epoch - 34 Train - 2.3563632878390224 Val - 2.3140927155812583 KLBeta - 0.008250008349999999 Epoch time - -11.11095
Epoch - 34 Train - 2.3582577575336803 Val - 2.3074916998545327 KLBeta - 0.008250008349999999 Epoch time - -11.10742
Epoch - 34 Train - 2.35909724669023 Val - 2.3100661436716714 KLBeta - 0.008250008349999999 Epoch time - -11.10535
Epoch - 34 Train - 2.354810905456543 Val - 2.3137857913970947 KLBeta - 0.008250008349999999 Epoch time - -11.1117
Epoch - 35 Train - 2.3496208667755125 Val - 2.308069864908854 KLBeta - 0.008500008299999999 Epoch time - -11.11799
Epoch - 35 Train - 2.3526022650978784 Val - 2.303814649581909 KLBeta - 0.008500008299999999 Epoch time - -11.11746
Epoch - 35 Train - 2.35179012038491 Val - 2.301515738169352 KLBeta - 0.008500008299999999 Epoch time - -11.12299
Epoch - 35 Train - 2.3479956193403764 Val - 2.307706832885742 KLBeta - 0.008500008299999999 Epoch time - -11.12307
Epoch - 36 Train - 2.3468413656408136 Val - 2.3090531826019287 KLBeta - 0.00875000825 Epoch time - -11.10288
Epoch - 36 Train - 2.349105215072632 Val - 2.3026673793792725 KLBeta - 0.00875000825 Epoch time - -11.1478
Epoch - 36 Train - 2.349719355323098 Val - 2.305081764856974 KLBeta - 0.00875000825 Epoch time - -11.15322
Epoch - 36 Train - 2.345852500742132 Val - 2.3087300459543862 KLBeta - 0.00875000825 Epoch time - -11.15843
Epoch - 37 Train - 2.340327618338845 Val - 2.285747845967611 KLBeta - 0.0090000082 Epoch time - -11.10726
Epoch - 37 Train - 2.337370746785944 Val - 2.290354569753011 KLBeta - 0.0090000082 Epoch time - -11.12019
Epoch - 37 Train - 2.3393894715742634 Val - 2.283818324406942 KLBeta - 0.0090000082 Epoch time - -11.1205
Epoch - 37 Train - 2.336028328808871 Val - 2.289569060007731 KLBeta - 0.0090000082 Epoch time - -11.11795
Epoch - 38 Train - 2.330423355102539 Val - 2.291628837585449 KLBeta - 0.009250008149999999 Epoch time - -11.09553
Epoch - 38 Train - 2.333297668803822 Val - 2.2868619759877524 KLBeta - 0.009250008149999999 Epoch time - -11.12055
Epoch - 38 Train - 2.332300463589755 Val - 2.2852211793263755 KLBeta - 0.009250008149999999 Epoch time - -11.11224
Epoch - 38 Train - 2.328664376518943 Val - 2.291484832763672 KLBeta - 0.009250008149999999 Epoch time - -11.11352
Epoch - 39 Train - 2.327169674093073 Val - 2.2734232743581138 KLBeta - 0.0095000081 Epoch time - -11.1093
Epoch - 39 Train - 2.3242949269034647 Val - 2.2796003023783364 KLBeta - 0.0095000081 Epoch time - -11.11171
Epoch - 39 Train - 2.328276036002419 Val - 2.2755505243937173 KLBeta - 0.0095000081 Epoch time - -11.11077
Epoch - 39 Train - 2.3256208636543967 Val - 2.2801477114359536 KLBeta - 0.0095000081 Epoch time - -11.1254
Epoch - 40 Train - 2.323119610006159 Val - 2.2761893272399902 KLBeta - 0.00975000805 Epoch time - -11.09537
Epoch - 40 Train - 2.324886790188876 Val - 2.2700863679250083 KLBeta - 0.00975000805 Epoch time - -11.11027
Epoch - 40 Train - 2.325720873746005 Val - 2.2713685035705566 KLBeta - 0.00975000805 Epoch time - -11.1117
Epoch - 40 Train - 2.3215370525013315 Val - 2.275791962941488 KLBeta - 0.00975000805 Epoch time - -11.11571
Epoch - 41 Train - 2.3170857386155563 Val - 2.274561564127604 KLBeta - 0.010000008 Epoch time - -11.08737
Epoch - 41 Train - 2.3187388810244474 Val - 2.2679638067881265 KLBeta - 0.010000008 Epoch time - -11.13346
Epoch - 41 Train - 2.3193308700214734 Val - 2.2693024476369223 KLBeta - 0.010000008 Epoch time - -11.13856
Epoch - 41 Train - 2.314931141246449 Val - 2.273512283960978 KLBeta - 0.010000008 Epoch time - -11.13869
Epoch - 42 Train - 2.3127741120078347 Val - 2.2586329778035483 KLBeta - 0.010250007949999999 Epoch time - -11.10273
Epoch - 42 Train - 2.3109782912514425 Val - 2.2648421128590903 KLBeta - 0.010250007949999999 Epoch time - -11.1164
Epoch - 42 Train - 2.3091411633925003 Val - 2.264367421468099 KLBeta - 0.010250007949999999 Epoch time - -11.11693
Epoch - 42 Train - 2.3139508507468483 Val - 2.259500583012899 KLBeta - 0.010250007949999999 Epoch time - -11.11283
Epoch - 43 Train - 2.3045572064139628 Val - 2.256899277369181 KLBeta - 0.010500007899999999 Epoch time - -11.10663
Epoch - 43 Train - 2.3064251856370404 Val - 2.250218232472738 KLBeta - 0.010500007899999999 Epoch time - -11.11853
Epoch - 43 Train - 2.3029974070462313 Val - 2.2557716369628906 KLBeta - 0.010500007899999999 Epoch time - -11.11362
Epoch - 43 Train - 2.30739558393305 Val - 2.2510318756103516 KLBeta - 0.010500007899999999 Epoch time - -11.1132
Epoch - 44 Train - 2.2992761351845483 Val - 2.251327117284139 KLBeta - 0.01075000785 Epoch time - -11.11801
Epoch - 44 Train - 2.3009486025029964 Val - 2.244847297668457 KLBeta - 0.01075000785 Epoch time - -11.12064
Epoch - 44 Train - 2.297626439007846 Val - 2.249943574269613 KLBeta - 0.01075000785 Epoch time - -11.11771
Epoch - 44 Train - 2.3021498896858907 Val - 2.245692014694214 KLBeta - 0.01075000785 Epoch time - -11.11391
Epoch - 45 Train - 2.297743082046509 Val - 2.2353405157725015 KLBeta - 0.0110000078 Epoch time - -11.1178
Epoch - 45 Train - 2.294807542454113 Val - 2.2408774693806968 KLBeta - 0.0110000078 Epoch time - -11.12766
Epoch - 45 Train - 2.2965046709234063 Val - 2.234651962916056 KLBeta - 0.0110000078 Epoch time - -11.12776
Epoch - 45 Train - 2.293166715448553 Val - 2.2399686177571616 KLBeta - 0.0110000078 Epoch time - -11.12778
Epoch - 46 Train - 2.2919986594807016 Val - 2.2308058738708496 KLBeta - 0.011250007749999999 Epoch time - -11.16408
Epoch - 46 Train - 2.2893693793903696 Val - 2.236337661743164 KLBeta - 0.011250007749999999 Epoch time - -11.1146
Epoch - 46 Train - 2.290983806956898 Val - 2.2296578089396157 KLBeta - 0.011250007749999999 Epoch time - -11.17122
Epoch - 46 Train - 2.2872546716169877 Val - 2.2359129587809243 KLBeta - 0.011250007749999999 Epoch time - -11.17176
Epoch - 47 Train - 2.2854907859455453 Val - 2.2318320274353027 KLBeta - 0.0115000077 Epoch time - -11.11114
Epoch - 47 Train - 2.283468753641302 Val - 2.231159766515096 KLBeta - 0.0115000077 Epoch time - -11.12003
Epoch - 47 Train - 2.288084702058272 Val - 2.22566548983256 KLBeta - 0.0115000077 Epoch time - -11.12262
Epoch - 47 Train - 2.2874838482249866 Val - 2.2252249717712402 KLBeta - 0.0115000077 Epoch time - -11.11804
Epoch - 48 Train - 2.2810146418484774 Val - 2.221083720525106 KLBeta - 0.01175000765 Epoch time - -11.10266
Epoch - 48 Train - 2.2816678870807996 Val - 2.221381346384684 KLBeta - 0.01175000765 Epoch time - -11.10962
Epoch - 48 Train - 2.2789720145138825 Val - 2.2274001439412436 KLBeta - 0.01175000765 Epoch time - -11.11026
Epoch - 48 Train - 2.2771448655561968 Val - 2.2267401218414307 KLBeta - 0.01175000765 Epoch time - -11.11451
Epoch - 49 Train - 2.2804497675462203 Val - 2.2145606676737466 KLBeta - 0.0120000076 Epoch time - -11.11401
Epoch - 49 Train - 2.2774396332827482 Val - 2.2204513549804688 KLBeta - 0.0120000076 Epoch time - -11.12998
Epoch - 49 Train - 2.279659366607666 Val - 2.2142871220906577 KLBeta - 0.0120000076 Epoch time - -11.13135
Epoch - 49 Train - 2.2755846933885056 Val - 2.2203773657480874 KLBeta - 0.0120000076 Epoch time - -11.12263
Epoch - 50 Train - 2.2720932310277764 Val - 2.2130111853281655 KLBeta - 0.012250007549999999 Epoch time - -11.1095
Epoch - 50 Train - 2.269918055967851 Val - 2.2189650535583496 KLBeta - 0.012250007549999999 Epoch time - -11.10901
Epoch - 50 Train - 2.271491354162043 Val - 2.2131200631459556 KLBeta - 0.012250007549999999 Epoch time - -11.10744
Epoch - 50 Train - 2.2677809151736175 Val - 2.2188620567321777 KLBeta - 0.012250007549999999 Epoch time - -11.11302
Epoch - 51 Train - 2.2698724920099433 Val - 2.202751954396566 KLBeta - 0.012500007499999998 Epoch time - -11.1556
Epoch - 51 Train - 2.267159080505371 Val - 2.208944400151571 KLBeta - 0.012500007499999998 Epoch time - -11.10568
Epoch - 51 Train - 2.2650111588564785 Val - 2.2078500588734946 KLBeta - 0.012500007499999998 Epoch time - -11.15783
Epoch - 51 Train - 2.268983845277266 Val - 2.2017908891042075 KLBeta - 0.012500007499999998 Epoch time - -11.15909
Epoch - 52 Train - 2.261496075716886 Val - 2.2112088203430176 KLBeta - 0.01275000745 Epoch time - -11.09852
Epoch - 52 Train - 2.259480775486339 Val - 2.210587978363037 KLBeta - 0.01275000745 Epoch time - -11.10753
Epoch - 52 Train - 2.264022176915949 Val - 2.205435276031494 KLBeta - 0.01275000745 Epoch time - -11.1065
Epoch - 52 Train - 2.2637202566320247 Val - 2.2050530115763345 KLBeta - 0.01275000745 Epoch time - -11.10668
Epoch - 53 Train - 2.2570663582194936 Val - 2.2008516788482666 KLBeta - 0.0130000074 Epoch time - -11.11318
Epoch - 53 Train - 2.2595767281272194 Val - 2.1954127152760825 KLBeta - 0.0130000074 Epoch time - -11.11529
Epoch - 53 Train - 2.2589637409556995 Val - 2.1944774786631265 KLBeta - 0.0130000074 Epoch time - -11.11926
Epoch - 53 Train - 2.254767586968162 Val - 2.2009482383728027 KLBeta - 0.0130000074 Epoch time - -11.1197
Epoch - 54 Train - 2.2575345472856 Val - 2.1890157063802085 KLBeta - 0.013250007349999999 Epoch time - -11.11126
Epoch - 54 Train - 2.257957857305353 Val - 2.189453919728597 KLBeta - 0.013250007349999999 Epoch time - -11.11352
Epoch - 54 Train - 2.2552165508270265 Val - 2.1958300272623696 KLBeta - 0.013250007349999999 Epoch time - -11.11854
Epoch - 54 Train - 2.2535928856242786 Val - 2.194954792658488 KLBeta - 0.013250007349999999 Epoch time - -11.11788
Epoch - 55 Train - 2.2505920843644573 Val - 2.1930498282114663 KLBeta - 0.0135000073 Epoch time - -11.11377
Epoch - 55 Train - 2.252330862392079 Val - 2.1866490840911865 KLBeta - 0.0135000073 Epoch time - -11.11277
Epoch - 55 Train - 2.252962736649947 Val - 2.1865905125935874 KLBeta - 0.0135000073 Epoch time - -11.11345
Epoch - 55 Train - 2.248104953765869 Val - 2.193056503931681 KLBeta - 0.0135000073 Epoch time - -11.11599
Epoch - 56 Train - 2.247079493782737 Val - 2.1916537284851074 KLBeta - 0.01375000725 Epoch time - -11.1002
Epoch - 56 Train - 2.244668401371349 Val - 2.1910413106282554 KLBeta - 0.01375000725 Epoch time - -11.14938
Epoch - 56 Train - 2.249597688154741 Val - 2.1861104170481362 KLBeta - 0.01375000725 Epoch time - -11.15613
Epoch - 56 Train - 2.248679286783392 Val - 2.186105171839396 KLBeta - 0.01375000725 Epoch time - -11.14907
Epoch - 57 Train - 2.2438254833221434 Val - 2.17717973391215 KLBeta - 0.0140000072 Epoch time - -11.1124
Epoch - 57 Train - 2.244139458916404 Val - 2.1780409812927246 KLBeta - 0.0140000072 Epoch time - -11.11259
Epoch - 57 Train - 2.2424071702090176 Val - 2.1842683951059976 KLBeta - 0.0140000072 Epoch time - -11.11846
Epoch - 57 Train - 2.2399603366851806 Val - 2.1839865843454995 KLBeta - 0.0140000072 Epoch time - -11.11859
Epoch - 58 Train - 2.2397163564508613 Val - 2.180221954981486 KLBeta - 0.014250007149999999 Epoch time - -11.11613
Epoch - 58 Train - 2.241163141077215 Val - 2.173653523127238 KLBeta - 0.014250007149999999 Epoch time - -11.12197
Epoch - 58 Train - 2.237432020360773 Val - 2.1799895763397217 KLBeta - 0.014250007149999999 Epoch time - -11.11924
Epoch - 58 Train - 2.242151334068992 Val - 2.1744067668914795 KLBeta - 0.014250007149999999 Epoch time - -11.12023
Epoch - 59 Train - 2.233430307561701 Val - 2.174367109934489 KLBeta - 0.014500007099999998 Epoch time - -11.10953
Epoch - 59 Train - 2.2307872858914464 Val - 2.1742451190948486 KLBeta - 0.014500007099999998 Epoch time - -11.11788
Epoch - 59 Train - 2.23601505539634 Val - 2.1683486302693686 KLBeta - 0.014500007099999998 Epoch time - -11.11691
Epoch - 59 Train - 2.2348562370647085 Val - 2.16825278600057 KLBeta - 0.014500007099999998 Epoch time - -11.11503
Epoch - 60 Train - 2.231525707244873 Val - 2.164567311604818 KLBeta - 0.01475000705 Epoch time - -11.1095
Epoch - 60 Train - 2.2298873121088203 Val - 2.1708149909973145 KLBeta - 0.01475000705 Epoch time - -11.12113
Epoch - 60 Train - 2.2269480791958896 Val - 2.1709344387054443 KLBeta - 0.01475000705 Epoch time - -11.12392
Epoch - 60 Train - 2.2324137340892447 Val - 2.164954741795858 KLBeta - 0.01475000705 Epoch time - -11.12391
Epoch - 61 Train - 2.2267968914725564 Val - 2.1636787255605063 KLBeta - 0.015000007 Epoch time - -11.10786
Epoch - 61 Train - 2.2283570766448975 Val - 2.1573429107666016 KLBeta - 0.015000007 Epoch time - -11.16972
Epoch - 61 Train - 2.224180338599465 Val - 2.1634674866994223 KLBeta - 0.015000007 Epoch time - -11.16374
Epoch - 61 Train - 2.229376961968162 Val - 2.157599131266276 KLBeta - 0.015000007 Epoch time - -11.16102
Epoch - 62 Train - 2.2254867813803934 Val - 2.16217033068339 KLBeta - 0.015250006949999999 Epoch time - -11.13382
Epoch - 62 Train - 2.22337533343922 Val - 2.168497165044149 KLBeta - 0.015250006949999999 Epoch time - -11.12849
Epoch - 62 Train - 2.22566614151001 Val - 2.1623281637827554 KLBeta - 0.015250006949999999 Epoch time - -11.12622
Epoch - 62 Train - 2.220820830085061 Val - 2.168543259302775 KLBeta - 0.015250006949999999 Epoch time - -11.13355
Epoch - 63 Train - 2.218810311230746 Val - 2.1555209159851074 KLBeta - 0.0155000069 Epoch time - -11.11817
Epoch - 63 Train - 2.220896608179266 Val - 2.1492177645365396 KLBeta - 0.0155000069 Epoch time - -11.11642
Epoch - 63 Train - 2.220950664173473 Val - 2.149019797643026 KLBeta - 0.0155000069 Epoch time - -11.1171
Epoch - 63 Train - 2.2167330265045164 Val - 2.1546591917673745 KLBeta - 0.0155000069 Epoch time - -11.12309
Epoch - 64 Train - 2.217453943599354 Val - 2.1478779315948486 KLBeta - 0.01575000685 Epoch time - -11.1285
Epoch - 64 Train - 2.213649879802357 Val - 2.1538349787394204 KLBeta - 0.01575000685 Epoch time - -11.12548
Epoch - 64 Train - 2.2180694233287466 Val - 2.148392677307129 KLBeta - 0.01575000685 Epoch time - -11.12532
Epoch - 64 Train - 2.215831843289462 Val - 2.1549050013224282 KLBeta - 0.01575000685 Epoch time - -11.13041
Epoch - 65 Train - 2.2183255889198996 Val - 2.1502872308095298 KLBeta - 0.0160000068 Epoch time - -11.09459
Epoch - 65 Train - 2.217130539634011 Val - 2.150128444035848 KLBeta - 0.0160000068 Epoch time - -11.10898
Epoch - 65 Train - 2.2128333481875333 Val - 2.156738758087158 KLBeta - 0.0160000068 Epoch time - -11.10664
Epoch - 65 Train - 2.21557804887945 Val - 2.15612800916036 KLBeta - 0.0160000068 Epoch time - -11.11317
Epoch - 66 Train - 2.2108117883855645 Val - 2.1590303579966226 KLBeta - 0.01625000675 Epoch time - -11.09013
Epoch - 66 Train - 2.2127092664892025 Val - 2.153332312901815 KLBeta - 0.01625000675 Epoch time - -11.15892
Epoch - 66 Train - 2.213431236960671 Val - 2.1535858313242593 KLBeta - 0.01625000675 Epoch time - -11.17198
Epoch - 66 Train - 2.2082652525468305 Val - 2.1591855684916177 KLBeta - 0.01625000675 Epoch time - -11.15846
Epoch - 67 Train - 2.209210673245517 Val - 2.1336979071299234 KLBeta - 0.0165000067 Epoch time - -11.10513
Epoch - 67 Train - 2.207413322275335 Val - 2.13970947265625 KLBeta - 0.0165000067 Epoch time - -11.11906
Epoch - 67 Train - 2.208857540650801 Val - 2.1334914366404214 KLBeta - 0.0165000067 Epoch time - -11.12213
Epoch - 67 Train - 2.2046248522671785 Val - 2.1393162409464517 KLBeta - 0.0165000067 Epoch time - -11.12179
Epoch - 68 Train - 2.2018674980510364 Val - 2.143756628036499 KLBeta - 0.01675000665 Epoch time - -11.1095
Epoch - 68 Train - 2.203460472280329 Val - 2.138253927230835 KLBeta - 0.01675000665 Epoch time - -11.11455
Epoch - 68 Train - 2.1996388131921942 Val - 2.1432825724283853 KLBeta - 0.01675000665 Epoch time - -11.11587
Epoch - 68 Train - 2.2043908249248156 Val - 2.1376678148905435 KLBeta - 0.01675000665 Epoch time - -11.12423
Epoch - 69 Train - 2.198983348499645 Val - 2.1373029549916587 KLBeta - 0.0170000066 Epoch time - -11.12486
Epoch - 69 Train - 2.2003109975294635 Val - 2.131648381551107 KLBeta - 0.0170000066 Epoch time - -11.12367
Epoch - 69 Train - 2.196587796644731 Val - 2.1379849910736084 KLBeta - 0.0170000066 Epoch time - -11.12502
Epoch - 69 Train - 2.200869066065008 Val - 2.131544828414917 KLBeta - 0.0170000066 Epoch time - -11.12283
Epoch - 70 Train - 2.1997808673165062 Val - 2.139394521713257 KLBeta - 0.017250006550000002 Epoch time - -11.10234
Epoch - 70 Train - 2.2015667871995404 Val - 2.1327220598856607 KLBeta - 0.017250006550000002 Epoch time - -11.10228
Epoch - 70 Train - 2.2007444338365034 Val - 2.1330953439076743 KLBeta - 0.017250006550000002 Epoch time - -11.1089
Epoch - 70 Train - 2.196454095840454 Val - 2.139840046564738 KLBeta - 0.017250006550000002 Epoch time - -11.10938
Epoch - 71 Train - 2.19469820802862 Val - 2.129411458969116 KLBeta - 0.0175000065 Epoch time - -11.09762
Epoch - 71 Train - 2.1959831671281296 Val - 2.1241029103597007 KLBeta - 0.0175000065 Epoch time - -11.16177
Epoch - 71 Train - 2.192268384586681 Val - 2.130179007848104 KLBeta - 0.0175000065 Epoch time - -11.16669
Epoch - 71 Train - 2.197054810957475 Val - 2.1236472129821777 KLBeta - 0.0175000065 Epoch time - -11.16671
Epoch - 72 Train - 2.191942683133212 Val - 2.1246524651845298 KLBeta - 0.01775000645 Epoch time - -11.11206
Epoch - 72 Train - 2.192412250692194 Val - 2.124191999435425 KLBeta - 0.01775000645 Epoch time - -11.11772
Epoch - 72 Train - 2.1905300747264516 Val - 2.129767894744873 KLBeta - 0.01775000645 Epoch time - -11.1306
Epoch - 72 Train - 2.187465459650213 Val - 2.1299801667531333 KLBeta - 0.01775000645 Epoch time - -11.12215
Epoch - 73 Train - 2.190641026063399 Val - 2.113199790318807 KLBeta - 0.0180000064 Epoch time - -11.10905
Epoch - 73 Train - 2.189287315715443 Val - 2.118215719858805 KLBeta - 0.0180000064 Epoch time - -11.12065
Epoch - 73 Train - 2.186505161632191 Val - 2.118319352467855 KLBeta - 0.0180000064 Epoch time - -11.12029
Epoch - 73 Train - 2.191594778407704 Val - 2.111677408218384 KLBeta - 0.0180000064 Epoch time - -11.12246
Epoch - 74 Train - 2.183961534500122 Val - 2.117712418238322 KLBeta - 0.01825000635 Epoch time - -11.1121
Epoch - 74 Train - 2.185588841004805 Val - 2.112358808517456 KLBeta - 0.01825000635 Epoch time - -11.12287
Epoch - 74 Train - 2.1814005461606114 Val - 2.117976983388265 KLBeta - 0.01825000635 Epoch time - -11.11421
Epoch - 74 Train - 2.1867710373618388 Val - 2.1115784645080566 KLBeta - 0.01825000635 Epoch time - -11.11315
Epoch - 75 Train - 2.183274932341142 Val - 2.119535446166992 KLBeta - 0.0185000063 Epoch time - -11.11691
Epoch - 75 Train - 2.1850216778841887 Val - 2.1154233614603677 KLBeta - 0.0185000063 Epoch time - -11.119
Epoch - 75 Train - 2.180261265147816 Val - 2.120521386464437 KLBeta - 0.0185000063 Epoch time - -11.12022
Epoch - 75 Train - 2.1854736891659825 Val - 2.1144320964813232 KLBeta - 0.0185000063 Epoch time - -11.12051
Epoch - 76 Train - 2.183077257329767 Val - 2.1035428047180176 KLBeta - 0.01875000625 Epoch time - -11.14483
Epoch - 76 Train - 2.183445275913585 Val - 2.102937936782837 KLBeta - 0.01875000625 Epoch time - -11.1481
Epoch - 76 Train - 2.181732008673928 Val - 2.108532110850016 KLBeta - 0.01875000625 Epoch time - -11.09688
Epoch - 76 Train - 2.179000316966664 Val - 2.1088576316833496 KLBeta - 0.01875000625 Epoch time - -11.15332
Epoch - 77 Train - 2.1778952078385787 Val - 2.1082250277201333 KLBeta - 0.019000006200000003 Epoch time - -11.12626
Epoch - 77 Train - 2.1796206907792524 Val - 2.102975765864054 KLBeta - 0.019000006200000003 Epoch time - -11.12644
Epoch - 77 Train - 2.1799925674091685 Val - 2.1025838057200112 KLBeta - 0.019000006200000003 Epoch time - -11.12501
Epoch - 77 Train - 2.1751060442491013 Val - 2.1084843476613364 KLBeta - 0.019000006200000003 Epoch time - -11.13031
Epoch - 78 Train - 2.1775848778811366 Val - 2.1051692167917886 KLBeta - 0.019250006150000002 Epoch time - -11.11266
Epoch - 78 Train - 2.1799204132773657 Val - 2.098755359649658 KLBeta - 0.019250006150000002 Epoch time - -11.11455
Epoch - 78 Train - 2.1746979583393444 Val - 2.105210224787394 KLBeta - 0.019250006150000002 Epoch time - -11.11923
Epoch - 78 Train - 2.1793115919286556 Val - 2.09932533899943 KLBeta - 0.019250006150000002 Epoch time - -11.12163
Epoch - 79 Train - 2.174452877044678 Val - 2.0941733519236245 KLBeta - 0.0195000061 Epoch time - -11.11005
Epoch - 79 Train - 2.1722391908819025 Val - 2.0996888478597007 KLBeta - 0.0195000061 Epoch time - -11.11747
Epoch - 79 Train - 2.1740299571644175 Val - 2.09526793162028 KLBeta - 0.0195000061 Epoch time - -11.11941
Epoch - 79 Train - 2.1698440421711314 Val - 2.101057847340902 KLBeta - 0.0195000061 Epoch time - -11.11918
Epoch - 80 Train - 2.1695728128606624 Val - 2.1040502389272056 KLBeta - 0.01975000605 Epoch time - -11.12473
Epoch - 80 Train - 2.170975177938288 Val - 2.098752419153849 KLBeta - 0.01975000605 Epoch time - -11.1211
Epoch - 80 Train - 2.1666799371892758 Val - 2.1044930617014566 KLBeta - 0.01975000605 Epoch time - -11.1227
Epoch - 80 Train - 2.171962928771973 Val - 2.098113536834717 KLBeta - 0.01975000605 Epoch time - -11.12705
Epoch - 81 Train - 2.1703267270868474 Val - 2.0951205094655356 KLBeta - 0.020000006 Epoch time - -11.10336
Epoch - 81 Train - 2.1722920287739145 Val - 2.0900160471598306 KLBeta - 0.020000006 Epoch time - -11.15696
Epoch - 81 Train - 2.1675496881658383 Val - 2.09584641456604 KLBeta - 0.020000006 Epoch time - -11.1619
Epoch - 81 Train - 2.1722604404796253 Val - 2.0904947916666665 KLBeta - 0.020000006 Epoch time - -11.16188
Epoch - 82 Train - 2.1643733024597167 Val - 2.096176544825236 KLBeta - 0.02025000595 Epoch time - -11.12265
Epoch - 82 Train - 2.166001423922452 Val - 2.0912144978841147 KLBeta - 0.02025000595 Epoch time - -11.1274
Epoch - 82 Train - 2.160848838632757 Val - 2.0966478983561196 KLBeta - 0.02025000595 Epoch time - -11.1281
Epoch - 82 Train - 2.1662794199856843 Val - 2.0903127193450928 KLBeta - 0.02025000595 Epoch time - -11.13341
Epoch - 83 Train - 2.165870510448109 Val - 2.0872352917989097 KLBeta - 0.0205000059 Epoch time - -11.10257
Epoch - 83 Train - 2.1654984344135633 Val - 2.087430953979492 KLBeta - 0.0205000059 Epoch time - -11.10897
Epoch - 83 Train - 2.164257795160467 Val - 2.092029333114624 KLBeta - 0.0205000059 Epoch time - -11.11378
Epoch - 83 Train - 2.1611150871623646 Val - 2.093688726425171 KLBeta - 0.0205000059 Epoch time - -11.11455
Epoch - 84 Train - 2.158968596024947 Val - 2.088372548421224 KLBeta - 0.02075000585 Epoch time - -11.11976
Epoch - 84 Train - 2.1605255473743785 Val - 2.08290966351827 KLBeta - 0.02075000585 Epoch time - -11.12013
Epoch - 84 Train - 2.1607681361111726 Val - 2.0824128786722818 KLBeta - 0.02075000585 Epoch time - -11.11941
Epoch - 84 Train - 2.1560720357027923 Val - 2.088725964228312 KLBeta - 0.02075000585 Epoch time - -11.12392
Epoch - 85 Train - 2.1623070760206744 Val - 2.095894972483317 KLBeta - 0.0210000058 Epoch time - -11.12419
Epoch - 85 Train - 2.1607090776616875 Val - 2.1013251145680747 KLBeta - 0.0210000058 Epoch time - -11.13058
Epoch - 85 Train - 2.1616880156777123 Val - 2.0963687101999917 KLBeta - 0.0210000058 Epoch time - -11.13048
Epoch - 85 Train - 2.1575442054054954 Val - 2.1023404598236084 KLBeta - 0.0210000058 Epoch time - -11.12904
Epoch - 86 Train - 2.160257850993763 Val - 2.080097754796346 KLBeta - 0.021250005750000002 Epoch time - -11.15591
Epoch - 86 Train - 2.1583023114637894 Val - 2.0845938523610434 KLBeta - 0.021250005750000002 Epoch time - -11.1092
Epoch - 86 Train - 2.1596873023293237 Val - 2.0804230372111 KLBeta - 0.021250005750000002 Epoch time - -11.1671
Epoch - 86 Train - 2.155342890999534 Val - 2.0862033367156982 KLBeta - 0.021250005750000002 Epoch time - -11.16766
Epoch - 87 Train - 2.1533540985801003 Val - 2.082425912221273 KLBeta - 0.0215000057 Epoch time - -11.12065
Epoch - 87 Train - 2.1550006129524926 Val - 2.0773326555887857 KLBeta - 0.0215000057 Epoch time - -11.11949
Epoch - 87 Train - 2.1507090915333142 Val - 2.0830117066701255 KLBeta - 0.0215000057 Epoch time - -11.12626
Epoch - 87 Train - 2.1552245140075685 Val - 2.076286236445109 KLBeta - 0.0215000057 Epoch time - -11.12849
Epoch - 88 Train - 2.1512582692233 Val - 2.0801850954691568 KLBeta - 0.02175000565 Epoch time - -11.1323
Epoch - 88 Train - 2.1481021187522193 Val - 2.0805348555246987 KLBeta - 0.02175000565 Epoch time - -11.1288
Epoch - 88 Train - 2.15309514132413 Val - 2.0739949544270835 KLBeta - 0.02175000565 Epoch time - -11.13005
Epoch - 88 Train - 2.152681402726607 Val - 2.0746336778004966 KLBeta - 0.02175000565 Epoch time - -11.13642
Epoch - 89 Train - 2.154618887467818 Val - 2.0717170238494873 KLBeta - 0.0220000056 Epoch time - -11.11473
Epoch - 89 Train - 2.1526381449265912 Val - 2.0777266025543213 KLBeta - 0.0220000056 Epoch time - -11.11263
Epoch - 89 Train - 2.149455790086226 Val - 2.078214645385742 KLBeta - 0.0220000056 Epoch time - -11.12325
Epoch - 89 Train - 2.15430590022694 Val - 2.0727783838907876 KLBeta - 0.0220000056 Epoch time - -11.12393
Epoch - 90 Train - 2.147740637172352 Val - 2.0661052068074546 KLBeta - 0.02225000555 Epoch time - -11.10964
Epoch - 90 Train - 2.143946465578946 Val - 2.072090228398641 KLBeta - 0.02225000555 Epoch time - -11.11877
Epoch - 90 Train - 2.1488873134959827 Val - 2.0653289159139 KLBeta - 0.02225000555 Epoch time - -11.12341
Epoch - 90 Train - 2.1468098250302403 Val - 2.0708304246266684 KLBeta - 0.02225000555 Epoch time - -11.12274
Epoch - 91 Train - 2.1460903601212933 Val - 2.0619897842407227 KLBeta - 0.0225000055 Epoch time - -11.15736
Epoch - 91 Train - 2.1417213700034403 Val - 2.06732185681661 KLBeta - 0.0225000055 Epoch time - -11.16325
Epoch - 91 Train - 2.1465715755115857 Val - 2.0606562296549478 KLBeta - 0.0225000055 Epoch time - -11.16171
Epoch - 91 Train - 2.1443539532748135 Val - 2.066720485687256 KLBeta - 0.0225000055 Epoch time - -11.10699
Epoch - 92 Train - 2.1429202686656605 Val - 2.06756862004598 KLBeta - 0.02275000545 Epoch time - -11.12745
Epoch - 92 Train - 2.1446361021562055 Val - 2.0631655851999917 KLBeta - 0.02275000545 Epoch time - -11.12621
Epoch - 92 Train - 2.140164605053988 Val - 2.068565289179484 KLBeta - 0.02275000545 Epoch time - -11.12946
Epoch - 92 Train - 2.145302794196389 Val - 2.0623780886332193 KLBeta - 0.02275000545 Epoch time - -11.13128
Epoch - 93 Train - 2.140077998421409 Val - 2.0708680947621665 KLBeta - 0.023000005400000002 Epoch time - -11.10011
Epoch - 93 Train - 2.1421640569513496 Val - 2.065011739730835 KLBeta - 0.023000005400000002 Epoch time - -11.10609
Epoch - 93 Train - 2.1369924198497428 Val - 2.071133613586426 KLBeta - 0.023000005400000002 Epoch time - -11.11242
Epoch - 93 Train - 2.141981762105768 Val - 2.0652573903401694 KLBeta - 0.023000005400000002 Epoch time - -11.11046
Epoch - 94 Train - 2.141424296118996 Val - 2.054441452026367 KLBeta - 0.023250005350000002 Epoch time - -11.10271
Epoch - 94 Train - 2.1394104567441072 Val - 2.058781703313192 KLBeta - 0.023250005350000002 Epoch time - -11.11845
Epoch - 94 Train - 2.136725664138794 Val - 2.0593437353769937 KLBeta - 0.023250005350000002 Epoch time - -11.1181
Epoch - 94 Train - 2.1414289344440807 Val - 2.053417205810547 KLBeta - 0.023250005350000002 Epoch time - -11.1185
Epoch - 95 Train - 2.1375933603806927 Val - 2.0620532830556235 KLBeta - 0.0235000053 Epoch time - -11.10241
Epoch - 95 Train - 2.138714179125699 Val - 2.0576990445454917 KLBeta - 0.0235000053 Epoch time - -11.12352
Epoch - 95 Train - 2.1391530340368097 Val - 2.05667781829834 KLBeta - 0.0235000053 Epoch time - -11.11719
Epoch - 95 Train - 2.1340576258572663 Val - 2.06315811475118 KLBeta - 0.0235000053 Epoch time - -11.11901
Epoch - 96 Train - 2.1352249969135633 Val - 2.048902750015259 KLBeta - 0.02375000525 Epoch time - -11.17452
Epoch - 96 Train - 2.1349723078987815 Val - 2.047142744064331 KLBeta - 0.02375000525 Epoch time - -11.17125
Epoch - 96 Train - 2.1331614407626067 Val - 2.0533836682637534 KLBeta - 0.02375000525 Epoch time - -11.11612
Epoch - 96 Train - 2.1300226081501354 Val - 2.0541677474975586 KLBeta - 0.02375000525 Epoch time - -11.17818
Epoch - 97 Train - 2.132315670360218 Val - 2.0588887532552085 KLBeta - 0.0240000052 Epoch time - -11.11629
Epoch - 97 Train - 2.13408034064553 Val - 2.052584091822306 KLBeta - 0.0240000052 Epoch time - -11.11562
Epoch - 97 Train - 2.133728278766979 Val - 2.053863207499186 KLBeta - 0.0240000052 Epoch time - -11.11967
Epoch - 97 Train - 2.129412130876021 Val - 2.059708595275879 KLBeta - 0.0240000052 Epoch time - -11.12178
Epoch - 98 Train - 2.1309792431918058 Val - 2.0514939626057944 KLBeta - 0.02425000515 Epoch time - -11.11665
Epoch - 98 Train - 2.1326818509535355 Val - 2.046260356903076 KLBeta - 0.02425000515 Epoch time - -11.11211
Epoch - 98 Train - 2.1284780458970505 Val - 2.0521965821584067 KLBeta - 0.02425000515 Epoch time - -11.1161
Epoch - 98 Train - 2.133475975556807 Val - 2.0457026958465576 KLBeta - 0.02425000515 Epoch time - -11.10874
Epoch - 99 Train - 2.1286105979572643 Val - 2.0544145107269287 KLBeta - 0.0245000051 Epoch time - -11.10866
Epoch - 99 Train - 2.129962361942638 Val - 2.0495738983154297 KLBeta - 0.0245000051 Epoch time - -11.11504
Epoch - 99 Train - 2.1299271020022306 Val - 2.048997481664022 KLBeta - 0.0245000051 Epoch time - -11.11505
Epoch - 99 Train - 2.1252118587493896 Val - 2.0560495058695474 KLBeta - 0.0245000051 Epoch time - -11.11784
Epoch - 100 Train - 2.129447351802479 Val - 2.0488100051879883 KLBeta - 0.02475000505 Epoch time - -11.10795
Epoch - 100 Train - 2.128120032223788 Val - 2.053799311319987 KLBeta - 0.02475000505 Epoch time - -11.12176
Epoch - 100 Train - 2.129462346163663 Val - 2.0497279167175293 KLBeta - 0.02475000505 Epoch time - -11.11982
Epoch - 100 Train - 2.1245884851975876 Val - 2.0554365317026773 KLBeta - 0.02475000505 Epoch time - -11.11841
Epoch - 101 Train - 2.1288127639076926 Val - 2.050485134124756 KLBeta - 0.025000005 Epoch time - -11.14386
Epoch - 101 Train - 2.128624335202304 Val - 2.052236795425415 KLBeta - 0.025000005 Epoch time - -11.15345
Epoch - 101 Train - 2.12419002272866 Val - 2.056874672571818 KLBeta - 0.025000005 Epoch time - -11.15605
Epoch - 101 Train - 2.1269768584858286 Val - 2.0560399691263833 KLBeta - 0.025000005 Epoch time - -11.10142
Epoch - 102 Train - 2.122375540299849 Val - 2.0472657680511475 KLBeta - 0.025250004950000002 Epoch time - -11.09064
Epoch - 102 Train - 2.1239225300875577 Val - 2.04261843363444 KLBeta - 0.025250004950000002 Epoch time - -11.10875
Epoch - 102 Train - 2.11933556470004 Val - 2.048720677693685 KLBeta - 0.025250004950000002 Epoch time - -11.10922
Epoch - 102 Train - 2.1239291537891734 Val - 2.041910966237386 KLBeta - 0.025250004950000002 Epoch time - -11.12054
Epoch - 103 Train - 2.119774094494906 Val - 2.040818691253662 KLBeta - 0.0255000049 Epoch time - -11.11428
Epoch - 103 Train - 2.1212186033075504 Val - 2.036142667134603 KLBeta - 0.0255000049 Epoch time - -11.10543
Epoch - 103 Train - 2.1168679974295874 Val - 2.0420077641805015 KLBeta - 0.0255000049 Epoch time - -11.11033
Epoch - 103 Train - 2.121516214717518 Val - 2.0353550910949707 KLBeta - 0.0255000049 Epoch time - -11.1103
Epoch - 104 Train - 2.1188058679754085 Val - 2.033829927444458 KLBeta - 0.02575000485 Epoch time - -11.1072
Epoch - 104 Train - 2.1194679737091064 Val - 2.0339713096618652 KLBeta - 0.02575000485 Epoch time - -11.10748
Epoch - 104 Train - 2.114496114037254 Val - 2.0401790936787925 KLBeta - 0.02575000485 Epoch time - -11.11211
Epoch - 104 Train - 2.1178818919441915 Val - 2.038808822631836 KLBeta - 0.02575000485 Epoch time - -11.11829
Epoch - 105 Train - 2.117831342870539 Val - 2.0326032638549805 KLBeta - 0.0260000048 Epoch time - -11.09753
Epoch - 105 Train - 2.1181023467670785 Val - 2.034180243810018 KLBeta - 0.0260000048 Epoch time - -11.10399
Epoch - 105 Train - 2.1133925221183083 Val - 2.0397562980651855 KLBeta - 0.0260000048 Epoch time - -11.10774
Epoch - 105 Train - 2.1161277294158936 Val - 2.0394345124562583 KLBeta - 0.0260000048 Epoch time - -11.10724
Epoch - 106 Train - 2.11423058943315 Val - 2.0320115884145102 KLBeta - 0.02625000475 Epoch time - -11.10044
Epoch - 106 Train - 2.1155152580954812 Val - 2.02783211072286 KLBeta - 0.02625000475 Epoch time - -11.15817
Epoch - 106 Train - 2.1109362038699064 Val - 2.032853444417318 KLBeta - 0.02625000475 Epoch time - -11.15749
Epoch - 106 Train - 2.1156162175265227 Val - 2.0266611576080322 KLBeta - 0.02625000475 Epoch time - -11.16163
Epoch - 107 Train - 2.1129845359108663 Val - 2.0232796669006348 KLBeta - 0.0265000047 Epoch time - -11.09653
Epoch - 107 Train - 2.1115268837321888 Val - 2.0273447036743164 KLBeta - 0.0265000047 Epoch time - -11.10696
Epoch - 107 Train - 2.1131301706487484 Val - 2.0224830309549966 KLBeta - 0.0265000047 Epoch time - -11.10715
Epoch - 107 Train - 2.1083230885592372 Val - 2.029693841934204 KLBeta - 0.0265000047 Epoch time - -11.10402
Epoch - 108 Train - 2.108799999410456 Val - 2.0277957916259766 KLBeta - 0.02675000465 Epoch time - -11.11928
Epoch - 108 Train - 2.1103406776081433 Val - 2.02340300877889 KLBeta - 0.02675000465 Epoch time - -11.12246
Epoch - 108 Train - 2.1056574431332673 Val - 2.029513676961263 KLBeta - 0.02675000465 Epoch time - -11.11838
Epoch - 108 Train - 2.1100282712416214 Val - 2.0224650700887046 KLBeta - 0.02675000465 Epoch time - -11.12001
Epoch - 109 Train - 2.1108858021822843 Val - 2.021633783976237 KLBeta - 0.027000004600000002 Epoch time - -11.10876
Epoch - 109 Train - 2.1087546998804267 Val - 2.02634334564209 KLBeta - 0.027000004600000002 Epoch time - -11.11813
Epoch - 109 Train - 2.110500036586415 Val - 2.0207221508026123 KLBeta - 0.027000004600000002 Epoch time - -11.11829
Epoch - 109 Train - 2.105847371708263 Val - 2.027800718943278 KLBeta - 0.027000004600000002 Epoch time - -11.12243
Epoch - 110 Train - 2.1089160485701126 Val - 2.0253560543060303 KLBeta - 0.02725000455 Epoch time - -11.12146
Epoch - 110 Train - 2.1103713382374156 Val - 2.0207601388295493 KLBeta - 0.02725000455 Epoch time - -11.12936
Epoch - 110 Train - 2.1061116391962225 Val - 2.027564207712809 KLBeta - 0.02725000455 Epoch time - -11.1246
Epoch - 110 Train - 2.1104806769977915 Val - 2.020017067591349 KLBeta - 0.02725000455 Epoch time - -11.11989
Epoch - 111 Train - 2.1066719011826947 Val - 2.0196038087209067 KLBeta - 0.0275000045 Epoch time - -11.15135
Epoch - 111 Train - 2.1051546530290084 Val - 2.0257271925608316 KLBeta - 0.0275000045 Epoch time - -11.11018
Epoch - 111 Train - 2.101872608878396 Val - 2.026318391164144 KLBeta - 0.0275000045 Epoch time - -11.16566
Epoch - 111 Train - 2.106712224266746 Val - 2.020913600921631 KLBeta - 0.0275000045 Epoch time - -11.16976
Epoch - 112 Train - 2.100950561870228 Val - 2.018871227900187 KLBeta - 0.02775000445 Epoch time - -11.10508
Epoch - 112 Train - 2.102824557911266 Val - 2.013349930445353 KLBeta - 0.02775000445 Epoch time - -11.11263
Epoch - 112 Train - 2.1027712952006947 Val - 2.012568473815918 KLBeta - 0.02775000445 Epoch time - -11.12776
Epoch - 112 Train - 2.098025573383678 Val - 2.018926461537679 KLBeta - 0.02775000445 Epoch time - -11.12015
Epoch - 113 Train - 2.101112274690108 Val - 2.020986318588257 KLBeta - 0.0280000044 Epoch time - -11.11292
Epoch - 113 Train - 2.1020868691531094 Val - 2.0166432857513428 KLBeta - 0.0280000044 Epoch time - -11.11221
Epoch - 113 Train - 2.0979236949573865 Val - 2.022421439488729 KLBeta - 0.0280000044 Epoch time - -11.11511
Epoch - 113 Train - 2.1027538819746536 Val - 2.0150423844655356 KLBeta - 0.0280000044 Epoch time - -11.11738
Epoch - 114 Train - 2.1001881989565763 Val - 2.009305159250895 KLBeta - 0.02825000435 Epoch time - -11.11197
Epoch - 114 Train - 2.098550493066961 Val - 2.0140390396118164 KLBeta - 0.02825000435 Epoch time - -11.12328
Epoch - 114 Train - 2.1001151344992897 Val - 2.0103710889816284 KLBeta - 0.02825000435 Epoch time - -11.12074
Epoch - 114 Train - 2.0951736796985974 Val - 2.016104300816854 KLBeta - 0.02825000435 Epoch time - -11.12455
Epoch - 115 Train - 2.0951567779887807 Val - 2.0122137864430747 KLBeta - 0.0285000043 Epoch time - -11.12632
Epoch - 115 Train - 2.0970402284102008 Val - 2.006420373916626 KLBeta - 0.0285000043 Epoch time - -11.12687
Epoch - 115 Train - 2.092310073158958 Val - 2.0135323206583657 KLBeta - 0.0285000043 Epoch time - -11.12582
Epoch - 115 Train - 2.097003056786277 Val - 2.005726456642151 KLBeta - 0.0285000043 Epoch time - -11.12825
Epoch - 116 Train - 2.093222652782093 Val - 2.0089085499445596 KLBeta - 0.02875000425 Epoch time - -11.09377
Epoch - 116 Train - 2.0950952833349055 Val - 2.00467586517334 KLBeta - 0.02875000425 Epoch time - -11.16108
Epoch - 116 Train - 2.0902180541645397 Val - 2.01057497660319 KLBeta - 0.02875000425 Epoch time - -11.1632
Epoch - 116 Train - 2.09544941295277 Val - 2.003693183263143 KLBeta - 0.02875000425 Epoch time - -11.16172
Epoch - 117 Train - 2.0919617609544234 Val - 2.0098221699396768 KLBeta - 0.0290000042 Epoch time - -11.12112
Epoch - 117 Train - 2.0926972909407184 Val - 2.004966656366984 KLBeta - 0.0290000042 Epoch time - -11.11112
Epoch - 117 Train - 2.0882119872353293 Val - 2.01143479347229 KLBeta - 0.0290000042 Epoch time - -11.11462
Epoch - 117 Train - 2.0925158630717884 Val - 2.00401508808136 KLBeta - 0.0290000042 Epoch time - -11.11337
Epoch - 118 Train - 2.0904876882379706 Val - 2.006874958674113 KLBeta - 0.02925000415 Epoch time - -11.1121
Epoch - 118 Train - 2.092131974480369 Val - 2.002622882525126 KLBeta - 0.02925000415 Epoch time - -11.11158
Epoch - 118 Train - 2.087658335945823 Val - 2.007904052734375 KLBeta - 0.02925000415 Epoch time - -11.10915
Epoch - 118 Train - 2.091946692900224 Val - 2.0018869638442993 KLBeta - 0.02925000415 Epoch time - -11.11082
Epoch - 119 Train - 2.0905514760450883 Val - 1.995317816734314 KLBeta - 0.0295000041 Epoch time - -11.10396
Epoch - 119 Train - 2.0888291575691915 Val - 2.000755548477173 KLBeta - 0.0295000041 Epoch time - -11.1161
Epoch - 119 Train - 2.0860767407850784 Val - 2.002907713254293 KLBeta - 0.0295000041 Epoch time - -11.11758
Epoch - 119 Train - 2.091378606449474 Val - 1.9964054028193157 KLBeta - 0.0295000041 Epoch time - -11.11376
Epoch - 120 Train - 2.0875901959159155 Val - 1.9942326943079631 KLBeta - 0.02975000405 Epoch time - -11.1162
Epoch - 120 Train - 2.085890427502719 Val - 1.9999694029490154 KLBeta - 0.02975000405 Epoch time - -11.11524
Epoch - 120 Train - 2.083039465817538 Val - 2.0018040339152017 KLBeta - 0.02975000405 Epoch time - -11.11574
Epoch - 120 Train - 2.087446771968495 Val - 1.9954222043355305 KLBeta - 0.02975000405 Epoch time - -11.11527
Epoch - 121 Train - 2.082679102637551 Val - 2.001238385836283 KLBeta - 0.030000004 Epoch time - -11.1056
Epoch - 121 Train - 2.079768943786621 Val - 2.0023449659347534 KLBeta - 0.030000004 Epoch time - -11.16015
Epoch - 121 Train - 2.0845522273670545 Val - 1.9955902099609375 KLBeta - 0.030000004 Epoch time - -11.16211
Epoch - 121 Train - 2.0842362143776634 Val - 1.9964720805486043 KLBeta - 0.030000004 Epoch time - -11.15928
Epoch - 122 Train - 2.0827875570817427 Val - 1.997031569480896 KLBeta - 0.03025000395 Epoch time - -11.11397
Epoch - 122 Train - 2.0841412500901657 Val - 1.9918373028437297 KLBeta - 0.03025000395 Epoch time - -11.11472
Epoch - 122 Train - 2.084277482466264 Val - 1.991772214571635 KLBeta - 0.03025000395 Epoch time - -11.11635
Epoch - 122 Train - 2.079343305934559 Val - 1.998104174931844 KLBeta - 0.03025000395 Epoch time - -11.12078
Epoch - 123 Train - 2.0845576936548404 Val - 1.9932927290598552 KLBeta - 0.0305000039 Epoch time - -11.11783
Epoch - 123 Train - 2.0850402441891758 Val - 1.9931817452112834 KLBeta - 0.0305000039 Epoch time - -11.11824
Epoch - 123 Train - 2.0795116597955876 Val - 1.999780257542928 KLBeta - 0.0305000039 Epoch time - -11.12358
Epoch - 123 Train - 2.0826916868036442 Val - 1.9984734853108723 KLBeta - 0.0305000039 Epoch time - -11.12435
Epoch - 124 Train - 2.0791019569743763 Val - 1.9924273490905762 KLBeta - 0.03075000385 Epoch time - -11.09616
Epoch - 124 Train - 2.080252846804532 Val - 1.9878026644388835 KLBeta - 0.03075000385 Epoch time - -11.1054
Epoch - 124 Train - 2.0754627097736704 Val - 1.9941993554433186 KLBeta - 0.03075000385 Epoch time - -11.1029
Epoch - 124 Train - 2.0806347153403544 Val - 1.9872950315475464 KLBeta - 0.03075000385 Epoch time - -11.1008
Epoch - 125 Train - 2.077669130672108 Val - 1.9934941132863362 KLBeta - 0.031000003800000002 Epoch time - -11.09751
Epoch - 125 Train - 2.0793925545432352 Val - 1.9894548257191975 KLBeta - 0.031000003800000002 Epoch time - -11.09866
Epoch - 125 Train - 2.0749846848574554 Val - 1.99512513478597 KLBeta - 0.031000003800000002 Epoch time - -11.10817
Epoch - 125 Train - 2.079599458521063 Val - 1.9881730477015178 KLBeta - 0.031000003800000002 Epoch time - -11.10855
Epoch - 126 Train - 2.076278205351396 Val - 1.9908207257588704 KLBeta - 0.03125000375 Epoch time - -11.10135
Epoch - 126 Train - 2.0782665209336715 Val - 1.9867192109425862 KLBeta - 0.03125000375 Epoch time - -11.15845
Epoch - 126 Train - 2.0774260174144397 Val - 1.9857068061828613 KLBeta - 0.03125000375 Epoch time - -11.1617
Epoch - 126 Train - 2.0732859178022904 Val - 1.9922767480214436 KLBeta - 0.03125000375 Epoch time - -11.16195
Epoch - 127 Train - 2.0759889646009966 Val - 1.9820717970530193 KLBeta - 0.0315000037 Epoch time - -11.09999
Epoch - 127 Train - 2.0746473399075596 Val - 1.9862674474716187 KLBeta - 0.0315000037 Epoch time - -11.10962
Epoch - 127 Train - 2.0713345657695426 Val - 1.9873164892196655 KLBeta - 0.0315000037 Epoch time - -11.10486
Epoch - 127 Train - 2.075889574397694 Val - 1.9814941883087158 KLBeta - 0.0315000037 Epoch time - -11.10327
Epoch - 128 Train - 2.073181477459994 Val - 1.9860225915908813 KLBeta - 0.03175000365 Epoch time - -11.09554
Epoch - 128 Train - 2.074465439536355 Val - 1.981040398279826 KLBeta - 0.03175000365 Epoch time - -11.09906
Epoch - 128 Train - 2.069727810946378 Val - 1.9874998728434246 KLBeta - 0.03175000365 Epoch time - -11.10624
Epoch - 128 Train - 2.074505615234375 Val - 1.982516884803772 KLBeta - 0.03175000365 Epoch time - -11.11168
Epoch - 129 Train - 2.075612297925082 Val - 1.9858142932256062 KLBeta - 0.0320000036 Epoch time - -11.10445
Epoch - 129 Train - 2.075170577656139 Val - 1.9841867685317993 KLBeta - 0.0320000036 Epoch time - -11.11227
Epoch - 129 Train - 2.070583872361617 Val - 1.9914206663767497 KLBeta - 0.0320000036 Epoch time - -11.11586
Epoch - 129 Train - 2.074123421582309 Val - 1.9904367923736572 KLBeta - 0.0320000036 Epoch time - -11.1173
Epoch - 130 Train - 2.0765606099909 Val - 1.9836487770080566 KLBeta - 0.03225000355 Epoch time - -11.10605
Epoch - 130 Train - 2.0760559862310237 Val - 1.9839571317036946 KLBeta - 0.03225000355 Epoch time - -11.10883
Epoch - 130 Train - 2.071404539455067 Val - 1.9896682500839233 KLBeta - 0.03225000355 Epoch time - -11.11461
Epoch - 130 Train - 2.0747854579578746 Val - 1.9884787797927856 KLBeta - 0.03225000355 Epoch time - -11.11436
Epoch - 131 Train - 2.0708110982721504 Val - 1.975390911102295 KLBeta - 0.0325000035 Epoch time - -11.21053
Epoch - 131 Train - 2.068605808778243 Val - 1.9801228046417236 KLBeta - 0.0325000035 Epoch time - -11.1065
Epoch - 131 Train - 2.0704486933621493 Val - 1.9761539697647095 KLBeta - 0.0325000035 Epoch time - -11.21018
Epoch - 131 Train - 2.0657521551305598 Val - 1.9821395079294841 KLBeta - 0.0325000035 Epoch time - -11.21252
Epoch - 132 Train - 2.0665284286845815 Val - 1.9833117326100667 KLBeta - 0.03275000345 Epoch time - -11.11966
Epoch - 132 Train - 2.0677381428805264 Val - 1.9788875977198284 KLBeta - 0.03275000345 Epoch time - -11.12003
Epoch - 132 Train - 2.067974263971502 Val - 1.9781008958816528 KLBeta - 0.03275000345 Epoch time - -11.12041
Epoch - 132 Train - 2.062911306728016 Val - 1.9848153193791707 KLBeta - 0.03275000345 Epoch time - -11.12381
Epoch - 133 Train - 2.067235331101851 Val - 1.9774504502614338 KLBeta - 0.0330000034 Epoch time - -11.11793
Epoch - 133 Train - 2.068624093315818 Val - 1.9725323915481567 KLBeta - 0.0330000034 Epoch time - -11.11936
Epoch - 133 Train - 2.068736544522372 Val - 1.9740976889928181 KLBeta - 0.0330000034 Epoch time - -11.12464
Epoch - 133 Train - 2.0638284249739214 Val - 1.979396939277649 KLBeta - 0.0330000034 Epoch time - -11.12229
Epoch - 134 Train - 2.0656054453416304 Val - 1.978191614151001 KLBeta - 0.03325000335 Epoch time - -11.1106
Epoch - 134 Train - 2.0666852777654476 Val - 1.974198857943217 KLBeta - 0.03325000335 Epoch time - -11.10679
Epoch - 134 Train - 2.0667929952794855 Val - 1.9732401371002197 KLBeta - 0.03325000335 Epoch time - -11.1023
Epoch - 134 Train - 2.062007089094682 Val - 1.9792174498240154 KLBeta - 0.03325000335 Epoch time - -11.11004
Epoch - 135 Train - 2.0631454294378107 Val - 1.9694733619689941 KLBeta - 0.0335000033 Epoch time - -11.1028
Epoch - 135 Train - 2.062275301326405 Val - 1.9736461242039998 KLBeta - 0.0335000033 Epoch time - -11.11624
Epoch - 135 Train - 2.0634952891956675 Val - 1.9709911346435547 KLBeta - 0.0335000033 Epoch time - -11.11585
Epoch - 135 Train - 2.0589882850646974 Val - 1.9769332806269329 KLBeta - 0.0335000033 Epoch time - -11.11784
Epoch - 136 Train - 2.0625078851526433 Val - 1.9730716149012248 KLBeta - 0.03375000325 Epoch time - -11.15022
Epoch - 136 Train - 2.0609804543581878 Val - 1.9780449469884236 KLBeta - 0.03375000325 Epoch time - -11.09545
Epoch - 136 Train - 2.062656944448298 Val - 1.9730957746505737 KLBeta - 0.03375000325 Epoch time - -11.14897
Epoch - 136 Train - 2.0577261317859996 Val - 1.979332685470581 KLBeta - 0.03375000325 Epoch time - -11.14912
Epoch - 137 Train - 2.0605632088401102 Val - 1.9721064170201619 KLBeta - 0.0340000032 Epoch time - -11.1055
Epoch - 137 Train - 2.061445392261852 Val - 1.9677953720092773 KLBeta - 0.0340000032 Epoch time - -11.11504
Epoch - 137 Train - 2.0621344046159225 Val - 1.9677117268244426 KLBeta - 0.0340000032 Epoch time - -11.11368
Epoch - 137 Train - 2.057233853773637 Val - 1.973533272743225 KLBeta - 0.0340000032 Epoch time - -11.11377
Epoch - 138 Train - 2.059667886387218 Val - 1.9667357206344604 KLBeta - 0.03425000315 Epoch time - -11.10628
Epoch - 138 Train - 2.0594467119737105 Val - 1.966521978378296 KLBeta - 0.03425000315 Epoch time - -11.10565
Epoch - 138 Train - 2.0575427358800713 Val - 1.9709505240122478 KLBeta - 0.03425000315 Epoch time - -11.11306
Epoch - 138 Train - 2.0541273767297916 Val - 1.9730275869369507 KLBeta - 0.03425000315 Epoch time - -11.11173
Epoch - 139 Train - 2.057031111283736 Val - 1.968021551767985 KLBeta - 0.0345000031 Epoch time - -11.12358
Epoch - 139 Train - 2.0586707938801156 Val - 1.9644700686136882 KLBeta - 0.0345000031 Epoch time - -11.12758
Epoch - 139 Train - 2.0532522981817074 Val - 1.9705032507578533 KLBeta - 0.0345000031 Epoch time - -11.12514
Epoch - 139 Train - 2.058256058259444 Val - 1.964983582496643 KLBeta - 0.0345000031 Epoch time - -11.1274
Epoch - 140 Train - 2.0544367226687346 Val - 1.9693839152654011 KLBeta - 0.03475000305 Epoch time - -11.09702
Epoch - 140 Train - 2.056057578867132 Val - 1.96348241964976 KLBeta - 0.03475000305 Epoch time - -11.10756
Epoch - 140 Train - 2.051640666614879 Val - 1.9706435600916545 KLBeta - 0.03475000305 Epoch time - -11.11073
Epoch - 140 Train - 2.056720911372792 Val - 1.9647310574849446 KLBeta - 0.03475000305 Epoch time - -11.1119
Epoch - 141 Train - 2.056833757053722 Val - 1.9621492226918538 KLBeta - 0.035000003 Epoch time - -11.10949
Epoch - 141 Train - 2.0577884153886274 Val - 1.9581185579299927 KLBeta - 0.035000003 Epoch time - -11.15986
Epoch - 141 Train - 2.057606640729037 Val - 1.9578211704889934 KLBeta - 0.035000003 Epoch time - -11.1638
Epoch - 141 Train - 2.0531881765885784 Val - 1.9643108050028484 KLBeta - 0.035000003 Epoch time - -11.16481
Epoch - 142 Train - 2.0524540120905095 Val - 1.962707281112671 KLBeta - 0.03525000295 Epoch time - -11.10577
Epoch - 142 Train - 2.053755773197521 Val - 1.9586722056070964 KLBeta - 0.03525000295 Epoch time - -11.11249
Epoch - 142 Train - 2.053750996156172 Val - 1.9579999049504597 KLBeta - 0.03525000295 Epoch time - -11.11227
Epoch - 142 Train - 2.0491250905123626 Val - 1.9641719261805217 KLBeta - 0.03525000295 Epoch time - -11.11331
Epoch - 143 Train - 2.05055832862854 Val - 1.9585663080215454 KLBeta - 0.0355000029 Epoch time - -11.09791
Epoch - 143 Train - 2.0521203821355645 Val - 1.9548345406850178 KLBeta - 0.0355000029 Epoch time - -11.10499
Epoch - 143 Train - 2.0517836093902586 Val - 1.9538784821828206 KLBeta - 0.0355000029 Epoch time - -11.10608
Epoch - 143 Train - 2.0467587427659466 Val - 1.9605583747227986 KLBeta - 0.0355000029 Epoch time - -11.11028
Epoch - 144 Train - 2.0501937476071443 Val - 1.9581634203592937 KLBeta - 0.03575000285 Epoch time - -11.08955
Epoch - 144 Train - 2.0518966241316363 Val - 1.9539521932601929 KLBeta - 0.03575000285 Epoch time - -11.10155
Epoch - 144 Train - 2.046746908534657 Val - 1.9595420360565186 KLBeta - 0.03575000285 Epoch time - -11.10029
Epoch - 144 Train - 2.0516888228329746 Val - 1.9540584087371826 KLBeta - 0.03575000285 Epoch time - -11.10801
Epoch - 145 Train - 2.0498451839793814 Val - 1.951674461364746 KLBeta - 0.0360000028 Epoch time - -11.09887
Epoch - 145 Train - 2.0489525058052758 Val - 1.9548650979995728 KLBeta - 0.0360000028 Epoch time - -11.12314
Epoch - 145 Train - 2.0501816142689098 Val - 1.9517014821370442 KLBeta - 0.0360000028 Epoch time - -11.10831
Epoch - 145 Train - 2.045061748678034 Val - 1.9570112625757854 KLBeta - 0.0360000028 Epoch time - -11.11393
Epoch - 146 Train - 2.0511356397108598 Val - 1.97023872534434 KLBeta - 0.03625000275 Epoch time - -11.09616
Epoch - 146 Train - 2.0522447629408402 Val - 1.9665151834487915 KLBeta - 0.03625000275 Epoch time - -11.15856
Epoch - 146 Train - 2.052471299604936 Val - 1.966544230779012 KLBeta - 0.03625000275 Epoch time - -11.15775
Epoch - 146 Train - 2.047183392264626 Val - 1.9736714363098145 KLBeta - 0.03625000275 Epoch time - -11.15724
Epoch - 147 Train - 2.0493612722917036 Val - 1.9485039710998535 KLBeta - 0.0365000027 Epoch time - -11.10097
Epoch - 147 Train - 2.050300372730602 Val - 1.9488483270009358 KLBeta - 0.0365000027 Epoch time - -11.10732
Epoch - 147 Train - 2.0484739953821354 Val - 1.952479322751363 KLBeta - 0.0365000027 Epoch time - -11.11272
Epoch - 147 Train - 2.0448589888485995 Val - 1.9551509618759155 KLBeta - 0.0365000027 Epoch time - -11.11172
Epoch - 148 Train - 2.0453374299136073 Val - 1.9533620675404866 KLBeta - 0.03675000265 Epoch time - -11.11221
Epoch - 148 Train - 2.046041818098588 Val - 1.954081416130066 KLBeta - 0.03675000265 Epoch time - -11.1152
Epoch - 148 Train - 2.0446175055070355 Val - 1.9578649600346882 KLBeta - 0.03675000265 Epoch time - -11.11803
Epoch - 148 Train - 2.0408782265403054 Val - 1.9600869417190552 KLBeta - 0.03675000265 Epoch time - -11.11953
Epoch - 149 Train - 2.045692951028997 Val - 1.9534651438395183 KLBeta - 0.0370000026 Epoch time - -11.11037
Epoch - 149 Train - 2.047233334454623 Val - 1.9501344362894695 KLBeta - 0.0370000026 Epoch time - -11.11151
Epoch - 149 Train - 2.047061569040472 Val - 1.9496601422627766 KLBeta - 0.0370000026 Epoch time - -11.11867
Epoch - 149 Train - 2.041999491778287 Val - 1.9560799598693848 KLBeta - 0.0370000026 Epoch time - -11.1152
Epoch - 150 Train - 2.0461929711428555 Val - 1.948297341664632 KLBeta - 0.03725000255 Epoch time - -11.10524
Epoch - 150 Train - 2.0473688299005683 Val - 1.9456599553426106 KLBeta - 0.03725000255 Epoch time - -11.11356
Epoch - 150 Train - 2.047287702560425 Val - 1.944129745165507 KLBeta - 0.03725000255 Epoch time - -11.1108
Epoch - 150 Train - 2.0421425949443472 Val - 1.9510667324066162 KLBeta - 0.03725000255 Epoch time - -11.11612
Epoch - 151 Train - 2.041411421515725 Val - 1.9471123218536377 KLBeta - 0.0375000025 Epoch time - -11.15289
Epoch - 151 Train - 2.0403801397843795 Val - 1.9498235781987507 KLBeta - 0.0375000025 Epoch time - -11.11538
Epoch - 151 Train - 2.041698421131481 Val - 1.9479738473892212 KLBeta - 0.0375000025 Epoch time - -11.16614
Epoch - 151 Train - 2.0364836757833307 Val - 1.9539755980173747 KLBeta - 0.0375000025 Epoch time - -11.16608
Epoch - 152 Train - 2.038774516365745 Val - 1.9454788366953533 KLBeta - 0.03775000245 Epoch time - -11.10749
Epoch - 152 Train - 2.03559514392506 Val - 1.9478843609491985 KLBeta - 0.03775000245 Epoch time - -11.12004
Epoch - 152 Train - 2.0400782585144044 Val - 1.94080650806427 KLBeta - 0.03775000245 Epoch time - -11.13362
Epoch - 152 Train - 2.0401646917516536 Val - 1.9410068988800049 KLBeta - 0.03775000245 Epoch time - -11.12402
Epoch - 153 Train - 2.0415370030836626 Val - 1.9455968936284382 KLBeta - 0.0380000024 Epoch time - -11.09923
Epoch - 153 Train - 2.0392551682212137 Val - 1.9498447974522908 KLBeta - 0.0380000024 Epoch time - -11.11622
Epoch - 153 Train - 2.035846851088784 Val - 1.951327880223592 KLBeta - 0.0380000024 Epoch time - -11.11191
Epoch - 153 Train - 2.0408757643266155 Val - 1.944374720255534 KLBeta - 0.0380000024 Epoch time - -11.11156
Epoch - 154 Train - 2.0373276493766093 Val - 1.9400133689244587 KLBeta - 0.03825000235 Epoch time - -11.10097
Epoch - 154 Train - 2.0381090814417058 Val - 1.9353591998418171 KLBeta - 0.03825000235 Epoch time - -11.104
Epoch - 154 Train - 2.038922808387063 Val - 1.9364955027898152 KLBeta - 0.03825000235 Epoch time - -11.11314
Epoch - 154 Train - 2.033466165715998 Val - 1.9430092970530193 KLBeta - 0.03825000235 Epoch time - -11.11026
Epoch - 155 Train - 2.03709200295535 Val - 1.9465683698654175 KLBeta - 0.0385000023 Epoch time - -11.10713
Epoch - 155 Train - 2.0366756829348476 Val - 1.9523202578226726 KLBeta - 0.0385000023 Epoch time - -11.1034
Epoch - 155 Train - 2.038202970678156 Val - 1.948644995689392 KLBeta - 0.0385000023 Epoch time - -11.10966
Epoch - 155 Train - 2.032908461310647 Val - 1.9544521967569988 KLBeta - 0.0385000023 Epoch time - -11.11323
Epoch - 156 Train - 2.035395457527854 Val - 1.944089412689209 KLBeta - 0.03875000225 Epoch time - -11.09588
Epoch - 156 Train - 2.0315900347449563 Val - 1.9463926553726196 KLBeta - 0.03875000225 Epoch time - -11.15697
Epoch - 156 Train - 2.0368237495422363 Val - 1.9409529368082683 KLBeta - 0.03875000225 Epoch time - -11.16384
Epoch - 156 Train - 2.0366157835180108 Val - 1.9400359392166138 KLBeta - 0.03875000225 Epoch time - -11.1667
Epoch - 157 Train - 2.0322387131777675 Val - 1.9493705034255981 KLBeta - 0.0390000022 Epoch time - -11.12001
Epoch - 157 Train - 2.035674121163108 Val - 1.9476147890090942 KLBeta - 0.0390000022 Epoch time - -11.13785
Epoch - 157 Train - 2.03710823059082 Val - 1.9429165522257488 KLBeta - 0.0390000022 Epoch time - -11.12621
Epoch - 157 Train - 2.0373662038282916 Val - 1.9431345860163372 KLBeta - 0.0390000022 Epoch time - -11.12626
Epoch - 158 Train - 2.0324484478343616 Val - 1.9374586741129558 KLBeta - 0.03925000215 Epoch time - -11.11193
Epoch - 158 Train - 2.0341337312351575 Val - 1.9334495862325032 KLBeta - 0.03925000215 Epoch time - -11.11308
Epoch - 158 Train - 2.0292342966253107 Val - 1.9398152430852253 KLBeta - 0.03925000215 Epoch time - -11.123
Epoch - 158 Train - 2.0341778885234487 Val - 1.934505581855774 KLBeta - 0.03925000215 Epoch time - -11.1206
Epoch - 159 Train - 2.0307405081662266 Val - 1.9356502294540405 KLBeta - 0.0395000021 Epoch time - -11.12042
Epoch - 159 Train - 2.026208006251942 Val - 1.9378060897191365 KLBeta - 0.0395000021 Epoch time - -11.11943
Epoch - 159 Train - 2.0314899574626577 Val - 1.931217908859253 KLBeta - 0.0395000021 Epoch time - -11.12408
Epoch - 159 Train - 2.030981941656633 Val - 1.930873195330302 KLBeta - 0.0395000021 Epoch time - -11.12572
Epoch - 160 Train - 2.0296794826334175 Val - 1.936031699180603 KLBeta - 0.03975000205 Epoch time - -11.10522
Epoch - 160 Train - 2.0315508777445013 Val - 1.932472825050354 KLBeta - 0.03975000205 Epoch time - -11.10362
Epoch - 160 Train - 2.0312747088345615 Val - 1.9314053455988567 KLBeta - 0.03975000205 Epoch time - -11.11111
Epoch - 160 Train - 2.026038791916587 Val - 1.9398000637690227 KLBeta - 0.03975000205 Epoch time - -11.1139
Epoch - 161 Train - 2.0285702206871727 Val - 1.9388870398203533 KLBeta - 0.040000002 Epoch time - -11.09448
Epoch - 161 Train - 2.029758160764521 Val - 1.935213287671407 KLBeta - 0.040000002 Epoch time - -11.15648
Epoch - 161 Train - 2.024531299417669 Val - 1.941685636838277 KLBeta - 0.040000002 Epoch time - -11.16057
Epoch - 161 Train - 2.0297908132726494 Val - 1.9345786571502686 KLBeta - 0.040000002 Epoch time - -11.16046
Epoch - 162 Train - 2.030000433054837 Val - 1.9414433240890503 KLBeta - 0.04025000195 Epoch time - -11.12791
Epoch - 162 Train - 2.0310340426184914 Val - 1.9388597011566162 KLBeta - 0.04025000195 Epoch time - -11.12046
Epoch - 162 Train - 2.0262370196255772 Val - 1.9446884393692017 KLBeta - 0.04025000195 Epoch time - -11.12589
Epoch - 162 Train - 2.030857235735113 Val - 1.9376290639241536 KLBeta - 0.04025000195 Epoch time - -11.12569
Epoch - 163 Train - 2.026939545978199 Val - 1.9299777746200562 KLBeta - 0.0405000019 Epoch time - -11.1144
Epoch - 163 Train - 2.027641911940141 Val - 1.9257642030715942 KLBeta - 0.0405000019 Epoch time - -11.11126
Epoch - 163 Train - 2.022336097197099 Val - 1.9325708945592244 KLBeta - 0.0405000019 Epoch time - -11.11942
Epoch - 163 Train - 2.0278929818760263 Val - 1.9263662894566853 KLBeta - 0.0405000019 Epoch time - -11.11951
Epoch - 164 Train - 2.0245621074329723 Val - 1.9319790204366047 KLBeta - 0.04075000185 Epoch time - -11.11818
Epoch - 164 Train - 2.0259887673638084 Val - 1.9286186695098877 KLBeta - 0.04075000185 Epoch time - -11.11938
Epoch - 164 Train - 2.021090748093345 Val - 1.9340380032857258 KLBeta - 0.04075000185 Epoch time - -11.12147
Epoch - 164 Train - 2.024920771338723 Val - 1.927400271097819 KLBeta - 0.04075000185 Epoch time - -11.11521
Epoch - 165 Train - 2.027802155234597 Val - 1.9302757581075032 KLBeta - 0.0410000018 Epoch time - -11.11892
Epoch - 165 Train - 2.0264731082049283 Val - 1.9281752109527588 KLBeta - 0.0410000018 Epoch time - -11.11743
Epoch - 165 Train - 2.022243046760559 Val - 1.9364001750946045 KLBeta - 0.0410000018 Epoch time - -11.12391
Epoch - 165 Train - 2.026157745448026 Val - 1.9333572387695312 KLBeta - 0.0410000018 Epoch time - -11.12382
Epoch - 166 Train - 2.0246412233872846 Val - 1.9264599084854126 KLBeta - 0.04125000175 Epoch time - -11.10609
Epoch - 166 Train - 2.0267684199593283 Val - 1.9227792024612427 KLBeta - 0.04125000175 Epoch time - -11.15932
Epoch - 166 Train - 2.0254137017510154 Val - 1.9215070803960164 KLBeta - 0.04125000175 Epoch time - -11.16531
Epoch - 166 Train - 2.0216313188726254 Val - 1.9291845162709553 KLBeta - 0.04125000175 Epoch time - -11.1641
Epoch - 167 Train - 2.022184645045887 Val - 1.9173398812611897 KLBeta - 0.0415000017 Epoch time - -11.1002
Epoch - 167 Train - 2.02204898704182 Val - 1.916251262029012 KLBeta - 0.0415000017 Epoch time - -11.10053
Epoch - 167 Train - 2.0209390618584373 Val - 1.9212131102879841 KLBeta - 0.0415000017 Epoch time - -11.10965
Epoch - 167 Train - 2.0173161550001666 Val - 1.923322359720866 KLBeta - 0.0415000017 Epoch time - -11.11034
Epoch - 168 Train - 2.021360637924888 Val - 1.9245947202046711 KLBeta - 0.04175000165 Epoch time - -11.10675
Epoch - 168 Train - 2.022959518432617 Val - 1.920979340871175 KLBeta - 0.04175000165 Epoch time - -11.11522
Epoch - 168 Train - 2.022025960141962 Val - 1.9198148250579834 KLBeta - 0.04175000165 Epoch time - -11.11737
Epoch - 168 Train - 2.017715909264304 Val - 1.927190621693929 KLBeta - 0.04175000165 Epoch time - -11.11303
Epoch - 169 Train - 2.020456886291504 Val - 1.9220844109853108 KLBeta - 0.042000001599999996 Epoch time - -11.09525
Epoch - 169 Train - 2.016714941371571 Val - 1.9251908858617146 KLBeta - 0.042000001599999996 Epoch time - -11.10008
Epoch - 169 Train - 2.0220297748392277 Val - 1.918869137763977 KLBeta - 0.042000001599999996 Epoch time - -11.10568
Epoch - 169 Train - 2.021188653599132 Val - 1.9179954528808594 KLBeta - 0.042000001599999996 Epoch time - -11.10564
Epoch - 170 Train - 2.01840435591611 Val - 1.9241958856582642 KLBeta - 0.04225000155 Epoch time - -11.09402
Epoch - 170 Train - 2.019575409455733 Val - 1.9200912714004517 KLBeta - 0.04225000155 Epoch time - -11.08462
Epoch - 170 Train - 2.0190280069004407 Val - 1.9183422724405925 KLBeta - 0.04225000155 Epoch time - -11.08868
Epoch - 170 Train - 2.014439110322432 Val - 1.9253207047780354 KLBeta - 0.04225000155 Epoch time - -11.09714
Epoch - 171 Train - 2.017198744687167 Val - 1.9248021046320598 KLBeta - 0.0425000015 Epoch time - -11.11163
Epoch - 171 Train - 2.018318954381076 Val - 1.9215580622355144 KLBeta - 0.0425000015 Epoch time - -11.16369
Epoch - 171 Train - 2.0133003863421353 Val - 1.927872618039449 KLBeta - 0.0425000015 Epoch time - -11.16406
Epoch - 171 Train - 2.0178025549108334 Val - 1.9200400114059448 KLBeta - 0.0425000015 Epoch time - -11.16263
Epoch - 172 Train - 2.0224954518404874 Val - 1.918454885482788 KLBeta - 0.04275000145 Epoch time - -11.10971
Epoch - 172 Train - 2.021816710992293 Val - 1.916714111963908 KLBeta - 0.04275000145 Epoch time - -11.10857
Epoch - 172 Train - 2.0209093505685978 Val - 1.9219544728597004 KLBeta - 0.04275000145 Epoch time - -11.11602
Epoch - 172 Train - 2.01709961457686 Val - 1.923421581586202 KLBeta - 0.04275000145 Epoch time - -11.1158
Epoch - 173 Train - 2.0172461357983678 Val - 1.9154780705769856 KLBeta - 0.0430000014 Epoch time - -11.1144
Epoch - 173 Train - 2.0192046122117477 Val - 1.9132219155629475 KLBeta - 0.0430000014 Epoch time - -11.12383
Epoch - 173 Train - 2.0183506098660557 Val - 1.9114859501520793 KLBeta - 0.0430000014 Epoch time - -11.12378
Epoch - 173 Train - 2.0136224594983188 Val - 1.9187434911727905 KLBeta - 0.0430000014 Epoch time - -11.12319
Epoch - 174 Train - 2.0148358496752654 Val - 1.9138105312983196 KLBeta - 0.04325000135 Epoch time - -11.10944
Epoch - 174 Train - 2.0160105618563566 Val - 1.9112132787704468 KLBeta - 0.04325000135 Epoch time - -11.10651
Epoch - 174 Train - 2.01509747505188 Val - 1.910117745399475 KLBeta - 0.04325000135 Epoch time - -11.10473
Epoch - 174 Train - 2.011091113090515 Val - 1.915759801864624 KLBeta - 0.04325000135 Epoch time - -11.10598
Epoch - 175 Train - 2.0137627081437546 Val - 1.9124796787897747 KLBeta - 0.0435000013 Epoch time - -11.11757
Epoch - 175 Train - 2.015908132899891 Val - 1.9097494681676228 KLBeta - 0.0435000013 Epoch time - -11.12082
Epoch - 175 Train - 2.014743226224726 Val - 1.9072197278340657 KLBeta - 0.0435000013 Epoch time - -11.11968
Epoch - 175 Train - 2.0105990691618487 Val - 1.915460427602132 KLBeta - 0.0435000013 Epoch time - -11.12525
Epoch - 176 Train - 2.0121510245583276 Val - 1.9157324234644573 KLBeta - 0.04375000125 Epoch time - -11.09875
Epoch - 176 Train - 2.0140696568922563 Val - 1.9118789037068684 KLBeta - 0.04375000125 Epoch time - -11.16254
Epoch - 176 Train - 2.0129431962966917 Val - 1.9111229578653972 KLBeta - 0.04375000125 Epoch time - -11.16353
Epoch - 176 Train - 2.008397002653642 Val - 1.9192742904027302 KLBeta - 0.04375000125 Epoch time - -11.1662
Epoch - 177 Train - 2.01347198269584 Val - 1.9146344661712646 KLBeta - 0.0440000012 Epoch time - -11.10932
Epoch - 177 Train - 2.0159689274701207 Val - 1.9132667779922485 KLBeta - 0.0440000012 Epoch time - -11.11163
Epoch - 177 Train - 2.014849125255238 Val - 1.9118290344874065 KLBeta - 0.0440000012 Epoch time - -11.10736
Epoch - 177 Train - 2.0105634450912477 Val - 1.919768253962199 KLBeta - 0.0440000012 Epoch time - -11.10823
Epoch - 178 Train - 2.0109442667527633 Val - 1.9102192719777424 KLBeta - 0.04425000115 Epoch time - -11.10324
Epoch - 178 Train - 2.0128160975196145 Val - 1.9079822699228923 KLBeta - 0.04425000115 Epoch time - -11.10262
Epoch - 178 Train - 2.0068872278386896 Val - 1.9143917560577393 KLBeta - 0.04425000115 Epoch time - -11.10654
Epoch - 178 Train - 2.0118451530283146 Val - 1.9056415955225627 KLBeta - 0.04425000115 Epoch time - -11.10471
Epoch - 179 Train - 2.008338312669234 Val - 1.914326548576355 KLBeta - 0.0445000011 Epoch time - -11.11612
Epoch - 179 Train - 2.008947563171387 Val - 1.9100745916366577 KLBeta - 0.0445000011 Epoch time - -11.11319
Epoch - 179 Train - 2.0100932164625687 Val - 1.9117387930552165 KLBeta - 0.0445000011 Epoch time - -11.12025
Epoch - 179 Train - 2.004715336452831 Val - 1.9187076091766357 KLBeta - 0.0445000011 Epoch time - -11.1201
Epoch - 180 Train - 2.0108648495240646 Val - 1.911907156308492 KLBeta - 0.04475000105 Epoch time - -11.11243
Epoch - 180 Train - 2.012701754136519 Val - 1.9101214011510212 KLBeta - 0.04475000105 Epoch time - -11.10949
Epoch - 180 Train - 2.006851380521601 Val - 1.9160943428675334 KLBeta - 0.04475000105 Epoch time - -11.11317
Epoch - 180 Train - 2.0114498766985807 Val - 1.9079701105753581 KLBeta - 0.04475000105 Epoch time - -11.11421
Epoch - 181 Train - 2.0077514735135167 Val - 1.9100659688313801 KLBeta - 0.045000001 Epoch time - -11.09371
Epoch - 181 Train - 2.008690922910517 Val - 1.907120704650879 KLBeta - 0.045000001 Epoch time - -11.14752
Epoch - 181 Train - 2.00813430222598 Val - 1.9052470922470093 KLBeta - 0.045000001 Epoch time - -11.14784
Epoch - 181 Train - 2.0042794877832586 Val - 1.9122871955235798 KLBeta - 0.045000001 Epoch time - -11.15396
Epoch - 182 Train - 2.0056283647363835 Val - 1.907799482345581 KLBeta - 0.04525000095 Epoch time - -11.11308
Epoch - 182 Train - 2.006993464990096 Val - 1.9055242935816448 KLBeta - 0.04525000095 Epoch time - -11.11584
Epoch - 182 Train - 2.001606639948758 Val - 1.9105167388916016 KLBeta - 0.04525000095 Epoch time - -11.11656
Epoch - 182 Train - 2.0062075875022196 Val - 1.902907133102417 KLBeta - 0.04525000095 Epoch time - -11.11207
Epoch - 183 Train - 2.004843072457747 Val - 1.9051111936569214 KLBeta - 0.0455000009 Epoch time - -11.1061
Epoch - 183 Train - 2.0059110663153907 Val - 1.903011163075765 KLBeta - 0.0455000009 Epoch time - -11.10859
Epoch - 183 Train - 2.0005223100835625 Val - 1.9093259572982788 KLBeta - 0.0455000009 Epoch time - -11.1099
Epoch - 183 Train - 2.0048433715646916 Val - 1.901113510131836 KLBeta - 0.0455000009 Epoch time - -11.10999
Epoch - 184 Train - 2.005201740698381 Val - 1.8997628688812256 KLBeta - 0.04575000085 Epoch time - -11.1041
Epoch - 184 Train - 2.00418082150546 Val - 1.9015810092290242 KLBeta - 0.04575000085 Epoch time - -11.11538
Epoch - 184 Train - 2.0002091559496793 Val - 1.9053009351094563 KLBeta - 0.04575000085 Epoch time - -11.11761
Epoch - 184 Train - 2.004682998223738 Val - 1.8972270886103313 KLBeta - 0.04575000085 Epoch time - -11.11971
Epoch - 185 Train - 2.0040791446512394 Val - 1.9059781630833943 KLBeta - 0.0460000008 Epoch time - -11.10483
Epoch - 185 Train - 2.002890205383301 Val - 1.9031658172607422 KLBeta - 0.0460000008 Epoch time - -11.10045
Epoch - 185 Train - 1.9992659612135453 Val - 1.9115455150604248 KLBeta - 0.0460000008 Epoch time - -11.10857
Epoch - 185 Train - 2.0023418990048496 Val - 1.907453139623006 KLBeta - 0.0460000008 Epoch time - -11.10854
Epoch - 186 Train - 2.003093116933649 Val - 1.8987737894058228 KLBeta - 0.04625000075 Epoch time - -11.10587
Epoch - 186 Train - 2.0035657665946265 Val - 1.8942409753799438 KLBeta - 0.04625000075 Epoch time - -11.16579
Epoch - 186 Train - 2.005155639214949 Val - 1.8961551189422607 KLBeta - 0.04625000075 Epoch time - -11.17188
Epoch - 186 Train - 1.9988200491124934 Val - 1.903322736422221 KLBeta - 0.04625000075 Epoch time - -11.17153
Epoch - 187 Train - 2.001071799885143 Val - 1.892405390739441 KLBeta - 0.0465000007 Epoch time - -11.09853
Epoch - 187 Train - 2.0002369403839113 Val - 1.8976444403330486 KLBeta - 0.0465000007 Epoch time - -11.11068
Epoch - 187 Train - 2.0017484339800746 Val - 1.8955131371815999 KLBeta - 0.0465000007 Epoch time - -11.10642
Epoch - 187 Train - 1.9962089300155639 Val - 1.9012858072916667 KLBeta - 0.0465000007 Epoch time - -11.10848
Epoch - 188 Train - 1.9989119182933461 Val - 1.8979586760203044 KLBeta - 0.04675000065 Epoch time - -11.10544
Epoch - 188 Train - 1.9951048287478361 Val - 1.9021691878636677 KLBeta - 0.04675000065 Epoch time - -11.1129
Epoch - 188 Train - 1.999521255493164 Val - 1.8929697672526042 KLBeta - 0.04675000065 Epoch time - -11.11457
Epoch - 188 Train - 2.0004704713821413 Val - 1.8960467179616292 KLBeta - 0.04675000065 Epoch time - -11.1117
Epoch - 189 Train - 1.999697208404541 Val - 1.8961416482925415 KLBeta - 0.0470000006 Epoch time - -11.10279
Epoch - 189 Train - 1.9984532594680786 Val - 1.8974974155426025 KLBeta - 0.0470000006 Epoch time - -11.1123
Epoch - 189 Train - 1.998145901073109 Val - 1.893213192621867 KLBeta - 0.0470000006 Epoch time - -11.11172
Epoch - 189 Train - 1.994011519171975 Val - 1.9023904005686443 KLBeta - 0.0470000006 Epoch time - -11.11654
Epoch - 190 Train - 1.9972644740884955 Val - 1.8953027725219727 KLBeta - 0.04725000055 Epoch time - -11.09475
Epoch - 190 Train - 1.999187655882402 Val - 1.8934351603190105 KLBeta - 0.04725000055 Epoch time - -11.11618
Epoch - 190 Train - 1.9977080648595638 Val - 1.8901939789454143 KLBeta - 0.04725000055 Epoch time - -11.11129
Epoch - 190 Train - 1.9932393485849553 Val - 1.8992021083831787 KLBeta - 0.04725000055 Epoch time - -11.10999
Epoch - 191 Train - 1.998625053058971 Val - 1.8966697851816814 KLBeta - 0.0475000005 Epoch time - -11.10305
Epoch - 191 Train - 1.9999138095162132 Val - 1.8945977687835693 KLBeta - 0.0475000005 Epoch time - -11.14631
Epoch - 191 Train - 1.9947747295553033 Val - 1.9002507130304973 KLBeta - 0.0475000005 Epoch time - -11.15429
Epoch - 191 Train - 1.9994559114629573 Val - 1.8908114830652873 KLBeta - 0.0475000005 Epoch time - -11.15396
Epoch - 192 Train - 1.9969428994438865 Val - 1.9007651408513386 KLBeta - 0.047750000449999996 Epoch time - -11.11677
Epoch - 192 Train - 1.9974826899441807 Val - 1.8946448961893718 KLBeta - 0.047750000449999996 Epoch time - -11.11179
Epoch - 192 Train - 1.9927778937599876 Val - 1.9034425020217896 KLBeta - 0.047750000449999996 Epoch time - -11.12108
Epoch - 192 Train - 1.9983103253624657 Val - 1.8972782691319783 KLBeta - 0.047750000449999996 Epoch time - -11.12368
Epoch - 193 Train - 1.9974898620085282 Val - 1.8982272545496623 KLBeta - 0.0480000004 Epoch time - -11.10833
Epoch - 193 Train - 1.9985478812997992 Val - 1.8963649670283 KLBeta - 0.0480000004 Epoch time - -11.10582
Epoch - 193 Train - 1.992765246738087 Val - 1.902896245320638 KLBeta - 0.0480000004 Epoch time - -11.11613
Epoch - 193 Train - 1.9975055412812666 Val - 1.893603523572286 KLBeta - 0.0480000004 Epoch time - -11.11809
Epoch - 194 Train - 1.9959293798966842 Val - 1.9008841514587402 KLBeta - 0.04825000035 Epoch time - -11.10497
Epoch - 194 Train - 1.9966579632325605 Val - 1.896636923154195 KLBeta - 0.04825000035 Epoch time - -11.10987
Epoch - 194 Train - 1.9977480606599287 Val - 1.899469256401062 KLBeta - 0.04825000035 Epoch time - -11.12019
Epoch - 194 Train - 1.9919602480801668 Val - 1.904756784439087 KLBeta - 0.04825000035 Epoch time - -11.11394
Epoch - 195 Train - 1.9964619614861228 Val - 1.8858162959416707 KLBeta - 0.0485000003 Epoch time - -11.10628
Epoch - 195 Train - 1.996416956728155 Val - 1.8905359506607056 KLBeta - 0.0485000003 Epoch time - -11.11647
Epoch - 195 Train - 1.9976387825879183 Val - 1.8900281985600789 KLBeta - 0.0485000003 Epoch time - -11.11065
Epoch - 195 Train - 1.9922239151867953 Val - 1.8948839505513508 KLBeta - 0.0485000003 Epoch time - -11.1144
Epoch - 196 Train - 1.991429276899858 Val - 1.8916396299997966 KLBeta - 0.04875000025 Epoch time - -11.10242
Epoch - 196 Train - 1.9936090317639437 Val - 1.8888712724049885 KLBeta - 0.04875000025 Epoch time - -11.16625
Epoch - 196 Train - 1.9881236098029398 Val - 1.895371913909912 KLBeta - 0.04875000025 Epoch time - -11.16465
Epoch - 196 Train - 1.9922475663098422 Val - 1.8857354720433552 KLBeta - 0.04875000025 Epoch time - -11.16636
Epoch - 197 Train - 1.9916188760237261 Val - 1.8881940841674805 KLBeta - 0.0490000002 Epoch time - -11.11114
Epoch - 197 Train - 1.992684956030412 Val - 1.886789600054423 KLBeta - 0.0490000002 Epoch time - -11.11694
Epoch - 197 Train - 1.9919399304823442 Val - 1.8840436935424805 KLBeta - 0.0490000002 Epoch time - -11.1176
Epoch - 197 Train - 1.9879259651357477 Val - 1.8931420246760051 KLBeta - 0.0490000002 Epoch time - -11.12169
Epoch - 198 Train - 1.9941166726025668 Val - 1.8894771734873455 KLBeta - 0.04925000015 Epoch time - -11.10184
Epoch - 198 Train - 1.9925776048140091 Val - 1.8866157134373982 KLBeta - 0.04925000015 Epoch time - -11.10753
Epoch - 198 Train - 1.9925006064501676 Val - 1.891790231068929 KLBeta - 0.04925000015 Epoch time - -11.11033
Epoch - 198 Train - 1.987540643865412 Val - 1.894664208094279 KLBeta - 0.04925000015 Epoch time - -11.10779
Epoch - 199 Train - 1.9930038300427524 Val - 1.8914432525634766 KLBeta - 0.0495000001 Epoch time - -11.10229
Epoch - 199 Train - 1.994349421154369 Val - 1.8909928401311238 KLBeta - 0.0495000001 Epoch time - -11.10675
Epoch - 199 Train - 1.992587440664118 Val - 1.886711319287618 KLBeta - 0.0495000001 Epoch time - -11.1052
Epoch - 199 Train - 1.9884825077923862 Val - 1.8958397308985393 KLBeta - 0.0495000001 Epoch time - -11.10985
Epoch - 200 Train - 1.987953864444386 Val - 1.8834350903828938 KLBeta - 0.04975000005 Epoch time - -11.1131
Epoch - 200 Train - 1.9873443061655218 Val - 1.8783380190531414 KLBeta - 0.04975000005 Epoch time - -11.12441
Epoch - 200 Train - 1.9891616041010076 Val - 1.8818674087524414 KLBeta - 0.04975000005 Epoch time - -11.12549
Epoch - 200 Train - 1.9830784450877796 Val - 1.8870933850606282 KLBeta - 0.04975000005 Epoch time - -11.1247
main function called /n
train_parser function called /n
train function called /n
parser model_init called /n
rnn-128_peptide
rnn-128_peptide
main function called /n
train_parser function called /n
train function called /n
parser model_init called /n
rnn-128_peptide
rnn-128_peptide
main function called /n
train_parser function called /n
train function called /n
parser model_init called /n
rnn-128_peptide
rnn-128_peptide
main function called /n
train_parser function called /n
train function called /n
parser model_init called /n
rnn-128_peptide
rnn-128_peptide
