created virtual environment CPython3.8.10.final.0-64 in 16900ms
  creator CPython3Posix(dest=/localscratch/srenaud.35822020.0/ENV, clear=False, global=False)
  seeder FromAppData(download=False, pip=latest, setuptools=latest, wheel=latest, via=copy, app_data_dir=/home/srenaud/.local/share/virtualenv/seed-app-data/v1.0.1)
  activators BashActivator,CShellActivator,FishActivator,PowerShellActivator,PythonActivator,XonshActivator
data
ENV
Ignoring pip: markers 'python_version < "3"' don't match your environment
Looking in links: /cvmfs/soft.computecanada.ca/custom/python/wheelhouse/gentoo/avx2, /cvmfs/soft.computecanada.ca/custom/python/wheelhouse/gentoo/generic, /cvmfs/soft.computecanada.ca/custom/python/wheelhouse/generic
Processing /cvmfs/soft.computecanada.ca/custom/python/wheelhouse/generic/torch-1.9.1+computecanada-cp38-cp38-linux_x86_64.whl
Processing /cvmfs/soft.computecanada.ca/custom/python/wheelhouse/generic/typing_extensions-4.2.0+computecanada-py3-none-any.whl
Installing collected packages: typing-extensions, torch
Successfully installed torch-1.9.1+computecanada typing-extensions-4.2.0+computecanada
Ignoring pip: markers 'python_version < "3"' don't match your environment
Looking in links: /cvmfs/soft.computecanada.ca/custom/python/wheelhouse/gentoo/avx2, /cvmfs/soft.computecanada.ca/custom/python/wheelhouse/gentoo/generic, /cvmfs/soft.computecanada.ca/custom/python/wheelhouse/generic
Processing /cvmfs/soft.computecanada.ca/custom/python/wheelhouse/generic/transvae-0.6.3+computecanada-py3-none-any.whl
Processing /cvmfs/soft.computecanada.ca/custom/python/wheelhouse/gentoo/avx2/matplotlib-3.5.1+computecanada-cp38-cp38-linux_x86_64.whl
Processing /cvmfs/soft.computecanada.ca/custom/python/wheelhouse/gentoo/generic/scipy-1.8.0+computecanada-cp38-cp38-linux_x86_64.whl
Processing /cvmfs/soft.computecanada.ca/custom/python/wheelhouse/generic/sklearn-0.0+computecanada-py2.py3-none-any.whl
Requirement already satisfied: torch in ./ENV/lib/python3.8/site-packages (from transvae) (1.9.1+computecanada)
Processing /cvmfs/soft.computecanada.ca/custom/python/wheelhouse/gentoo/generic/numpy-1.22.2+computecanada-cp38-cp38-linux_x86_64.whl
Processing /cvmfs/soft.computecanada.ca/custom/python/wheelhouse/generic/seaborn-0.11.2+computecanada-py3-none-any.whl
Processing /cvmfs/soft.computecanada.ca/custom/python/wheelhouse/gentoo/avx2/pandas-1.4.1+computecanada-cp38-cp38-linux_x86_64.whl
Collecting pyparsing>=2.2.1
  Using cached pyparsing-3.0.9-py3-none-any.whl (98 kB)
Processing /cvmfs/soft.computecanada.ca/custom/python/wheelhouse/gentoo/avx2/Pillow-9.0.1+computecanada-cp38-cp38-linux_x86_64.whl
Processing /cvmfs/soft.computecanada.ca/custom/python/wheelhouse/generic/packaging-21.3+computecanada-py3-none-any.whl
Processing /cvmfs/soft.computecanada.ca/custom/python/wheelhouse/generic/cycler-0.11.0+computecanada-py3-none-any.whl
Processing /cvmfs/soft.computecanada.ca/custom/python/wheelhouse/generic/python_dateutil-2.8.2+computecanada-py2.py3-none-any.whl
Processing /cvmfs/soft.computecanada.ca/custom/python/wheelhouse/generic/fonttools-4.33.3+computecanada-cp38-cp38-linux_x86_64.whl
Processing /cvmfs/soft.computecanada.ca/custom/python/wheelhouse/gentoo/avx2/kiwisolver-1.3.2+computecanada-cp38-cp38-linux_x86_64.whl
Processing /cvmfs/soft.computecanada.ca/custom/python/wheelhouse/gentoo/generic/scikit_learn-1.0.2+computecanada-cp38-cp38-linux_x86_64.whl
Requirement already satisfied: typing-extensions in ./ENV/lib/python3.8/site-packages (from torch->transvae) (4.2.0+computecanada)
Processing /cvmfs/soft.computecanada.ca/custom/python/wheelhouse/generic/pytz-2022.1+computecanada-py3-none-any.whl
Processing /cvmfs/soft.computecanada.ca/custom/python/wheelhouse/generic/six-1.16.0+computecanada-py2.py3-none-any.whl
Processing /cvmfs/soft.computecanada.ca/custom/python/wheelhouse/generic/joblib-1.1.0+computecanada-py2.py3-none-any.whl
Processing /cvmfs/soft.computecanada.ca/custom/python/wheelhouse/generic/threadpoolctl-3.1.0+computecanada-py3-none-any.whl
Installing collected packages: pyparsing, pillow, packaging, cycler, six, python-dateutil, fonttools, kiwisolver, numpy, matplotlib, scipy, joblib, threadpoolctl, scikit-learn, sklearn, pytz, pandas, seaborn, transvae
Successfully installed cycler-0.11.0+computecanada fonttools-4.33.3+computecanada joblib-1.1.0+computecanada kiwisolver-1.3.2+computecanada matplotlib-3.5.1+computecanada numpy-1.22.2+computecanada packaging-21.3+computecanada pandas-1.4.1+computecanada pillow-9.0.1+computecanada pyparsing-3.0.9 python-dateutil-2.8.2+computecanada pytz-2022.1+computecanada scikit-learn-1.0.2+computecanada scipy-1.8.0+computecanada seaborn-0.11.2+computecanada six-1.16.0+computecanada sklearn-0.0+computecanada threadpoolctl-3.1.0+computecanada transvae-0.6.3+computecanada
r0 master: cdr295.int.cedar.computecanada.ca
main function called /n
train_parser function called /n
train function called /n
parser model_init called /n
aae-128_peptide
aae-128_peptide
Epoch - 1 Train - 8.163861693716363 Val - 10.215943383543115 KLBeta - 1e-08 Epoch time - -134.44791
Epoch - 2 Train - 10.514232554718069 Val - 10.759356028155276 KLBeta - 0.00016667663333333333 Epoch time - -134.21349
Epoch - 3 Train - 10.940259440164818 Val - 11.030180711495248 KLBeta - 0.00033334326666666666 Epoch time - -134.23446
Epoch - 4 Train - 11.31184419126887 Val - 11.48422477433556 KLBeta - 0.0005000099 Epoch time - -134.2832
Epoch - 5 Train - 11.606829055830053 Val - 11.875463153186598 KLBeta - 0.0006666765333333334 Epoch time - -134.53726
Epoch - 6 Train - 12.000334429113488 Val - 12.303130626678467 KLBeta - 0.0008333431666666667 Epoch time - -134.20261
Epoch - 7 Train - 12.417978680447527 Val - 12.319453901366183 KLBeta - 0.0010000098 Epoch time - -134.29675
Epoch - 8 Train - 12.925569585279414 Val - 13.225233906193784 KLBeta - 0.0011666764333333334 Epoch time - -134.29286
Epoch - 9 Train - 13.487190048945578 Val - 13.843829427894793 KLBeta - 0.0013333430666666666 Epoch time - -134.2956
Epoch - 10 Train - 14.124494461636795 Val - 14.464609739027525 KLBeta - 0.0015000096999999999 Epoch time - -134.26371
Epoch - 11 Train - 14.658150148234869 Val - 14.950964513577913 KLBeta - 0.0016666763333333333 Epoch time - -134.17401
Epoch - 12 Train - 15.302764294178862 Val - 15.211133376548165 KLBeta - 0.0018333429666666666 Epoch time - -134.08307
Epoch - 13 Train - 15.884306466893145 Val - 16.196295800961945 KLBeta - 0.0020000096 Epoch time - -134.46591
Epoch - 14 Train - 16.556479521487887 Val - 16.558262599141973 KLBeta - 0.0021666762333333333 Epoch time - -134.33167
Epoch - 15 Train - 17.21523936798698 Val - 17.630327005135385 KLBeta - 0.002333342866666667 Epoch time - -134.38209
Epoch - 16 Train - 17.875515338621643 Val - 18.307912682232104 KLBeta - 0.0025000095 Epoch time - -134.39046
Epoch - 17 Train - 18.46756572629276 Val - 18.66591527587489 KLBeta - 0.0026666761333333333 Epoch time - -134.47472
Epoch - 18 Train - 19.103191190644313 Val - 19.462401007351122 KLBeta - 0.0028333427666666668 Epoch time - -134.62663
Epoch - 19 Train - 19.730956681464846 Val - 20.045159992418792 KLBeta - 0.0030000094 Epoch time - -134.78035
Epoch - 20 Train - 20.32583100074216 Val - 20.036066682715166 KLBeta - 0.0031666760333333333 Epoch time - -134.69422
Epoch - 21 Train - 20.914537459611893 Val - 21.321391488376417 KLBeta - 0.0033333426666666667 Epoch time - -134.65423
Epoch - 22 Train - 21.461322053482657 Val - 21.58919848893818 KLBeta - 0.0035000092999999998 Epoch time - -134.63619
Epoch - 23 Train - 21.958177640249854 Val - 22.10552926439988 KLBeta - 0.0036666759333333332 Epoch time - -134.62652
Epoch - 24 Train - 22.43438758505018 Val - 22.483680147873727 KLBeta - 0.0038333425666666667 Epoch time - -134.64664
Epoch - 25 Train - 22.888509206081693 Val - 23.17728767269536 KLBeta - 0.0040000092 Epoch time - -134.65047
Epoch - 26 Train - 23.325014617882278 Val - 23.52971425181941 KLBeta - 0.004166675833333334 Epoch time - -134.65411
Epoch - 27 Train - 23.69593254515999 Val - 23.83996193659933 KLBeta - 0.004333342466666667 Epoch time - -134.65961
Epoch - 28 Train - 24.08256448726905 Val - 24.23060196951816 KLBeta - 0.0045000091 Epoch time - -134.70576
Epoch - 29 Train - 24.443564989064868 Val - 24.39791745261142 KLBeta - 0.004666675733333334 Epoch time - -134.65705
Epoch - 30 Train - 24.71166899643446 Val - 24.615855493043597 KLBeta - 0.004833342366666667 Epoch time - -134.64658
Epoch - 31 Train - 25.10110184393431 Val - 24.491786963061283 KLBeta - 0.005000009 Epoch time - -134.63822
Epoch - 32 Train - 25.075954172172043 Val - 25.28037640922948 KLBeta - 0.005166675633333334 Epoch time - -134.67025
Epoch - 33 Train - 25.51265318456449 Val - 25.555274204203958 KLBeta - 0.005333342266666667 Epoch time - -134.67732
Epoch - 34 Train - 25.310888993112666 Val - 25.41497414363058 KLBeta - 0.0055000089 Epoch time - -134.6794
Epoch - 35 Train - 25.643011383320157 Val - 25.35878280589455 KLBeta - 0.005666675533333334 Epoch time - -134.63082
Epoch - 36 Train - 25.70151950811085 Val - 25.847653501912166 KLBeta - 0.005833342166666667 Epoch time - -134.59754
Epoch - 37 Train - 25.806540412338155 Val - 25.565836128435638 KLBeta - 0.0060000088 Epoch time - -134.65809
Epoch - 38 Train - 25.882217353896092 Val - 25.779330893566733 KLBeta - 0.0061666754333333336 Epoch time - -134.6823
Epoch - 39 Train - 26.0705249137 Val - 26.100171434251887 KLBeta - 0.006333342066666667 Epoch time - -134.65566
Epoch - 40 Train - 26.001511991024017 Val - 26.08506134936684 KLBeta - 0.0065000087 Epoch time - -134.61777
Epoch - 41 Train - 26.33297227244628 Val - 26.386196123926265 KLBeta - 0.0066666753333333335 Epoch time - -134.67999
Epoch - 42 Train - 26.584428864090068 Val - 26.573967375253375 KLBeta - 0.006833341966666667 Epoch time - -134.64213
Epoch - 43 Train - 26.722825754629937 Val - 26.596492710866425 KLBeta - 0.0070000086 Epoch time - -134.65135
Epoch - 44 Train - 25.937163900387915 Val - 26.082558437397605 KLBeta - 0.0071666752333333335 Epoch time - -134.62516
Epoch - 45 Train - 26.36391386076024 Val - 26.431715243741085 KLBeta - 0.0073333418666666665 Epoch time - -134.6518
Epoch - 46 Train - 26.634102943696472 Val - 26.63585182867552 KLBeta - 0.0075000085 Epoch time - -134.64071
Epoch - 47 Train - 26.76691557074848 Val - 26.52199429587314 KLBeta - 0.0076666751333333335 Epoch time - -134.67027
Epoch - 48 Train - 26.336562624103145 Val - 26.164727493336326 KLBeta - 0.007833341766666667 Epoch time - -134.64727
Epoch - 49 Train - 26.418680700816605 Val - 26.461783390296134 KLBeta - 0.0080000084 Epoch time - -134.63689
Epoch - 50 Train - 26.632132875291926 Val - 26.63342256922471 KLBeta - 0.008166675033333333 Epoch time - -134.69355
Epoch - 51 Train - 26.626145988702774 Val - 26.429466573815596 KLBeta - 0.008333341666666667 Epoch time - -134.64827
Epoch - 52 Train - 26.634160234739905 Val - 26.678380345043383 KLBeta - 0.0085000083 Epoch time - -134.65485
Epoch - 53 Train - 26.88260531425476 Val - 26.868821614666988 KLBeta - 0.008666674933333333 Epoch time - -134.67157
Epoch - 54 Train - 27.008832784075487 Val - 26.852781684775103 KLBeta - 0.008833341566666666 Epoch time - -134.81774
Epoch - 55 Train - 26.667872339487076 Val - 26.51337474898288 KLBeta - 0.0090000082 Epoch time - -134.85183
Epoch - 56 Train - 26.6789693236351 Val - 26.660721057339718 KLBeta - 0.009166674833333333 Epoch time - -134.83645
Epoch - 57 Train - 26.815996221805875 Val - 26.782830395196612 KLBeta - 0.009333341466666667 Epoch time - -134.82984
Epoch - 58 Train - 26.778127190313842 Val - 26.65681715388047 KLBeta - 0.0095000081 Epoch time - -134.85676
Epoch - 59 Train - 26.859559959486912 Val - 26.857580868821394 KLBeta - 0.009666674733333333 Epoch time - -134.50616
Epoch - 60 Train - 27.032217741012573 Val - 27.00217936540905 KLBeta - 0.009833341366666666 Epoch time - -134.66577
Epoch - 61 Train - 27.107071622421866 Val - 26.897352011580217 KLBeta - 0.010000008 Epoch time - -134.49599
Epoch - 62 Train - 26.801198198607093 Val - 26.735568253617537 KLBeta - 0.010166674633333333 Epoch time - -134.47753
Epoch - 63 Train - 26.962997318882692 Val - 26.997322571905034 KLBeta - 0.010333341266666667 Epoch time - -134.54753
Epoch - 64 Train - 27.162315296499354 Val - 27.155350183185778 KLBeta - 0.0105000079 Epoch time - -134.53818
Epoch - 65 Train - 27.312405953281804 Val - 27.283993012026738 KLBeta - 0.010666674533333333 Epoch time - -134.53019
Epoch - 66 Train - 27.234770343491906 Val - 26.914044148043583 KLBeta - 0.010833341166666666 Epoch time - -134.49895
Epoch - 67 Train - 27.05213021918347 Val - 27.008803461727343 KLBeta - 0.0110000078 Epoch time - -134.53575
Epoch - 68 Train - 27.180722282121057 Val - 27.027165795627393 KLBeta - 0.011166674433333334 Epoch time - -134.5147
Epoch - 69 Train - 27.126230274376116 Val - 27.054327876944292 KLBeta - 0.011333341066666667 Epoch time - -134.51881
Epoch - 70 Train - 27.22005678321186 Val - 27.188722535183555 KLBeta - 0.0115000077 Epoch time - -134.49407
Epoch - 71 Train - 27.265802752030524 Val - 27.158397084788273 KLBeta - 0.011666674333333333 Epoch time - -134.48323
Epoch - 72 Train - 27.08044685344947 Val - 26.785450125995435 KLBeta - 0.011833340966666666 Epoch time - -134.52156
Epoch - 73 Train - 26.948206592547265 Val - 26.928521118665998 KLBeta - 0.0120000076 Epoch time - -134.51597
Epoch - 74 Train - 27.10190466360042 Val - 27.07112441564861 KLBeta - 0.012166674233333334 Epoch time - -134.51608
Epoch - 75 Train - 27.224603011419898 Val - 27.164089046026533 KLBeta - 0.012333340866666667 Epoch time - -134.45606
Epoch - 76 Train - 27.31954067161209 Val - 27.286955569919787 KLBeta - 0.0125000075 Epoch time - -134.48548
Epoch - 77 Train - 27.40479740971013 Val - 27.38235166198329 KLBeta - 0.012666674133333333 Epoch time - -134.48555
Epoch - 78 Train - 27.476270238035603 Val - 27.429465356626007 KLBeta - 0.012833340766666666 Epoch time - -134.51719
Epoch - 79 Train - 27.523135952259366 Val - 27.444062603147405 KLBeta - 0.0130000074 Epoch time - -134.48004
Epoch - 80 Train - 27.57159567977253 Val - 27.52598140114232 KLBeta - 0.013166674033333334 Epoch time - -134.55584
Epoch - 81 Train - 27.62600156037431 Val - 27.600480393359536 KLBeta - 0.013333340666666667 Epoch time - -134.44046
Epoch - 82 Train - 27.669896803404157 Val - 27.668022745533992 KLBeta - 0.0135000073 Epoch time - -134.50565
Epoch - 83 Train - 27.594600653962086 Val - 27.16454245542225 KLBeta - 0.013666673933333333 Epoch time - -134.48083
Epoch - 84 Train - 27.213312131793874 Val - 27.13231823318883 KLBeta - 0.013833340566666666 Epoch time - -134.54465
Epoch - 85 Train - 27.210416218167857 Val - 27.169853850414878 KLBeta - 0.0140000072 Epoch time - -134.54148
Epoch - 86 Train - 27.309018622887763 Val - 27.28639127078809 KLBeta - 0.014166673833333334 Epoch time - -134.4943
Epoch - 87 Train - 27.446099571491544 Val - 27.430660084674233 KLBeta - 0.014333340466666667 Epoch time - -134.71377
Epoch - 88 Train - 27.561429168048658 Val - 27.518622661891737 KLBeta - 0.0145000071 Epoch time - -134.61631
Epoch - 89 Train - 27.64554667159131 Val - 27.56776519825584 KLBeta - 0.014666673733333333 Epoch time - -134.57146
Epoch - 90 Train - 27.64785071266325 Val - 27.500977898898878 KLBeta - 0.014833340366666666 Epoch time - -134.63596
Epoch - 91 Train - 27.58784828687969 Val - 27.50401404656862 KLBeta - 0.015000007 Epoch time - -134.5117
Epoch - 92 Train - 27.60795426211859 Val - 27.557139992713928 KLBeta - 0.015166673633333334 Epoch time - -134.55429
Epoch - 93 Train - 27.608589007666236 Val - 27.495286508610373 KLBeta - 0.015333340266666667 Epoch time - -134.62995
Epoch - 94 Train - 27.541995729270734 Val - 27.438958029997977 KLBeta - 0.0155000069 Epoch time - -134.60698
Epoch - 95 Train - 27.55125998195849 Val - 27.46851030148958 KLBeta - 0.015666673533333335 Epoch time - -134.63605
Epoch - 96 Train - 27.540656052137678 Val - 27.46616274432132 KLBeta - 0.015833340166666668 Epoch time - -134.55997
Epoch - 97 Train - 27.54064732633139 Val - 27.493216903586138 KLBeta - 0.0160000068 Epoch time - -134.51052
Epoch - 98 Train - 27.53943839355519 Val - 27.358560035103245 KLBeta - 0.016166673433333334 Epoch time - -134.53732
Epoch - 99 Train - 27.42513925150821 Val - 27.371817971530714 KLBeta - 0.016333340066666667 Epoch time - -134.55516
Epoch - 100 Train - 27.51810404501463 Val - 27.472788051555032 KLBeta - 0.016500006700000003 Epoch time - -134.54495
Epoch - 101 Train - 27.630000523830716 Val - 27.619320856897456 KLBeta - 0.016666673333333337 Epoch time - -134.49102
Epoch - 102 Train - 27.72308442780846 Val - 27.685128983698394 KLBeta - 0.01683333996666667 Epoch time - -134.54051
Epoch - 103 Train - 27.802669846697857 Val - 27.76383790844365 KLBeta - 0.017000006600000003 Epoch time - -134.48752
Epoch - 104 Train - 27.872798365981954 Val - 27.82128388003299 KLBeta - 0.017166673233333336 Epoch time - -134.53927
Epoch - 105 Train - 27.932282974845485 Val - 27.87120703019594 KLBeta - 0.01733333986666667 Epoch time - -134.56307
Epoch - 106 Train - 27.961970374772424 Val - 27.819270272003976 KLBeta - 0.0175000065 Epoch time - -134.59058
Epoch - 107 Train - 27.62097218162135 Val - 27.533604672080592 KLBeta - 0.017666673133333335 Epoch time - -134.58282
Epoch - 108 Train - 27.644043447155703 Val - 27.66951246638047 KLBeta - 0.017833339766666668 Epoch time - -134.62472
Epoch - 109 Train - 27.737664776413066 Val - 27.717690649785492 KLBeta - 0.0180000064 Epoch time - -134.51339
Epoch - 110 Train - 27.822511378087494 Val - 27.788922196940373 KLBeta - 0.018166673033333334 Epoch time - -134.64301
Epoch - 111 Train - 27.893664181232452 Val - 27.832713020475286 KLBeta - 0.018333339666666667 Epoch time - -134.57768
Epoch - 112 Train - 27.944666049982374 Val - 27.85730863872327 KLBeta - 0.018500006300000003 Epoch time - -134.52094
Epoch - 113 Train - 27.904407640821056 Val - 27.804468989372253 KLBeta - 0.018666672933333336 Epoch time - -134.68962
Epoch - 114 Train - 27.812351938925293 Val - 27.6815140937504 KLBeta - 0.01883333956666667 Epoch time - -134.63893
Epoch - 115 Train - 27.711159607297496 Val - 27.600796981861716 KLBeta - 0.019000006200000003 Epoch time - -134.70915
Epoch - 116 Train - 27.687144872389343 Val - 27.617657372826024 KLBeta - 0.019166672833333336 Epoch time - -134.63346
Epoch - 117 Train - 27.734587067051937 Val - 27.667190752531354 KLBeta - 0.01933333946666667 Epoch time - -134.53691
Epoch - 118 Train - 27.770625906555278 Val - 27.70403369476921 KLBeta - 0.0195000061 Epoch time - -134.52753
Epoch - 119 Train - 27.806173912788694 Val - 27.72660111126147 KLBeta - 0.019666672733333335 Epoch time - -134.4795
Epoch - 120 Train - 27.73508752490345 Val - 27.56304189405943 KLBeta - 0.019833339366666668 Epoch time - -134.48432
Epoch - 121 Train - 27.666645214745873 Val - 27.604489157074376 KLBeta - 0.020000006 Epoch time - -134.47323
Epoch - 122 Train - 27.731130192154332 Val - 27.705561631604244 KLBeta - 0.020166672633333334 Epoch time - -134.48116
Epoch - 123 Train - 27.811238622979115 Val - 27.791387652095995 KLBeta - 0.020333339266666667 Epoch time - -134.48729
Epoch - 124 Train - 27.888806884226046 Val - 27.87356360335099 KLBeta - 0.020500005900000003 Epoch time - -134.47581
Epoch - 125 Train - 27.95411587545746 Val - 27.90269851057153 KLBeta - 0.020666672533333336 Epoch time - -134.45428
Epoch - 126 Train - 28.011970058867806 Val - 27.95621326722597 KLBeta - 0.02083333916666667 Epoch time - -134.50878
Epoch - 127 Train - 28.06341846051969 Val - 28.000921945822867 KLBeta - 0.021000005800000002 Epoch time - -134.47983
Epoch - 128 Train - 28.1110846619857 Val - 28.0378807971352 KLBeta - 0.021166672433333335 Epoch time - -134.52283
Epoch - 129 Train - 28.15214528692396 Val - 28.083212061932212 KLBeta - 0.02133333906666667 Epoch time - -134.46443
Epoch - 130 Train - 28.176715772402915 Val - 28.087048781545537 KLBeta - 0.0215000057 Epoch time - -134.48171
Epoch - 131 Train - 28.15578711346576 Val - 28.05659033750233 KLBeta - 0.021666672333333335 Epoch time - -134.4134
Epoch - 132 Train - 28.120020880510932 Val - 28.05804413243344 KLBeta - 0.021833338966666668 Epoch time - -133.97709
Epoch - 133 Train - 28.124680586551364 Val - 28.070196126636706 KLBeta - 0.0220000056 Epoch time - -133.9794
Epoch - 134 Train - 28.121501564979553 Val - 28.018680672896537 KLBeta - 0.022166672233333334 Epoch time - -134.05873
Epoch - 135 Train - 27.927175300685985 Val - 27.69818946562315 KLBeta - 0.02233333886666667 Epoch time - -134.07239
Epoch - 136 Train - 27.764246200260363 Val - 27.696922107746726 KLBeta - 0.022500005500000003 Epoch time - -134.02897
Epoch - 137 Train - 27.834899803525524 Val - 27.860414705778425 KLBeta - 0.022666672133333336 Epoch time - -134.0746
Epoch - 138 Train - 27.918298021743173 Val - 27.887914180755615 KLBeta - 0.02283333876666667 Epoch time - -134.0904
Epoch - 139 Train - 27.998378032132198 Val - 27.957217981940822 KLBeta - 0.023000005400000002 Epoch time - -134.01177
Epoch - 140 Train - 28.067691498681118 Val - 28.039679370428388 KLBeta - 0.023166672033333335 Epoch time - -134.14225
Epoch - 141 Train - 28.12860505831869 Val - 28.089781604315107 KLBeta - 0.02333333866666667 Epoch time - -134.12048
Epoch - 142 Train - 28.176531057608756 Val - 28.112052886109602 KLBeta - 0.0235000053 Epoch time - -133.99873
Epoch - 143 Train - 28.204943373015052 Val - 28.138868915407283 KLBeta - 0.023666671933333334 Epoch time - -133.99586
Epoch - 144 Train - 28.206784398932207 Val - 28.11169851453681 KLBeta - 0.023833338566666668 Epoch time - -134.0886
Epoch - 145 Train - 28.18769429231945 Val - 28.11077824391817 KLBeta - 0.0240000052 Epoch time - -133.98675
Epoch - 146 Train - 28.134469791462546 Val - 28.070695237109536 KLBeta - 0.024166671833333334 Epoch time - -134.11906
Epoch - 147 Train - 27.997242099360417 Val - 27.83786581691943 KLBeta - 0.02433333846666667 Epoch time - -133.99917
Epoch - 148 Train - 27.872027480288555 Val - 27.79423467736495 KLBeta - 0.024500005100000003 Epoch time - -134.06061
Epoch - 149 Train - 27.897036800259038 Val - 27.835113726164167 KLBeta - 0.024666671733333336 Epoch time - -134.08061
Epoch - 150 Train - 27.95926689944769 Val - 27.930343885170785 KLBeta - 0.02483333836666667 Epoch time - -134.04699
Epoch - 151 Train - 28.02440264193635 Val - 27.96778522667132 KLBeta - 0.025000005000000002 Epoch time - -134.01771
Epoch - 152 Train - 28.07188269025401 Val - 28.047646547618665 KLBeta - 0.025166671633333335 Epoch time - -133.98172
Epoch - 153 Train - 28.101038962602615 Val - 28.042323514034873 KLBeta - 0.02533333826666667 Epoch time - -133.97541
Epoch - 154 Train - 28.116623897301523 Val - 28.064926843894156 KLBeta - 0.0255000049 Epoch time - -133.99403
Epoch - 155 Train - 28.126680440024327 Val - 28.042455535185965 KLBeta - 0.025666671533333334 Epoch time - -134.07929
Epoch - 156 Train - 28.129821052676753 Val - 28.05391492341694 KLBeta - 0.025833338166666667 Epoch time - -134.09003
Epoch - 157 Train - 28.090677496634033 Val - 27.959503970648115 KLBeta - 0.0260000048 Epoch time - -133.98959
Epoch - 158 Train - 27.97182840265726 Val - 27.899324831209686 KLBeta - 0.026166671433333333 Epoch time - -134.11109
Epoch - 159 Train - 27.998929323334444 Val - 27.980776780530025 KLBeta - 0.02633333806666667 Epoch time - -134.03037
Epoch - 160 Train - 28.06066775478815 Val - 28.01716823326914 KLBeta - 0.026500004700000003 Epoch time - -134.02933
Epoch - 161 Train - 28.12572409134162 Val - 28.067659058068926 KLBeta - 0.026666671333333336 Epoch time - -134.10689
Epoch - 162 Train - 28.18490030420454 Val - 28.13118137183942 KLBeta - 0.02683333796666667 Epoch time - -134.0175
Epoch - 163 Train - 28.234890092360345 Val - 28.19750367340289 KLBeta - 0.027000004600000002 Epoch time - -134.14331
Epoch - 164 Train - 28.283460748823064 Val - 28.22882610245755 KLBeta - 0.027166671233333335 Epoch time - -134.00057
Epoch - 165 Train - 28.32692392405711 Val - 28.28995675162265 KLBeta - 0.027333337866666668 Epoch time - -134.01806
Epoch - 166 Train - 28.36158794792075 Val - 28.301192885950993 KLBeta - 0.0275000045 Epoch time - -133.98474
Epoch - 167 Train - 28.373952793447597 Val - 28.284801934894762 KLBeta - 0.027666671133333334 Epoch time - -133.98154
Epoch - 168 Train - 28.361119301695574 Val - 28.305989886585035 KLBeta - 0.027833337766666667 Epoch time - -134.02688
Epoch - 169 Train - 28.347904268063996 Val - 28.26248093655235 KLBeta - 0.0280000044 Epoch time - -134.05058
Epoch - 170 Train - 28.30599568862664 Val - 28.20684073473278 KLBeta - 0.028166671033333337 Epoch time - -134.00045
Epoch - 171 Train - 28.22300803975055 Val - 28.108397201487893 KLBeta - 0.02833333766666667 Epoch time - -134.00983
Epoch - 172 Train - 28.19470847750965 Val - 28.152121757206164 KLBeta - 0.028500004300000003 Epoch time - -133.99665
Epoch - 173 Train - 28.234122844118822 Val - 28.215350885140268 KLBeta - 0.028666670933333336 Epoch time - -133.99502
Epoch - 174 Train - 28.278038832702133 Val - 28.21462060903248 KLBeta - 0.02883333756666667 Epoch time - -134.9238
Epoch - 175 Train - 28.31676088195098 Val - 28.26834253888381 KLBeta - 0.029000004200000002 Epoch time - -134.02353
Epoch - 176 Train - 28.299068461907538 Val - 28.212822575318185 KLBeta - 0.029166670833333335 Epoch time - -134.14157
Epoch - 177 Train - 28.25247843171421 Val - 28.172829169976083 KLBeta - 0.029333337466666668 Epoch time - -134.03849
Epoch - 178 Train - 28.256433298713283 Val - 28.22025459691098 KLBeta - 0.0295000041 Epoch time - -134.30637
Epoch - 179 Train - 28.276458053212416 Val - 28.209555036143254 KLBeta - 0.029666670733333334 Epoch time - -134.2381
Epoch - 180 Train - 28.306921607569645 Val - 28.254143476486206 KLBeta - 0.029833337366666667 Epoch time - -134.31345
Epoch - 181 Train - 28.339267203682347 Val - 28.286520217594347 KLBeta - 0.030000004 Epoch time - -134.26417
Epoch - 182 Train - 28.362300218720186 Val - 28.319839559103315 KLBeta - 0.030166670633333337 Epoch time - -134.34828
Epoch - 183 Train - 28.35944372101834 Val - 28.2957476189262 KLBeta - 0.03033333726666667 Epoch time - -134.08154
Epoch - 184 Train - 28.36892204065072 Val - 28.31558838643526 KLBeta - 0.030500003900000003 Epoch time - -134.24315
Epoch - 185 Train - 28.379310405568074 Val - 28.33019242788616 KLBeta - 0.030666670533333336 Epoch time - -134.00783
Epoch - 186 Train - 28.386912552933943 Val - 28.351643348995008 KLBeta - 0.03083333716666667 Epoch time - -134.14481
Epoch - 187 Train - 28.356039345264435 Val - 28.260434803209808 KLBeta - 0.031000003800000002 Epoch time - -134.16826
Epoch - 188 Train - 28.172488289444072 Val - 27.956716531201412 KLBeta - 0.031166670433333335 Epoch time - -134.08686
Epoch - 189 Train - 27.996149971296912 Val - 27.92847288909711 KLBeta - 0.03133333706666667 Epoch time - -134.05159
Epoch - 190 Train - 28.023968997754547 Val - 27.982148277132136 KLBeta - 0.0315000037 Epoch time - -134.04188
Epoch - 191 Train - 28.066670897759888 Val - 28.027267681924922 KLBeta - 0.031666670333333334 Epoch time - -134.05393
Epoch - 192 Train - 28.11041655195387 Val - 28.116128764654462 KLBeta - 0.03183333696666667 Epoch time - -134.04779
Epoch - 193 Train - 28.16620198833315 Val - 28.121028586437827 KLBeta - 0.0320000036 Epoch time - -134.0757
Epoch - 194 Train - 28.213005196107062 Val - 28.185958642708627 KLBeta - 0.03216667023333333 Epoch time - -134.07056
Epoch - 195 Train - 28.256930743393145 Val - 28.209756161037244 KLBeta - 0.032333336866666666 Epoch time - -134.066
Epoch - 196 Train - 28.285122320840234 Val - 28.243426448420475 KLBeta - 0.0325000035 Epoch time - -134.13323
Epoch - 197 Train - 28.303707452196825 Val - 28.247279468335602 KLBeta - 0.03266667013333333 Epoch time - -134.06093
Epoch - 198 Train - 28.299198724721606 Val - 28.24469092017726 KLBeta - 0.032833336766666665 Epoch time - -134.11852
Epoch - 199 Train - 28.310521467735892 Val - 28.27316028820841 KLBeta - 0.033000003400000005 Epoch time - -134.313
Epoch - 200 Train - 28.33741390861963 Val - 28.295101686527854 KLBeta - 0.03316667003333334 Epoch time - -134.49638
Epoch - 201 Train - 28.36758795223738 Val - 28.32701385648627 KLBeta - 0.03333333666666667 Epoch time - -134.48991
Epoch - 202 Train - 28.39822684620556 Val - 28.366101290050306 KLBeta - 0.033500003300000004 Epoch time - -134.49596
Epoch - 203 Train - 28.426599533934343 Val - 28.38358706549594 KLBeta - 0.03366666993333334 Epoch time - -134.08029
Epoch - 204 Train - 28.448040744191722 Val - 28.415877455159237 KLBeta - 0.03383333656666667 Epoch time - -134.03854
Epoch - 205 Train - 28.470404604547902 Val - 28.448344544360513 KLBeta - 0.034000003200000004 Epoch time - -134.01175
Epoch - 206 Train - 28.48632794304898 Val - 28.42813996264809 KLBeta - 0.03416666983333334 Epoch time - -134.01619
Epoch - 207 Train - 28.486953002841847 Val - 28.427939007156773 KLBeta - 0.03433333646666667 Epoch time - -133.98985
Epoch - 208 Train - 28.43897778580063 Val - 28.35552312198438 KLBeta - 0.0345000031 Epoch time - -134.12622
Epoch - 209 Train - 28.37799356015105 Val - 28.32673382131677 KLBeta - 0.034666669733333336 Epoch time - -134.04755
Epoch - 210 Train - 28.349112509112608 Val - 28.37216489566 KLBeta - 0.03483333636666667 Epoch time - -134.04661
Epoch - 211 Train - 28.33223926864172 Val - 28.29331602548298 KLBeta - 0.035000003 Epoch time - -134.02107
Epoch - 212 Train - 28.350988351985027 Val - 28.334011215912668 KLBeta - 0.035166669633333335 Epoch time - -134.06256
Epoch - 213 Train - 28.380154857510014 Val - 28.359111892549617 KLBeta - 0.03533333626666667 Epoch time - -133.98971
Epoch - 214 Train - 28.413259438778226 Val - 28.390679045727378 KLBeta - 0.0355000029 Epoch time - -134.0703
Epoch - 215 Train - 28.444991772112093 Val - 28.41580703383998 KLBeta - 0.035666669533333334 Epoch time - -134.0892
Epoch - 216 Train - 28.469951182603836 Val - 28.443849632614537 KLBeta - 0.03583333616666667 Epoch time - -133.98
Epoch - 217 Train - 28.48780427637853 Val - 28.454093437445792 KLBeta - 0.0360000028 Epoch time - -134.30415
Epoch - 218 Train - 28.48856578845727 Val - 28.426457016091597 KLBeta - 0.03616666943333333 Epoch time - -133.98223
Epoch - 219 Train - 28.481837956528913 Val - 28.435474922782497 KLBeta - 0.036333336066666666 Epoch time - -134.00925
Epoch - 220 Train - 28.49087285211212 Val - 28.449775444833858 KLBeta - 0.0365000027 Epoch time - -134.0518
Epoch - 221 Train - 28.515884333535244 Val - 28.480701992386265 KLBeta - 0.03666666933333333 Epoch time - -134.06008
Epoch - 222 Train - 28.54585421242212 Val - 28.524686142017966 KLBeta - 0.036833335966666665 Epoch time - -134.03969
Epoch - 223 Train - 28.575509973262484 Val - 28.543621791036504 KLBeta - 0.037000002600000005 Epoch time - -134.05631
Epoch - 224 Train - 28.60533362313321 Val - 28.58327487895363 KLBeta - 0.03716666923333334 Epoch time - -133.99335
Epoch - 225 Train - 28.619586834782048 Val - 28.59808948165492 KLBeta - 0.03733333586666667 Epoch time - -134.0402
Epoch - 226 Train - 28.611567745083256 Val - 28.56423780792638 KLBeta - 0.037500002500000004 Epoch time - -134.02005
Epoch - 227 Train - 28.61313065729643 Val - 28.601183433281747 KLBeta - 0.03766666913333334 Epoch time - -134.0395
Epoch - 228 Train - 28.618317690334823 Val - 28.634642287304526 KLBeta - 0.03783333576666667 Epoch time - -133.96949
Epoch - 229 Train - 28.615508198738098 Val - 28.561760500857705 KLBeta - 0.0380000024 Epoch time - -133.96848
Epoch - 230 Train - 28.582015936311922 Val - 28.500768987756025 KLBeta - 0.038166669033333336 Epoch time - -133.97937
Epoch - 231 Train - 28.482690800177423 Val - 28.416828707644815 KLBeta - 0.03833333566666667 Epoch time - -133.97549
Epoch - 232 Train - 28.4234150899084 Val - 28.385674802880537 KLBeta - 0.0385000023 Epoch time - -134.04981
Epoch - 233 Train - 28.449838144214528 Val - 28.429031861455815 KLBeta - 0.038666668933333335 Epoch time - -133.94785
Epoch - 234 Train - 28.4868760046206 Val - 28.45441992659318 KLBeta - 0.03883333556666667 Epoch time - -134.01557
Epoch - 235 Train - 28.522672072837228 Val - 28.496623039245605 KLBeta - 0.0390000022 Epoch time - -133.99855
Epoch - 236 Train - 28.560706736225832 Val - 28.541921088570042 KLBeta - 0.039166668833333335 Epoch time - -134.11171
Epoch - 237 Train - 28.592383188636678 Val - 28.56473304096021 KLBeta - 0.03933333546666667 Epoch time - -134.03556
Epoch - 238 Train - 28.621607455768082 Val - 28.58760782292015 KLBeta - 0.0395000021 Epoch time - -134.24591
Epoch - 239 Train - 28.645852554785577 Val - 28.63465661124179 KLBeta - 0.039666668733333334 Epoch time - -134.09564
Epoch - 240 Train - 28.666776323004772 Val - 28.626740687771846 KLBeta - 0.03983333536666667 Epoch time - -134.00549
Epoch - 241 Train - 28.68827902172741 Val - 28.648553735331486 KLBeta - 0.040000002 Epoch time - -134.0335
Epoch - 242 Train - 28.70620031733262 Val - 28.68090017218339 KLBeta - 0.04016666863333333 Epoch time - -134.07525
Epoch - 243 Train - 28.656340559846477 Val - 28.560617126916583 KLBeta - 0.040333335266666666 Epoch time - -133.94981
Epoch - 244 Train - 28.54850999461977 Val - 28.51826782603013 KLBeta - 0.0405000019 Epoch time - -133.95627
Epoch - 245 Train - 28.53017175040747 Val - 28.505914016773826 KLBeta - 0.04066666853333333 Epoch time - -134.03183
Epoch - 246 Train - 28.544471105462627 Val - 28.531768855295685 KLBeta - 0.04083333516666667 Epoch time - -134.05561
Epoch - 247 Train - 28.55783044507629 Val - 28.542568714995134 KLBeta - 0.041000001800000005 Epoch time - -133.9598
Epoch - 248 Train - 28.570377091043873 Val - 28.52940011024475 KLBeta - 0.04116666843333334 Epoch time - -134.05961
Epoch - 249 Train - 28.57714741480978 Val - 28.51634975483543 KLBeta - 0.04133333506666667 Epoch time - -134.06053
Epoch - 250 Train - 28.528775812763918 Val - 28.36681706654398 KLBeta - 0.041500001700000004 Epoch time - -133.95712
Epoch - 251 Train - 28.358912753431422 Val - 28.285093307495117 KLBeta - 0.04166666833333334 Epoch time - -134.00245
Epoch - 252 Train - 28.34048083895131 Val - 28.305497018914473 KLBeta - 0.04183333496666667 Epoch time - -134.00003
Epoch - 253 Train - 28.358324422648078 Val - 28.31532623265919 KLBeta - 0.0420000016 Epoch time - -134.00586
Epoch - 254 Train - 28.37505870900656 Val - 28.347325362657244 KLBeta - 0.042166668233333336 Epoch time - -134.05033
Epoch - 255 Train - 28.408841318205784 Val - 28.394107636652496 KLBeta - 0.04233333486666667 Epoch time - -133.97985
Epoch - 256 Train - 28.446387498002302 Val - 28.43885567941164 KLBeta - 0.0425000015 Epoch time - -133.99671
Epoch - 257 Train - 28.483747960705507 Val - 28.459808838994878 KLBeta - 0.042666668133333335 Epoch time - -134.02375
Epoch - 258 Train - 28.519629119258177 Val - 28.5158753520564 KLBeta - 0.04283333476666667 Epoch time - -134.06355
Epoch - 259 Train - 28.553554704314784 Val - 28.526532744106493 KLBeta - 0.0430000014 Epoch time - -134.03696
Epoch - 260 Train - 28.58510319182747 Val - 28.60834769198769 KLBeta - 0.043166668033333334 Epoch time - -134.04674
Epoch - 261 Train - 28.61474348996815 Val - 28.621468474990444 KLBeta - 0.04333333466666667 Epoch time - -134.0048
Epoch - 262 Train - 28.64660587122566 Val - 28.629317754193355 KLBeta - 0.0435000013 Epoch time - -134.13778
Epoch - 263 Train - 28.671059417097194 Val - 28.657890395114297 KLBeta - 0.043666667933333334 Epoch time - -134.10961
Epoch - 264 Train - 28.69865150671256 Val - 28.684413056624564 KLBeta - 0.04383333456666667 Epoch time - -134.21656
Epoch - 265 Train - 28.721404947732623 Val - 28.709832712223655 KLBeta - 0.0440000012 Epoch time - -134.08465
Epoch - 266 Train - 28.74797478945632 Val - 28.71914553642273 KLBeta - 0.04416666783333333 Epoch time - -134.14546
Epoch - 267 Train - 28.768830911109323 Val - 28.76548952177951 KLBeta - 0.044333334466666666 Epoch time - -134.09004
Epoch - 268 Train - 28.789879281269876 Val - 28.785168258767378 KLBeta - 0.0445000011 Epoch time - -134.07841
Epoch - 269 Train - 28.8123094674788 Val - 28.822976909185712 KLBeta - 0.04466666773333334 Epoch time - -134.04278
Epoch - 270 Train - 28.831975348685916 Val - 28.81253010975687 KLBeta - 0.04483333436666667 Epoch time - -134.20682
Epoch - 271 Train - 28.852479363742628 Val - 28.82537193047373 KLBeta - 0.045000001000000005 Epoch time - -133.97681
Epoch - 272 Train - 28.870693912631587 Val - 28.847054952069332 KLBeta - 0.04516666763333334 Epoch time - -134.18038
Epoch - 273 Train - 28.887423540416517 Val - 28.87385835145649 KLBeta - 0.04533333426666667 Epoch time - -134.08297
Epoch - 274 Train - 28.906853647608507 Val - 28.88715818681215 KLBeta - 0.045500000900000004 Epoch time - -133.99564
Epoch - 275 Train - 28.91999026191862 Val - 28.88487976475766 KLBeta - 0.04566666753333334 Epoch time - -134.02366
Epoch - 276 Train - 28.93527160192791 Val - 28.90747766745718 KLBeta - 0.04583333416666667 Epoch time - -134.12176
Epoch - 277 Train - 28.94016113249879 Val - 28.927541726513912 KLBeta - 0.0460000008 Epoch time - -134.15458
Epoch - 278 Train - 28.8902972528809 Val - 28.765766043412057 KLBeta - 0.046166667433333336 Epoch time - -134.27861
Epoch - 279 Train - 28.761644910824927 Val - 28.709749522962067 KLBeta - 0.04633333406666667 Epoch time - -134.11734
Epoch - 280 Train - 28.713861865432637 Val - 28.659996089182403 KLBeta - 0.0465000007 Epoch time - -134.19703
Epoch - 281 Train - 28.70369485804909 Val - 28.67217232679066 KLBeta - 0.046666667333333335 Epoch time - -134.11293
Epoch - 282 Train - 28.711732539691422 Val - 28.683207944819802 KLBeta - 0.04683333396666667 Epoch time - -134.271
Epoch - 283 Train - 28.729254087335185 Val - 28.721641716204193 KLBeta - 0.0470000006 Epoch time - -134.22342
Epoch - 284 Train - 28.747918196414645 Val - 28.728902227000187 KLBeta - 0.047166667233333334 Epoch time - -134.20826
Epoch - 285 Train - 28.769017026612634 Val - 28.754425695067958 KLBeta - 0.04733333386666667 Epoch time - -134.20161
Epoch - 286 Train - 28.79389049661787 Val - 28.762594047345612 KLBeta - 0.0475000005 Epoch time - -134.11241
Epoch - 287 Train - 28.808528460954363 Val - 28.767584662688407 KLBeta - 0.04766666713333333 Epoch time - -134.07045
Epoch - 288 Train - 28.829432098489058 Val - 28.8191748669273 KLBeta - 0.047833333766666666 Epoch time - -134.03723
Epoch - 289 Train - 28.843597407403745 Val - 28.825715623403852 KLBeta - 0.0480000004 Epoch time - -134.15555
Epoch - 290 Train - 28.8567446736913 Val - 28.821763597036664 KLBeta - 0.04816666703333333 Epoch time - -134.2906
Epoch - 291 Train - 28.838913544228202 Val - 28.726231907543383 KLBeta - 0.048333333666666665 Epoch time - -134.30662
Epoch - 292 Train - 28.569503782611143 Val - 28.47985696165185 KLBeta - 0.048500000300000005 Epoch time - -134.23085
Epoch - 293 Train - 28.474059832723515 Val - 28.4575550054249 KLBeta - 0.04866666693333334 Epoch time - -134.12597
Epoch - 294 Train - 28.48713462760574 Val - 28.480699106266623 KLBeta - 0.04883333356666667 Epoch time - -134.2892
Epoch - 295 Train - 28.52567971693842 Val - 28.546316240963183 KLBeta - 0.049000000200000005 Epoch time - -134.21988
Epoch - 296 Train - 28.56646966463641 Val - 28.551724007255153 KLBeta - 0.04916666683333334 Epoch time - -134.2218
Epoch - 297 Train - 28.608351992933375 Val - 28.602396042723406 KLBeta - 0.04933333346666667 Epoch time - -134.13648
Epoch - 298 Train - 28.646251538866444 Val - 28.65295405764329 KLBeta - 0.049500000100000004 Epoch time - -134.05551
Epoch - 299 Train - 28.684741826433886 Val - 28.687978167282907 KLBeta - 0.04966666673333334 Epoch time - -134.14235
Epoch - 300 Train - 28.717792962726794 Val - 28.703230989606755 KLBeta - 0.04983333336666667 Epoch time - -134.24679
