created virtual environment CPython3.8.10.final.0-64 in 12698ms
  creator CPython3Posix(dest=/localscratch/srenaud.12670601.0/ENV, clear=False, global=False)
  seeder FromAppData(download=False, pip=latest, setuptools=latest, wheel=latest, via=copy, app_data_dir=/home/srenaud/.local/share/virtualenv/seed-app-data/v1.0.1)
  activators BashActivator,CShellActivator,FishActivator,PowerShellActivator,PythonActivator,XonshActivator
data
ENV
Ignoring pip: markers 'python_version < "3"' don't match your environment
Looking in links: /cvmfs/soft.computecanada.ca/custom/python/wheelhouse/gentoo/avx2, /cvmfs/soft.computecanada.ca/custom/python/wheelhouse/gentoo/generic, /cvmfs/soft.computecanada.ca/custom/python/wheelhouse/generic
Collecting transvae
  Using cached transvae-0.6.1-py3-none-any.whl (31 kB)
Processing /cvmfs/soft.computecanada.ca/custom/python/wheelhouse/gentoo/generic/pandas-1.3.0+computecanada-cp38-cp38-linux_x86_64.whl
Processing /cvmfs/soft.computecanada.ca/custom/python/wheelhouse/generic/sklearn-0.0+computecanada-py2.py3-none-any.whl
Processing /cvmfs/soft.computecanada.ca/custom/python/wheelhouse/gentoo/generic/matplotlib-3.4.2+computecanada-cp38-cp38-linux_x86_64.whl
Processing /cvmfs/soft.computecanada.ca/custom/python/wheelhouse/generic/torch-1.9.0+computecanada-cp38-cp38-linux_x86_64.whl
Processing /cvmfs/soft.computecanada.ca/custom/python/wheelhouse/gentoo/generic/scipy-1.7.0+computecanada-cp38-cp38-linux_x86_64.whl
Processing /cvmfs/soft.computecanada.ca/custom/python/wheelhouse/gentoo/generic/numpy-1.21.0+computecanada-cp38-cp38-linux_x86_64.whl
Collecting seaborn
  Using cached seaborn-0.11.2-py3-none-any.whl (292 kB)
Processing /cvmfs/soft.computecanada.ca/custom/python/wheelhouse/generic/pytz-2021.1+computecanada-py3-none-any.whl
Processing /cvmfs/soft.computecanada.ca/custom/python/wheelhouse/generic/python_dateutil-2.8.2+computecanada-py2.py3-none-any.whl
Processing /cvmfs/soft.computecanada.ca/custom/python/wheelhouse/gentoo/generic/scikit_learn-0.24.1+computecanada-cp38-cp38-linux_x86_64.whl
Processing /cvmfs/soft.computecanada.ca/custom/python/wheelhouse/generic/cycler-0.10.0+computecanada-py3-none-any.whl
Processing /cvmfs/soft.computecanada.ca/custom/python/wheelhouse/gentoo/generic/Pillow-8.3.1+computecanada-cp38-cp38-linux_x86_64.whl
Processing /cvmfs/soft.computecanada.ca/custom/python/wheelhouse/generic/kiwisolver-1.3.1+computecanada-cp38-cp38-linux_x86_64.whl
Processing /cvmfs/soft.computecanada.ca/custom/python/wheelhouse/generic/pyparsing-2.4.7+computecanada-py2.py3-none-any.whl
Collecting typing-extensions
  Using cached typing_extensions-3.10.0.2-py3-none-any.whl (26 kB)
Processing /cvmfs/soft.computecanada.ca/custom/python/wheelhouse/generic/six-1.16.0+computecanada-py2.py3-none-any.whl
Processing /cvmfs/soft.computecanada.ca/custom/python/wheelhouse/generic/threadpoolctl-2.2.0+computecanada-py3-none-any.whl
Processing /cvmfs/soft.computecanada.ca/custom/python/wheelhouse/generic/joblib-1.0.1+computecanada-py3-none-any.whl
Installing collected packages: pytz, numpy, six, python-dateutil, pandas, threadpoolctl, scipy, joblib, scikit-learn, sklearn, cycler, pillow, kiwisolver, pyparsing, matplotlib, typing-extensions, torch, seaborn, transvae
Successfully installed cycler-0.10.0+computecanada joblib-1.0.1+computecanada kiwisolver-1.3.1+computecanada matplotlib-3.4.2+computecanada numpy-1.21.0+computecanada pandas-1.3.0+computecanada pillow-8.3.1+computecanada pyparsing-2.4.7+computecanada python-dateutil-2.8.2+computecanada pytz-2021.1+computecanada scikit-learn-0.24.1+computecanada scipy-1.7.0+computecanada seaborn-0.11.2 six-1.16.0+computecanada sklearn-0.0+computecanada threadpoolctl-2.2.0+computecanada torch-1.9.0+computecanada transvae-0.6.1 typing-extensions-3.10.0.2
r0 master: cdr255.int.cedar.computecanada.ca
GPUs per node: 4
GPUs per node: 4
GPUs per node: 4
GPUs per node: 4
process group ready!
process group ready!
process group ready!
process group ready!
final check
final check
final check
final check
sh: 1,: command not found
sh: 1,: command not found
sh: 1,: command not found
sh: 1,: command not found
Epoch - 1 Train - 0.7435081241182003 Val - 0.40355825613845475 KLBeta - 1e-08 Epoch time - -356.2197
Epoch - 1 Train - 0.743770833411301 Val - 0.4028735684400255 KLBeta - 1e-08 Epoch time - -359.0778
Epoch - 1 Train - 0.7435378230506121 Val - 0.4029826461591503 KLBeta - 1e-08 Epoch time - -354.89189
cp: cannot create regular file '/home/srenaud/scratch/best_rnn-128_zinc.ckpt': File exists
Epoch - 1 Train - 0.7436307873539251 Val - 0.40397960706190633 KLBeta - 1e-08 Epoch time - -349.14556
Epoch - 2 Train - 0.34142372061808907 Val - 0.20962293334305288 KLBeta - 0.0005000099 Epoch time - -349.0535
Epoch - 2 Train - 0.3420586646017101 Val - 0.20865955789658155 KLBeta - 0.0005000099 Epoch time - -349.06753
Epoch - 2 Train - 0.3415548913444233 Val - 0.20923646536063065 KLBeta - 0.0005000099 Epoch time - -349.0545
Epoch - 2 Train - 0.34149388091055427 Val - 0.20990238416601315 KLBeta - 0.0005000099 Epoch time - -349.11849
Epoch - 3 Train - 0.22330704907877275 Val - 0.13831063642759214 KLBeta - 0.0010000098 Epoch time - -349.13263
Epoch - 3 Train - 0.22275906786172076 Val - 0.13947991583157668 KLBeta - 0.0010000098 Epoch time - -349.1613
Epoch - 3 Train - 0.2226671740939521 Val - 0.13893800748681479 KLBeta - 0.0010000098 Epoch time - -349.18916
Epoch - 3 Train - 0.22277226047308155 Val - 0.13967659175395966 KLBeta - 0.0010000098 Epoch time - -349.17453
Epoch - 4 Train - 0.16715501846388134 Val - 0.10206257148899817 KLBeta - 0.0015000096999999999 Epoch time - -349.11825
Epoch - 4 Train - 0.1674743213700225 Val - 0.10096433247354897 KLBeta - 0.0015000096999999999 Epoch time - -349.18545
Epoch - 4 Train - 0.1670637124189825 Val - 0.10141821854155174 KLBeta - 0.0015000096999999999 Epoch time - -349.15843
Epoch - 4 Train - 0.16711364203706536 Val - 0.10208682682026517 KLBeta - 0.0015000096999999999 Epoch time - -349.10354
Epoch - 5 Train - 0.13224907921382575 Val - 0.08115824261172251 KLBeta - 0.0020000096 Epoch time - -348.92828
Epoch - 5 Train - 0.1326935710648846 Val - 0.08001350198279727 KLBeta - 0.0020000096 Epoch time - -348.97096
Epoch - 5 Train - 0.13237687579798277 Val - 0.08037560168992389 KLBeta - 0.0020000096 Epoch time - -348.92567
Epoch - 5 Train - 0.13230913079936396 Val - 0.08102426315573129 KLBeta - 0.0020000096 Epoch time - -348.94268
Epoch - 6 Train - 0.10886318900556577 Val - 0.0637571566568857 KLBeta - 0.0025000095 Epoch time - -348.84763
Epoch - 6 Train - 0.10929444161516548 Val - 0.06282106599008495 KLBeta - 0.0025000095 Epoch time - -348.83672
Epoch - 6 Train - 0.10895939417785466 Val - 0.06304766863415187 KLBeta - 0.0025000095 Epoch time - -348.91345
Epoch - 6 Train - 0.1089111717097988 Val - 0.06357423839243975 KLBeta - 0.0025000095 Epoch time - -348.94925
Epoch - 7 Train - 0.09205674316470673 Val - 0.053549182338809426 KLBeta - 0.0030000094 Epoch time - -349.16431
Epoch - 7 Train - 0.09231552551265317 Val - 0.05269694740630009 KLBeta - 0.0030000094 Epoch time - -349.17567
Epoch - 7 Train - 0.09208478719899149 Val - 0.052950744542547244 KLBeta - 0.0030000094 Epoch time - -349.13875
Epoch - 7 Train - 0.09207974539392373 Val - 0.05338427476923575 KLBeta - 0.0030000094 Epoch time - -349.11145
Epoch - 8 Train - 0.08018599024813886 Val - 0.04619064353914424 KLBeta - 0.0035000092999999998 Epoch time - -348.92817
Epoch - 8 Train - 0.07979919612125465 Val - 0.046878678952767094 KLBeta - 0.0035000092999999998 Epoch time - -348.94998
Epoch - 8 Train - 0.07991941287135235 Val - 0.04646386838602749 KLBeta - 0.0035000092999999998 Epoch time - -348.92836
Epoch - 8 Train - 0.07983160584769917 Val - 0.04681355636566876 KLBeta - 0.0035000092999999998 Epoch time - -349.0259
Epoch - 9 Train - 0.07069892861475849 Val - 0.04130704280581664 KLBeta - 0.0040000092 Epoch time - -348.77147
Epoch - 9 Train - 0.07092188592398106 Val - 0.04075493698262356 KLBeta - 0.0040000092 Epoch time - -348.7759
Epoch - 9 Train - 0.07081691449263482 Val - 0.04100350194441324 KLBeta - 0.0040000092 Epoch time - -348.87015
Epoch - 9 Train - 0.07067145132412664 Val - 0.04123653357594528 KLBeta - 0.0040000092 Epoch time - -349.06484
Epoch - 10 Train - 0.06383922888492846 Val - 0.03877300614152442 KLBeta - 0.0045000091 Epoch time - -349.33992
Epoch - 10 Train - 0.06375292000182049 Val - 0.03904413520781831 KLBeta - 0.0045000091 Epoch time - -349.33574
Epoch - 10 Train - 0.06373719766434997 Val - 0.03920149196531963 KLBeta - 0.0045000091 Epoch time - -349.39057
Epoch - 10 Train - 0.06361614581799567 Val - 0.03919322140599516 KLBeta - 0.0045000091 Epoch time - -349.11592
Epoch - 11 Train - 0.05809358489520923 Val - 0.03505450742403892 KLBeta - 0.005000009 Epoch time - -350.45273
Epoch - 11 Train - 0.058283616780218754 Val - 0.034595519939268175 KLBeta - 0.005000009 Epoch time - -350.54429
Epoch - 11 Train - 0.05819999759527619 Val - 0.03484441397542303 KLBeta - 0.005000009 Epoch time - -350.61524
Epoch - 11 Train - 0.058088600282754865 Val - 0.03500503774478354 KLBeta - 0.005000009 Epoch time - -349.19297
Epoch - 12 Train - 0.053688980354880435 Val - 0.03280167836187915 KLBeta - 0.0055000089 Epoch time - -349.07788
Epoch - 12 Train - 0.05385356564168828 Val - 0.03253642089918933 KLBeta - 0.0055000089 Epoch time - -349.13444
Epoch - 12 Train - 0.053748392595937756 Val - 0.03267337870784104 KLBeta - 0.0055000089 Epoch time - -349.17986
Epoch - 12 Train - 0.05365315426253911 Val - 0.03279249181293628 KLBeta - 0.0055000089 Epoch time - -349.07862
Epoch - 13 Train - 0.05032845411092193 Val - 0.031424866760657595 KLBeta - 0.0060000088 Epoch time - -349.17368
Epoch - 13 Train - 0.05022039923515885 Val - 0.03165451289916581 KLBeta - 0.0060000088 Epoch time - -349.27958
Epoch - 13 Train - 0.05026234793711943 Val - 0.03147859505208379 KLBeta - 0.0060000088 Epoch time - -349.16729
Epoch - 13 Train - 0.05031569940931719 Val - 0.03175106639550491 KLBeta - 0.0060000088 Epoch time - -349.14608
Epoch - 14 Train - 0.04713964331612894 Val - 0.02956539688377895 KLBeta - 0.0065000087 Epoch time - -349.08505
Epoch - 14 Train - 0.04723202794545678 Val - 0.029323515744710513 KLBeta - 0.0065000087 Epoch time - -349.10959
Epoch - 14 Train - 0.047128865315644725 Val - 0.02944292692382905 KLBeta - 0.0065000087 Epoch time - -349.15442
Epoch - 14 Train - 0.04712758228709601 Val - 0.02960603505542332 KLBeta - 0.0065000087 Epoch time - -349.03897
Epoch - 15 Train - 0.044634196840019694 Val - 0.028700499579479746 KLBeta - 0.0070000086 Epoch time - -348.82071
Epoch - 15 Train - 0.04470916661490319 Val - 0.028583883650770244 KLBeta - 0.0070000086 Epoch time - -348.88998
Epoch - 15 Train - 0.044612309741176144 Val - 0.02864760842428288 KLBeta - 0.0070000086 Epoch time - -348.93896
Epoch - 15 Train - 0.04468274786786148 Val - 0.02876733233305541 KLBeta - 0.0070000086 Epoch time - -349.05922
Epoch - 16 Train - 0.04244471199885764 Val - 0.02847352003763345 KLBeta - 0.0075000085 Epoch time - -348.92408
Epoch - 16 Train - 0.04260891330277905 Val - 0.028253318784250456 KLBeta - 0.0075000085 Epoch time - -348.91279
Epoch - 16 Train - 0.04249085874927014 Val - 0.02830719698897817 KLBeta - 0.0075000085 Epoch time - -348.97119
Epoch - 16 Train - 0.04247727590105073 Val - 0.028540429168126803 KLBeta - 0.0075000085 Epoch time - -348.99117
Epoch - 17 Train - 0.04054865367625925 Val - 0.02738487060943788 KLBeta - 0.0080000084 Epoch time - -348.74192
Epoch - 17 Train - 0.04072884154797655 Val - 0.027152898408133876 KLBeta - 0.0080000084 Epoch time - -348.88788
Epoch - 17 Train - 0.040604970539270924 Val - 0.02721044333566996 KLBeta - 0.0080000084 Epoch time - -348.97035
Epoch - 17 Train - 0.040652201097515044 Val - 0.0274585873184895 KLBeta - 0.0080000084 Epoch time - -348.95361
Epoch - 18 Train - 0.03915965330993963 Val - 0.026468874878165394 KLBeta - 0.008500008299999999 Epoch time - -349.26106
Epoch - 18 Train - 0.039287186366496515 Val - 0.026324694078754294 KLBeta - 0.008500008299999999 Epoch time - -349.16449
Epoch - 18 Train - 0.03923593171486499 Val - 0.026390709601004016 KLBeta - 0.008500008299999999 Epoch time - -349.15315
Epoch - 18 Train - 0.03917587468108971 Val - 0.02652729674750431 KLBeta - 0.008500008299999999 Epoch time - -349.11373
Epoch - 19 Train - 0.03750192454282308 Val - 0.026211483509872447 KLBeta - 0.0090000082 Epoch time - -348.98615
Epoch - 19 Train - 0.03769356557685468 Val - 0.026147441688755692 KLBeta - 0.0090000082 Epoch time - -349.07445
Epoch - 19 Train - 0.03760051893474855 Val - 0.026184254939752547 KLBeta - 0.0090000082 Epoch time - -349.07402
Epoch - 19 Train - 0.037569855143682974 Val - 0.026390894887630235 KLBeta - 0.0090000082 Epoch time - -349.01307
Epoch - 20 Train - 0.03620819364241653 Val - 0.02572611930610782 KLBeta - 0.0095000081 Epoch time - -348.97716
Epoch - 20 Train - 0.03640317802430328 Val - 0.025612501609562476 KLBeta - 0.0095000081 Epoch time - -349.0363
Epoch - 20 Train - 0.0362609278090825 Val - 0.02562981355427341 KLBeta - 0.0095000081 Epoch time - -349.04901
Epoch - 20 Train - 0.036267252677976335 Val - 0.025835993009704083 KLBeta - 0.0095000081 Epoch time - -349.00876
Epoch - 21 Train - 0.03516581550503921 Val - 0.025703692233020606 KLBeta - 0.010000008 Epoch time - -348.88557
Epoch - 21 Train - 0.03506230946084617 Val - 0.02579239929010245 KLBeta - 0.010000008 Epoch time - -349.02479
Epoch - 21 Train - 0.035039983372759036 Val - 0.02576881785115058 KLBeta - 0.010000008 Epoch time - -348.94175
Epoch - 21 Train - 0.03503954118080061 Val - 0.025940687873993406 KLBeta - 0.010000008 Epoch time - -349.11015
Epoch - 22 Train - 0.03420005091042681 Val - 0.024351119986650623 KLBeta - 0.010500007899999999 Epoch time - -349.17347
Epoch - 22 Train - 0.03412746788717506 Val - 0.02441923965022645 KLBeta - 0.010500007899999999 Epoch time - -349.14406
Epoch - 22 Train - 0.03418316872734012 Val - 0.024347860747101633 KLBeta - 0.010500007899999999 Epoch time - -349.23964
Epoch - 22 Train - 0.034184194252722795 Val - 0.024511026150800964 KLBeta - 0.010500007899999999 Epoch time - -349.11636
Epoch - 23 Train - 0.03294024856083772 Val - 0.02516196088188074 KLBeta - 0.0110000078 Epoch time - -348.8966
Epoch - 23 Train - 0.033022102670311325 Val - 0.02504735308360647 KLBeta - 0.0110000078 Epoch time - -349.00679
Epoch - 23 Train - 0.03304433595680754 Val - 0.025095541474663398 KLBeta - 0.0110000078 Epoch time - -349.03437
Epoch - 23 Train - 0.032992046677761455 Val - 0.025223620887845757 KLBeta - 0.0110000078 Epoch time - -349.05847
Epoch - 24 Train - 0.03208957490784051 Val - 0.0239620718089017 KLBeta - 0.0115000077 Epoch time - -349.24349
Epoch - 24 Train - 0.03221043711998547 Val - 0.02383938819508661 KLBeta - 0.0115000077 Epoch time - -349.14802
Epoch - 24 Train - 0.03213581787046008 Val - 0.023907098144462166 KLBeta - 0.0115000077 Epoch time - -349.14607
Epoch - 24 Train - 0.03212605557413866 Val - 0.024066561418162154 KLBeta - 0.0115000077 Epoch time - -349.11696
Epoch - 25 Train - 0.03138127529269292 Val - 0.022762113796885718 KLBeta - 0.0120000076 Epoch time - -348.87846
Epoch - 25 Train - 0.03126333645036952 Val - 0.022921744619750162 KLBeta - 0.0120000076 Epoch time - -348.94009
Epoch - 25 Train - 0.031307709099480295 Val - 0.0228591966400431 KLBeta - 0.0120000076 Epoch time - -348.87901
Epoch - 25 Train - 0.03134216753098022 Val - 0.023014803091064094 KLBeta - 0.0120000076 Epoch time - -349.00145
Epoch - 26 Train - 0.0305915463537053 Val - 0.022439537933942946 KLBeta - 0.012500007499999998 Epoch time - -349.2321
Epoch - 26 Train - 0.0305154404104358 Val - 0.022544288927350532 KLBeta - 0.012500007499999998 Epoch time - -349.25198
Epoch - 26 Train - 0.030607134397282746 Val - 0.022450827333060176 KLBeta - 0.012500007499999998 Epoch time - -349.39056
Epoch - 26 Train - 0.030592078571160784 Val - 0.022603627319701693 KLBeta - 0.012500007499999998 Epoch time - -349.28733
Epoch - 27 Train - 0.029606025648594953 Val - 0.022875545681877572 KLBeta - 0.0130000074 Epoch time - -348.48269
Epoch - 27 Train - 0.02971497937575961 Val - 0.02285998532209884 KLBeta - 0.0130000074 Epoch time - -348.51514
Epoch - 27 Train - 0.029622169968324025 Val - 0.022840264473449102 KLBeta - 0.0130000074 Epoch time - -348.45657
Epoch - 27 Train - 0.02968443341581433 Val - 0.02291293211111968 KLBeta - 0.0130000074 Epoch time - -349.03894
Epoch - 28 Train - 0.028996181173362966 Val - 0.021863068365068596 KLBeta - 0.0135000073 Epoch time - -349.03457
Epoch - 28 Train - 0.029107393803677023 Val - 0.021772272702814507 KLBeta - 0.0135000073 Epoch time - -349.07507
Epoch - 28 Train - 0.028995656767257984 Val - 0.021770536552437325 KLBeta - 0.0135000073 Epoch time - -349.02475
Epoch - 28 Train - 0.029038710681006615 Val - 0.021874301033941182 KLBeta - 0.0135000073 Epoch time - -349.07937
Epoch - 29 Train - 0.028358696302342595 Val - 0.02138018304566768 KLBeta - 0.0140000072 Epoch time - -348.95388
Epoch - 29 Train - 0.028392247012298973 Val - 0.021255061225118964 KLBeta - 0.0140000072 Epoch time - -349.04821
Epoch - 29 Train - 0.02833452984088599 Val - 0.02129327857189558 KLBeta - 0.0140000072 Epoch time - -349.02189
Epoch - 29 Train - 0.028391202932430637 Val - 0.021438069722022522 KLBeta - 0.0140000072 Epoch time - -349.03544
Epoch - 30 Train - 0.027568416994516596 Val - 0.021460631620985538 KLBeta - 0.014500007099999998 Epoch time - -349.35951
Epoch - 30 Train - 0.027616841321096125 Val - 0.02130934798836031 KLBeta - 0.014500007099999998 Epoch time - -349.31971
Epoch - 30 Train - 0.02756140411248186 Val - 0.02136131668548015 KLBeta - 0.014500007099999998 Epoch time - -349.35449
Epoch - 30 Train - 0.02763888893997052 Val - 0.021463014143095774 KLBeta - 0.014500007099999998 Epoch time - -349.27007
Epoch - 31 Train - 0.02698883694935252 Val - 0.021078549435531554 KLBeta - 0.015000007 Epoch time - -349.20181
Epoch - 31 Train - 0.027054758067477983 Val - 0.020913527414880017 KLBeta - 0.015000007 Epoch time - -349.24162
Epoch - 31 Train - 0.027000829903879253 Val - 0.020954915559427304 KLBeta - 0.015000007 Epoch time - -349.29325
Epoch - 31 Train - 0.027052165299766895 Val - 0.02113278481516648 KLBeta - 0.015000007 Epoch time - -349.21583
Epoch - 32 Train - 0.02649896926425322 Val - 0.02037228714166717 KLBeta - 0.0155000069 Epoch time - -349.21019
Epoch - 32 Train - 0.026563359845448473 Val - 0.02029574118893255 KLBeta - 0.0155000069 Epoch time - -349.23211
Epoch - 32 Train - 0.026521108870516823 Val - 0.020324846924367278 KLBeta - 0.0155000069 Epoch time - -349.17366
Epoch - 32 Train - 0.026502890065500533 Val - 0.02047882722267373 KLBeta - 0.0155000069 Epoch time - -349.29291
Epoch - 33 Train - 0.025869068603097185 Val - 0.0202417572833259 KLBeta - 0.0160000068 Epoch time - -349.09872
Epoch - 33 Train - 0.025896845163419994 Val - 0.020149230394004423 KLBeta - 0.0160000068 Epoch time - -349.24061
Epoch - 33 Train - 0.02578881332001677 Val - 0.020160171889107334 KLBeta - 0.0160000068 Epoch time - -349.2352
Epoch - 33 Train - 0.025868361166706592 Val - 0.020358348633586005 KLBeta - 0.0160000068 Epoch time - -349.17069
Epoch - 34 Train - 0.025411002942821895 Val - 0.019915404450148347 KLBeta - 0.0165000067 Epoch time - -348.5055
Epoch - 34 Train - 0.025418308556004604 Val - 0.01977366537533023 KLBeta - 0.0165000067 Epoch time - -348.51075
Epoch - 34 Train - 0.02543156562805778 Val - 0.01986591279591349 KLBeta - 0.0165000067 Epoch time - -348.58636
Epoch - 34 Train - 0.02539301616083266 Val - 0.019988170998509636 KLBeta - 0.0165000067 Epoch time - -349.13535
Epoch - 35 Train - 0.02508650082586841 Val - 0.019694888227703898 KLBeta - 0.0170000066 Epoch time - -349.10293
Epoch - 35 Train - 0.02501779032654759 Val - 0.019827885828404265 KLBeta - 0.0170000066 Epoch time - -349.12115
Epoch - 35 Train - 0.025017163647583336 Val - 0.019760865248231726 KLBeta - 0.0170000066 Epoch time - -349.19181
Epoch - 35 Train - 0.025080688444032058 Val - 0.01990227278914641 KLBeta - 0.0170000066 Epoch time - -349.21209
cp: cannot create regular file '/home/srenaud/scratch/035_rnn-128_zinc.ckpt': File exists
cp: cannot create regular file '/home/srenaud/scratch/035_rnn-128_zinc.ckpt': File exists
cp: cannot create regular file '/home/srenaud/scratch/035_rnn-128_zinc.ckpt': File exists
Epoch - 36 Train - 0.02455784412750015 Val - 0.019278218779204923 KLBeta - 0.0175000065 Epoch time - -348.53658
Epoch - 36 Train - 0.0244835775947631 Val - 0.019330256931822408 KLBeta - 0.0175000065 Epoch time - -348.54878
Epoch - 36 Train - 0.024499044304412573 Val - 0.019358791432089427 KLBeta - 0.0175000065 Epoch time - -348.63041
Epoch - 36 Train - 0.024516583918923078 Val - 0.0194539134983312 KLBeta - 0.0175000065 Epoch time - -349.14513
Epoch - 37 Train - 0.024354290438703064 Val - 0.020447434738955713 KLBeta - 0.0180000064 Epoch time - -348.58674
Epoch - 37 Train - 0.02428003060396271 Val - 0.020560208763080564 KLBeta - 0.0180000064 Epoch time - -348.662
Epoch - 37 Train - 0.024382304006980528 Val - 0.020530919087204065 KLBeta - 0.0180000064 Epoch time - -348.69262
Epoch - 37 Train - 0.02435915035929418 Val - 0.020624883371320638 KLBeta - 0.0180000064 Epoch time - -349.24329
Epoch - 38 Train - 0.023944482728462627 Val - 0.019471081892367112 KLBeta - 0.0185000063 Epoch time - -349.06922
Epoch - 38 Train - 0.02400099153611621 Val - 0.019327995748343794 KLBeta - 0.0185000063 Epoch time - -349.16075
Epoch - 38 Train - 0.02389412392542293 Val - 0.01942639720456844 KLBeta - 0.0185000063 Epoch time - -349.09659
Epoch - 38 Train - 0.02390364662301962 Val - 0.019524720518595794 KLBeta - 0.0185000063 Epoch time - -349.11538
Epoch - 39 Train - 0.023719265946008344 Val - 0.019135702316733925 KLBeta - 0.019000006200000003 Epoch time - -349.30554
Epoch - 39 Train - 0.023662928893522485 Val - 0.01924923323094845 KLBeta - 0.019000006200000003 Epoch time - -349.35145
Epoch - 39 Train - 0.023699105982997952 Val - 0.01919370173815299 KLBeta - 0.019000006200000003 Epoch time - -349.35425
Epoch - 39 Train - 0.023657227985353933 Val - 0.019358989122239028 KLBeta - 0.019000006200000003 Epoch time - -349.33546
Epoch - 40 Train - 0.023479303222789308 Val - 0.018735988146032802 KLBeta - 0.0195000061 Epoch time - -348.98199
Epoch - 40 Train - 0.023487785517360377 Val - 0.01857961422171105 KLBeta - 0.0195000061 Epoch time - -349.00371
Epoch - 40 Train - 0.02346279914679025 Val - 0.018638519676063548 KLBeta - 0.0195000061 Epoch time - -349.08225
cp: cannot create regular file '/home/srenaud/scratch/040_rnn-128_zinc.ckpt': File exists
Epoch - 40 Train - 0.023471538943116262 Val - 0.018750640542500398 KLBeta - 0.0195000061 Epoch time - -349.15272
Epoch - 41 Train - 0.023260928297208414 Val - 0.01934746803546494 KLBeta - 0.020000006 Epoch time - -349.67187
Epoch - 41 Train - 0.02331447580010828 Val - 0.019255800456316634 KLBeta - 0.020000006 Epoch time - -349.77534
Epoch - 41 Train - 0.02331369647643331 Val - 0.019332688162103297 KLBeta - 0.020000006 Epoch time - -349.75453
Epoch - 41 Train - 0.02330446806218889 Val - 0.01937663547525352 KLBeta - 0.020000006 Epoch time - -349.24039
Epoch - 42 Train - 0.02309849465435201 Val - 0.018816548285328527 KLBeta - 0.0205000059 Epoch time - -349.07712
Epoch - 42 Train - 0.023154682380081427 Val - 0.018697000747885217 KLBeta - 0.0205000059 Epoch time - -349.15616
Epoch - 42 Train - 0.023096592767596846 Val - 0.018816918367519975 KLBeta - 0.0205000059 Epoch time - -349.19439
Epoch - 42 Train - 0.023100297391000724 Val - 0.01886859479444948 KLBeta - 0.0205000059 Epoch time - -349.18794
Epoch - 43 Train - 0.022855884703158427 Val - 0.01874095844104886 KLBeta - 0.0210000058 Epoch time - -349.29396
Epoch - 43 Train - 0.022936133061526247 Val - 0.018684242852032185 KLBeta - 0.0210000058 Epoch time - -349.24412
Epoch - 43 Train - 0.022876909058635132 Val - 0.018712914823977786 KLBeta - 0.0210000058 Epoch time - -349.2513
Epoch - 43 Train - 0.022913583803620904 Val - 0.01880259935913438 KLBeta - 0.0210000058 Epoch time - -349.11683
Epoch - 44 Train - 0.022841435663797184 Val - 0.01881005062975667 KLBeta - 0.0215000057 Epoch time - -349.05551
Epoch - 44 Train - 0.022881836032570158 Val - 0.018705798808315934 KLBeta - 0.0215000057 Epoch time - -349.01386
Epoch - 44 Train - 0.02286976603838154 Val - 0.018798435136506506 KLBeta - 0.0215000057 Epoch time - -349.00186
Epoch - 44 Train - 0.02285578912923658 Val - 0.018864926721223377 KLBeta - 0.0215000057 Epoch time - -349.13224
Epoch - 45 Train - 0.022695378564542745 Val - 0.018959629074247048 KLBeta - 0.0220000056 Epoch time - -349.18077
Epoch - 45 Train - 0.02275862751782618 Val - 0.01887651168402623 KLBeta - 0.0220000056 Epoch time - -349.19454
Epoch - 45 Train - 0.02273791252560161 Val - 0.01890603703531352 KLBeta - 0.0220000056 Epoch time - -349.19766
Epoch - 45 Train - 0.022744175378760004 Val - 0.01904808920384808 KLBeta - 0.0220000056 Epoch time - -349.16522
Epoch - 46 Train - 0.022657077971638906 Val - 0.018779697057537056 KLBeta - 0.0225000055 Epoch time - -349.20607
Epoch - 46 Train - 0.02265857029047729 Val - 0.01885020411150022 KLBeta - 0.0225000055 Epoch time - -349.34933
Epoch - 46 Train - 0.022607544961037358 Val - 0.018796349693597718 KLBeta - 0.0225000055 Epoch time - -349.21859
Epoch - 46 Train - 0.022645537104137768 Val - 0.018960720338774 KLBeta - 0.0225000055 Epoch time - -349.17988
Epoch - 47 Train - 0.022592472515981458 Val - 0.018619680921123784 KLBeta - 0.023000005400000002 Epoch time - -349.1548
Epoch - 47 Train - 0.0225763614270648 Val - 0.018760002205487004 KLBeta - 0.023000005400000002 Epoch time - -349.15793
Epoch - 47 Train - 0.022553960094228387 Val - 0.018720628101040016 KLBeta - 0.023000005400000002 Epoch time - -349.17878
Epoch - 47 Train - 0.02258383112235202 Val - 0.018844090550291268 KLBeta - 0.023000005400000002 Epoch time - -349.16824
Epoch - 48 Train - 0.02252895967573906 Val - 0.018863082033666698 KLBeta - 0.0235000053 Epoch time - -349.066
Epoch - 48 Train - 0.02253140667359335 Val - 0.018988385512916876 KLBeta - 0.0235000053 Epoch time - -349.06905
Epoch - 48 Train - 0.02255809864904167 Val - 0.01886572260832922 KLBeta - 0.0235000053 Epoch time - -349.06581
Epoch - 48 Train - 0.02256145255188599 Val - 0.018997913535515016 KLBeta - 0.0235000053 Epoch time - -349.06004
Epoch - 49 Train - 0.022560437362772797 Val - 0.019319774794646284 KLBeta - 0.0240000052 Epoch time - -349.04428
Epoch - 49 Train - 0.02255485964929591 Val - 0.019168405840173364 KLBeta - 0.0240000052 Epoch time - -349.12687
Epoch - 49 Train - 0.022564614654020078 Val - 0.019230461709032007 KLBeta - 0.0240000052 Epoch time - -349.11034
Epoch - 49 Train - 0.022553736372201733 Val - 0.019348869697106155 KLBeta - 0.0240000052 Epoch time - -349.15748
Epoch - 50 Train - 0.042598971408424946 Val - 0.02080015323378823 KLBeta - 0.0245000051 Epoch time - -349.1605
Epoch - 50 Train - 0.04247094042966086 Val - 0.020710378931835294 KLBeta - 0.0245000051 Epoch time - -349.12772
Epoch - 50 Train - 0.042584940423304685 Val - 0.020713899585164407 KLBeta - 0.0245000051 Epoch time - -349.097
Epoch - 50 Train - 0.04241709727840968 Val - 0.020896973812275312 KLBeta - 0.0245000051 Epoch time - -349.08837
Epoch - 51 Train - 0.024018279376505604 Val - 0.019759440819986842 KLBeta - 0.025000005 Epoch time - -348.96242
Epoch - 51 Train - 0.02400853733503909 Val - 0.019820296988737853 KLBeta - 0.025000005 Epoch time - -349.03541
Epoch - 51 Train - 0.02400866492293926 Val - 0.01985731343738735 KLBeta - 0.025000005 Epoch time - -348.99131
Epoch - 51 Train - 0.024016803241513597 Val - 0.019941461501135068 KLBeta - 0.025000005 Epoch time - -349.14209
Epoch - 52 Train - 0.023194620397054787 Val - 0.01965375069359487 KLBeta - 0.0255000049 Epoch time - -349.17037
Epoch - 52 Train - 0.0231574829474957 Val - 0.01974623092365536 KLBeta - 0.0255000049 Epoch time - -349.19865
Epoch - 52 Train - 0.02315363224849782 Val - 0.01968704752031375 KLBeta - 0.0255000049 Epoch time - -349.23348
Epoch - 52 Train - 0.023172917678914585 Val - 0.019796673428605905 KLBeta - 0.0255000049 Epoch time - -349.24036
Epoch - 53 Train - 0.023063048948486795 Val - 0.020123879666524853 KLBeta - 0.0260000048 Epoch time - -349.23941
Epoch - 53 Train - 0.02303778426392437 Val - 0.020340356895361435 KLBeta - 0.0260000048 Epoch time - -349.28799
Epoch - 53 Train - 0.023026843660633373 Val - 0.020216779791834675 KLBeta - 0.0260000048 Epoch time - -349.25727
Epoch - 53 Train - 0.02303081479092891 Val - 0.020301997610791163 KLBeta - 0.0260000048 Epoch time - -349.25888
Epoch - 54 Train - 0.023235334138000253 Val - 0.019940154859796166 KLBeta - 0.0265000047 Epoch time - -349.21541
Epoch - 54 Train - 0.023178447133419336 Val - 0.020006321793930096 KLBeta - 0.0265000047 Epoch time - -349.16384
Epoch - 54 Train - 0.0231989657435792 Val - 0.019883228275416928 KLBeta - 0.0265000047 Epoch time - -349.16564
Epoch - 54 Train - 0.023232793106198912 Val - 0.019982454184950753 KLBeta - 0.0265000047 Epoch time - -349.1426
Epoch - 55 Train - 0.023359550614229806 Val - 0.02020485713146627 KLBeta - 0.027000004600000002 Epoch time - -349.04093
Epoch - 55 Train - 0.023336065708744257 Val - 0.020075336289168758 KLBeta - 0.027000004600000002 Epoch time - -349.07967
cp: cannot create regular file '/home/srenaud/scratch/055_rnn-128_zinc.ckpt': File exists
Epoch - 55 Train - 0.023302586954745533 Val - 0.020151716153222053 KLBeta - 0.027000004600000002 Epoch time - -349.12148
Epoch - 55 Train - 0.023319178226526186 Val - 0.020230880303477698 KLBeta - 0.027000004600000002 Epoch time - -349.10814
Epoch - 56 Train - 0.02349148133929555 Val - 0.02011351058344272 KLBeta - 0.0275000045 Epoch time - -349.39979
Epoch - 56 Train - 0.023506859137272143 Val - 0.02002422525970773 KLBeta - 0.0275000045 Epoch time - -349.42368
Epoch - 56 Train - 0.023472218693826683 Val - 0.020030710240826012 KLBeta - 0.0275000045 Epoch time - -349.27245
Epoch - 56 Train - 0.023451210442704686 Val - 0.02023358152840625 KLBeta - 0.0275000045 Epoch time - -349.16924
Epoch - 57 Train - 0.023641733813447637 Val - 0.02071998814036223 KLBeta - 0.0280000044 Epoch time - -349.13899
Epoch - 57 Train - 0.02369372804809098 Val - 0.020604965340515428 KLBeta - 0.0280000044 Epoch time - -349.17174
Epoch - 57 Train - 0.023657024404824235 Val - 0.020644885255023837 KLBeta - 0.0280000044 Epoch time - -349.14495
Epoch - 57 Train - 0.023669728997041176 Val - 0.020762102187357166 KLBeta - 0.0280000044 Epoch time - -349.18897
Epoch - 58 Train - 0.023629833625234437 Val - 0.020718236923725767 KLBeta - 0.0285000043 Epoch time - -349.2655
Epoch - 58 Train - 0.023654436024206908 Val - 0.020547443712976846 KLBeta - 0.0285000043 Epoch time - -349.20419
Epoch - 58 Train - 0.023604982468120827 Val - 0.02061129688200625 KLBeta - 0.0285000043 Epoch time - -349.25436
Epoch - 58 Train - 0.023654645778746767 Val - 0.020735116468065164 KLBeta - 0.0285000043 Epoch time - -349.24052
Epoch - 59 Train - 0.02372698217461055 Val - 0.02022800233892419 KLBeta - 0.0290000042 Epoch time - -349.16625
Epoch - 59 Train - 0.023740976839561504 Val - 0.02013696032914926 KLBeta - 0.0290000042 Epoch time - -349.17379
Epoch - 59 Train - 0.023717030481614096 Val - 0.020077798460525546 KLBeta - 0.0290000042 Epoch time - -349.20051
Epoch - 59 Train - 0.023742980167570742 Val - 0.02031171985647895 KLBeta - 0.0290000042 Epoch time - -349.15396
Epoch - 60 Train - 0.023899985178646565 Val - 0.02071628261950206 KLBeta - 0.0295000041 Epoch time - -349.13893
Epoch - 60 Train - 0.023847364075011528 Val - 0.020839104225689718 KLBeta - 0.0295000041 Epoch time - -349.20075
Epoch - 60 Train - 0.023865816943027605 Val - 0.020617902499030935 KLBeta - 0.0295000041 Epoch time - -349.16975
Epoch - 60 Train - 0.02388282369568267 Val - 0.020821603226729414 KLBeta - 0.0295000041 Epoch time - -349.14128
Epoch - 61 Train - 0.023935210534060995 Val - 0.02076964871957898 KLBeta - 0.030000004 Epoch time - -348.99407
Epoch - 61 Train - 0.023870829095819383 Val - 0.02080023052086207 KLBeta - 0.030000004 Epoch time - -348.90204
Epoch - 61 Train - 0.023934160564753292 Val - 0.02074699611403048 KLBeta - 0.030000004 Epoch time - -348.92141
Epoch - 61 Train - 0.023941363375916177 Val - 0.02093120214783333 KLBeta - 0.030000004 Epoch time - -349.19504
Epoch - 62 Train - 0.024055806879010617 Val - 0.020909828108481385 KLBeta - 0.0305000039 Epoch time - -349.2248
Epoch - 62 Train - 0.023981664307660078 Val - 0.020980410150844942 KLBeta - 0.0305000039 Epoch time - -349.22603
Epoch - 62 Train - 0.02401154223274477 Val - 0.020955420556393534 KLBeta - 0.0305000039 Epoch time - -349.25434
Epoch - 62 Train - 0.02403394785954269 Val - 0.021271986069835047 KLBeta - 0.0305000039 Epoch time - -349.17573
Epoch - 63 Train - 0.02409278803806037 Val - 0.021152584847401488 KLBeta - 0.031000003800000002 Epoch time - -349.16981
Epoch - 63 Train - 0.024073720690465032 Val - 0.021157245934856208 KLBeta - 0.031000003800000002 Epoch time - -349.16868
Epoch - 63 Train - 0.024119696533777796 Val - 0.02128781407478858 KLBeta - 0.031000003800000002 Epoch time - -349.25687
Epoch - 63 Train - 0.02412636931750434 Val - 0.021324252150952818 KLBeta - 0.031000003800000002 Epoch time - -349.29567
Epoch - 64 Train - 0.02669189096466083 Val - 0.021923546484586866 KLBeta - 0.0315000037 Epoch time - -349.36932
Epoch - 64 Train - 0.02670292431168785 Val - 0.02204353124834597 KLBeta - 0.0315000037 Epoch time - -349.33496
Epoch - 64 Train - 0.026714973413206715 Val - 0.0219966453500092 KLBeta - 0.0315000037 Epoch time - -349.43361
Epoch - 64 Train - 0.02670231600658912 Val - 0.02218257813629779 KLBeta - 0.0315000037 Epoch time - -349.29653
Epoch - 65 Train - 0.023837588541209695 Val - 0.020896880176257005 KLBeta - 0.0320000036 Epoch time - -349.28993
Epoch - 65 Train - 0.02383173426820173 Val - 0.020907214330509304 KLBeta - 0.0320000036 Epoch time - -349.23358
Epoch - 65 Train - 0.02381267506356417 Val - 0.02097008032300933 KLBeta - 0.0320000036 Epoch time - -349.32394
Epoch - 65 Train - 0.02382701441570364 Val - 0.021045304830609398 KLBeta - 0.0320000036 Epoch time - -349.29119
Epoch - 66 Train - 0.023943597521407133 Val - 0.021592674836177717 KLBeta - 0.0325000035 Epoch time - -349.25732
Epoch - 66 Train - 0.023961050345120253 Val - 0.021479247180237013 KLBeta - 0.0325000035 Epoch time - -349.40762
Epoch - 66 Train - 0.023893844920464535 Val - 0.02143969237804413 KLBeta - 0.0325000035 Epoch time - -349.38367
Epoch - 66 Train - 0.02398766596575804 Val - 0.021676114231178708 KLBeta - 0.0325000035 Epoch time - -349.28029
Epoch - 67 Train - 0.024428044599151672 Val - 0.022069847926666792 KLBeta - 0.0330000034 Epoch time - -349.16762
Epoch - 67 Train - 0.02449523835875696 Val - 0.02196104551072825 KLBeta - 0.0330000034 Epoch time - -349.18678
Epoch - 67 Train - 0.02448697735583692 Val - 0.021934741307896646 KLBeta - 0.0330000034 Epoch time - -349.12659
Epoch - 67 Train - 0.024455509357380147 Val - 0.02211813838644461 KLBeta - 0.0330000034 Epoch time - -349.21543
Epoch - 68 Train - 0.024785339712833213 Val - 0.022268994550474666 KLBeta - 0.0335000033 Epoch time - -349.11859
Epoch - 68 Train - 0.024767135171163263 Val - 0.022112260428680617 KLBeta - 0.0335000033 Epoch time - -349.13855
Epoch - 68 Train - 0.02477787439052881 Val - 0.022191667019135573 KLBeta - 0.0335000033 Epoch time - -349.15005
Epoch - 68 Train - 0.02477298339292633 Val - 0.02228486336005682 KLBeta - 0.0335000033 Epoch time - -349.13061
Epoch - 69 Train - 0.02504415765987954 Val - 0.02213234725746919 KLBeta - 0.0340000032 Epoch time - -349.27936
Epoch - 69 Train - 0.025059937019691322 Val - 0.02230654355477203 KLBeta - 0.0340000032 Epoch time - -349.34381
Epoch - 69 Train - 0.025009181348117766 Val - 0.022183704397387125 KLBeta - 0.0340000032 Epoch time - -349.26123
Epoch - 69 Train - 0.024973030085910602 Val - 0.02235608835365962 KLBeta - 0.0340000032 Epoch time - -349.26202
Epoch - 70 Train - 0.025049012258291398 Val - 0.022473330224271525 KLBeta - 0.0345000031 Epoch time - -349.28646
Epoch - 70 Train - 0.025049481388049747 Val - 0.022374123030088164 KLBeta - 0.0345000031 Epoch time - -349.33653
Epoch - 70 Train - 0.025061562469210288 Val - 0.0223921705968678 KLBeta - 0.0345000031 Epoch time - -349.35844
Epoch - 70 Train - 0.025064096693419895 Val - 0.022550503841855307 KLBeta - 0.0345000031 Epoch time - -349.31201
Epoch - 71 Train - 0.02531081274894979 Val - 0.022382564520971343 KLBeta - 0.035000003 Epoch time - -349.10912
Epoch - 71 Train - 0.025268772532316772 Val - 0.022287624003365637 KLBeta - 0.035000003 Epoch time - -349.08886
Epoch - 71 Train - 0.025314666922533452 Val - 0.02222071350128813 KLBeta - 0.035000003 Epoch time - -349.12092
Epoch - 71 Train - 0.025288970899683506 Val - 0.02243823060257868 KLBeta - 0.035000003 Epoch time - -349.094
Epoch - 72 Train - 0.025385279093652666 Val - 0.02303474835035476 KLBeta - 0.0355000029 Epoch time - -349.06667
Epoch - 72 Train - 0.025441889920638817 Val - 0.022927775995975196 KLBeta - 0.0355000029 Epoch time - -349.07291
Epoch - 72 Train - 0.025362601974565125 Val - 0.02291425261223181 KLBeta - 0.0355000029 Epoch time - -349.05051
Epoch - 72 Train - 0.02537911176126488 Val - 0.023109102579341692 KLBeta - 0.0355000029 Epoch time - -349.06182
Epoch - 73 Train - 0.025496936691078272 Val - 0.022982780813154847 KLBeta - 0.0360000028 Epoch time - -349.17591
Epoch - 1 Train - 0.7435081241182003 Val - 0.40355825613845475 KLBeta - 1e-08 Epoch time - -356.2197
Epoch - 2 Train - 0.34142372061808907 Val - 0.20962293334305288 KLBeta - 0.0005000099 Epoch time - -349.0535
Epoch - 3 Train - 0.22275906786172076 Val - 0.13947991583157668 KLBeta - 0.0010000098 Epoch time - -349.1613
Epoch - 4 Train - 0.16715501846388134 Val - 0.10206257148899817 KLBeta - 0.0015000096999999999 Epoch time - -349.11825
Epoch - 5 Train - 0.13224907921382575 Val - 0.08115824261172251 KLBeta - 0.0020000096 Epoch time - -348.92828
Epoch - 6 Train - 0.10886318900556577 Val - 0.0637571566568857 KLBeta - 0.0025000095 Epoch time - -348.84763
Epoch - 7 Train - 0.09205674316470673 Val - 0.053549182338809426 KLBeta - 0.0030000094 Epoch time - -349.16431
Epoch - 8 Train - 0.07979919612125465 Val - 0.046878678952767094 KLBeta - 0.0035000092999999998 Epoch time - -348.94998
Epoch - 9 Train - 0.07069892861475849 Val - 0.04130704280581664 KLBeta - 0.0040000092 Epoch time - -348.77147
Epoch - 10 Train - 0.06373719766434997 Val - 0.03920149196531963 KLBeta - 0.0045000091 Epoch time - -349.39057
Epoch - 11 Train - 0.05809358489520923 Val - 0.03505450742403892 KLBeta - 0.005000009 Epoch time - -350.45273
Epoch - 12 Train - 0.053688980354880435 Val - 0.03280167836187915 KLBeta - 0.0055000089 Epoch time - -349.07788
Epoch - 13 Train - 0.05022039923515885 Val - 0.03165451289916581 KLBeta - 0.0060000088 Epoch time - -349.27958
Epoch - 14 Train - 0.04713964331612894 Val - 0.02956539688377895 KLBeta - 0.0065000087 Epoch time - -349.08505
Epoch - 15 Train - 0.044634196840019694 Val - 0.028700499579479746 KLBeta - 0.0070000086 Epoch time - -348.82071
Epoch - 16 Train - 0.04244471199885764 Val - 0.02847352003763345 KLBeta - 0.0075000085 Epoch time - -348.92408
Epoch - 17 Train - 0.04054865367625925 Val - 0.02738487060943788 KLBeta - 0.0080000084 Epoch time - -348.74192
Epoch - 18 Train - 0.03915965330993963 Val - 0.026468874878165394 KLBeta - 0.008500008299999999 Epoch time - -349.26106
Epoch - 19 Train - 0.03750192454282308 Val - 0.026211483509872447 KLBeta - 0.0090000082 Epoch time - -348.98615
Epoch - 20 Train - 0.03620819364241653 Val - 0.02572611930610782 KLBeta - 0.0095000081 Epoch time - -348.97716
Epoch - 21 Train - 0.03506230946084617 Val - 0.02579239929010245 KLBeta - 0.010000008 Epoch time - -349.02479
Epoch - 22 Train - 0.03412746788717506 Val - 0.02441923965022645 KLBeta - 0.010500007899999999 Epoch time - -349.14406
Epoch - 23 Train - 0.03294024856083772 Val - 0.02516196088188074 KLBeta - 0.0110000078 Epoch time - -348.8966
Epoch - 24 Train - 0.03208957490784051 Val - 0.0239620718089017 KLBeta - 0.0115000077 Epoch time - -349.24349
Epoch - 25 Train - 0.03126333645036952 Val - 0.022921744619750162 KLBeta - 0.0120000076 Epoch time - -348.94009
Epoch - 26 Train - 0.0305154404104358 Val - 0.022544288927350532 KLBeta - 0.012500007499999998 Epoch time - -349.25198
Epoch - 27 Train - 0.029606025648594953 Val - 0.022875545681877572 KLBeta - 0.0130000074 Epoch time - -348.48269
Epoch - 28 Train - 0.028996181173362966 Val - 0.021863068365068596 KLBeta - 0.0135000073 Epoch time - -349.03457
Epoch - 29 Train - 0.028358696302342595 Val - 0.02138018304566768 KLBeta - 0.0140000072 Epoch time - -348.95388
Epoch - 30 Train - 0.027568416994516596 Val - 0.021460631620985538 KLBeta - 0.014500007099999998 Epoch time - -349.35951
Epoch - 31 Train - 0.02698883694935252 Val - 0.021078549435531554 KLBeta - 0.015000007 Epoch time - -349.20181
Epoch - 32 Train - 0.02649896926425322 Val - 0.02037228714166717 KLBeta - 0.0155000069 Epoch time - -349.21019
Epoch - 33 Train - 0.025869068603097185 Val - 0.0202417572833259 KLBeta - 0.0160000068 Epoch time - -349.09872
Epoch - 34 Train - 0.025411002942821895 Val - 0.019915404450148347 KLBeta - 0.0165000067 Epoch time - -348.5055
Epoch - 35 Train - 0.02501779032654759 Val - 0.019827885828404265 KLBeta - 0.0170000066 Epoch time - -349.12115
Epoch - 36 Train - 0.0244835775947631 Val - 0.019330256931822408 KLBeta - 0.0175000065 Epoch time - -348.54878
Epoch - 37 Train - 0.02428003060396271 Val - 0.020560208763080564 KLBeta - 0.0180000064 Epoch time - -348.662
Epoch - 38 Train - 0.023944482728462627 Val - 0.019471081892367112 KLBeta - 0.0185000063 Epoch time - -349.06922
Epoch - 39 Train - 0.023662928893522485 Val - 0.01924923323094845 KLBeta - 0.019000006200000003 Epoch time - -349.35145
Epoch - 40 Train - 0.023479303222789308 Val - 0.018735988146032802 KLBeta - 0.0195000061 Epoch time - -348.98199
Epoch - 41 Train - 0.023260928297208414 Val - 0.01934746803546494 KLBeta - 0.020000006 Epoch time - -349.67187
Epoch - 42 Train - 0.02309849465435201 Val - 0.018816548285328527 KLBeta - 0.0205000059 Epoch time - -349.07712
Epoch - 43 Train - 0.022855884703158427 Val - 0.01874095844104886 KLBeta - 0.0210000058 Epoch time - -349.29396
Epoch - 44 Train - 0.022841435663797184 Val - 0.01881005062975667 KLBeta - 0.0215000057 Epoch time - -349.05551
Epoch - 45 Train - 0.022695378564542745 Val - 0.018959629074247048 KLBeta - 0.0220000056 Epoch time - -349.18077
Epoch - 46 Train - 0.02265857029047729 Val - 0.01885020411150022 KLBeta - 0.0225000055 Epoch time - -349.34933
Epoch - 47 Train - 0.0225763614270648 Val - 0.018760002205487004 KLBeta - 0.023000005400000002 Epoch time - -349.15793
Epoch - 48 Train - 0.02253140667359335 Val - 0.018988385512916876 KLBeta - 0.0235000053 Epoch time - -349.06905
Epoch - 49 Train - 0.022560437362772797 Val - 0.019319774794646284 KLBeta - 0.0240000052 Epoch time - -349.04428
Epoch - 50 Train - 0.042598971408424946 Val - 0.02080015323378823 KLBeta - 0.0245000051 Epoch time - -349.1605
Epoch - 51 Train - 0.02400853733503909 Val - 0.019820296988737853 KLBeta - 0.025000005 Epoch time - -349.03541
Epoch - 52 Train - 0.0231574829474957 Val - 0.01974623092365536 KLBeta - 0.0255000049 Epoch time - -349.19865
Epoch - 53 Train - 0.02303778426392437 Val - 0.020340356895361435 KLBeta - 0.0260000048 Epoch time - -349.28799
Epoch - 54 Train - 0.023178447133419336 Val - 0.020006321793930096 KLBeta - 0.0265000047 Epoch time - -349.16384
Epoch - 55 Train - 0.023359550614229806 Val - 0.02020485713146627 KLBeta - 0.027000004600000002 Epoch time - -349.04093
Epoch - 56 Train - 0.02349148133929555 Val - 0.02011351058344272 KLBeta - 0.0275000045 Epoch time - -349.39979
Epoch - 57 Train - 0.023641733813447637 Val - 0.02071998814036223 KLBeta - 0.0280000044 Epoch time - -349.13899
Epoch - 58 Train - 0.023629833625234437 Val - 0.020718236923725767 KLBeta - 0.0285000043 Epoch time - -349.2655
Epoch - 59 Train - 0.02372698217461055 Val - 0.02022800233892419 KLBeta - 0.0290000042 Epoch time - -349.16625
Epoch - 60 Train - 0.023847364075011528 Val - 0.020839104225689718 KLBeta - 0.0295000041 Epoch time - -349.20075
Epoch - 61 Train - 0.023870829095819383 Val - 0.02080023052086207 KLBeta - 0.030000004 Epoch time - -348.90204
Epoch - 62 Train - 0.023981664307660078 Val - 0.020980410150844942 KLBeta - 0.0305000039 Epoch time - -349.22603
Epoch - 63 Train - 0.024119696533777796 Val - 0.02128781407478858 KLBeta - 0.031000003800000002 Epoch time - -349.25687
Epoch - 64 Train - 0.02670292431168785 Val - 0.02204353124834597 KLBeta - 0.0315000037 Epoch time - -349.33496
Epoch - 65 Train - 0.02381267506356417 Val - 0.02097008032300933 KLBeta - 0.0320000036 Epoch time - -349.32394
Epoch - 66 Train - 0.023943597521407133 Val - 0.021592674836177717 KLBeta - 0.0325000035 Epoch time - -349.25732
Epoch - 67 Train - 0.024428044599151672 Val - 0.022069847926666792 KLBeta - 0.0330000034 Epoch time - -349.16762
Epoch - 68 Train - 0.024785339712833213 Val - 0.022268994550474666 KLBeta - 0.0335000033 Epoch time - -349.11859
Epoch - 69 Train - 0.025059937019691322 Val - 0.02230654355477203 KLBeta - 0.0340000032 Epoch time - -349.34381
Epoch - 70 Train - 0.025049012258291398 Val - 0.022473330224271525 KLBeta - 0.0345000031 Epoch time - -349.28646
Epoch - 71 Train - 0.02531081274894979 Val - 0.022382564520971343 KLBeta - 0.035000003 Epoch time - -349.10912
Epoch - 72 Train - 0.025385279093652666 Val - 0.02303474835035476 KLBeta - 0.0355000029 Epoch time - -349.06667
Epoch - 73 Train - 0.02551090677005399 Val - 0.022802393273873765 KLBeta - 0.0360000028 Epoch time - -349.17053
Epoch - 1 Train - 0.743770833411301 Val - 0.4028735684400255 KLBeta - 1e-08 Epoch time - -359.0778
Epoch - 2 Train - 0.3420586646017101 Val - 0.20865955789658155 KLBeta - 0.0005000099 Epoch time - -349.06753
Epoch - 3 Train - 0.22330704907877275 Val - 0.13831063642759214 KLBeta - 0.0010000098 Epoch time - -349.13263
Epoch - 4 Train - 0.1674743213700225 Val - 0.10096433247354897 KLBeta - 0.0015000096999999999 Epoch time - -349.18545
Epoch - 5 Train - 0.1326935710648846 Val - 0.08001350198279727 KLBeta - 0.0020000096 Epoch time - -348.97096
Epoch - 6 Train - 0.10929444161516548 Val - 0.06282106599008495 KLBeta - 0.0025000095 Epoch time - -348.83672
Epoch - 7 Train - 0.09231552551265317 Val - 0.05269694740630009 KLBeta - 0.0030000094 Epoch time - -349.17567
Epoch - 8 Train - 0.08018599024813886 Val - 0.04619064353914424 KLBeta - 0.0035000092999999998 Epoch time - -348.92817
Epoch - 9 Train - 0.07092188592398106 Val - 0.04075493698262356 KLBeta - 0.0040000092 Epoch time - -348.7759
Epoch - 10 Train - 0.06383922888492846 Val - 0.03877300614152442 KLBeta - 0.0045000091 Epoch time - -349.33992
Epoch - 11 Train - 0.058283616780218754 Val - 0.034595519939268175 KLBeta - 0.005000009 Epoch time - -350.54429
Epoch - 12 Train - 0.05385356564168828 Val - 0.03253642089918933 KLBeta - 0.0055000089 Epoch time - -349.13444
Epoch - 13 Train - 0.05032845411092193 Val - 0.031424866760657595 KLBeta - 0.0060000088 Epoch time - -349.17368
Epoch - 14 Train - 0.04723202794545678 Val - 0.029323515744710513 KLBeta - 0.0065000087 Epoch time - -349.10959
Epoch - 15 Train - 0.04470916661490319 Val - 0.028583883650770244 KLBeta - 0.0070000086 Epoch time - -348.88998
Epoch - 16 Train - 0.04260891330277905 Val - 0.028253318784250456 KLBeta - 0.0075000085 Epoch time - -348.91279
Epoch - 17 Train - 0.04072884154797655 Val - 0.027152898408133876 KLBeta - 0.0080000084 Epoch time - -348.88788
Epoch - 18 Train - 0.039287186366496515 Val - 0.026324694078754294 KLBeta - 0.008500008299999999 Epoch time - -349.16449
Epoch - 19 Train - 0.03769356557685468 Val - 0.026147441688755692 KLBeta - 0.0090000082 Epoch time - -349.07445
Epoch - 20 Train - 0.03640317802430328 Val - 0.025612501609562476 KLBeta - 0.0095000081 Epoch time - -349.0363
Epoch - 21 Train - 0.03516581550503921 Val - 0.025703692233020606 KLBeta - 0.010000008 Epoch time - -348.88557
Epoch - 22 Train - 0.03420005091042681 Val - 0.024351119986650623 KLBeta - 0.010500007899999999 Epoch time - -349.17347
Epoch - 23 Train - 0.033022102670311325 Val - 0.02504735308360647 KLBeta - 0.0110000078 Epoch time - -349.00679
Epoch - 24 Train - 0.03221043711998547 Val - 0.02383938819508661 KLBeta - 0.0115000077 Epoch time - -349.14802
Epoch - 25 Train - 0.03138127529269292 Val - 0.022762113796885718 KLBeta - 0.0120000076 Epoch time - -348.87846
Epoch - 26 Train - 0.0305915463537053 Val - 0.022439537933942946 KLBeta - 0.012500007499999998 Epoch time - -349.2321
Epoch - 27 Train - 0.02971497937575961 Val - 0.02285998532209884 KLBeta - 0.0130000074 Epoch time - -348.51514
Epoch - 28 Train - 0.029107393803677023 Val - 0.021772272702814507 KLBeta - 0.0135000073 Epoch time - -349.07507
Epoch - 29 Train - 0.028392247012298973 Val - 0.021255061225118964 KLBeta - 0.0140000072 Epoch time - -349.04821
Epoch - 30 Train - 0.027616841321096125 Val - 0.02130934798836031 KLBeta - 0.014500007099999998 Epoch time - -349.31971
Epoch - 31 Train - 0.027054758067477983 Val - 0.020913527414880017 KLBeta - 0.015000007 Epoch time - -349.24162
Epoch - 32 Train - 0.026563359845448473 Val - 0.02029574118893255 KLBeta - 0.0155000069 Epoch time - -349.23211
Epoch - 33 Train - 0.025896845163419994 Val - 0.020149230394004423 KLBeta - 0.0160000068 Epoch time - -349.24061
Epoch - 34 Train - 0.025418308556004604 Val - 0.01977366537533023 KLBeta - 0.0165000067 Epoch time - -348.51075
Epoch - 35 Train - 0.02508650082586841 Val - 0.019694888227703898 KLBeta - 0.0170000066 Epoch time - -349.10293
Epoch - 36 Train - 0.02455784412750015 Val - 0.019278218779204923 KLBeta - 0.0175000065 Epoch time - -348.53658
Epoch - 37 Train - 0.024354290438703064 Val - 0.020447434738955713 KLBeta - 0.0180000064 Epoch time - -348.58674
Epoch - 38 Train - 0.02400099153611621 Val - 0.019327995748343794 KLBeta - 0.0185000063 Epoch time - -349.16075
Epoch - 39 Train - 0.023719265946008344 Val - 0.019135702316733925 KLBeta - 0.019000006200000003 Epoch time - -349.30554
Epoch - 40 Train - 0.023487785517360377 Val - 0.01857961422171105 KLBeta - 0.0195000061 Epoch time - -349.00371
Epoch - 41 Train - 0.02331447580010828 Val - 0.019255800456316634 KLBeta - 0.020000006 Epoch time - -349.77534
Epoch - 42 Train - 0.023154682380081427 Val - 0.018697000747885217 KLBeta - 0.0205000059 Epoch time - -349.15616
Epoch - 43 Train - 0.022936133061526247 Val - 0.018684242852032185 KLBeta - 0.0210000058 Epoch time - -349.24412
Epoch - 44 Train - 0.022881836032570158 Val - 0.018705798808315934 KLBeta - 0.0215000057 Epoch time - -349.01386
Epoch - 45 Train - 0.02275862751782618 Val - 0.01887651168402623 KLBeta - 0.0220000056 Epoch time - -349.19454
Epoch - 46 Train - 0.022657077971638906 Val - 0.018779697057537056 KLBeta - 0.0225000055 Epoch time - -349.20607
Epoch - 47 Train - 0.022592472515981458 Val - 0.018619680921123784 KLBeta - 0.023000005400000002 Epoch time - -349.1548
Epoch - 48 Train - 0.02252895967573906 Val - 0.018863082033666698 KLBeta - 0.0235000053 Epoch time - -349.066
Epoch - 49 Train - 0.02255485964929591 Val - 0.019168405840173364 KLBeta - 0.0240000052 Epoch time - -349.12687
Epoch - 50 Train - 0.04247094042966086 Val - 0.020710378931835294 KLBeta - 0.0245000051 Epoch time - -349.12772
Epoch - 51 Train - 0.024018279376505604 Val - 0.019759440819986842 KLBeta - 0.025000005 Epoch time - -348.96242
Epoch - 52 Train - 0.023194620397054787 Val - 0.01965375069359487 KLBeta - 0.0255000049 Epoch time - -349.17037
Epoch - 53 Train - 0.023063048948486795 Val - 0.020123879666524853 KLBeta - 0.0260000048 Epoch time - -349.23941
Epoch - 54 Train - 0.023235334138000253 Val - 0.019940154859796166 KLBeta - 0.0265000047 Epoch time - -349.21541
Epoch - 55 Train - 0.023336065708744257 Val - 0.020075336289168758 KLBeta - 0.027000004600000002 Epoch time - -349.07967
Epoch - 56 Train - 0.023506859137272143 Val - 0.02002422525970773 KLBeta - 0.0275000045 Epoch time - -349.42368
Epoch - 57 Train - 0.02369372804809098 Val - 0.020604965340515428 KLBeta - 0.0280000044 Epoch time - -349.17174
Epoch - 58 Train - 0.023654436024206908 Val - 0.020547443712976846 KLBeta - 0.0285000043 Epoch time - -349.20419
Epoch - 59 Train - 0.023740976839561504 Val - 0.02013696032914926 KLBeta - 0.0290000042 Epoch time - -349.17379
Epoch - 60 Train - 0.023899985178646565 Val - 0.02071628261950206 KLBeta - 0.0295000041 Epoch time - -349.13893
Epoch - 61 Train - 0.023935210534060995 Val - 0.02076964871957898 KLBeta - 0.030000004 Epoch time - -348.99407
Epoch - 62 Train - 0.024055806879010617 Val - 0.020909828108481385 KLBeta - 0.0305000039 Epoch time - -349.2248
Epoch - 63 Train - 0.02409278803806037 Val - 0.021152584847401488 KLBeta - 0.031000003800000002 Epoch time - -349.16981
Epoch - 64 Train - 0.02669189096466083 Val - 0.021923546484586866 KLBeta - 0.0315000037 Epoch time - -349.36932
Epoch - 65 Train - 0.023837588541209695 Val - 0.020896880176257005 KLBeta - 0.0320000036 Epoch time - -349.28993
Epoch - 66 Train - 0.023961050345120253 Val - 0.021479247180237013 KLBeta - 0.0325000035 Epoch time - -349.40762
Epoch - 67 Train - 0.02449523835875696 Val - 0.02196104551072825 KLBeta - 0.0330000034 Epoch time - -349.18678
Epoch - 68 Train - 0.024767135171163263 Val - 0.022112260428680617 KLBeta - 0.0335000033 Epoch time - -349.13855
Epoch - 69 Train - 0.02504415765987954 Val - 0.02213234725746919 KLBeta - 0.0340000032 Epoch time - -349.27936
Epoch - 70 Train - 0.025049481388049747 Val - 0.022374123030088164 KLBeta - 0.0345000031 Epoch time - -349.33653
Epoch - 71 Train - 0.025268772532316772 Val - 0.022287624003365637 KLBeta - 0.035000003 Epoch time - -349.08886
Epoch - 72 Train - 0.025441889920638817 Val - 0.022927775995975196 KLBeta - 0.0355000029 Epoch time - -349.07291
Epoch - 73 Train - 0.02551527806614159 Val - 0.022888649940829387 KLBeta - 0.0360000028 Epoch time - -349.2415
Epoch - 1 Train - 0.7435378230506121 Val - 0.4029826461591503 KLBeta - 1e-08 Epoch time - -354.89189
Epoch - 2 Train - 0.3415548913444233 Val - 0.20923646536063065 KLBeta - 0.0005000099 Epoch time - -349.0545
Epoch - 3 Train - 0.2226671740939521 Val - 0.13893800748681479 KLBeta - 0.0010000098 Epoch time - -349.18916
Epoch - 4 Train - 0.1670637124189825 Val - 0.10141821854155174 KLBeta - 0.0015000096999999999 Epoch time - -349.15843
Epoch - 5 Train - 0.13237687579798277 Val - 0.08037560168992389 KLBeta - 0.0020000096 Epoch time - -348.92567
Epoch - 6 Train - 0.10895939417785466 Val - 0.06304766863415187 KLBeta - 0.0025000095 Epoch time - -348.91345
Epoch - 7 Train - 0.09208478719899149 Val - 0.052950744542547244 KLBeta - 0.0030000094 Epoch time - -349.13875
Epoch - 8 Train - 0.07991941287135235 Val - 0.04646386838602749 KLBeta - 0.0035000092999999998 Epoch time - -348.92836
Epoch - 9 Train - 0.07081691449263482 Val - 0.04100350194441324 KLBeta - 0.0040000092 Epoch time - -348.87015
Epoch - 10 Train - 0.06375292000182049 Val - 0.03904413520781831 KLBeta - 0.0045000091 Epoch time - -349.33574
Epoch - 11 Train - 0.05819999759527619 Val - 0.03484441397542303 KLBeta - 0.005000009 Epoch time - -350.61524
Epoch - 12 Train - 0.053748392595937756 Val - 0.03267337870784104 KLBeta - 0.0055000089 Epoch time - -349.17986
Epoch - 13 Train - 0.05026234793711943 Val - 0.03147859505208379 KLBeta - 0.0060000088 Epoch time - -349.16729
Epoch - 14 Train - 0.047128865315644725 Val - 0.02944292692382905 KLBeta - 0.0065000087 Epoch time - -349.15442
Epoch - 15 Train - 0.044612309741176144 Val - 0.02864760842428288 KLBeta - 0.0070000086 Epoch time - -348.93896
Epoch - 16 Train - 0.04249085874927014 Val - 0.02830719698897817 KLBeta - 0.0075000085 Epoch time - -348.97119
Epoch - 17 Train - 0.040604970539270924 Val - 0.02721044333566996 KLBeta - 0.0080000084 Epoch time - -348.97035
Epoch - 18 Train - 0.03923593171486499 Val - 0.026390709601004016 KLBeta - 0.008500008299999999 Epoch time - -349.15315
Epoch - 19 Train - 0.03760051893474855 Val - 0.026184254939752547 KLBeta - 0.0090000082 Epoch time - -349.07402
Epoch - 20 Train - 0.0362609278090825 Val - 0.02562981355427341 KLBeta - 0.0095000081 Epoch time - -349.04901
Epoch - 21 Train - 0.035039983372759036 Val - 0.02576881785115058 KLBeta - 0.010000008 Epoch time - -348.94175
Epoch - 22 Train - 0.03418316872734012 Val - 0.024347860747101633 KLBeta - 0.010500007899999999 Epoch time - -349.23964
Epoch - 23 Train - 0.03304433595680754 Val - 0.025095541474663398 KLBeta - 0.0110000078 Epoch time - -349.03437
Epoch - 24 Train - 0.03213581787046008 Val - 0.023907098144462166 KLBeta - 0.0115000077 Epoch time - -349.14607
Epoch - 25 Train - 0.031307709099480295 Val - 0.0228591966400431 KLBeta - 0.0120000076 Epoch time - -348.87901
Epoch - 26 Train - 0.030607134397282746 Val - 0.022450827333060176 KLBeta - 0.012500007499999998 Epoch time - -349.39056
Epoch - 27 Train - 0.029622169968324025 Val - 0.022840264473449102 KLBeta - 0.0130000074 Epoch time - -348.45657
Epoch - 28 Train - 0.028995656767257984 Val - 0.021770536552437325 KLBeta - 0.0135000073 Epoch time - -349.02475
Epoch - 29 Train - 0.02833452984088599 Val - 0.02129327857189558 KLBeta - 0.0140000072 Epoch time - -349.02189
Epoch - 30 Train - 0.02756140411248186 Val - 0.02136131668548015 KLBeta - 0.014500007099999998 Epoch time - -349.35449
Epoch - 31 Train - 0.027000829903879253 Val - 0.020954915559427304 KLBeta - 0.015000007 Epoch time - -349.29325
Epoch - 32 Train - 0.026521108870516823 Val - 0.020324846924367278 KLBeta - 0.0155000069 Epoch time - -349.17366
Epoch - 33 Train - 0.02578881332001677 Val - 0.020160171889107334 KLBeta - 0.0160000068 Epoch time - -349.2352
Epoch - 34 Train - 0.02543156562805778 Val - 0.01986591279591349 KLBeta - 0.0165000067 Epoch time - -348.58636
Epoch - 35 Train - 0.025017163647583336 Val - 0.019760865248231726 KLBeta - 0.0170000066 Epoch time - -349.19181
Epoch - 36 Train - 0.024499044304412573 Val - 0.019358791432089427 KLBeta - 0.0175000065 Epoch time - -348.63041
Epoch - 37 Train - 0.024382304006980528 Val - 0.020530919087204065 KLBeta - 0.0180000064 Epoch time - -348.69262
Epoch - 38 Train - 0.02389412392542293 Val - 0.01942639720456844 KLBeta - 0.0185000063 Epoch time - -349.09659
Epoch - 39 Train - 0.023699105982997952 Val - 0.01919370173815299 KLBeta - 0.019000006200000003 Epoch time - -349.35425
Epoch - 40 Train - 0.02346279914679025 Val - 0.018638519676063548 KLBeta - 0.0195000061 Epoch time - -349.08225
Epoch - 41 Train - 0.02331369647643331 Val - 0.019332688162103297 KLBeta - 0.020000006 Epoch time - -349.75453
Epoch - 42 Train - 0.023096592767596846 Val - 0.018816918367519975 KLBeta - 0.0205000059 Epoch time - -349.19439
Epoch - 43 Train - 0.022876909058635132 Val - 0.018712914823977786 KLBeta - 0.0210000058 Epoch time - -349.2513
Epoch - 44 Train - 0.02286976603838154 Val - 0.018798435136506506 KLBeta - 0.0215000057 Epoch time - -349.00186
Epoch - 45 Train - 0.02273791252560161 Val - 0.01890603703531352 KLBeta - 0.0220000056 Epoch time - -349.19766
Epoch - 46 Train - 0.022607544961037358 Val - 0.018796349693597718 KLBeta - 0.0225000055 Epoch time - -349.21859
Epoch - 47 Train - 0.022553960094228387 Val - 0.018720628101040016 KLBeta - 0.023000005400000002 Epoch time - -349.17878
Epoch - 48 Train - 0.02255809864904167 Val - 0.01886572260832922 KLBeta - 0.0235000053 Epoch time - -349.06581
Epoch - 49 Train - 0.022564614654020078 Val - 0.019230461709032007 KLBeta - 0.0240000052 Epoch time - -349.11034
Epoch - 50 Train - 0.042584940423304685 Val - 0.020713899585164407 KLBeta - 0.0245000051 Epoch time - -349.097
Epoch - 51 Train - 0.02400866492293926 Val - 0.01985731343738735 KLBeta - 0.025000005 Epoch time - -348.99131
Epoch - 52 Train - 0.02315363224849782 Val - 0.01968704752031375 KLBeta - 0.0255000049 Epoch time - -349.23348
Epoch - 53 Train - 0.023026843660633373 Val - 0.020216779791834675 KLBeta - 0.0260000048 Epoch time - -349.25727
Epoch - 54 Train - 0.0231989657435792 Val - 0.019883228275416928 KLBeta - 0.0265000047 Epoch time - -349.16564
Epoch - 55 Train - 0.023302586954745533 Val - 0.020151716153222053 KLBeta - 0.027000004600000002 Epoch time - -349.12148
Epoch - 56 Train - 0.023472218693826683 Val - 0.020030710240826012 KLBeta - 0.0275000045 Epoch time - -349.27245
Epoch - 57 Train - 0.023657024404824235 Val - 0.020644885255023837 KLBeta - 0.0280000044 Epoch time - -349.14495
Epoch - 58 Train - 0.023604982468120827 Val - 0.02061129688200625 KLBeta - 0.0285000043 Epoch time - -349.25436
Epoch - 59 Train - 0.023717030481614096 Val - 0.020077798460525546 KLBeta - 0.0290000042 Epoch time - -349.20051
Epoch - 60 Train - 0.023865816943027605 Val - 0.020617902499030935 KLBeta - 0.0295000041 Epoch time - -349.16975
Epoch - 61 Train - 0.023934160564753292 Val - 0.02074699611403048 KLBeta - 0.030000004 Epoch time - -348.92141
Epoch - 62 Train - 0.02401154223274477 Val - 0.020955420556393534 KLBeta - 0.0305000039 Epoch time - -349.25434
Epoch - 63 Train - 0.024073720690465032 Val - 0.021157245934856208 KLBeta - 0.031000003800000002 Epoch time - -349.16868
Epoch - 64 Train - 0.026714973413206715 Val - 0.0219966453500092 KLBeta - 0.0315000037 Epoch time - -349.43361
Epoch - 65 Train - 0.02383173426820173 Val - 0.020907214330509304 KLBeta - 0.0320000036 Epoch time - -349.23358
Epoch - 66 Train - 0.023893844920464535 Val - 0.02143969237804413 KLBeta - 0.0325000035 Epoch time - -349.38367
Epoch - 67 Train - 0.02448697735583692 Val - 0.021934741307896646 KLBeta - 0.0330000034 Epoch time - -349.12659
Epoch - 68 Train - 0.02477787439052881 Val - 0.022191667019135573 KLBeta - 0.0335000033 Epoch time - -349.15005
Epoch - 69 Train - 0.025009181348117766 Val - 0.022183704397387125 KLBeta - 0.0340000032 Epoch time - -349.26123
Epoch - 70 Train - 0.025061562469210288 Val - 0.0223921705968678 KLBeta - 0.0345000031 Epoch time - -349.35844
Epoch - 71 Train - 0.025314666922533452 Val - 0.02222071350128813 KLBeta - 0.035000003 Epoch time - -349.12092
Epoch - 72 Train - 0.025362601974565125 Val - 0.02291425261223181 KLBeta - 0.0355000029 Epoch time - -349.05051
Epoch - 73 Train - 0.025551221420461633 Val - 0.022958574202758344 KLBeta - 0.0360000028 Epoch time - -349.2249
Epoch - 1 Train - 0.7436307873539251 Val - 0.40397960706190633 KLBeta - 1e-08 Epoch time - -349.14556
Epoch - 2 Train - 0.34149388091055427 Val - 0.20990238416601315 KLBeta - 0.0005000099 Epoch time - -349.11849
Epoch - 3 Train - 0.22277226047308155 Val - 0.13967659175395966 KLBeta - 0.0010000098 Epoch time - -349.17453
Epoch - 4 Train - 0.16711364203706536 Val - 0.10208682682026517 KLBeta - 0.0015000096999999999 Epoch time - -349.10354
Epoch - 5 Train - 0.13230913079936396 Val - 0.08102426315573129 KLBeta - 0.0020000096 Epoch time - -348.94268
Epoch - 6 Train - 0.1089111717097988 Val - 0.06357423839243975 KLBeta - 0.0025000095 Epoch time - -348.94925
Epoch - 7 Train - 0.09207974539392373 Val - 0.05338427476923575 KLBeta - 0.0030000094 Epoch time - -349.11145
Epoch - 8 Train - 0.07983160584769917 Val - 0.04681355636566876 KLBeta - 0.0035000092999999998 Epoch time - -349.0259
Epoch - 9 Train - 0.07067145132412664 Val - 0.04123653357594528 KLBeta - 0.0040000092 Epoch time - -349.06484
Epoch - 10 Train - 0.06361614581799567 Val - 0.03919322140599516 KLBeta - 0.0045000091 Epoch time - -349.11592
Epoch - 11 Train - 0.058088600282754865 Val - 0.03500503774478354 KLBeta - 0.005000009 Epoch time - -349.19297
Epoch - 12 Train - 0.05365315426253911 Val - 0.03279249181293628 KLBeta - 0.0055000089 Epoch time - -349.07862
Epoch - 13 Train - 0.05031569940931719 Val - 0.03175106639550491 KLBeta - 0.0060000088 Epoch time - -349.14608
Epoch - 14 Train - 0.04712758228709601 Val - 0.02960603505542332 KLBeta - 0.0065000087 Epoch time - -349.03897
Epoch - 15 Train - 0.04468274786786148 Val - 0.02876733233305541 KLBeta - 0.0070000086 Epoch time - -349.05922
Epoch - 16 Train - 0.04247727590105073 Val - 0.028540429168126803 KLBeta - 0.0075000085 Epoch time - -348.99117
Epoch - 17 Train - 0.040652201097515044 Val - 0.0274585873184895 KLBeta - 0.0080000084 Epoch time - -348.95361
Epoch - 18 Train - 0.03917587468108971 Val - 0.02652729674750431 KLBeta - 0.008500008299999999 Epoch time - -349.11373
Epoch - 19 Train - 0.037569855143682974 Val - 0.026390894887630235 KLBeta - 0.0090000082 Epoch time - -349.01307
Epoch - 20 Train - 0.036267252677976335 Val - 0.025835993009704083 KLBeta - 0.0095000081 Epoch time - -349.00876
Epoch - 21 Train - 0.03503954118080061 Val - 0.025940687873993406 KLBeta - 0.010000008 Epoch time - -349.11015
Epoch - 22 Train - 0.034184194252722795 Val - 0.024511026150800964 KLBeta - 0.010500007899999999 Epoch time - -349.11636
Epoch - 23 Train - 0.032992046677761455 Val - 0.025223620887845757 KLBeta - 0.0110000078 Epoch time - -349.05847
Epoch - 24 Train - 0.03212605557413866 Val - 0.024066561418162154 KLBeta - 0.0115000077 Epoch time - -349.11696
Epoch - 25 Train - 0.03134216753098022 Val - 0.023014803091064094 KLBeta - 0.0120000076 Epoch time - -349.00145
Epoch - 26 Train - 0.030592078571160784 Val - 0.022603627319701693 KLBeta - 0.012500007499999998 Epoch time - -349.28733
Epoch - 27 Train - 0.02968443341581433 Val - 0.02291293211111968 KLBeta - 0.0130000074 Epoch time - -349.03894
Epoch - 28 Train - 0.029038710681006615 Val - 0.021874301033941182 KLBeta - 0.0135000073 Epoch time - -349.07937
Epoch - 29 Train - 0.028391202932430637 Val - 0.021438069722022522 KLBeta - 0.0140000072 Epoch time - -349.03544
Epoch - 30 Train - 0.02763888893997052 Val - 0.021463014143095774 KLBeta - 0.014500007099999998 Epoch time - -349.27007
Epoch - 31 Train - 0.027052165299766895 Val - 0.02113278481516648 KLBeta - 0.015000007 Epoch time - -349.21583
Epoch - 32 Train - 0.026502890065500533 Val - 0.02047882722267373 KLBeta - 0.0155000069 Epoch time - -349.29291
Epoch - 33 Train - 0.025868361166706592 Val - 0.020358348633586005 KLBeta - 0.0160000068 Epoch time - -349.17069
Epoch - 34 Train - 0.02539301616083266 Val - 0.019988170998509636 KLBeta - 0.0165000067 Epoch time - -349.13535
Epoch - 35 Train - 0.025080688444032058 Val - 0.01990227278914641 KLBeta - 0.0170000066 Epoch time - -349.21209
Epoch - 36 Train - 0.024516583918923078 Val - 0.0194539134983312 KLBeta - 0.0175000065 Epoch time - -349.14513
Epoch - 37 Train - 0.02435915035929418 Val - 0.020624883371320638 KLBeta - 0.0180000064 Epoch time - -349.24329
Epoch - 38 Train - 0.02390364662301962 Val - 0.019524720518595794 KLBeta - 0.0185000063 Epoch time - -349.11538
Epoch - 39 Train - 0.023657227985353933 Val - 0.019358989122239028 KLBeta - 0.019000006200000003 Epoch time - -349.33546
Epoch - 40 Train - 0.023471538943116262 Val - 0.018750640542500398 KLBeta - 0.0195000061 Epoch time - -349.15272
Epoch - 41 Train - 0.02330446806218889 Val - 0.01937663547525352 KLBeta - 0.020000006 Epoch time - -349.24039
Epoch - 42 Train - 0.023100297391000724 Val - 0.01886859479444948 KLBeta - 0.0205000059 Epoch time - -349.18794
Epoch - 43 Train - 0.022913583803620904 Val - 0.01880259935913438 KLBeta - 0.0210000058 Epoch time - -349.11683
Epoch - 44 Train - 0.02285578912923658 Val - 0.018864926721223377 KLBeta - 0.0215000057 Epoch time - -349.13224
Epoch - 45 Train - 0.022744175378760004 Val - 0.01904808920384808 KLBeta - 0.0220000056 Epoch time - -349.16522
Epoch - 46 Train - 0.022645537104137768 Val - 0.018960720338774 KLBeta - 0.0225000055 Epoch time - -349.17988
Epoch - 47 Train - 0.02258383112235202 Val - 0.018844090550291268 KLBeta - 0.023000005400000002 Epoch time - -349.16824
Epoch - 48 Train - 0.02256145255188599 Val - 0.018997913535515016 KLBeta - 0.0235000053 Epoch time - -349.06004
Epoch - 49 Train - 0.022553736372201733 Val - 0.019348869697106155 KLBeta - 0.0240000052 Epoch time - -349.15748
Epoch - 50 Train - 0.04241709727840968 Val - 0.020896973812275312 KLBeta - 0.0245000051 Epoch time - -349.08837
Epoch - 51 Train - 0.024016803241513597 Val - 0.019941461501135068 KLBeta - 0.025000005 Epoch time - -349.14209
Epoch - 52 Train - 0.023172917678914585 Val - 0.019796673428605905 KLBeta - 0.0255000049 Epoch time - -349.24036
Epoch - 53 Train - 0.02303081479092891 Val - 0.020301997610791163 KLBeta - 0.0260000048 Epoch time - -349.25888
Epoch - 54 Train - 0.023232793106198912 Val - 0.019982454184950753 KLBeta - 0.0265000047 Epoch time - -349.1426
Epoch - 55 Train - 0.023319178226526186 Val - 0.020230880303477698 KLBeta - 0.027000004600000002 Epoch time - -349.10814
Epoch - 56 Train - 0.023451210442704686 Val - 0.02023358152840625 KLBeta - 0.0275000045 Epoch time - -349.16924
Epoch - 57 Train - 0.023669728997041176 Val - 0.020762102187357166 KLBeta - 0.0280000044 Epoch time - -349.18897
Epoch - 58 Train - 0.023654645778746767 Val - 0.020735116468065164 KLBeta - 0.0285000043 Epoch time - -349.24052
Epoch - 59 Train - 0.023742980167570742 Val - 0.02031171985647895 KLBeta - 0.0290000042 Epoch time - -349.15396
Epoch - 60 Train - 0.02388282369568267 Val - 0.020821603226729414 KLBeta - 0.0295000041 Epoch time - -349.14128
Epoch - 61 Train - 0.023941363375916177 Val - 0.02093120214783333 KLBeta - 0.030000004 Epoch time - -349.19504
Epoch - 62 Train - 0.02403394785954269 Val - 0.021271986069835047 KLBeta - 0.0305000039 Epoch time - -349.17573
Epoch - 63 Train - 0.02412636931750434 Val - 0.021324252150952818 KLBeta - 0.031000003800000002 Epoch time - -349.29567
Epoch - 64 Train - 0.02670231600658912 Val - 0.02218257813629779 KLBeta - 0.0315000037 Epoch time - -349.29653
Epoch - 65 Train - 0.02382701441570364 Val - 0.021045304830609398 KLBeta - 0.0320000036 Epoch time - -349.29119
Epoch - 66 Train - 0.02398766596575804 Val - 0.021676114231178708 KLBeta - 0.0325000035 Epoch time - -349.28029
Epoch - 67 Train - 0.024455509357380147 Val - 0.02211813838644461 KLBeta - 0.0330000034 Epoch time - -349.21543
Epoch - 68 Train - 0.02477298339292633 Val - 0.02228486336005682 KLBeta - 0.0335000033 Epoch time - -349.13061
Epoch - 69 Train - 0.024973030085910602 Val - 0.02235608835365962 KLBeta - 0.0340000032 Epoch time - -349.26202
Epoch - 70 Train - 0.025064096693419895 Val - 0.022550503841855307 KLBeta - 0.0345000031 Epoch time - -349.31201
Epoch - 71 Train - 0.025288970899683506 Val - 0.02243823060257868 KLBeta - 0.035000003 Epoch time - -349.094
Epoch - 72 Train - 0.02537911176126488 Val - 0.023109102579341692 KLBeta - 0.0355000029 Epoch time - -349.06182
Epoch - 74 Train - 0.025694137043084462 Val - 0.02277681544338438 KLBeta - 0.0365000027 Epoch time - -349.08
Epoch - 74 Train - 0.025651500080100663 Val - 0.02286277472210879 KLBeta - 0.0365000027 Epoch time - -349.16008
Epoch - 74 Train - 0.02566486255764359 Val - 0.022771090946414253 KLBeta - 0.0365000027 Epoch time - -349.0805
Epoch - 74 Train - 0.025669785231972737 Val - 0.022938723773272197 KLBeta - 0.0365000027 Epoch time - -349.12104
Epoch - 75 Train - 0.026049467728877753 Val - 0.022814633104611525 KLBeta - 0.0370000026 Epoch time - -349.19554
Epoch - 75 Train - 0.02601378278599845 Val - 0.022872024164958437 KLBeta - 0.0370000026 Epoch time - -349.15496
Epoch - 75 Train - 0.02603407435053301 Val - 0.02289716024375097 KLBeta - 0.0370000026 Epoch time - -349.13698
Epoch - 75 Train - 0.026040874470984847 Val - 0.022909810525280506 KLBeta - 0.0370000026 Epoch time - -349.20148
Epoch - 76 Train - 0.025870639919256318 Val - 0.023431749705394564 KLBeta - 0.0375000025 Epoch time - -349.12635
Epoch - 76 Train - 0.025847158542448522 Val - 0.023255040509287606 KLBeta - 0.0375000025 Epoch time - -349.26461
Epoch - 76 Train - 0.025859474265157723 Val - 0.023384540519592437 KLBeta - 0.0375000025 Epoch time - -349.32883
Epoch - 76 Train - 0.025839382795748694 Val - 0.02346661885438318 KLBeta - 0.0375000025 Epoch time - -349.19579
Epoch - 77 Train - 0.026102526881496866 Val - 0.023407959874550053 KLBeta - 0.0380000024 Epoch time - -349.09974
Epoch - 77 Train - 0.026091752158515526 Val - 0.0233319942754778 KLBeta - 0.0380000024 Epoch time - -349.03093
Epoch - 77 Train - 0.02609928366163689 Val - 0.02335318597880277 KLBeta - 0.0380000024 Epoch time - -349.01154
Epoch - 77 Train - 0.02607696239714219 Val - 0.02348726818507368 KLBeta - 0.0380000024 Epoch time - -349.03525
Epoch - 78 Train - 0.026318214741544894 Val - 0.02349329830401323 KLBeta - 0.0385000023 Epoch time - -349.05923
Epoch - 78 Train - 0.026304232373344474 Val - 0.023459005372768096 KLBeta - 0.0385000023 Epoch time - -349.03192
Epoch - 78 Train - 0.02628261009748611 Val - 0.023403344625099135 KLBeta - 0.0385000023 Epoch time - -349.04031
Epoch - 78 Train - 0.026287931487001853 Val - 0.023553455066443848 KLBeta - 0.0385000023 Epoch time - -349.03351
Epoch - 79 Train - 0.026366861849421202 Val - 0.023642676167020746 KLBeta - 0.0390000022 Epoch time - -348.99808
Epoch - 79 Train - 0.02635753480952722 Val - 0.023532888090068645 KLBeta - 0.0390000022 Epoch time - -349.09534
Epoch - 79 Train - 0.026375242387123327 Val - 0.023504275790500365 KLBeta - 0.0390000022 Epoch time - -349.04455
Epoch - 79 Train - 0.026375112063580692 Val - 0.023676498484035788 KLBeta - 0.0390000022 Epoch time - -349.03785
Epoch - 80 Train - 0.02651560962331867 Val - 0.023672166377813983 KLBeta - 0.0395000021 Epoch time - -349.0207
Epoch - 80 Train - 0.02643458243751089 Val - 0.02383262690749358 KLBeta - 0.0395000021 Epoch time - -349.20089
Epoch - 80 Train - 0.02651206530781105 Val - 0.023716631531715392 KLBeta - 0.0395000021 Epoch time - -349.17518
Epoch - 80 Train - 0.026489045224952126 Val - 0.023901386296545913 KLBeta - 0.0395000021 Epoch time - -349.16908
Epoch - 81 Train - 0.026653790846937385 Val - 0.024706891665912487 KLBeta - 0.040000002 Epoch time - -349.25442
Epoch - 81 Train - 0.026665945803144513 Val - 0.024540598347613754 KLBeta - 0.040000002 Epoch time - -349.43959
Epoch - 81 Train - 0.026626549886464318 Val - 0.024558424437418583 KLBeta - 0.040000002 Epoch time - -349.29468
Epoch - 81 Train - 0.026613490014440484 Val - 0.024785721039568834 KLBeta - 0.040000002 Epoch time - -349.17166
Epoch - 82 Train - 0.026873388471119482 Val - 0.024206029996275902 KLBeta - 0.0405000019 Epoch time - -349.36742
Epoch - 82 Train - 0.026842346612947307 Val - 0.024100299010222606 KLBeta - 0.0405000019 Epoch time - -349.30972
Epoch - 82 Train - 0.026841198206606385 Val - 0.024066451001404362 KLBeta - 0.0405000019 Epoch time - -349.3097
Epoch - 82 Train - 0.026843650677156716 Val - 0.024246402419256886 KLBeta - 0.0405000019 Epoch time - -349.22941
Epoch - 83 Train - 0.026892147281423515 Val - 0.024723215396939356 KLBeta - 0.0410000018 Epoch time - -349.27445
Epoch - 83 Train - 0.02692715730612176 Val - 0.024619685540991754 KLBeta - 0.0410000018 Epoch time - -349.29287
Epoch - 83 Train - 0.026872133823450318 Val - 0.024645464046096265 KLBeta - 0.0410000018 Epoch time - -349.31167
Epoch - 83 Train - 0.02690900748811963 Val - 0.024808193954893133 KLBeta - 0.0410000018 Epoch time - -349.32286
Epoch - 84 Train - 0.02706310094070781 Val - 0.024352152607488364 KLBeta - 0.0415000017 Epoch time - -349.28596
Epoch - 84 Train - 0.02710047080087466 Val - 0.024306114221161065 KLBeta - 0.0415000017 Epoch time - -349.2758
Epoch - 84 Train - 0.02709608751659592 Val - 0.024274406814947726 KLBeta - 0.0415000017 Epoch time - -349.29799
Epoch - 84 Train - 0.02709977817298336 Val - 0.024366818901828746 KLBeta - 0.0415000017 Epoch time - -349.27782
Epoch - 85 Train - 0.027253635417237278 Val - 0.024424909812990916 KLBeta - 0.042000001599999996 Epoch time - -349.29079
Epoch - 85 Train - 0.02719229080272142 Val - 0.024517629109323025 KLBeta - 0.042000001599999996 Epoch time - -349.34543
cp: cannot create regular file '/home/srenaud/scratch/085_rnn-128_zinc.ckpt': File exists
Epoch - 85 Train - 0.027233255655514176 Val - 0.024485933331942013 KLBeta - 0.042000001599999996 Epoch time - -349.31044
Epoch - 85 Train - 0.027187378173976234 Val - 0.024546955331144007 KLBeta - 0.042000001599999996 Epoch time - -349.26892
Epoch - 86 Train - 0.027371979618652 Val - 0.024926371228965846 KLBeta - 0.0425000015 Epoch time - -349.19388
Epoch - 86 Train - 0.027396766000399086 Val - 0.024823325927453965 KLBeta - 0.0425000015 Epoch time - -349.2226
Epoch - 86 Train - 0.027377894450204845 Val - 0.024866922127760264 KLBeta - 0.0425000015 Epoch time - -348.98717
Epoch - 86 Train - 0.027384558854850406 Val - 0.02493644654750824 KLBeta - 0.0425000015 Epoch time - -349.27775
Epoch - 87 Train - 0.027592132334136453 Val - 0.02457941530103033 KLBeta - 0.0430000014 Epoch time - -349.24732
Epoch - 87 Train - 0.027601880924964343 Val - 0.024484153168106624 KLBeta - 0.0430000014 Epoch time - -349.27878
Epoch - 87 Train - 0.027568997327482907 Val - 0.0245282876347615 KLBeta - 0.0430000014 Epoch time - -349.20516
Epoch - 87 Train - 0.027564411324853398 Val - 0.024680444606664506 KLBeta - 0.0430000014 Epoch time - -349.23309
Epoch - 88 Train - 0.027626918890805104 Val - 0.02538646316494454 KLBeta - 0.0435000013 Epoch time - -349.17731
Epoch - 88 Train - 0.027655829671262337 Val - 0.02532234137285162 KLBeta - 0.0435000013 Epoch time - -349.1559
Epoch - 88 Train - 0.027651698963547296 Val - 0.0253272660118951 KLBeta - 0.0435000013 Epoch time - -349.1524
Epoch - 88 Train - 0.027610831700190144 Val - 0.025425557673654772 KLBeta - 0.0435000013 Epoch time - -349.17143
Epoch - 89 Train - 0.027807999284223027 Val - 0.02524673026478426 KLBeta - 0.0440000012 Epoch time - -349.13107
Epoch - 89 Train - 0.027876069083471195 Val - 0.0251094252971763 KLBeta - 0.0440000012 Epoch time - -349.18803
Epoch - 89 Train - 0.02788120224375767 Val - 0.025173861986364832 KLBeta - 0.0440000012 Epoch time - -349.21369
Epoch - 89 Train - 0.027893342269170618 Val - 0.025259206253527237 KLBeta - 0.0440000012 Epoch time - -349.14305
Epoch - 90 Train - 0.027940046550668403 Val - 0.025450020380826163 KLBeta - 0.0445000011 Epoch time - -348.93534
Epoch - 90 Train - 0.027962512460847695 Val - 0.02531404014761475 KLBeta - 0.0445000011 Epoch time - -349.02825
Epoch - 90 Train - 0.027914007118611472 Val - 0.02543749651786956 KLBeta - 0.0445000011 Epoch time - -349.00436
Epoch - 90 Train - 0.02789222663973994 Val - 0.025495453365147115 KLBeta - 0.0445000011 Epoch time - -349.0458
Epoch - 91 Train - 0.02809456211862841 Val - 0.025498276889662854 KLBeta - 0.045000001 Epoch time - -349.2238
Epoch - 91 Train - 0.028143658890210164 Val - 0.025397234041751784 KLBeta - 0.045000001 Epoch time - -349.13001
Epoch - 91 Train - 0.02811813670060024 Val - 0.025358302929353985 KLBeta - 0.045000001 Epoch time - -348.98816
Epoch - 91 Train - 0.02811406624757431 Val - 0.025473839654163877 KLBeta - 0.045000001 Epoch time - -349.06541
Epoch - 92 Train - 0.028217047621317284 Val - 0.025837719021365047 KLBeta - 0.0455000009 Epoch time - -349.21326
Epoch - 92 Train - 0.028264109327956435 Val - 0.025817442655732683 KLBeta - 0.0455000009 Epoch time - -349.19796
Epoch - 92 Train - 0.02825312557103432 Val - 0.025824475648220293 KLBeta - 0.0455000009 Epoch time - -349.23093
Epoch - 92 Train - 0.02826114485952815 Val - 0.02595668073150922 KLBeta - 0.0455000009 Epoch time - -349.22983
Epoch - 93 Train - 0.028361029627573014 Val - 0.025996320398355068 KLBeta - 0.0460000008 Epoch time - -349.18185
Epoch - 93 Train - 0.028437731074489124 Val - 0.025879019549624484 KLBeta - 0.0460000008 Epoch time - -349.21143
Epoch - 93 Train - 0.028375002525916158 Val - 0.025890780532393944 KLBeta - 0.0460000008 Epoch time - -349.24708
Epoch - 93 Train - 0.028420576816801022 Val - 0.026063068689439785 KLBeta - 0.0460000008 Epoch time - -349.25793
Epoch - 94 Train - 0.028544100971817213 Val - 0.025568253127858043 KLBeta - 0.0465000007 Epoch time - -349.22819
Epoch - 94 Train - 0.02854332188473582 Val - 0.025639997126365253 KLBeta - 0.0465000007 Epoch time - -349.28553
Epoch - 94 Train - 0.02854470048626565 Val - 0.02563349670645865 KLBeta - 0.0465000007 Epoch time - -349.22664
Epoch - 94 Train - 0.02855495933979524 Val - 0.025760858912359585 KLBeta - 0.0465000007 Epoch time - -349.18704
Epoch - 95 Train - 0.028640813203622596 Val - 0.02633393266746266 KLBeta - 0.0470000006 Epoch time - -349.01414
Epoch - 95 Train - 0.028697364097178883 Val - 0.026172183559868823 KLBeta - 0.0470000006 Epoch time - -349.04418
Epoch - 95 Train - 0.028722025880665338 Val - 0.026197298578071324 KLBeta - 0.0470000006 Epoch time - -349.05503
Epoch - 95 Train - 0.028707000463636535 Val - 0.02630467271347615 KLBeta - 0.0470000006 Epoch time - -349.04775
Epoch - 96 Train - 0.02877930630271257 Val - 0.025984693923965095 KLBeta - 0.0475000005 Epoch time - -349.06996
Epoch - 96 Train - 0.028748768896824033 Val - 0.026067151506008076 KLBeta - 0.0475000005 Epoch time - -349.15714
Epoch - 96 Train - 0.02879105389231082 Val - 0.0260294405658814 KLBeta - 0.0475000005 Epoch time - -349.10722
Epoch - 96 Train - 0.02880109641889129 Val - 0.02616207255897197 KLBeta - 0.0475000005 Epoch time - -349.13407
Epoch - 97 Train - 0.03361957931627679 Val - 0.026029259673404418 KLBeta - 0.0480000004 Epoch time - -349.15295
Epoch - 97 Train - 0.033569628537886524 Val - 0.026165642754428765 KLBeta - 0.0480000004 Epoch time - -349.15005
Epoch - 97 Train - 0.03359619052092912 Val - 0.026129809623076154 KLBeta - 0.0480000004 Epoch time - -349.12887
Epoch - 97 Train - 0.03365284924799896 Val - 0.02619242550466548 KLBeta - 0.0480000004 Epoch time - -349.10805
Epoch - 98 Train - 0.02854747430825926 Val - 0.026132500091228972 KLBeta - 0.0485000003 Epoch time - -349.00685
Epoch - 98 Train - 0.028580538263883102 Val - 0.026058222306892274 KLBeta - 0.0485000003 Epoch time - -349.1021
Epoch - 98 Train - 0.028593512175303665 Val - 0.026112640661780127 KLBeta - 0.0485000003 Epoch time - -349.12194
Epoch - 98 Train - 0.02857064056595919 Val - 0.02617619048634713 KLBeta - 0.0485000003 Epoch time - -349.07913
Epoch - 99 Train - 0.02886251868407308 Val - 0.026324979135427962 KLBeta - 0.0490000002 Epoch time - -349.00799
Epoch - 99 Train - 0.028784467878215238 Val - 0.026473978932269594 KLBeta - 0.0490000002 Epoch time - -349.11286
Epoch - 99 Train - 0.028802014163441282 Val - 0.02637864331376146 KLBeta - 0.0490000002 Epoch time - -349.03064
Epoch - 99 Train - 0.028813541957619367 Val - 0.026452776171605696 KLBeta - 0.0490000002 Epoch time - -349.10791
Epoch - 100 Train - 0.029172313224637144 Val - 0.026976185664534566 KLBeta - 0.0495000001 Epoch time - -349.12578
Epoch - 100 Train - 0.029247600646369686 Val - 0.02686612759716809 KLBeta - 0.0495000001 Epoch time - -349.18235
Epoch - 100 Train - 0.0292118098328097 Val - 0.02682330905967816 KLBeta - 0.0495000001 Epoch time - -349.18541
Epoch - 73 Train - 0.025496936691078272 Val - 0.022982780813154847 KLBeta - 0.0360000028 Epoch time - -349.17591
Epoch - 74 Train - 0.025651500080100663 Val - 0.02286277472210879 KLBeta - 0.0365000027 Epoch time - -349.16008
Epoch - 75 Train - 0.02601378278599845 Val - 0.022872024164958437 KLBeta - 0.0370000026 Epoch time - -349.15496
Epoch - 76 Train - 0.025870639919256318 Val - 0.023431749705394564 KLBeta - 0.0375000025 Epoch time - -349.12635
Epoch - 77 Train - 0.026102526881496866 Val - 0.023407959874550053 KLBeta - 0.0380000024 Epoch time - -349.09974
Epoch - 78 Train - 0.026318214741544894 Val - 0.02349329830401323 KLBeta - 0.0385000023 Epoch time - -349.05923
Epoch - 79 Train - 0.026366861849421202 Val - 0.023642676167020746 KLBeta - 0.0390000022 Epoch time - -348.99808
Epoch - 80 Train - 0.02643458243751089 Val - 0.02383262690749358 KLBeta - 0.0395000021 Epoch time - -349.20089
Epoch - 81 Train - 0.026653790846937385 Val - 0.024706891665912487 KLBeta - 0.040000002 Epoch time - -349.25442
Epoch - 82 Train - 0.026873388471119482 Val - 0.024206029996275902 KLBeta - 0.0405000019 Epoch time - -349.36742
Epoch - 83 Train - 0.026892147281423515 Val - 0.024723215396939356 KLBeta - 0.0410000018 Epoch time - -349.27445
Epoch - 84 Train - 0.02706310094070781 Val - 0.024352152607488364 KLBeta - 0.0415000017 Epoch time - -349.28596
Epoch - 85 Train - 0.02719229080272142 Val - 0.024517629109323025 KLBeta - 0.042000001599999996 Epoch time - -349.34543
Epoch - 86 Train - 0.027371979618652 Val - 0.024926371228965846 KLBeta - 0.0425000015 Epoch time - -349.19388
Epoch - 87 Train - 0.027592132334136453 Val - 0.02457941530103033 KLBeta - 0.0430000014 Epoch time - -349.24732
Epoch - 88 Train - 0.027626918890805104 Val - 0.02538646316494454 KLBeta - 0.0435000013 Epoch time - -349.17731
Epoch - 89 Train - 0.027807999284223027 Val - 0.02524673026478426 KLBeta - 0.0440000012 Epoch time - -349.13107
Epoch - 90 Train - 0.027940046550668403 Val - 0.025450020380826163 KLBeta - 0.0445000011 Epoch time - -348.93534
Epoch - 91 Train - 0.02809456211862841 Val - 0.025498276889662854 KLBeta - 0.045000001 Epoch time - -349.2238
Epoch - 92 Train - 0.028217047621317284 Val - 0.025837719021365047 KLBeta - 0.0455000009 Epoch time - -349.21326
Epoch - 93 Train - 0.028361029627573014 Val - 0.025996320398355068 KLBeta - 0.0460000008 Epoch time - -349.18185
Epoch - 94 Train - 0.02854332188473582 Val - 0.025639997126365253 KLBeta - 0.0465000007 Epoch time - -349.28553
Epoch - 95 Train - 0.028640813203622596 Val - 0.02633393266746266 KLBeta - 0.0470000006 Epoch time - -349.01414
Epoch - 96 Train - 0.028748768896824033 Val - 0.026067151506008076 KLBeta - 0.0475000005 Epoch time - -349.15714
Epoch - 97 Train - 0.033569628537886524 Val - 0.026165642754428765 KLBeta - 0.0480000004 Epoch time - -349.15005
Epoch - 98 Train - 0.02854747430825926 Val - 0.026132500091228972 KLBeta - 0.0485000003 Epoch time - -349.00685
Epoch - 99 Train - 0.028784467878215238 Val - 0.026473978932269594 KLBeta - 0.0490000002 Epoch time - -349.11286
Epoch - 100 Train - 0.029172313224637144 Val - 0.026976185664534566 KLBeta - 0.0495000001 Epoch time - -349.12578
Epoch - 73 Train - 0.02551090677005399 Val - 0.022802393273873765 KLBeta - 0.0360000028 Epoch time - -349.17053
Epoch - 74 Train - 0.025694137043084462 Val - 0.02277681544338438 KLBeta - 0.0365000027 Epoch time - -349.08
Epoch - 75 Train - 0.026049467728877753 Val - 0.022814633104611525 KLBeta - 0.0370000026 Epoch time - -349.19554
Epoch - 76 Train - 0.025847158542448522 Val - 0.023255040509287606 KLBeta - 0.0375000025 Epoch time - -349.26461
Epoch - 77 Train - 0.026091752158515526 Val - 0.0233319942754778 KLBeta - 0.0380000024 Epoch time - -349.03093
Epoch - 78 Train - 0.026304232373344474 Val - 0.023459005372768096 KLBeta - 0.0385000023 Epoch time - -349.03192
Epoch - 79 Train - 0.02635753480952722 Val - 0.023532888090068645 KLBeta - 0.0390000022 Epoch time - -349.09534
Epoch - 80 Train - 0.02651560962331867 Val - 0.023672166377813983 KLBeta - 0.0395000021 Epoch time - -349.0207
Epoch - 81 Train - 0.026665945803144513 Val - 0.024540598347613754 KLBeta - 0.040000002 Epoch time - -349.43959
Epoch - 82 Train - 0.026842346612947307 Val - 0.024100299010222606 KLBeta - 0.0405000019 Epoch time - -349.30972
Epoch - 83 Train - 0.02692715730612176 Val - 0.024619685540991754 KLBeta - 0.0410000018 Epoch time - -349.29287
Epoch - 84 Train - 0.02710047080087466 Val - 0.024306114221161065 KLBeta - 0.0415000017 Epoch time - -349.2758
Epoch - 85 Train - 0.027253635417237278 Val - 0.024424909812990916 KLBeta - 0.042000001599999996 Epoch time - -349.29079
Epoch - 86 Train - 0.027396766000399086 Val - 0.024823325927453965 KLBeta - 0.0425000015 Epoch time - -349.2226
Epoch - 87 Train - 0.027601880924964343 Val - 0.024484153168106624 KLBeta - 0.0430000014 Epoch time - -349.27878
Epoch - 88 Train - 0.027655829671262337 Val - 0.02532234137285162 KLBeta - 0.0435000013 Epoch time - -349.1559
Epoch - 89 Train - 0.027876069083471195 Val - 0.0251094252971763 KLBeta - 0.0440000012 Epoch time - -349.18803
Epoch - 90 Train - 0.027962512460847695 Val - 0.02531404014761475 KLBeta - 0.0445000011 Epoch time - -349.02825
Epoch - 91 Train - 0.028143658890210164 Val - 0.025397234041751784 KLBeta - 0.045000001 Epoch time - -349.13001
Epoch - 92 Train - 0.028264109327956435 Val - 0.025817442655732683 KLBeta - 0.0455000009 Epoch time - -349.19796
Epoch - 93 Train - 0.028437731074489124 Val - 0.025879019549624484 KLBeta - 0.0460000008 Epoch time - -349.21143
Epoch - 94 Train - 0.028544100971817213 Val - 0.025568253127858043 KLBeta - 0.0465000007 Epoch time - -349.22819
Epoch - 95 Train - 0.028697364097178883 Val - 0.026172183559868823 KLBeta - 0.0470000006 Epoch time - -349.04418
Epoch - 96 Train - 0.02877930630271257 Val - 0.025984693923965095 KLBeta - 0.0475000005 Epoch time - -349.06996
Epoch - 97 Train - 0.03361957931627679 Val - 0.026029259673404418 KLBeta - 0.0480000004 Epoch time - -349.15295
Epoch - 98 Train - 0.028580538263883102 Val - 0.026058222306892274 KLBeta - 0.0485000003 Epoch time - -349.1021
Epoch - 99 Train - 0.02886251868407308 Val - 0.026324979135427962 KLBeta - 0.0490000002 Epoch time - -349.00799
Epoch - 100 Train - 0.029247600646369686 Val - 0.02686612759716809 KLBeta - 0.0495000001 Epoch time - -349.18235
Epoch - 73 Train - 0.02551527806614159 Val - 0.022888649940829387 KLBeta - 0.0360000028 Epoch time - -349.2415
Epoch - 74 Train - 0.02566486255764359 Val - 0.022771090946414253 KLBeta - 0.0365000027 Epoch time - -349.0805
Epoch - 75 Train - 0.02603407435053301 Val - 0.02289716024375097 KLBeta - 0.0370000026 Epoch time - -349.13698
Epoch - 76 Train - 0.025859474265157723 Val - 0.023384540519592437 KLBeta - 0.0375000025 Epoch time - -349.32883
Epoch - 77 Train - 0.02609928366163689 Val - 0.02335318597880277 KLBeta - 0.0380000024 Epoch time - -349.01154
Epoch - 78 Train - 0.02628261009748611 Val - 0.023403344625099135 KLBeta - 0.0385000023 Epoch time - -349.04031
Epoch - 79 Train - 0.026375242387123327 Val - 0.023504275790500365 KLBeta - 0.0390000022 Epoch time - -349.04455
Epoch - 80 Train - 0.02651206530781105 Val - 0.023716631531715392 KLBeta - 0.0395000021 Epoch time - -349.17518
Epoch - 81 Train - 0.026626549886464318 Val - 0.024558424437418583 KLBeta - 0.040000002 Epoch time - -349.29468
Epoch - 82 Train - 0.026841198206606385 Val - 0.024066451001404362 KLBeta - 0.0405000019 Epoch time - -349.3097
Epoch - 83 Train - 0.026872133823450318 Val - 0.024645464046096265 KLBeta - 0.0410000018 Epoch time - -349.31167
Epoch - 84 Train - 0.02709608751659592 Val - 0.024274406814947726 KLBeta - 0.0415000017 Epoch time - -349.29799
Epoch - 85 Train - 0.027233255655514176 Val - 0.024485933331942013 KLBeta - 0.042000001599999996 Epoch time - -349.31044
Epoch - 86 Train - 0.027377894450204845 Val - 0.024866922127760264 KLBeta - 0.0425000015 Epoch time - -348.98717
Epoch - 87 Train - 0.027568997327482907 Val - 0.0245282876347615 KLBeta - 0.0430000014 Epoch time - -349.20516
Epoch - 88 Train - 0.027651698963547296 Val - 0.0253272660118951 KLBeta - 0.0435000013 Epoch time - -349.1524
Epoch - 89 Train - 0.02788120224375767 Val - 0.025173861986364832 KLBeta - 0.0440000012 Epoch time - -349.21369
Epoch - 90 Train - 0.027914007118611472 Val - 0.02543749651786956 KLBeta - 0.0445000011 Epoch time - -349.00436
Epoch - 91 Train - 0.02811813670060024 Val - 0.025358302929353985 KLBeta - 0.045000001 Epoch time - -348.98816
Epoch - 92 Train - 0.02825312557103432 Val - 0.025824475648220293 KLBeta - 0.0455000009 Epoch time - -349.23093
Epoch - 93 Train - 0.028375002525916158 Val - 0.025890780532393944 KLBeta - 0.0460000008 Epoch time - -349.24708
Epoch - 94 Train - 0.02854470048626565 Val - 0.02563349670645865 KLBeta - 0.0465000007 Epoch time - -349.22664
Epoch - 95 Train - 0.028722025880665338 Val - 0.026197298578071324 KLBeta - 0.0470000006 Epoch time - -349.05503
Epoch - 96 Train - 0.02879105389231082 Val - 0.0260294405658814 KLBeta - 0.0475000005 Epoch time - -349.10722
Epoch - 97 Train - 0.03359619052092912 Val - 0.026129809623076154 KLBeta - 0.0480000004 Epoch time - -349.12887
Epoch - 98 Train - 0.028593512175303665 Val - 0.026112640661780127 KLBeta - 0.0485000003 Epoch time - -349.12194
Epoch - 99 Train - 0.028802014163441282 Val - 0.02637864331376146 KLBeta - 0.0490000002 Epoch time - -349.03064
Epoch - 100 Train - 0.0292118098328097 Val - 0.02682330905967816 KLBeta - 0.0495000001 Epoch time - -349.18541
Epoch - 100 Train - 0.02920967613563243 Val - 0.026946321011266927 KLBeta - 0.0495000001 Epoch time - -349.09505
Epoch - 73 Train - 0.025551221420461633 Val - 0.022958574202758344 KLBeta - 0.0360000028 Epoch time - -349.2249
Epoch - 74 Train - 0.025669785231972737 Val - 0.022938723773272197 KLBeta - 0.0365000027 Epoch time - -349.12104
Epoch - 75 Train - 0.026040874470984847 Val - 0.022909810525280506 KLBeta - 0.0370000026 Epoch time - -349.20148
Epoch - 76 Train - 0.025839382795748694 Val - 0.02346661885438318 KLBeta - 0.0375000025 Epoch time - -349.19579
Epoch - 77 Train - 0.02607696239714219 Val - 0.02348726818507368 KLBeta - 0.0380000024 Epoch time - -349.03525
Epoch - 78 Train - 0.026287931487001853 Val - 0.023553455066443848 KLBeta - 0.0385000023 Epoch time - -349.03351
Epoch - 79 Train - 0.026375112063580692 Val - 0.023676498484035788 KLBeta - 0.0390000022 Epoch time - -349.03785
Epoch - 80 Train - 0.026489045224952126 Val - 0.023901386296545913 KLBeta - 0.0395000021 Epoch time - -349.16908
Epoch - 81 Train - 0.026613490014440484 Val - 0.024785721039568834 KLBeta - 0.040000002 Epoch time - -349.17166
Epoch - 82 Train - 0.026843650677156716 Val - 0.024246402419256886 KLBeta - 0.0405000019 Epoch time - -349.22941
Epoch - 83 Train - 0.02690900748811963 Val - 0.024808193954893133 KLBeta - 0.0410000018 Epoch time - -349.32286
Epoch - 84 Train - 0.02709977817298336 Val - 0.024366818901828746 KLBeta - 0.0415000017 Epoch time - -349.27782
Epoch - 85 Train - 0.027187378173976234 Val - 0.024546955331144007 KLBeta - 0.042000001599999996 Epoch time - -349.26892
Epoch - 86 Train - 0.027384558854850406 Val - 0.02493644654750824 KLBeta - 0.0425000015 Epoch time - -349.27775
Epoch - 87 Train - 0.027564411324853398 Val - 0.024680444606664506 KLBeta - 0.0430000014 Epoch time - -349.23309
Epoch - 88 Train - 0.027610831700190144 Val - 0.025425557673654772 KLBeta - 0.0435000013 Epoch time - -349.17143
Epoch - 89 Train - 0.027893342269170618 Val - 0.025259206253527237 KLBeta - 0.0440000012 Epoch time - -349.14305
Epoch - 90 Train - 0.02789222663973994 Val - 0.025495453365147115 KLBeta - 0.0445000011 Epoch time - -349.0458
Epoch - 91 Train - 0.02811406624757431 Val - 0.025473839654163877 KLBeta - 0.045000001 Epoch time - -349.06541
Epoch - 92 Train - 0.02826114485952815 Val - 0.02595668073150922 KLBeta - 0.0455000009 Epoch time - -349.22983
Epoch - 93 Train - 0.028420576816801022 Val - 0.026063068689439785 KLBeta - 0.0460000008 Epoch time - -349.25793
Epoch - 94 Train - 0.02855495933979524 Val - 0.025760858912359585 KLBeta - 0.0465000007 Epoch time - -349.18704
Epoch - 95 Train - 0.028707000463636535 Val - 0.02630467271347615 KLBeta - 0.0470000006 Epoch time - -349.04775
Epoch - 96 Train - 0.02880109641889129 Val - 0.02616207255897197 KLBeta - 0.0475000005 Epoch time - -349.13407
Epoch - 97 Train - 0.03365284924799896 Val - 0.02619242550466548 KLBeta - 0.0480000004 Epoch time - -349.10805
Epoch - 98 Train - 0.02857064056595919 Val - 0.02617619048634713 KLBeta - 0.0485000003 Epoch time - -349.07913
Epoch - 99 Train - 0.028813541957619367 Val - 0.026452776171605696 KLBeta - 0.0490000002 Epoch time - -349.10791
Epoch - 100 Train - 0.02920967613563243 Val - 0.026946321011266927 KLBeta - 0.0495000001 Epoch time - -349.09505
