created virtual environment CPython3.8.10.final.0-64 in 21102ms
  creator CPython3Posix(dest=/localscratch/srenaud.35893616.0/ENV, clear=False, global=False)
  seeder FromAppData(download=False, pip=latest, setuptools=latest, wheel=latest, via=copy, app_data_dir=/home/srenaud/.local/share/virtualenv/seed-app-data/v1.0.1)
  activators BashActivator,CShellActivator,FishActivator,PowerShellActivator,PythonActivator,XonshActivator
data
ENV
Ignoring pip: markers 'python_version < "3"' don't match your environment
Looking in links: /cvmfs/soft.computecanada.ca/custom/python/wheelhouse/gentoo/avx2, /cvmfs/soft.computecanada.ca/custom/python/wheelhouse/gentoo/generic, /cvmfs/soft.computecanada.ca/custom/python/wheelhouse/generic
Processing /cvmfs/soft.computecanada.ca/custom/python/wheelhouse/generic/torch-1.9.1+computecanada-cp38-cp38-linux_x86_64.whl
Processing /cvmfs/soft.computecanada.ca/custom/python/wheelhouse/generic/typing_extensions-4.2.0+computecanada-py3-none-any.whl
Installing collected packages: typing-extensions, torch
Successfully installed torch-1.9.1+computecanada typing-extensions-4.2.0+computecanada
Ignoring pip: markers 'python_version < "3"' don't match your environment
Looking in links: /cvmfs/soft.computecanada.ca/custom/python/wheelhouse/gentoo/avx2, /cvmfs/soft.computecanada.ca/custom/python/wheelhouse/gentoo/generic, /cvmfs/soft.computecanada.ca/custom/python/wheelhouse/generic
Processing /cvmfs/soft.computecanada.ca/custom/python/wheelhouse/generic/transvae-0.6.3+computecanada-py3-none-any.whl
Requirement already satisfied: torch in ./ENV/lib/python3.8/site-packages (from transvae) (1.9.1+computecanada)
Processing /cvmfs/soft.computecanada.ca/custom/python/wheelhouse/gentoo/generic/numpy-1.22.2+computecanada-cp38-cp38-linux_x86_64.whl
Processing /cvmfs/soft.computecanada.ca/custom/python/wheelhouse/generic/sklearn-0.0+computecanada-py2.py3-none-any.whl
Processing /cvmfs/soft.computecanada.ca/custom/python/wheelhouse/generic/seaborn-0.11.2+computecanada-py3-none-any.whl
Processing /cvmfs/soft.computecanada.ca/custom/python/wheelhouse/gentoo/generic/scipy-1.8.0+computecanada-cp38-cp38-linux_x86_64.whl
Processing /cvmfs/soft.computecanada.ca/custom/python/wheelhouse/gentoo/avx2/pandas-1.4.1+computecanada-cp38-cp38-linux_x86_64.whl
Processing /cvmfs/soft.computecanada.ca/custom/python/wheelhouse/gentoo/avx2/matplotlib-3.5.1+computecanada-cp38-cp38-linux_x86_64.whl
Requirement already satisfied: typing-extensions in ./ENV/lib/python3.8/site-packages (from torch->transvae) (4.2.0+computecanada)
Processing /cvmfs/soft.computecanada.ca/custom/python/wheelhouse/gentoo/generic/scikit_learn-1.0.2+computecanada-cp38-cp38-linux_x86_64.whl
Processing /cvmfs/soft.computecanada.ca/custom/python/wheelhouse/generic/pytz-2022.1+computecanada-py3-none-any.whl
Processing /cvmfs/soft.computecanada.ca/custom/python/wheelhouse/generic/python_dateutil-2.8.2+computecanada-py2.py3-none-any.whl
Collecting pyparsing>=2.2.1
  Using cached pyparsing-3.0.9-py3-none-any.whl (98 kB)
Processing /cvmfs/soft.computecanada.ca/custom/python/wheelhouse/generic/cycler-0.11.0+computecanada-py3-none-any.whl
Processing /cvmfs/soft.computecanada.ca/custom/python/wheelhouse/gentoo/avx2/Pillow-9.0.1+computecanada-cp38-cp38-linux_x86_64.whl
Processing /cvmfs/soft.computecanada.ca/custom/python/wheelhouse/generic/fonttools-4.33.3+computecanada-cp38-cp38-linux_x86_64.whl
Processing /cvmfs/soft.computecanada.ca/custom/python/wheelhouse/generic/packaging-21.3+computecanada-py3-none-any.whl
Processing /cvmfs/soft.computecanada.ca/custom/python/wheelhouse/gentoo/avx2/kiwisolver-1.3.2+computecanada-cp38-cp38-linux_x86_64.whl
Processing /cvmfs/soft.computecanada.ca/custom/python/wheelhouse/generic/threadpoolctl-3.1.0+computecanada-py3-none-any.whl
Processing /cvmfs/soft.computecanada.ca/custom/python/wheelhouse/generic/joblib-1.1.0+computecanada-py2.py3-none-any.whl
Processing /cvmfs/soft.computecanada.ca/custom/python/wheelhouse/generic/six-1.16.0+computecanada-py2.py3-none-any.whl
Installing collected packages: numpy, threadpoolctl, scipy, joblib, scikit-learn, sklearn, pytz, six, python-dateutil, pandas, pyparsing, cycler, pillow, fonttools, packaging, kiwisolver, matplotlib, seaborn, transvae
Successfully installed cycler-0.11.0+computecanada fonttools-4.33.3+computecanada joblib-1.1.0+computecanada kiwisolver-1.3.2+computecanada matplotlib-3.5.1+computecanada numpy-1.22.2+computecanada packaging-21.3+computecanada pandas-1.4.1+computecanada pillow-9.0.1+computecanada pyparsing-3.0.9 python-dateutil-2.8.2+computecanada pytz-2022.1+computecanada scikit-learn-1.0.2+computecanada scipy-1.8.0+computecanada seaborn-0.11.2+computecanada six-1.16.0+computecanada sklearn-0.0+computecanada threadpoolctl-3.1.0+computecanada transvae-0.6.3+computecanada
r0 master: cdr253.int.cedar.computecanada.ca
main function called /n
train_parser function called /n
train function called /n
parser model_init called /n
aae-128_peptide
aae-128_peptide
Epoch - 1 Train - 6.7774829007685184 Val - 10.3273331428829 KLBeta - 1e-08 Epoch time - -140.29042
Epoch - 2 Train - 10.512220672870937 Val - 10.502890131975475 KLBeta - 0.00016667663333333333 Epoch time - -139.84344
Epoch - 3 Train - 10.489702085915365 Val - 10.3793669970412 KLBeta - 0.00033334326666666666 Epoch time - -139.91982
Epoch - 4 Train - 10.651998137957172 Val - 10.643721040926481 KLBeta - 0.0005000099 Epoch time - -139.96129
Epoch - 5 Train - 10.876090863817616 Val - 10.901896925348984 KLBeta - 0.0006666765333333334 Epoch time - -139.65262
Epoch - 6 Train - 11.238547389444552 Val - 11.434949376081166 KLBeta - 0.0008333431666666667 Epoch time - -139.96724
Epoch - 7 Train - 11.694104708339038 Val - 11.799608873693566 KLBeta - 0.0010000098 Epoch time - -139.96838
Epoch - 8 Train - 12.218945210701541 Val - 12.545330759726072 KLBeta - 0.0011666764333333334 Epoch time - -139.79175
Epoch - 9 Train - 12.79647950122231 Val - 13.013992071151733 KLBeta - 0.0013333430666666666 Epoch time - -139.91297
Epoch - 10 Train - 13.414342422234384 Val - 13.554525569865579 KLBeta - 0.0015000096999999999 Epoch time - -139.81541
Epoch - 11 Train - 14.032971097450508 Val - 14.251875127616682 KLBeta - 0.0016666763333333333 Epoch time - -139.8346
Epoch - 12 Train - 14.667783163880047 Val - 14.905807780592065 KLBeta - 0.0018333429666666666 Epoch time - -139.8569
Epoch - 13 Train - 15.298504469426055 Val - 15.490946045047359 KLBeta - 0.0020000096 Epoch time - -139.88484
Epoch - 14 Train - 15.930165315929212 Val - 16.14298975467682 KLBeta - 0.0021666762333333333 Epoch time - -139.86301
Epoch - 15 Train - 16.562879871380957 Val - 16.72158043635519 KLBeta - 0.002333342866666667 Epoch time - -139.9265
Epoch - 16 Train - 17.196836873104697 Val - 17.434755971557216 KLBeta - 0.0025000095 Epoch time - -139.72294
Epoch - 17 Train - 17.832229601709468 Val - 18.06395252754814 KLBeta - 0.0026666761333333333 Epoch time - -139.91028
Epoch - 18 Train - 18.464345408113378 Val - 18.645459463721828 KLBeta - 0.0028333427666666668 Epoch time - -139.89121
Epoch - 19 Train - 19.097260288502042 Val - 19.29604189019454 KLBeta - 0.0030000094 Epoch time - -139.91285
Epoch - 20 Train - 19.702401321185263 Val - 19.85915774420688 KLBeta - 0.0031666760333333333 Epoch time - -139.89852
Epoch - 21 Train - 20.296871014331515 Val - 20.530648965584604 KLBeta - 0.0033333426666666667 Epoch time - -139.8842
Epoch - 22 Train - 20.883008815740283 Val - 20.925588507401315 KLBeta - 0.0035000092999999998 Epoch time - -139.87104
Epoch - 23 Train - 21.38947749294733 Val - 21.467718820822867 KLBeta - 0.0036666759333333332 Epoch time - -139.90608
Epoch - 24 Train - 21.899113662933047 Val - 22.01198623054906 KLBeta - 0.0038333425666666667 Epoch time - -139.9144
Epoch - 25 Train - 22.3501658721974 Val - 22.596220480768306 KLBeta - 0.0040000092 Epoch time - -139.90603
Epoch - 26 Train - 22.777156376524974 Val - 22.92613005010705 KLBeta - 0.004166675833333334 Epoch time - -139.9145
Epoch - 27 Train - 23.19370140527424 Val - 23.14712307327672 KLBeta - 0.004333342466666667 Epoch time - -139.82352
Epoch - 28 Train - 23.56863698833867 Val - 23.532075612168562 KLBeta - 0.0045000091 Epoch time - -139.86951
Epoch - 29 Train - 23.895809570425435 Val - 23.865090432919953 KLBeta - 0.004666675733333334 Epoch time - -139.89871
Epoch - 30 Train - 24.19616544403528 Val - 24.249860569050437 KLBeta - 0.004833342366666667 Epoch time - -139.91144
Epoch - 31 Train - 24.48179166567953 Val - 24.618804906543932 KLBeta - 0.005000009 Epoch time - -139.93458
Epoch - 32 Train - 24.68677877438696 Val - 24.800446378557307 KLBeta - 0.005166675633333334 Epoch time - -139.91986
Epoch - 33 Train - 24.848989648254292 Val - 24.872095961319772 KLBeta - 0.005333342266666667 Epoch time - -139.89586
Epoch - 34 Train - 25.08887423810206 Val - 25.068267000348943 KLBeta - 0.0055000089 Epoch time - -139.89733
Epoch - 35 Train - 25.1839198156407 Val - 25.010320952064113 KLBeta - 0.005666675533333334 Epoch time - -139.68736
Epoch - 36 Train - 25.367080930032227 Val - 25.411852052337245 KLBeta - 0.005833342166666667 Epoch time - -139.88375
Epoch - 37 Train - 25.456651566844236 Val - 25.573581789669237 KLBeta - 0.0060000088 Epoch time - -139.92097
Epoch - 38 Train - 25.502815754790056 Val - 25.52725186473445 KLBeta - 0.0061666754333333336 Epoch time - -139.81711
Epoch - 39 Train - 25.59004101784606 Val - 25.50428164632697 KLBeta - 0.006333342066666667 Epoch time - -139.92245
Epoch - 40 Train - 25.777011910551472 Val - 25.847585433407833 KLBeta - 0.0065000087 Epoch time - -139.79158
Epoch - 41 Train - 25.74719836366804 Val - 25.520933019487483 KLBeta - 0.0066666753333333335 Epoch time - -139.80552
Epoch - 42 Train - 25.83152985102252 Val - 25.871429901374015 KLBeta - 0.006833341966666667 Epoch time - -139.88117
Epoch - 43 Train - 25.858411123878078 Val - 25.868976003245304 KLBeta - 0.0070000086 Epoch time - -139.92109
Epoch - 44 Train - 26.03344594804864 Val - 25.974234166898224 KLBeta - 0.0071666752333333335 Epoch time - -139.91963
Epoch - 45 Train - 26.04721195760526 Val - 25.969078747849714 KLBeta - 0.0073333418666666665 Epoch time - -139.75406
Epoch - 46 Train - 26.063066248830996 Val - 25.746937977640254 KLBeta - 0.0075000085 Epoch time - -139.78142
Epoch - 47 Train - 26.046635491283315 Val - 26.150850553261606 KLBeta - 0.0076666751333333335 Epoch time - -139.75661
Epoch - 48 Train - 26.301473432465603 Val - 25.80974110804106 KLBeta - 0.007833341766666667 Epoch time - -139.72184
Epoch - 49 Train - 26.106208685197327 Val - 26.16118353918979 KLBeta - 0.0080000084 Epoch time - -139.92669
Epoch - 50 Train - 26.251531676242227 Val - 26.00332458395707 KLBeta - 0.008166675033333333 Epoch time - -139.82827
Epoch - 51 Train - 26.218916397345694 Val - 26.257003062649776 KLBeta - 0.008333341666666667 Epoch time - -139.86714
Epoch - 52 Train - 26.473181012429688 Val - 26.476130843162537 KLBeta - 0.0085000083 Epoch time - -139.90323
Epoch - 53 Train - 26.500508499772923 Val - 26.06482734178242 KLBeta - 0.008666674933333333 Epoch time - -139.79322
Epoch - 54 Train - 26.262138139260443 Val - 26.284210305464896 KLBeta - 0.008833341566666666 Epoch time - -139.80373
Epoch - 55 Train - 26.497057732782867 Val - 26.44724128120824 KLBeta - 0.0090000082 Epoch time - -139.84902
Epoch - 56 Train - 26.4302086751712 Val - 26.298720516656573 KLBeta - 0.009166674833333333 Epoch time - -139.84409
Epoch - 57 Train - 26.42951533355211 Val - 26.3550637019308 KLBeta - 0.009333341466666667 Epoch time - -139.78504
Epoch - 58 Train - 26.531633879009046 Val - 26.491190728388336 KLBeta - 0.0095000081 Epoch time - -139.79367
Epoch - 59 Train - 26.636578075195615 Val - 26.630751120416743 KLBeta - 0.009666674733333333 Epoch time - -139.89144
Epoch - 60 Train - 26.607176752466906 Val - 26.567318778288993 KLBeta - 0.009833341366666666 Epoch time - -139.86164
Epoch - 61 Train - 26.60746591812686 Val - 26.203063293507224 KLBeta - 0.010000008 Epoch time - -139.87277
Epoch - 62 Train - 26.43137919589093 Val - 26.438678452843114 KLBeta - 0.010166674633333333 Epoch time - -139.91103
Epoch - 63 Train - 26.67898691641657 Val - 26.92014787699047 KLBeta - 0.010333341266666667 Epoch time - -139.72674
Epoch - 64 Train - 26.79106262169386 Val - 26.577963088688097 KLBeta - 0.0105000079 Epoch time - -139.92052
Epoch - 65 Train - 26.727283813451464 Val - 26.691586124269588 KLBeta - 0.010666674533333333 Epoch time - -139.92521
Epoch - 66 Train - 26.77335900538846 Val - 26.545299812367087 KLBeta - 0.010833341166666666 Epoch time - -139.72743
Epoch - 67 Train - 26.640517559490707 Val - 26.562766671180725 KLBeta - 0.0110000078 Epoch time - -139.84567
Epoch - 68 Train - 26.724316542085848 Val - 26.668941792688873 KLBeta - 0.011166674433333334 Epoch time - -139.72477
Epoch - 69 Train - 26.797461073649558 Val - 26.605088378253736 KLBeta - 0.011333341066666667 Epoch time - -139.79237
Epoch - 70 Train - 26.688249209993764 Val - 26.693777385510895 KLBeta - 0.0115000077 Epoch time - -139.70795
Epoch - 71 Train - 26.872487797548896 Val - 26.835771422637137 KLBeta - 0.011666674333333333 Epoch time - -139.83564
Epoch - 72 Train - 26.969807990287478 Val - 26.83613946563319 KLBeta - 0.011833340966666666 Epoch time - -139.89604
Epoch - 73 Train - 26.827381595184928 Val - 26.683264475119742 KLBeta - 0.0120000076 Epoch time - -139.8619
Epoch - 74 Train - 26.818742322294337 Val - 26.782043143322593 KLBeta - 0.012166674233333334 Epoch time - -139.82375
Epoch - 75 Train - 26.87305217824484 Val - 26.79292597268757 KLBeta - 0.012333340866666667 Epoch time - -139.88978
Epoch - 76 Train - 26.979006812760705 Val - 26.943561691986886 KLBeta - 0.0125000075 Epoch time - -139.88619
Epoch - 77 Train - 27.108907381170674 Val - 27.056505805567692 KLBeta - 0.012666674133333333 Epoch time - -139.83748
Epoch - 78 Train - 27.028200474224594 Val - 27.211706387369258 KLBeta - 0.012833340766666666 Epoch time - -139.84975
Epoch - 79 Train - 26.831220335082005 Val - 26.75906880905754 KLBeta - 0.0130000074 Epoch time - -139.87248
Epoch - 80 Train - 26.947669677044217 Val - 26.880724662228634 KLBeta - 0.013166674033333334 Epoch time - -139.8631
Epoch - 81 Train - 27.0488260811881 Val - 26.985768236612017 KLBeta - 0.013333340666666667 Epoch time - -139.84024
Epoch - 82 Train - 26.994016168933165 Val - 26.81061634264494 KLBeta - 0.0135000073 Epoch time - -139.82186
Epoch - 83 Train - 26.960689822309895 Val - 26.9084403765829 KLBeta - 0.013666673933333333 Epoch time - -139.79663
Epoch - 84 Train - 27.067460163643485 Val - 27.02506515226866 KLBeta - 0.013833340566666666 Epoch time - -139.84904
Epoch - 85 Train - 27.154644878287066 Val - 27.357629437195627 KLBeta - 0.0140000072 Epoch time - -139.81254
Epoch - 86 Train - 27.216805887849706 Val - 27.161920070648193 KLBeta - 0.014166673833333334 Epoch time - -139.82629
Epoch - 87 Train - 27.130151828652934 Val - 26.920751747332123 KLBeta - 0.014333340466666667 Epoch time - -139.78976
Epoch - 88 Train - 27.058923043702777 Val - 27.009413098034106 KLBeta - 0.0145000071 Epoch time - -139.83886
Epoch - 89 Train - 27.06523966475537 Val - 26.968630665226986 KLBeta - 0.014666673733333333 Epoch time - -139.78978
Epoch - 90 Train - 27.129949161880894 Val - 27.107211909796064 KLBeta - 0.014833340366666666 Epoch time - -139.8606
Epoch - 91 Train - 27.233213584674033 Val - 27.13338866359309 KLBeta - 0.015000007 Epoch time - -139.80998
Epoch - 92 Train - 27.188954492932872 Val - 27.089124886613142 KLBeta - 0.015166673633333334 Epoch time - -139.73091
Epoch - 93 Train - 27.218014345357293 Val - 27.09970968648007 KLBeta - 0.015333340266666667 Epoch time - -139.81012
Epoch - 94 Train - 27.20594190453228 Val - 27.158017171056645 KLBeta - 0.0155000069 Epoch time - -139.71519
Epoch - 95 Train - 27.28043332695961 Val - 27.196192377492 KLBeta - 0.015666673533333335 Epoch time - -139.61845
Epoch - 96 Train - 27.322993190664995 Val - 27.214590210663644 KLBeta - 0.015833340166666668 Epoch time - -139.81408
Epoch - 97 Train - 27.267221660990465 Val - 26.992925474518223 KLBeta - 0.0160000068 Epoch time - -139.8368
Epoch - 98 Train - 27.07775404578761 Val - 27.009227144090755 KLBeta - 0.016166673433333334 Epoch time - -139.75227
Epoch - 99 Train - 27.19004209418046 Val - 27.15693644473427 KLBeta - 0.016333340066666667 Epoch time - -139.71028
Epoch - 100 Train - 27.282929414197017 Val - 27.229203839051095 KLBeta - 0.016500006700000003 Epoch time - -139.7389
Epoch - 101 Train - 27.361348825065715 Val - 27.32403023619401 KLBeta - 0.016666673333333337 Epoch time - -139.74095
Epoch - 102 Train - 27.384028271624917 Val - 27.276173547694558 KLBeta - 0.01683333996666667 Epoch time - -139.52741
Epoch - 103 Train - 27.385018243601447 Val - 27.287179444965563 KLBeta - 0.017000006600000003 Epoch time - -139.67023
Epoch - 104 Train - 27.199631251786883 Val - 27.010242462158203 KLBeta - 0.017166673233333336 Epoch time - -139.64541
Epoch - 105 Train - 27.16204977819794 Val - 27.140836439634626 KLBeta - 0.01733333986666667 Epoch time - -139.81609
Epoch - 106 Train - 27.277360241664084 Val - 27.240212522054975 KLBeta - 0.0175000065 Epoch time - -139.83846
Epoch - 107 Train - 27.375365036098582 Val - 27.319830950937774 KLBeta - 0.017666673133333335 Epoch time - -139.63088
Epoch - 108 Train - 27.458692815742996 Val - 27.391906154783147 KLBeta - 0.017833339766666668 Epoch time - -139.75262
Epoch - 109 Train - 27.50579056300615 Val - 27.70543515054803 KLBeta - 0.0180000064 Epoch time - -139.80353
Epoch - 110 Train - 27.545413950556203 Val - 27.423814648076107 KLBeta - 0.018166673033333334 Epoch time - -139.84837
Epoch - 111 Train - 27.404972626974708 Val - 27.401758633161847 KLBeta - 0.018333339666666667 Epoch time - -139.82241
Epoch - 112 Train - 27.285552901657002 Val - 27.21781845469224 KLBeta - 0.018500006300000003 Epoch time - -139.83735
Epoch - 113 Train - 27.34013404030549 Val - 27.6785337987699 KLBeta - 0.018666672933333336 Epoch time - -139.62999
Epoch - 114 Train - 27.34735800561152 Val - 27.18954967197619 KLBeta - 0.01883333956666667 Epoch time - -139.85766
Epoch - 115 Train - 27.271050180259504 Val - 27.206520262517426 KLBeta - 0.019000006200000003 Epoch time - -139.89387
Epoch - 116 Train - 27.340255389088078 Val - 27.30631424878773 KLBeta - 0.019166672833333336 Epoch time - -139.6861
Epoch - 117 Train - 27.421730523046694 Val - 27.395647714012547 KLBeta - 0.01933333946666667 Epoch time - -139.85213
Epoch - 118 Train - 27.511164247989655 Val - 27.427316452327528 KLBeta - 0.0195000061 Epoch time - -139.83085
Epoch - 119 Train - 27.503142096494372 Val - 27.434223451112445 KLBeta - 0.019666672733333335 Epoch time - -139.67984
Epoch - 120 Train - 27.502636059334403 Val - 27.41189939097354 KLBeta - 0.019833339366666668 Epoch time - -139.81272
Epoch - 121 Train - 27.492038232715505 Val - 27.429621809407283 KLBeta - 0.020000006 Epoch time - -139.71498
Epoch - 122 Train - 27.53827775622669 Val - 27.452585828931706 KLBeta - 0.020166672633333334 Epoch time - -139.62951
Epoch - 123 Train - 27.56450094674763 Val - 27.641373565322475 KLBeta - 0.020333339266666667 Epoch time - -139.8241
Epoch - 124 Train - 27.548899181579287 Val - 27.434507420188503 KLBeta - 0.020500005900000003 Epoch time - -139.66984
Epoch - 125 Train - 27.505126347667293 Val - 27.382013703647413 KLBeta - 0.020666672533333336 Epoch time - -139.81466
Epoch - 126 Train - 27.48154936025017 Val - 27.421843246409768 KLBeta - 0.02083333916666667 Epoch time - -139.64075
Epoch - 127 Train - 27.550860463004362 Val - 27.47165886979354 KLBeta - 0.021000005800000002 Epoch time - -139.79525
Epoch - 128 Train - 27.56703392769161 Val - 27.516277683408635 KLBeta - 0.021166672433333335 Epoch time - -139.79983
Epoch - 129 Train - 27.599734176146356 Val - 27.54363747019517 KLBeta - 0.02133333906666667 Epoch time - -139.85147
Epoch - 130 Train - 27.646327137947083 Val - 27.57347702352624 KLBeta - 0.0215000057 Epoch time - -139.86779
Epoch - 131 Train - 27.695750206708908 Val - 27.618608932746085 KLBeta - 0.021666672333333335 Epoch time - -139.79263
Epoch - 132 Train - 27.696201675816585 Val - 27.615488617043745 KLBeta - 0.021833338966666668 Epoch time - -139.80909
Epoch - 133 Train - 27.712394927677355 Val - 27.595609432772587 KLBeta - 0.0220000056 Epoch time - -139.85795
Epoch - 134 Train - 27.5326346002127 Val - 27.386541893607692 KLBeta - 0.022166672233333334 Epoch time - -139.85333
Epoch - 135 Train - 27.46963125624155 Val - 27.318215890934592 KLBeta - 0.02233333886666667 Epoch time - -139.84277
Epoch - 136 Train - 27.425968347411406 Val - 27.40837466089349 KLBeta - 0.022500005500000003 Epoch time - -139.86551
Epoch - 137 Train - 27.54716474131534 Val - 27.481640395365265 KLBeta - 0.022666672133333336 Epoch time - -139.84918
Epoch - 138 Train - 27.601408677665813 Val - 27.551787175630267 KLBeta - 0.02283333876666667 Epoch time - -139.8074
Epoch - 139 Train - 27.68116981261655 Val - 27.61139281799919 KLBeta - 0.023000005400000002 Epoch time - -139.83715
Epoch - 140 Train - 27.69843599357103 Val - 27.650389690148202 KLBeta - 0.023166672033333335 Epoch time - -139.81816
Epoch - 141 Train - 27.729022882486646 Val - 27.649037379967538 KLBeta - 0.02333333866666667 Epoch time - -139.70095
Epoch - 142 Train - 27.70799892199667 Val - 27.558577343037253 KLBeta - 0.0235000053 Epoch time - -139.8373
Epoch - 143 Train - 27.611945663627825 Val - 27.448927095061855 KLBeta - 0.023666671933333334 Epoch time - -139.83044
Epoch - 144 Train - 27.508495950385143 Val - 27.4373592702966 KLBeta - 0.023833338566666668 Epoch time - -139.83716
Epoch - 145 Train - 27.583946174696873 Val - 27.518369712327654 KLBeta - 0.0240000052 Epoch time - -139.74472
Epoch - 146 Train - 27.606908104921644 Val - 27.56157574528142 KLBeta - 0.024166671833333334 Epoch time - -139.83354
Epoch - 147 Train - 27.633807312501105 Val - 27.546369477322227 KLBeta - 0.02433333846666667 Epoch time - -139.82034
Epoch - 148 Train - 27.596821814775467 Val - 27.443175905629207 KLBeta - 0.024500005100000003 Epoch time - -139.80154
Epoch - 149 Train - 27.542593628168106 Val - 27.676724791526794 KLBeta - 0.024666671733333336 Epoch time - -139.85536
Epoch - 150 Train - 27.58948997447365 Val - 27.552634734856454 KLBeta - 0.02483333836666667 Epoch time - -139.85338
Epoch - 151 Train - 27.64523799168436 Val - 27.576704633863347 KLBeta - 0.025000005000000002 Epoch time - -139.77535
Epoch - 152 Train - 27.657564829838904 Val - 27.618656371769152 KLBeta - 0.025166671633333335 Epoch time - -139.88091
Epoch - 153 Train - 27.713431789686805 Val - 27.680429427247297 KLBeta - 0.02533333826666667 Epoch time - -139.83805
Epoch - 154 Train - 27.7776394439371 Val - 27.713200832668104 KLBeta - 0.0255000049 Epoch time - -139.8514
Epoch - 155 Train - 27.806552422674077 Val - 27.757712063036468 KLBeta - 0.025666671533333334 Epoch time - -139.8512
Epoch - 156 Train - 27.821683009988384 Val - 27.714410286200675 KLBeta - 0.025833338166666667 Epoch time - -139.75827
Epoch - 157 Train - 27.742798541721545 Val - 27.615819893385236 KLBeta - 0.0260000048 Epoch time - -139.84903
Epoch - 158 Train - 27.684831016942073 Val - 27.618434015073273 KLBeta - 0.026166671433333333 Epoch time - -139.84259
Epoch - 159 Train - 27.680907547473907 Val - 27.61189115047455 KLBeta - 0.02633333806666667 Epoch time - -139.86491
Epoch - 160 Train - 27.725565838186366 Val - 27.659636917867157 KLBeta - 0.026500004700000003 Epoch time - -139.83618
Epoch - 161 Train - 27.747878327181464 Val - 27.719895670288487 KLBeta - 0.026666671333333336 Epoch time - -139.81058
Epoch - 162 Train - 27.79118114239291 Val - 27.75160090546859 KLBeta - 0.02683333796666667 Epoch time - -139.83522
Epoch - 163 Train - 27.827923018681375 Val - 27.757837232790497 KLBeta - 0.027000004600000002 Epoch time - -139.84569
Epoch - 164 Train - 27.820172259682103 Val - 27.746935499341863 KLBeta - 0.027166671233333335 Epoch time - -139.85171
Epoch - 165 Train - 27.84555276444084 Val - 27.716934611922817 KLBeta - 0.027333337866666668 Epoch time - -139.75888
Epoch - 166 Train - 27.74217881968147 Val - 27.631958992857683 KLBeta - 0.0275000045 Epoch time - -139.88071
Epoch - 167 Train - 27.77763040128507 Val - 27.64856169098302 KLBeta - 0.027666671133333334 Epoch time - -139.83724
Epoch - 168 Train - 27.73852308329783 Val - 27.71259678037543 KLBeta - 0.027833337766666667 Epoch time - -139.87912
Epoch - 169 Train - 27.78544499842744 Val - 27.736058755924827 KLBeta - 0.0280000044 Epoch time - -139.8544
Epoch - 170 Train - 27.85810906949796 Val - 27.7917542583064 KLBeta - 0.028166671033333337 Epoch time - -139.87003
Epoch - 171 Train - 27.86937671115524 Val - 27.828607747429295 KLBeta - 0.02833333766666667 Epoch time - -139.86248
Epoch - 172 Train - 27.918087058945705 Val - 27.88270423914257 KLBeta - 0.028500004300000003 Epoch time - -139.8116
Epoch - 173 Train - 27.933125359447377 Val - 27.893424435665732 KLBeta - 0.028666670933333336 Epoch time - -139.8303
Epoch - 174 Train - 27.954330100824958 Val - 27.793337847057142 KLBeta - 0.02883333756666667 Epoch time - -139.82526
Epoch - 175 Train - 27.804155707359314 Val - 27.74760765778391 KLBeta - 0.029000004200000002 Epoch time - -139.86361
Epoch - 176 Train - 27.799947205342743 Val - 27.732427471562435 KLBeta - 0.029166670833333335 Epoch time - -139.81282
Epoch - 177 Train - 27.800602316856384 Val - 27.757752293034603 KLBeta - 0.029333337466666668 Epoch time - -139.83018
Epoch - 178 Train - 27.875685075395985 Val - 27.783451406579267 KLBeta - 0.0295000041 Epoch time - -139.85105
Epoch - 179 Train - 27.85945735009093 Val - 27.818867771249067 KLBeta - 0.029666670733333334 Epoch time - -139.8307
Epoch - 180 Train - 27.89765190607623 Val - 27.83173928762737 KLBeta - 0.029833337366666667 Epoch time - -139.83167
Epoch - 181 Train - 27.897473307032335 Val - 27.843692974040383 KLBeta - 0.030000004 Epoch time - -139.87821
Epoch - 182 Train - 27.796944497447264 Val - 28.492713363547075 KLBeta - 0.030166670633333337 Epoch time - -139.81026
Epoch - 183 Train - 27.66146091724697 Val - 27.6280455463811 KLBeta - 0.03033333726666667 Epoch time - -139.80612
Epoch - 184 Train - 27.735759314737823 Val - 27.70160692616513 KLBeta - 0.030500003900000003 Epoch time - -139.88219
Epoch - 185 Train - 27.781987797272834 Val - 27.758729696273804 KLBeta - 0.030666670533333336 Epoch time - -139.80483
Epoch - 186 Train - 27.844968908711483 Val - 27.817450837085122 KLBeta - 0.03083333716666667 Epoch time - -139.80551
Epoch - 187 Train - 27.91795683534522 Val - 27.873915597012168 KLBeta - 0.031000003800000002 Epoch time - -139.82257
Epoch - 188 Train - 27.93521621352748 Val - 27.91937124101739 KLBeta - 0.031166670433333335 Epoch time - -139.75119
Epoch - 189 Train - 28.034437272109482 Val - 27.91403945496208 KLBeta - 0.03133333706666667 Epoch time - -139.84337
Epoch - 190 Train - 27.95872723115118 Val - 27.85084683644144 KLBeta - 0.0315000037 Epoch time - -139.77072
Epoch - 191 Train - 27.9016704951462 Val - 27.860433810635616 KLBeta - 0.031666670333333334 Epoch time - -139.82785
Epoch - 192 Train - 27.92380817626652 Val - 27.879827474292956 KLBeta - 0.03183333696666667 Epoch time - -139.84604
Epoch - 193 Train - 27.956343986486132 Val - 27.91206769566787 KLBeta - 0.0320000036 Epoch time - -139.7676
Epoch - 194 Train - 27.963357818754094 Val - 27.928416220765364 KLBeta - 0.03216667023333333 Epoch time - -139.84879
Epoch - 195 Train - 27.984918686904404 Val - 27.931917579550493 KLBeta - 0.032333336866666666 Epoch time - -139.86604
Epoch - 196 Train - 28.001295822231395 Val - 27.96309935419183 KLBeta - 0.0325000035 Epoch time - -139.96268
Epoch - 197 Train - 28.011887647603686 Val - 27.984759914247615 KLBeta - 0.03266667013333333 Epoch time - -140.06038
Epoch - 198 Train - 28.036197489813755 Val - 28.011092731827183 KLBeta - 0.032833336766666665 Epoch time - -140.03551
Epoch - 199 Train - 28.103045783544843 Val - 27.990138524457027 KLBeta - 0.033000003400000005 Epoch time - -140.05866
Epoch - 200 Train - 28.053005402025423 Val - 27.988875815742894 KLBeta - 0.03316667003333334 Epoch time - -140.05927
Epoch - 201 Train - 28.003346556111385 Val - 27.791732085378545 KLBeta - 0.03333333666666667 Epoch time - -140.08739
Epoch - 202 Train - 27.767022051309283 Val - 27.657749602669163 KLBeta - 0.033500003300000004 Epoch time - -140.04635
Epoch - 203 Train - 27.739146740813005 Val - 27.69954894718371 KLBeta - 0.03366666993333334 Epoch time - -140.07432
Epoch - 204 Train - 27.788654396408482 Val - 27.771481758669804 KLBeta - 0.03383333656666667 Epoch time - -140.15864
Epoch - 205 Train - 27.85120289106118 Val - 27.83865853359825 KLBeta - 0.034000003200000004 Epoch time - -140.17356
Epoch - 206 Train - 27.922649206299532 Val - 27.87209109256142 KLBeta - 0.03416666983333334 Epoch time - -140.16826
Epoch - 207 Train - 27.990876939735916 Val - 27.94375765323639 KLBeta - 0.03433333646666667 Epoch time - -140.13427
Epoch - 208 Train - 28.004888600424717 Val - 27.973906586044713 KLBeta - 0.0345000031 Epoch time - -140.1467
Epoch - 209 Train - 28.037569216991727 Val - 28.01074753309551 KLBeta - 0.034666669733333336 Epoch time - -140.14866
Epoch - 210 Train - 28.069830180783022 Val - 28.034122002752202 KLBeta - 0.03483333636666667 Epoch time - -140.12091
Epoch - 211 Train - 28.0864076002648 Val - 28.043350144436484 KLBeta - 0.035000003 Epoch time - -140.12308
Epoch - 212 Train - 28.11471644828194 Val - 27.950105102438677 KLBeta - 0.035166669633333335 Epoch time - -140.15774
Epoch - 213 Train - 28.023001619075472 Val - 27.893772457775317 KLBeta - 0.03533333626666667 Epoch time - -140.08009
Epoch - 214 Train - 27.951707866631057 Val - 28.002093001415854 KLBeta - 0.0355000029 Epoch time - -140.11107
Epoch - 215 Train - 27.96254952487193 Val - 27.930159901317797 KLBeta - 0.035666669533333334 Epoch time - -140.15651
Epoch - 216 Train - 28.005420245622332 Val - 27.973853255573072 KLBeta - 0.03583333616666667 Epoch time - -140.09919
Epoch - 217 Train - 28.023212440704043 Val - 27.99411284296136 KLBeta - 0.0360000028 Epoch time - -140.19628
Epoch - 218 Train - 28.038986744065035 Val - 27.99981270965777 KLBeta - 0.03616666943333333 Epoch time - -140.16225
Epoch - 219 Train - 28.065699007950332 Val - 28.04457643784975 KLBeta - 0.036333336066666666 Epoch time - -140.14885
Epoch - 220 Train - 28.10853395493407 Val - 28.0764694025642 KLBeta - 0.0365000027 Epoch time - -140.17789
Epoch - 221 Train - 28.121394199760335 Val - 28.108037346287777 KLBeta - 0.03666666933333333 Epoch time - -140.1683
Epoch - 222 Train - 28.155248598048562 Val - 28.126615292147587 KLBeta - 0.036833335966666665 Epoch time - -140.16503
Epoch - 223 Train - 28.176733887509297 Val - 28.14520275592804 KLBeta - 0.037000002600000005 Epoch time - -140.18115
Epoch - 224 Train - 28.181207514122914 Val - 28.1337963719117 KLBeta - 0.03716666923333334 Epoch time - -140.14038
Epoch - 225 Train - 28.204375737591793 Val - 28.089708434908015 KLBeta - 0.03733333586666667 Epoch time - -140.12886
Epoch - 226 Train - 27.982242367769544 Val - 27.860766561407793 KLBeta - 0.037500002500000004 Epoch time - -140.18399
Epoch - 227 Train - 27.91814255871271 Val - 27.84354391223506 KLBeta - 0.03766666913333334 Epoch time - -140.1872
Epoch - 228 Train - 27.874644425354507 Val - 27.848282123866834 KLBeta - 0.03783333576666667 Epoch time - -140.14914
Epoch - 229 Train - 27.88871836034875 Val - 27.862772985508567 KLBeta - 0.0380000024 Epoch time - -140.18507
Epoch - 230 Train - 27.94511072572909 Val - 27.910543586078443 KLBeta - 0.038166669033333336 Epoch time - -140.1611
Epoch - 231 Train - 27.990024941532237 Val - 28.846517456205266 KLBeta - 0.03833333566666667 Epoch time - -140.18745
Epoch - 232 Train - 28.020259861883364 Val - 28.004926041552896 KLBeta - 0.0385000023 Epoch time - -140.17468
Epoch - 233 Train - 28.05240945125881 Val - 28.038525964084425 KLBeta - 0.038666668933333335 Epoch time - -140.18946
Epoch - 234 Train - 28.082099787498777 Val - 28.063118815422058 KLBeta - 0.03883333556666667 Epoch time - -140.19065
Epoch - 235 Train - 28.11389765457103 Val - 28.106686761504726 KLBeta - 0.0390000022 Epoch time - -140.1491
Epoch - 236 Train - 28.13934832497647 Val - 28.11222159235101 KLBeta - 0.039166668833333335 Epoch time - -140.05864
Epoch - 237 Train - 28.169820714938012 Val - 28.145944858852186 KLBeta - 0.03933333546666667 Epoch time - -140.17623
Epoch - 238 Train - 28.173448005789204 Val - 28.1517845204002 KLBeta - 0.0395000021 Epoch time - -140.10417
Epoch - 239 Train - 28.187761970256503 Val - 28.154411730013397 KLBeta - 0.039666668733333334 Epoch time - -140.18635
Epoch - 240 Train - 28.201252883986424 Val - 28.18425903194829 KLBeta - 0.03983333536666667 Epoch time - -140.17526
Epoch - 241 Train - 28.20947443340954 Val - 28.17855424002597 KLBeta - 0.040000002 Epoch time - -140.14604
Epoch - 242 Train - 28.24021203266947 Val - 28.196130344742222 KLBeta - 0.04016666863333333 Epoch time - -140.10561
Epoch - 243 Train - 28.214459370625647 Val - 28.18865111627077 KLBeta - 0.040333335266666666 Epoch time - -140.15136
Epoch - 244 Train - 28.321061611175537 Val - 28.13316628180052 KLBeta - 0.0405000019 Epoch time - -140.1127
Epoch - 245 Train - 28.081972147289076 Val - 28.012101066739934 KLBeta - 0.04066666853333333 Epoch time - -140.09469
Epoch - 246 Train - 28.061476415709446 Val - 28.05251429582897 KLBeta - 0.04083333516666667 Epoch time - -140.05768
Epoch - 247 Train - 28.07021119876912 Val - 28.063929984444066 KLBeta - 0.041000001800000005 Epoch time - -139.85452
Epoch - 248 Train - 28.112942510529567 Val - 28.086597762609784 KLBeta - 0.04116666843333334 Epoch time - -140.04932
Epoch - 249 Train - 28.13801514945532 Val - 28.129760146141052 KLBeta - 0.04133333506666667 Epoch time - -140.06495
Epoch - 250 Train - 28.179461352135007 Val - 28.167006134986877 KLBeta - 0.041500001700000004 Epoch time - -140.04886
Epoch - 251 Train - 28.19253056770877 Val - 28.176905073617633 KLBeta - 0.04166666833333334 Epoch time - -140.05418
Epoch - 252 Train - 28.17127588391304 Val - 28.00402245396062 KLBeta - 0.04183333496666667 Epoch time - -140.06892
Epoch - 253 Train - 28.06817366104377 Val - 27.979997998789738 KLBeta - 0.0420000016 Epoch time - -140.0284
Epoch - 254 Train - 28.014882208485353 Val - 28.031180984095524 KLBeta - 0.042166668233333336 Epoch time - -140.03219
Epoch - 255 Train - 28.074032022764808 Val - 28.062435150146484 KLBeta - 0.04233333486666667 Epoch time - -140.08599
Epoch - 256 Train - 28.093822554538125 Val - 28.099038688760054 KLBeta - 0.0425000015 Epoch time - -140.00988
Epoch - 257 Train - 28.17136104640208 Val - 28.14250341214632 KLBeta - 0.042666668133333335 Epoch time - -140.05176
Epoch - 258 Train - 28.166949513711426 Val - 28.160629554798728 KLBeta - 0.04283333476666667 Epoch time - -140.09617
Epoch - 259 Train - 28.230839321487828 Val - 28.17951443948244 KLBeta - 0.0430000014 Epoch time - -140.0904
Epoch - 260 Train - 28.176436320731515 Val - 28.135432713910152 KLBeta - 0.043166668033333334 Epoch time - -140.08984
Epoch - 261 Train - 28.13307462554229 Val - 28.11179587088133 KLBeta - 0.04333333466666667 Epoch time - -140.08807
Epoch - 262 Train - 28.32180564654501 Val - 28.061450782575104 KLBeta - 0.0435000013 Epoch time - -140.10412
Epoch - 263 Train - 28.066375089319127 Val - 28.047354459762573 KLBeta - 0.043666667933333334 Epoch time - -140.09357
Epoch - 264 Train - 28.121371962522204 Val - 28.074204306853446 KLBeta - 0.04383333456666667 Epoch time - -140.08834
Epoch - 265 Train - 28.120893302716706 Val - 28.12248526748858 KLBeta - 0.0440000012 Epoch time - -140.12192
Epoch - 266 Train - 28.16067104904275 Val - 28.154890436875192 KLBeta - 0.04416666783333333 Epoch time - -140.05215
Epoch - 267 Train - 28.196078138916118 Val - 28.209072119311283 KLBeta - 0.044333334466666666 Epoch time - -140.08269
Epoch - 268 Train - 28.448722073906346 Val - 28.236843366371957 KLBeta - 0.0445000011 Epoch time - -140.01283
Epoch - 269 Train - 28.260841708434256 Val - 28.262123710230778 KLBeta - 0.04466666773333334 Epoch time - -140.10552
Epoch - 270 Train - 28.287517428398132 Val - 28.293775702777662 KLBeta - 0.04483333436666667 Epoch time - -140.09039
Epoch - 271 Train - 28.31129921266907 Val - 28.307205589194048 KLBeta - 0.045000001000000005 Epoch time - -140.0786
Epoch - 272 Train - 28.33738573444517 Val - 28.31678398659355 KLBeta - 0.04516666763333334 Epoch time - -140.08156
Epoch - 273 Train - 28.3316419187345 Val - 28.310092179398787 KLBeta - 0.04533333426666667 Epoch time - -140.05014
Epoch - 274 Train - 28.272595741246874 Val - 28.029433250427246 KLBeta - 0.045500000900000004 Epoch time - -140.08097
Epoch - 275 Train - 27.97047147625371 Val - 27.90621413055219 KLBeta - 0.04566666753333334 Epoch time - -140.07693
Epoch - 276 Train - 27.939415956798353 Val - 27.92725021588175 KLBeta - 0.04583333416666667 Epoch time - -140.09241
Epoch - 277 Train - 27.96923359130558 Val - 27.952645188883732 KLBeta - 0.0460000008 Epoch time - -140.07316
Epoch - 278 Train - 28.004088011227157 Val - 28.004621524559823 KLBeta - 0.046166667433333336 Epoch time - -140.10013
Epoch - 279 Train - 28.043664174644572 Val - 28.127341784928973 KLBeta - 0.04633333406666667 Epoch time - -140.04459
Epoch - 280 Train - 28.10207867465521 Val - 28.0900895721034 KLBeta - 0.0465000007 Epoch time - -140.07708
Epoch - 281 Train - 28.12318341041866 Val - 28.13160927044718 KLBeta - 0.046666667333333335 Epoch time - -140.0801
Epoch - 282 Train - 28.211035751982738 Val - 28.166039617438067 KLBeta - 0.04683333396666667 Epoch time - -140.10234
Epoch - 283 Train - 28.189100985464297 Val - 28.199165275222377 KLBeta - 0.0470000006 Epoch time - -140.09452
Epoch - 284 Train - 28.2146257773826 Val - 28.2092132191909 KLBeta - 0.047166667233333334 Epoch time - -140.11005
Epoch - 285 Train - 28.21897245865119 Val - 28.213794570220145 KLBeta - 0.04733333386666667 Epoch time - -140.0811
Epoch - 286 Train - 28.27937546999831 Val - 28.22983171437916 KLBeta - 0.0475000005 Epoch time - -140.06078
Epoch - 287 Train - 28.238494026033504 Val - 28.22809067525362 KLBeta - 0.04766666713333333 Epoch time - -140.09928
Epoch - 288 Train - 28.237936350860092 Val - 28.229030722065975 KLBeta - 0.047833333766666666 Epoch time - -140.08945
Epoch - 289 Train - 28.231595360919048 Val - 28.209558706534537 KLBeta - 0.0480000004 Epoch time - -140.10817
Epoch - 290 Train - 28.211939981109218 Val - 29.365238308906555 KLBeta - 0.04816666703333333 Epoch time - -140.06629
Epoch - 291 Train - 28.155974148135435 Val - 28.101008810495074 KLBeta - 0.048333333666666665 Epoch time - -140.03495
Epoch - 292 Train - 28.09524238737006 Val - 28.084869416136492 KLBeta - 0.048500000300000005 Epoch time - -140.0932
Epoch - 293 Train - 28.101906163127797 Val - 28.09398987418727 KLBeta - 0.04866666693333334 Epoch time - -140.04404
Epoch - 294 Train - 28.175033633646212 Val - 28.119154233681527 KLBeta - 0.04883333356666667 Epoch time - -140.11287
Epoch - 295 Train - 28.14515746580927 Val - 28.170187868570025 KLBeta - 0.049000000200000005 Epoch time - -140.08777
Epoch - 296 Train - 28.190658109752757 Val - 28.188370591715763 KLBeta - 0.04916666683333334 Epoch time - -140.06607
Epoch - 297 Train - 28.19681231128542 Val - 28.209463213619433 KLBeta - 0.04933333346666667 Epoch time - -140.09148
Epoch - 298 Train - 28.224780694434518 Val - 28.212205924485858 KLBeta - 0.049500000100000004 Epoch time - -140.02773
Epoch - 299 Train - 28.24412795273881 Val - 28.194268465042114 KLBeta - 0.04966666673333334 Epoch time - -138.93989
Epoch - 300 Train - 28.22078616838706 Val - 28.1974507507525 KLBeta - 0.04983333336666667 Epoch time - -139.99931
