created virtual environment CPython3.8.10.final.0-64 in 16588ms
  creator CPython3Posix(dest=/localscratch/srenaud.35982292.0/ENV, clear=False, global=False)
  seeder FromAppData(download=False, pip=latest, setuptools=latest, wheel=latest, via=copy, app_data_dir=/home/srenaud/.local/share/virtualenv/seed-app-data/v1.0.1)
  activators BashActivator,CShellActivator,FishActivator,PowerShellActivator,PythonActivator,XonshActivator
data
ENV
Ignoring pip: markers 'python_version < "3"' don't match your environment
Looking in links: /cvmfs/soft.computecanada.ca/custom/python/wheelhouse/gentoo/avx2, /cvmfs/soft.computecanada.ca/custom/python/wheelhouse/gentoo/generic, /cvmfs/soft.computecanada.ca/custom/python/wheelhouse/generic
Processing /cvmfs/soft.computecanada.ca/custom/python/wheelhouse/generic/torch-1.9.1+computecanada-cp38-cp38-linux_x86_64.whl
Processing /cvmfs/soft.computecanada.ca/custom/python/wheelhouse/generic/typing_extensions-4.2.0+computecanada-py3-none-any.whl
Installing collected packages: typing-extensions, torch
Successfully installed torch-1.9.1+computecanada typing-extensions-4.2.0+computecanada
Ignoring pip: markers 'python_version < "3"' don't match your environment
Looking in links: /cvmfs/soft.computecanada.ca/custom/python/wheelhouse/gentoo/avx2, /cvmfs/soft.computecanada.ca/custom/python/wheelhouse/gentoo/generic, /cvmfs/soft.computecanada.ca/custom/python/wheelhouse/generic
Processing /cvmfs/soft.computecanada.ca/custom/python/wheelhouse/generic/transvae-0.6.3+computecanada-py3-none-any.whl
Processing /cvmfs/soft.computecanada.ca/custom/python/wheelhouse/generic/seaborn-0.11.2+computecanada-py3-none-any.whl
Requirement already satisfied: torch in ./ENV/lib/python3.8/site-packages (from transvae) (1.9.1+computecanada)
Processing /cvmfs/soft.computecanada.ca/custom/python/wheelhouse/gentoo/generic/scipy-1.8.0+computecanada-cp38-cp38-linux_x86_64.whl
Processing /cvmfs/soft.computecanada.ca/custom/python/wheelhouse/generic/sklearn-0.0+computecanada-py2.py3-none-any.whl
Processing /cvmfs/soft.computecanada.ca/custom/python/wheelhouse/gentoo/avx2/pandas-1.4.1+computecanada-cp38-cp38-linux_x86_64.whl
Processing /cvmfs/soft.computecanada.ca/custom/python/wheelhouse/gentoo/avx2/matplotlib-3.5.1+computecanada-cp38-cp38-linux_x86_64.whl
Processing /cvmfs/soft.computecanada.ca/custom/python/wheelhouse/gentoo/generic/numpy-1.22.2+computecanada-cp38-cp38-linux_x86_64.whl
Requirement already satisfied: typing-extensions in ./ENV/lib/python3.8/site-packages (from torch->transvae) (4.2.0+computecanada)
Processing /cvmfs/soft.computecanada.ca/custom/python/wheelhouse/gentoo/generic/scikit_learn-1.0.2+computecanada-cp38-cp38-linux_x86_64.whl
Processing /cvmfs/soft.computecanada.ca/custom/python/wheelhouse/generic/python_dateutil-2.8.2+computecanada-py2.py3-none-any.whl
Processing /cvmfs/soft.computecanada.ca/custom/python/wheelhouse/generic/pytz-2022.1+computecanada-py3-none-any.whl
Processing /cvmfs/soft.computecanada.ca/custom/python/wheelhouse/gentoo/avx2/Pillow-9.0.1+computecanada-cp38-cp38-linux_x86_64.whl
Processing /cvmfs/soft.computecanada.ca/custom/python/wheelhouse/gentoo/avx2/kiwisolver-1.3.2+computecanada-cp38-cp38-linux_x86_64.whl
Processing /cvmfs/soft.computecanada.ca/custom/python/wheelhouse/generic/fonttools-4.33.3+computecanada-cp38-cp38-linux_x86_64.whl
Processing /cvmfs/soft.computecanada.ca/custom/python/wheelhouse/generic/cycler-0.11.0+computecanada-py3-none-any.whl
Processing /cvmfs/soft.computecanada.ca/custom/python/wheelhouse/generic/packaging-21.3+computecanada-py3-none-any.whl
Collecting pyparsing>=2.2.1
  Using cached pyparsing-3.0.9-py3-none-any.whl (98 kB)
Processing /cvmfs/soft.computecanada.ca/custom/python/wheelhouse/generic/threadpoolctl-3.1.0+computecanada-py3-none-any.whl
Processing /cvmfs/soft.computecanada.ca/custom/python/wheelhouse/generic/joblib-1.1.0+computecanada-py2.py3-none-any.whl
Processing /cvmfs/soft.computecanada.ca/custom/python/wheelhouse/generic/six-1.16.0+computecanada-py2.py3-none-any.whl
Installing collected packages: numpy, pillow, six, python-dateutil, kiwisolver, fonttools, cycler, pyparsing, packaging, matplotlib, pytz, pandas, scipy, seaborn, threadpoolctl, joblib, scikit-learn, sklearn, transvae
Successfully installed cycler-0.11.0+computecanada fonttools-4.33.3+computecanada joblib-1.1.0+computecanada kiwisolver-1.3.2+computecanada matplotlib-3.5.1+computecanada numpy-1.22.2+computecanada packaging-21.3+computecanada pandas-1.4.1+computecanada pillow-9.0.1+computecanada pyparsing-3.0.9 python-dateutil-2.8.2+computecanada pytz-2022.1+computecanada scikit-learn-1.0.2+computecanada scipy-1.8.0+computecanada seaborn-0.11.2+computecanada six-1.16.0+computecanada sklearn-0.0+computecanada threadpoolctl-3.1.0+computecanada transvae-0.6.3+computecanada
r0 master: cdr152.int.cedar.computecanada.ca
main function called /n
train_parser function called /n
train function called /n
parser model_init called /n
aae-128_peptide
aae-128_peptide
Epoch - 1 Train - 7.349542265071681 Val - 9.09872253317582 KLBeta - 1e-08 Epoch time - -138.75444
Epoch - 2 Train - 9.208740634353537 Val - 9.267887033914265 KLBeta - 0.00016667663333333333 Epoch time - -138.65176
Epoch - 3 Train - 9.477805656037832 Val - 9.62871569708774 KLBeta - 0.00033334326666666666 Epoch time - -138.48927
Epoch - 4 Train - 9.988948913781266 Val - 10.222641166887785 KLBeta - 0.0005000099 Epoch time - -138.4752
Epoch - 5 Train - 10.454950474594769 Val - 10.736444034074482 KLBeta - 0.0006666765333333334 Epoch time - -138.48863
Epoch - 6 Train - 11.110543291035452 Val - 11.32798566630012 KLBeta - 0.0008333431666666667 Epoch time - -138.49057
Epoch - 7 Train - 11.739312205659715 Val - 11.923514720640684 KLBeta - 0.0010000098 Epoch time - -138.47049
Epoch - 8 Train - 12.364881386098109 Val - 12.552299646954788 KLBeta - 0.0011666764333333334 Epoch time - -138.4878
Epoch - 9 Train - 13.003261546555319 Val - 13.27431869506836 KLBeta - 0.0013333430666666666 Epoch time - -138.49454
Epoch - 10 Train - 13.640591879424296 Val - 13.799962592752356 KLBeta - 0.0015000096999999999 Epoch time - -138.46068
Epoch - 11 Train - 14.280472321729912 Val - 14.533223895650162 KLBeta - 0.0016666763333333333 Epoch time - -138.45355
Epoch - 12 Train - 14.922318967549424 Val - 15.154737695267325 KLBeta - 0.0018333429666666666 Epoch time - -138.4402
Epoch - 13 Train - 15.560133389736476 Val - 15.806693575884166 KLBeta - 0.0020000096 Epoch time - -138.41916
Epoch - 14 Train - 16.203805368197592 Val - 16.460849868623836 KLBeta - 0.0021666762333333333 Epoch time - -138.42063
Epoch - 15 Train - 16.847472736709996 Val - 17.101658243882028 KLBeta - 0.002333342866666667 Epoch time - -138.41561
Epoch - 16 Train - 17.48192265943477 Val - 17.668370660982635 KLBeta - 0.0025000095 Epoch time - -138.46578
Epoch - 17 Train - 18.12135220201392 Val - 18.4814755791112 KLBeta - 0.0026666761333333333 Epoch time - -138.45561
Epoch - 18 Train - 18.75899882222477 Val - 19.156464507705287 KLBeta - 0.0028333427666666668 Epoch time - -138.36724
Epoch - 19 Train - 19.38422275216956 Val - 19.811875487628736 KLBeta - 0.0030000094 Epoch time - -138.39743
Epoch - 20 Train - 19.99776285259347 Val - 20.380251671138563 KLBeta - 0.0031666760333333333 Epoch time - -138.44231
Epoch - 21 Train - 20.599184263693658 Val - 20.667727765284088 KLBeta - 0.0033333426666666667 Epoch time - -138.43989
Epoch - 22 Train - 21.15894222102667 Val - 21.495195250762137 KLBeta - 0.0035000092999999998 Epoch time - -138.40208
Epoch - 23 Train - 21.69596084168083 Val - 21.715443780547695 KLBeta - 0.0036666759333333332 Epoch time - -138.42988
Epoch - 24 Train - 22.174441506988124 Val - 22.45950620425375 KLBeta - 0.0038333425666666667 Epoch time - -138.43162
Epoch - 25 Train - 22.641588126358233 Val - 22.869738509780483 KLBeta - 0.0040000092 Epoch time - -138.42402
Epoch - 26 Train - 23.056586886707105 Val - 22.95479975248638 KLBeta - 0.004166675833333334 Epoch time - -138.44089
Epoch - 27 Train - 23.44706460519841 Val - 23.570614984160976 KLBeta - 0.004333342466666667 Epoch time - -138.44088
Epoch - 28 Train - 23.84479951701666 Val - 23.617717993886846 KLBeta - 0.0045000091 Epoch time - -138.43838
Epoch - 29 Train - 24.126935510258924 Val - 24.163854285290366 KLBeta - 0.004666675733333334 Epoch time - -138.44228
Epoch - 30 Train - 24.44957159067455 Val - 24.32824153021762 KLBeta - 0.004833342366666667 Epoch time - -138.40991
Epoch - 31 Train - 24.709418274854357 Val - 24.902723381393834 KLBeta - 0.005000009 Epoch time - -138.43331
Epoch - 32 Train - 24.87781079819328 Val - 24.965447946598655 KLBeta - 0.005166675633333334 Epoch time - -138.47431
Epoch - 33 Train - 25.071786737755726 Val - 25.153828809135838 KLBeta - 0.005333342266666667 Epoch time - -138.44387
Epoch - 34 Train - 25.24920721744236 Val - 25.071183574827092 KLBeta - 0.0055000089 Epoch time - -138.48431
Epoch - 35 Train - 25.363688266591023 Val - 25.51844882965088 KLBeta - 0.005666675533333334 Epoch time - -138.4444
Epoch - 36 Train - 25.481190331672366 Val - 25.273258046100015 KLBeta - 0.005833342166666667 Epoch time - -138.41771
Epoch - 37 Train - 25.53919981812176 Val - 25.49969425954317 KLBeta - 0.0060000088 Epoch time - -138.45606
Epoch - 38 Train - 25.62747951087199 Val - 25.54281564762718 KLBeta - 0.0061666754333333336 Epoch time - -138.42186
Epoch - 39 Train - 25.80732491926143 Val - 25.853327186484087 KLBeta - 0.006333342066666667 Epoch time - -138.39303
Epoch - 40 Train - 25.742043987700814 Val - 25.813913364159433 KLBeta - 0.0065000087 Epoch time - -138.43787
Epoch - 41 Train - 26.055495685652684 Val - 25.940989638629713 KLBeta - 0.0066666753333333335 Epoch time - -138.42106
Epoch - 42 Train - 25.844225525856018 Val - 25.939334913303977 KLBeta - 0.006833341966666667 Epoch time - -138.47072
Epoch - 43 Train - 26.061599919670506 Val - 25.88143066983474 KLBeta - 0.0070000086 Epoch time - -138.41653
Epoch - 44 Train - 26.1587729108961 Val - 26.24447094766717 KLBeta - 0.0071666752333333335 Epoch time - -138.43582
Epoch - 45 Train - 26.073486555563775 Val - 25.970810488650674 KLBeta - 0.0073333418666666665 Epoch time - -138.41166
Epoch - 46 Train - 26.225212330880918 Val - 26.277706246627005 KLBeta - 0.0075000085 Epoch time - -138.44005
Epoch - 47 Train - 26.3164258552225 Val - 26.00725581771449 KLBeta - 0.0076666751333333335 Epoch time - -138.44882
Epoch - 48 Train - 26.251676187703485 Val - 26.279462977459556 KLBeta - 0.007833341766666667 Epoch time - -138.4606
Epoch - 49 Train - 26.337684226663487 Val - 26.24851622079548 KLBeta - 0.0080000084 Epoch time - -138.43594
Epoch - 50 Train - 26.41046579731138 Val - 26.387390243379695 KLBeta - 0.008166675033333333 Epoch time - -138.45663
Epoch - 51 Train - 26.38595307657593 Val - 26.32061135141473 KLBeta - 0.008333341666666667 Epoch time - -138.42383
Epoch - 52 Train - 26.554675491232622 Val - 26.551256970355386 KLBeta - 0.0085000083 Epoch time - -138.36093
Epoch - 53 Train - 26.699008533829137 Val - 26.621793069337542 KLBeta - 0.008666674933333333 Epoch time - -138.393
Epoch - 54 Train - 26.68492001922507 Val - 26.499943877521314 KLBeta - 0.008833341566666666 Epoch time - -138.43264
Epoch - 55 Train - 26.441720347655448 Val - 26.44267779902408 KLBeta - 0.0090000082 Epoch time - -138.39003
Epoch - 56 Train - 26.49850316424119 Val - 26.542583007561532 KLBeta - 0.009166674833333333 Epoch time - -138.4625
Epoch - 57 Train - 26.705489199412497 Val - 26.704414355127437 KLBeta - 0.009333341466666667 Epoch time - -138.46502
Epoch - 58 Train - 26.694664470459287 Val - 26.499504446983337 KLBeta - 0.0095000081 Epoch time - -138.41785
Epoch - 59 Train - 26.640440269520408 Val - 26.613281256274174 KLBeta - 0.009666674733333333 Epoch time - -138.42154
Epoch - 60 Train - 26.705005327337666 Val - 26.637529417088157 KLBeta - 0.009833341366666666 Epoch time - -138.41948
Epoch - 61 Train - 26.77674194072422 Val - 26.718811267300655 KLBeta - 0.010000008 Epoch time - -138.39899
Epoch - 62 Train - 26.84634896328575 Val - 26.833622706563848 KLBeta - 0.010166674633333333 Epoch time - -138.4168
Epoch - 63 Train - 26.911900081132586 Val - 26.850642210558842 KLBeta - 0.010333341266666667 Epoch time - -138.38445
Epoch - 64 Train - 26.96050095401312 Val - 26.913668914845115 KLBeta - 0.0105000079 Epoch time - -138.40154
Epoch - 65 Train - 26.927092332588998 Val - 26.759320855140686 KLBeta - 0.010666674533333333 Epoch time - -138.4001
Epoch - 66 Train - 26.821149501361344 Val - 26.699136501864384 KLBeta - 0.010833341166666666 Epoch time - -138.4287
Epoch - 67 Train - 26.823981942314852 Val - 26.834955742484645 KLBeta - 0.0110000078 Epoch time - -138.43968
Epoch - 68 Train - 26.871420199933805 Val - 26.78910944336339 KLBeta - 0.011166674433333334 Epoch time - -138.46553
Epoch - 69 Train - 26.91343336983731 Val - 26.82280683517456 KLBeta - 0.011333341066666667 Epoch time - -138.40825
Epoch - 70 Train - 26.89805283044514 Val - 26.7431474108445 KLBeta - 0.0115000077 Epoch time - -138.43746
Epoch - 71 Train - 26.839661066469393 Val - 26.797534152081138 KLBeta - 0.011666674333333333 Epoch time - -138.43222
Epoch - 72 Train - 26.964265508087056 Val - 26.956831856777793 KLBeta - 0.011833340966666666 Epoch time - -138.42066
Epoch - 73 Train - 27.109016500021283 Val - 27.085172816326743 KLBeta - 0.0120000076 Epoch time - -138.41726
Epoch - 74 Train - 27.22333483005825 Val - 27.171373116342647 KLBeta - 0.012166674233333334 Epoch time - -138.40853
Epoch - 75 Train - 27.286561399698257 Val - 27.297264908489428 KLBeta - 0.012333340866666667 Epoch time - -138.39878
Epoch - 76 Train - 26.968731679414446 Val - 26.87071893089696 KLBeta - 0.0125000075 Epoch time - -138.40208
Epoch - 77 Train - 26.98478273812093 Val - 26.927880017380964 KLBeta - 0.012666674133333333 Epoch time - -138.45279
Epoch - 78 Train - 27.036868362050306 Val - 26.887357034181292 KLBeta - 0.012833340766666666 Epoch time - -138.38855
Epoch - 79 Train - 27.025021515394513 Val - 27.005430855249102 KLBeta - 0.0130000074 Epoch time - -138.41586
Epoch - 80 Train - 27.16671653797752 Val - 27.14009320108514 KLBeta - 0.013166674033333334 Epoch time - -138.43589
Epoch - 81 Train - 27.242401427344273 Val - 27.099993329299124 KLBeta - 0.013333340666666667 Epoch time - -138.414
Epoch - 82 Train - 27.049672205197183 Val - 26.932480473267404 KLBeta - 0.0135000073 Epoch time - -138.43068
Epoch - 83 Train - 27.094161304988358 Val - 27.06967538281491 KLBeta - 0.013666673933333333 Epoch time - -138.40725
Epoch - 84 Train - 27.227964002835122 Val - 27.22204687720851 KLBeta - 0.013833340566666666 Epoch time - -138.42229
Epoch - 85 Train - 27.336890993933928 Val - 27.281973148647108 KLBeta - 0.0140000072 Epoch time - -138.36398
Epoch - 86 Train - 27.332859174201364 Val - 27.170667115010712 KLBeta - 0.014166673833333334 Epoch time - -138.44751
Epoch - 87 Train - 27.03143413600169 Val - 26.89017737539191 KLBeta - 0.014333340466666667 Epoch time - -138.38582
Epoch - 88 Train - 27.061259326181915 Val - 27.069824294040078 KLBeta - 0.0145000071 Epoch time - -138.37989
Epoch - 89 Train - 27.227938895162783 Val - 27.222744138617266 KLBeta - 0.014666673733333333 Epoch time - -138.41756
Epoch - 90 Train - 27.376531622911756 Val - 27.367208794543618 KLBeta - 0.014833340366666666 Epoch time - -138.38676
Epoch - 91 Train - 27.487657506214944 Val - 27.465929382725765 KLBeta - 0.015000007 Epoch time - -138.36799
Epoch - 92 Train - 27.54587304748987 Val - 27.417763408861664 KLBeta - 0.015166673633333334 Epoch time - -138.38875
Epoch - 93 Train - 27.318454215401097 Val - 27.122384108995135 KLBeta - 0.015333340266666667 Epoch time - -138.37567
Epoch - 94 Train - 27.155282927186864 Val - 27.120668586931732 KLBeta - 0.0155000069 Epoch time - -138.3918
Epoch - 95 Train - 27.255755832320766 Val - 27.228289830057246 KLBeta - 0.015666673533333335 Epoch time - -138.45604
Epoch - 96 Train - 27.393896298973186 Val - 27.359637944321882 KLBeta - 0.015833340166666668 Epoch time - -138.43053
Epoch - 97 Train - 27.496902410921297 Val - 27.46814753507313 KLBeta - 0.0160000068 Epoch time - -138.40469
Epoch - 98 Train - 27.543173096681898 Val - 27.35962772996802 KLBeta - 0.016166673433333334 Epoch time - -138.44142
Epoch - 99 Train - 27.37777307002168 Val - 27.28784704208374 KLBeta - 0.016333340066666667 Epoch time - -138.37927
Epoch - 100 Train - 27.381537417047902 Val - 27.38718086167386 KLBeta - 0.016500006700000003 Epoch time - -138.42006
Epoch - 101 Train - 27.44428460848959 Val - 27.401005807675812 KLBeta - 0.016666673333333337 Epoch time - -138.40803
Epoch - 102 Train - 27.46800946718768 Val - 27.348355098774558 KLBeta - 0.01683333996666667 Epoch time - -138.3697
Epoch - 103 Train - 27.45152541367631 Val - 27.383263161307887 KLBeta - 0.017000006600000003 Epoch time - -138.41576
Epoch - 104 Train - 27.49522944030009 Val - 27.388060507021454 KLBeta - 0.017166673233333336 Epoch time - -138.41319
Epoch - 105 Train - 27.301083087921143 Val - 27.192376569697732 KLBeta - 0.01733333986666667 Epoch time - -138.42929
Epoch - 106 Train - 27.33750290776554 Val - 27.31233805104306 KLBeta - 0.0175000065 Epoch time - -138.44276
Epoch - 107 Train - 27.434468456004794 Val - 27.393774641187566 KLBeta - 0.017666673133333335 Epoch time - -138.42198
Epoch - 108 Train - 27.526021651531522 Val - 27.478858107014705 KLBeta - 0.017833339766666668 Epoch time - -138.43519
Epoch - 109 Train - 27.588236738192407 Val - 27.536523229197453 KLBeta - 0.0180000064 Epoch time - -138.38805
Epoch - 110 Train - 27.639189382917003 Val - 27.54152348167018 KLBeta - 0.018166673033333334 Epoch time - -138.37321
Epoch - 111 Train - 27.520380958130485 Val - 27.32947571654069 KLBeta - 0.018333339666666667 Epoch time - -138.46302
Epoch - 112 Train - 27.409671127796173 Val - 27.349136515667563 KLBeta - 0.018500006300000003 Epoch time - -138.41225
Epoch - 113 Train - 27.460186680680827 Val - 27.384625867793435 KLBeta - 0.018666672933333336 Epoch time - -138.42804
Epoch - 114 Train - 27.523606430543097 Val - 27.473581389376992 KLBeta - 0.01883333956666667 Epoch time - -138.44857
Epoch - 115 Train - 27.608806043863297 Val - 27.56794920093135 KLBeta - 0.019000006200000003 Epoch time - -138.42562
Epoch - 116 Train - 27.662976547291404 Val - 27.599128792160435 KLBeta - 0.019166672833333336 Epoch time - -138.44421
Epoch - 117 Train - 27.70213561465866 Val - 27.61946511896033 KLBeta - 0.01933333946666667 Epoch time - -138.457
Epoch - 118 Train - 27.70622951576584 Val - 27.61182011428632 KLBeta - 0.0195000061 Epoch time - -138.42922
Epoch - 119 Train - 27.703083778682508 Val - 27.638099362975673 KLBeta - 0.019666672733333335 Epoch time - -138.4486
Epoch - 120 Train - 27.669090501571958 Val - 27.486059527648123 KLBeta - 0.019833339366666668 Epoch time - -138.44065
Epoch - 121 Train - 27.596572501094716 Val - 27.569591817102935 KLBeta - 0.020000006 Epoch time - -138.43174
Epoch - 122 Train - 27.65651639668565 Val - 27.607777683358442 KLBeta - 0.020166672633333334 Epoch time - -138.43671
Epoch - 123 Train - 27.7218538946227 Val - 27.658860187781485 KLBeta - 0.020333339266666667 Epoch time - -138.43975
Epoch - 124 Train - 27.772925795693148 Val - 27.751994634929456 KLBeta - 0.020500005900000003 Epoch time - -138.44364
Epoch - 125 Train - 27.81625271314069 Val - 27.75642294632761 KLBeta - 0.020666672533333336 Epoch time - -138.44427
Epoch - 126 Train - 27.712778554150933 Val - 27.48359745427182 KLBeta - 0.02083333916666667 Epoch time - -138.43981
Epoch - 127 Train - 27.503975035328615 Val - 27.404089193595084 KLBeta - 0.021000005800000002 Epoch time - -138.43032
Epoch - 128 Train - 27.530102946256335 Val - 27.46348346534528 KLBeta - 0.021166672433333335 Epoch time - -138.45352
Epoch - 129 Train - 27.5663234842451 Val - 27.493970262376887 KLBeta - 0.02133333906666667 Epoch time - -138.42413
Epoch - 130 Train - 27.62158621141785 Val - 27.573376617933576 KLBeta - 0.0215000057 Epoch time - -138.44404
Epoch - 131 Train - 27.696653502552135 Val - 27.655932181759884 KLBeta - 0.021666672333333335 Epoch time - -138.44588
Epoch - 132 Train - 27.75893123369468 Val - 27.72615115266097 KLBeta - 0.021833338966666668 Epoch time - -138.42767
Epoch - 133 Train - 27.836882152055438 Val - 27.787662167298166 KLBeta - 0.0220000056 Epoch time - -138.42932
Epoch - 134 Train - 27.88306007573479 Val - 27.84806313640193 KLBeta - 0.022166672233333334 Epoch time - -138.46449
Epoch - 135 Train - 27.92462086520697 Val - 27.868280059412907 KLBeta - 0.02233333886666667 Epoch time - -138.42135
Epoch - 136 Train - 27.944387075148132 Val - 27.864148961870296 KLBeta - 0.022500005500000003 Epoch time - -138.41356
Epoch - 137 Train - 27.689987094778765 Val - 27.413892438537196 KLBeta - 0.022666672133333336 Epoch time - -138.42584
Epoch - 138 Train - 27.545715184588182 Val - 27.494133861441362 KLBeta - 0.02283333876666667 Epoch time - -138.46772
Epoch - 139 Train - 27.619957167851297 Val - 27.579070110070077 KLBeta - 0.023000005400000002 Epoch time - -138.41187
Epoch - 140 Train - 27.715439950164996 Val - 27.676257233870658 KLBeta - 0.023166672033333335 Epoch time - -138.46654
Epoch - 141 Train - 27.78591903887297 Val - 27.748572336999995 KLBeta - 0.02333333866666667 Epoch time - -138.44881
Epoch - 142 Train - 27.850921516355715 Val - 27.81436745116585 KLBeta - 0.0235000053 Epoch time - -138.43483
Epoch - 143 Train - 27.91282821642725 Val - 27.8801181253634 KLBeta - 0.023666671933333334 Epoch time - -138.41785
Epoch - 144 Train - 27.971185165016276 Val - 27.9255355220092 KLBeta - 0.023833338566666668 Epoch time - -138.44853
Epoch - 145 Train - 28.0114114488426 Val - 27.963423659926967 KLBeta - 0.0240000052 Epoch time - -138.41787
Epoch - 146 Train - 28.072249370185954 Val - 28.028740443681414 KLBeta - 0.024166671833333334 Epoch time - -138.438
Epoch - 147 Train - 28.110182437457535 Val - 28.060238825647456 KLBeta - 0.02433333846666667 Epoch time - -138.4249
Epoch - 148 Train - 27.968689302080556 Val - 27.735346449048894 KLBeta - 0.024500005100000003 Epoch time - -138.41748
Epoch - 149 Train - 27.736647557271155 Val - 27.69806050626855 KLBeta - 0.024666671733333336 Epoch time - -138.41376
Epoch - 150 Train - 27.68879317923596 Val - 27.554054555140045 KLBeta - 0.02483333836666667 Epoch time - -138.40788
Epoch - 151 Train - 27.61846071638559 Val - 27.546280747965763 KLBeta - 0.025000005000000002 Epoch time - -138.36619
Epoch - 152 Train - 27.636476717497175 Val - 27.61118090780158 KLBeta - 0.025166671633333335 Epoch time - -138.40088
Epoch - 153 Train - 27.722040598329745 Val - 27.673539845567 KLBeta - 0.02533333826666667 Epoch time - -138.46597
Epoch - 154 Train - 27.799297582162055 Val - 27.760728829785396 KLBeta - 0.0255000049 Epoch time - -138.38127
Epoch - 155 Train - 27.886691212654114 Val - 27.853285833408957 KLBeta - 0.025666671533333334 Epoch time - -138.39467
Epoch - 156 Train - 27.926525139494945 Val - 27.86001187876651 KLBeta - 0.025833338166666667 Epoch time - -138.43054
Epoch - 157 Train - 27.87198200508168 Val - 27.73904070101286 KLBeta - 0.0260000048 Epoch time - -138.37397
Epoch - 158 Train - 27.82539676678808 Val - 27.77745550557187 KLBeta - 0.026166671433333333 Epoch time - -138.44972
Epoch - 159 Train - 27.890835131469526 Val - 27.845166789857966 KLBeta - 0.02633333806666667 Epoch time - -138.36289
Epoch - 160 Train - 27.95239338435625 Val - 27.90929085329959 KLBeta - 0.026500004700000003 Epoch time - -138.40701
Epoch - 161 Train - 28.004971328534577 Val - 27.974024891853333 KLBeta - 0.026666671333333336 Epoch time - -138.40212
Epoch - 162 Train - 28.053920476060163 Val - 28.01553020979229 KLBeta - 0.02683333796666667 Epoch time - -138.42235
Epoch - 163 Train - 28.090403181941884 Val - 28.028799220135337 KLBeta - 0.027000004600000002 Epoch time - -138.39491
Epoch - 164 Train - 28.114361486936872 Val - 28.01956337376645 KLBeta - 0.027166671233333335 Epoch time - -138.4382
Epoch - 165 Train - 28.002561992720555 Val - 27.698831671162655 KLBeta - 0.027333337866666668 Epoch time - -138.41355
Epoch - 166 Train - 27.738478591567592 Val - 27.71491667471434 KLBeta - 0.0275000045 Epoch time - -138.43255
Epoch - 167 Train - 27.78894000461227 Val - 27.744180208758305 KLBeta - 0.027666671133333334 Epoch time - -138.4191
Epoch - 168 Train - 27.847547560930252 Val - 27.817982767757616 KLBeta - 0.027833337766666667 Epoch time - -138.41022
Epoch - 169 Train - 27.912587642669678 Val - 27.872842016972992 KLBeta - 0.0280000044 Epoch time - -138.45226
Epoch - 170 Train - 27.965789435725462 Val - 27.9350648051814 KLBeta - 0.028166671033333337 Epoch time - -138.44697
Epoch - 171 Train - 28.020368990145233 Val - 27.980062572579634 KLBeta - 0.02833333766666667 Epoch time - -138.43354
Epoch - 172 Train - 28.059982213534806 Val - 28.00806122077139 KLBeta - 0.028500004300000003 Epoch time - -138.44736
Epoch - 173 Train - 28.088069492264797 Val - 28.01324516848514 KLBeta - 0.028666670933333336 Epoch time - -138.40231
Epoch - 174 Train - 28.070049725080793 Val - 28.01126349599738 KLBeta - 0.02883333756666667 Epoch time - -138.39045
Epoch - 175 Train - 28.059364976067293 Val - 27.929625410782663 KLBeta - 0.029000004200000002 Epoch time - -138.4094
Epoch - 176 Train - 27.93862568390997 Val - 27.83033547903362 KLBeta - 0.029166670833333335 Epoch time - -138.3948
Epoch - 177 Train - 27.838704620537005 Val - 27.79347380838896 KLBeta - 0.029333337466666668 Epoch time - -138.40416
Epoch - 178 Train - 27.868114799261093 Val - 27.826227690044202 KLBeta - 0.0295000041 Epoch time - -138.42949
Epoch - 179 Train - 27.917737918464763 Val - 27.889013252760236 KLBeta - 0.029666670733333334 Epoch time - -138.38814
Epoch - 180 Train - 27.98595488228296 Val - 27.945342358789947 KLBeta - 0.029833337366666667 Epoch time - -138.44454
Epoch - 181 Train - 28.011912458821346 Val - 27.99188448880848 KLBeta - 0.030000004 Epoch time - -138.36159
Epoch - 182 Train - 28.05620067684274 Val - 28.0035975355851 KLBeta - 0.030166670633333337 Epoch time - -138.40509
Epoch - 183 Train - 28.07829774367182 Val - 28.06717918421093 KLBeta - 0.03033333726666667 Epoch time - -138.40711
Epoch - 184 Train - 28.137370424835307 Val - 28.107792659809714 KLBeta - 0.030500003900000003 Epoch time - -138.40005
Epoch - 185 Train - 28.156128343782928 Val - 28.11156970576236 KLBeta - 0.030666670533333336 Epoch time - -138.37681
Epoch - 186 Train - 28.129407659957284 Val - 27.953073965875728 KLBeta - 0.03083333716666667 Epoch time - -138.39525
Epoch - 187 Train - 27.997325144316022 Val - 27.91610961211355 KLBeta - 0.031000003800000002 Epoch time - -138.41457
Epoch - 188 Train - 27.97075046049921 Val - 27.872408063788164 KLBeta - 0.031166670433333335 Epoch time - -138.41535
Epoch - 189 Train - 27.94116596485439 Val - 27.894101964799983 KLBeta - 0.03133333706666667 Epoch time - -138.34928
Epoch - 190 Train - 27.98076067943322 Val - 27.91515462649496 KLBeta - 0.0315000037 Epoch time - -138.37014
Epoch - 191 Train - 28.000996351242065 Val - 27.94358828193263 KLBeta - 0.031666670333333334 Epoch time - -138.38128
Epoch - 192 Train - 28.00535593534771 Val - 27.948528835647984 KLBeta - 0.03183333696666667 Epoch time - -138.36106
Epoch - 193 Train - 28.008167759368295 Val - 27.952608240278142 KLBeta - 0.0320000036 Epoch time - -138.4243
Epoch - 194 Train - 28.03147509380391 Val - 27.985412083174054 KLBeta - 0.03216667023333333 Epoch time - -138.40967
Epoch - 195 Train - 28.08509709489973 Val - 28.06728904498251 KLBeta - 0.032333336866666666 Epoch time - -138.41785
Epoch - 196 Train - 28.125879046164062 Val - 28.108216762542725 KLBeta - 0.0325000035 Epoch time - -138.39739
Epoch - 197 Train - 28.194104516192485 Val - 28.147425199809827 KLBeta - 0.03266667013333333 Epoch time - -138.40156
Epoch - 198 Train - 28.229900949879696 Val - 28.18152609624361 KLBeta - 0.032833336766666665 Epoch time - -138.39167
Epoch - 199 Train - 28.266442510642502 Val - 28.250107445214923 KLBeta - 0.033000003400000005 Epoch time - -138.41882
Epoch - 200 Train - 28.307071593246963 Val - 28.27665594377016 KLBeta - 0.03316667003333334 Epoch time - -138.38457
Epoch - 201 Train - 28.334263810985966 Val - 28.26390090114192 KLBeta - 0.03333333666666667 Epoch time - -138.38735
Epoch - 202 Train - 28.31497867013279 Val - 28.23759913444519 KLBeta - 0.033500003300000004 Epoch time - -138.33611
Epoch - 203 Train - 28.292634724002134 Val - 28.22994732229333 KLBeta - 0.03366666993333334 Epoch time - -138.41413
Epoch - 204 Train - 28.060440102690144 Val - 27.899145314567967 KLBeta - 0.03383333656666667 Epoch time - -138.38375
Epoch - 205 Train - 27.89606129966284 Val - 27.839069755453814 KLBeta - 0.034000003200000004 Epoch time - -138.43052
Epoch - 206 Train - 27.90306417251888 Val - 27.861330597024214 KLBeta - 0.03416666983333334 Epoch time - -138.39484
Epoch - 207 Train - 27.92355232803445 Val - 27.90746722095891 KLBeta - 0.03433333646666667 Epoch time - -138.41717
Epoch - 208 Train - 27.952431360357686 Val - 27.916379621154384 KLBeta - 0.0345000031 Epoch time - -138.41338
Epoch - 209 Train - 27.99098178273753 Val - 27.971930459926003 KLBeta - 0.034666669733333336 Epoch time - -138.39832
Epoch - 210 Train - 28.020552003069927 Val - 27.996783030660527 KLBeta - 0.03483333636666667 Epoch time - -138.41808
Epoch - 211 Train - 28.05310163215587 Val - 27.98515230103543 KLBeta - 0.035000003 Epoch time - -138.40448
Epoch - 212 Train - 28.058141829151857 Val - 28.045989130672655 KLBeta - 0.035166669633333335 Epoch time - -138.38727
Epoch - 213 Train - 28.096224260957616 Val - 28.079256239690277 KLBeta - 0.03533333626666667 Epoch time - -138.40979
Epoch - 214 Train - 28.136558858971846 Val - 28.09841746405551 KLBeta - 0.0355000029 Epoch time - -138.43073
Epoch - 215 Train - 28.167778471582814 Val - 28.128202425806148 KLBeta - 0.035666669533333334 Epoch time - -138.39091
Epoch - 216 Train - 28.214750217764003 Val - 28.176830925439532 KLBeta - 0.03583333616666667 Epoch time - -138.42996
Epoch - 217 Train - 28.2604472292097 Val - 28.220709022722748 KLBeta - 0.0360000028 Epoch time - -138.40401
Epoch - 218 Train - 28.27723531346572 Val - 28.27230008652336 KLBeta - 0.03616666943333333 Epoch time - -138.43016
Epoch - 219 Train - 28.314431502630836 Val - 28.303899940691498 KLBeta - 0.036333336066666666 Epoch time - -138.36623
Epoch - 220 Train - 28.35955278967556 Val - 28.324064355147513 KLBeta - 0.0365000027 Epoch time - -138.34074
Epoch - 221 Train - 28.38180504504003 Val - 28.357135258222883 KLBeta - 0.03666666933333333 Epoch time - -138.37986
Epoch - 222 Train - 28.431098911323044 Val - 28.382121625699494 KLBeta - 0.036833335966666665 Epoch time - -138.39553
Epoch - 223 Train - 28.444847464561462 Val - 28.418765118247585 KLBeta - 0.037000002600000005 Epoch time - -138.35306
Epoch - 224 Train - 28.488530096254852 Val - 29.100376078957005 KLBeta - 0.03716666923333334 Epoch time - -138.39354
Epoch - 225 Train - 28.5014623215324 Val - 28.460900168669852 KLBeta - 0.03733333586666667 Epoch time - -138.4135
Epoch - 226 Train - 28.49020756232111 Val - 28.31215092382933 KLBeta - 0.037500002500000004 Epoch time - -138.38177
Epoch - 227 Train - 28.25084239244461 Val - 28.163811884428327 KLBeta - 0.03766666913333334 Epoch time - -138.40713
Epoch - 228 Train - 28.21704936027527 Val - 28.15682601928711 KLBeta - 0.03783333576666667 Epoch time - -138.40367
Epoch - 229 Train - 28.18542202836589 Val - 28.093982696533203 KLBeta - 0.0380000024 Epoch time - -138.36605
Epoch - 230 Train - 28.05961794445389 Val - 27.94962917503558 KLBeta - 0.038166669033333336 Epoch time - -138.40178
Epoch - 231 Train - 27.961350461370067 Val - 27.884340192142286 KLBeta - 0.03833333566666667 Epoch time - -138.40779
Epoch - 232 Train - 27.95138411145461 Val - 27.94543102540468 KLBeta - 0.0385000023 Epoch time - -138.40168
Epoch - 233 Train - 28.00084929089797 Val - 27.990299268772727 KLBeta - 0.038666668933333335 Epoch time - -138.3969
Epoch - 234 Train - 28.053289377375652 Val - 28.034740479368914 KLBeta - 0.03883333556666667 Epoch time - -138.41921
Epoch - 235 Train - 28.12183572116651 Val - 28.103519157359475 KLBeta - 0.0390000022 Epoch time - -138.41317
Epoch - 236 Train - 28.15675521053766 Val - 28.171975367947628 KLBeta - 0.039166668833333335 Epoch time - -138.42514
Epoch - 237 Train - 28.20338426922497 Val - 28.182984728562204 KLBeta - 0.03933333546666667 Epoch time - -138.39528
Epoch - 238 Train - 28.247593650692387 Val - 28.22181300740493 KLBeta - 0.0395000021 Epoch time - -138.42023
Epoch - 239 Train - 28.298492398701217 Val - 28.27609350179371 KLBeta - 0.039666668733333334 Epoch time - -138.40733
Epoch - 240 Train - 28.3210521152145 Val - 28.305255080524244 KLBeta - 0.03983333536666667 Epoch time - -138.40347
Epoch - 241 Train - 28.35057892924861 Val - 28.320910867891815 KLBeta - 0.040000002 Epoch time - -138.40224
Epoch - 242 Train - 28.374919061598025 Val - 28.33923585791337 KLBeta - 0.04016666863333333 Epoch time - -138.41734
Epoch - 243 Train - 28.35692327116665 Val - 28.26793068961093 KLBeta - 0.040333335266666666 Epoch time - -138.35542
Epoch - 244 Train - 28.2842256599351 Val - 28.204842918797542 KLBeta - 0.0405000019 Epoch time - -138.41163
Epoch - 245 Train - 28.24120603580224 Val - 28.16200928311599 KLBeta - 0.04066666853333333 Epoch time - -138.40874
Epoch - 246 Train - 28.228049041409243 Val - 28.17668975026984 KLBeta - 0.04083333516666667 Epoch time - -138.3636
Epoch - 247 Train - 28.220655196591427 Val - 28.196318306420977 KLBeta - 0.041000001800000005 Epoch time - -138.43569
Epoch - 248 Train - 28.253496016326704 Val - 28.20711680462486 KLBeta - 0.04116666843333334 Epoch time - -138.43077
Epoch - 249 Train - 28.269181690718 Val - 28.23589358831707 KLBeta - 0.04133333506666667 Epoch time - -138.39238
Epoch - 250 Train - 28.29740927407616 Val - 28.251467334596736 KLBeta - 0.041500001700000004 Epoch time - -138.39326
Epoch - 251 Train - 28.265001132300025 Val - 28.20402865660818 KLBeta - 0.04166666833333334 Epoch time - -138.42129
Epoch - 252 Train - 28.24576416768526 Val - 28.19055609954031 KLBeta - 0.04183333496666667 Epoch time - -138.38712
Epoch - 253 Train - 28.238844510756042 Val - 28.219237754219456 KLBeta - 0.0420000016 Epoch time - -138.39335
Epoch - 254 Train - 28.276805366340437 Val - 28.24234446726347 KLBeta - 0.042166668233333336 Epoch time - -138.46124
Epoch - 255 Train - 28.30383004953987 Val - 28.280092421330902 KLBeta - 0.04233333486666667 Epoch time - -138.43665
Epoch - 256 Train - 28.342755592183064 Val - 28.324005930047285 KLBeta - 0.0425000015 Epoch time - -138.42054
Epoch - 257 Train - 28.369199588110572 Val - 28.32472894693676 KLBeta - 0.042666668133333335 Epoch time - -138.40543
Epoch - 258 Train - 28.372896708940203 Val - 28.325943852725782 KLBeta - 0.04283333476666667 Epoch time - -138.45466
Epoch - 259 Train - 28.332701392863925 Val - 28.226001406970777 KLBeta - 0.0430000014 Epoch time - -138.41186
Epoch - 260 Train - 28.23835145329174 Val - 28.202834424219635 KLBeta - 0.043166668033333334 Epoch time - -138.40391
Epoch - 261 Train - 28.249297479265614 Val - 28.21541399077365 KLBeta - 0.04333333466666667 Epoch time - -138.4313
Epoch - 262 Train - 28.25798231677005 Val - 28.21304202079773 KLBeta - 0.0435000013 Epoch time - -138.42485
Epoch - 263 Train - 28.287559137532586 Val - 28.266026026324223 KLBeta - 0.043666667933333334 Epoch time - -138.4218
Epoch - 264 Train - 28.298208972341136 Val - 28.27610108726903 KLBeta - 0.04383333456666667 Epoch time - -138.42412
Epoch - 265 Train - 28.329986139347678 Val - 28.31360896010148 KLBeta - 0.0440000012 Epoch time - -138.39517
Epoch - 266 Train - 28.355705258093383 Val - 28.360506735349958 KLBeta - 0.04416666783333333 Epoch time - -138.43186
Epoch - 267 Train - 28.38307669445088 Val - 28.394015387484902 KLBeta - 0.044333334466666666 Epoch time - -138.39849
Epoch - 268 Train - 28.405908354018862 Val - 28.378845810890198 KLBeta - 0.0445000011 Epoch time - -138.44636
Epoch - 269 Train - 28.424024083112414 Val - 28.361434214993526 KLBeta - 0.04466666773333334 Epoch time - -138.37512
Epoch - 270 Train - 28.252452955434197 Val - 28.2025745981618 KLBeta - 0.04483333436666667 Epoch time - -138.4307
Epoch - 271 Train - 28.176858740417583 Val - 28.16531853299392 KLBeta - 0.045000001000000005 Epoch time - -138.38278
Epoch - 272 Train - 28.211122517523012 Val - 28.20613832222788 KLBeta - 0.04516666763333334 Epoch time - -138.44217
Epoch - 273 Train - 28.253140869893524 Val - 28.25985683265485 KLBeta - 0.04533333426666667 Epoch time - -138.4198
Epoch - 274 Train - 28.309568977669667 Val - 28.291245441687735 KLBeta - 0.045500000900000004 Epoch time - -138.39206
Epoch - 275 Train - 28.323841960806597 Val - 28.327715058075754 KLBeta - 0.04566666753333334 Epoch time - -138.39279
Epoch - 276 Train - 28.35406190941208 Val - 28.343106702754373 KLBeta - 0.04583333416666667 Epoch time - -138.41708
Epoch - 277 Train - 28.38151256975375 Val - 28.374977795701277 KLBeta - 0.0460000008 Epoch time - -138.39874
Epoch - 278 Train - 28.414648046619014 Val - 28.474808253740008 KLBeta - 0.046166667433333336 Epoch time - -138.42038
Epoch - 279 Train - 28.445592172836 Val - 28.42558615458639 KLBeta - 0.04633333406666667 Epoch time - -138.40306
Epoch - 280 Train - 28.457103489260923 Val - 28.451205579858076 KLBeta - 0.0465000007 Epoch time - -138.40463
Epoch - 281 Train - 28.48649538975013 Val - 28.465310818270634 KLBeta - 0.046666667333333335 Epoch time - -138.41393
Epoch - 282 Train - 28.4974973248808 Val - 28.476898011408355 KLBeta - 0.04683333396666667 Epoch time - -138.42871
Epoch - 283 Train - 28.48267647153453 Val - 28.443734570553428 KLBeta - 0.0470000006 Epoch time - -138.40652
Epoch - 284 Train - 28.46720837135064 Val - 28.439916893055564 KLBeta - 0.047166667233333334 Epoch time - -138.42866
Epoch - 285 Train - 28.455821881168767 Val - 28.433559072645085 KLBeta - 0.04733333386666667 Epoch time - -138.43171
Epoch - 286 Train - 28.48412805638815 Val - 28.45717077506216 KLBeta - 0.0475000005 Epoch time - -138.43034
Epoch - 287 Train - 28.496044558914083 Val - 28.49413041692031 KLBeta - 0.04766666713333333 Epoch time - -138.40795
Epoch - 288 Train - 28.51471996777936 Val - 28.500336333325034 KLBeta - 0.047833333766666666 Epoch time - -138.42237
Epoch - 289 Train - 28.487420646767866 Val - 28.395356084171095 KLBeta - 0.0480000004 Epoch time - -138.45074
Epoch - 290 Train - 28.380528950377514 Val - 28.53178610299763 KLBeta - 0.04816666703333333 Epoch time - -138.40546
Epoch - 291 Train - 28.34314015978261 Val - 28.310373852127476 KLBeta - 0.048333333666666665 Epoch time - -138.40739
Epoch - 292 Train - 28.331495250526228 Val - 28.324861940584686 KLBeta - 0.048500000300000005 Epoch time - -138.40519
Epoch - 293 Train - 28.34724191144893 Val - 28.35624917557365 KLBeta - 0.04866666693333334 Epoch time - -138.41065
Epoch - 294 Train - 28.38106601646072 Val - 28.39176719439657 KLBeta - 0.04883333356666667 Epoch time - -138.33446
Epoch - 295 Train - 28.41441720253543 Val - 28.56616273051814 KLBeta - 0.049000000200000005 Epoch time - -138.37816
Epoch - 296 Train - 28.44096321494956 Val - 28.41223737440611 KLBeta - 0.04916666683333334 Epoch time - -138.41749
Epoch - 297 Train - 28.36137570676051 Val - 28.339477532788326 KLBeta - 0.04933333346666667 Epoch time - -138.43597
Epoch - 298 Train - 28.351039128868205 Val - 28.320821843649213 KLBeta - 0.049500000100000004 Epoch time - -138.43879
Epoch - 299 Train - 28.360429511258477 Val - 28.343412248711836 KLBeta - 0.04966666673333334 Epoch time - -138.428
Epoch - 300 Train - 28.375611465228232 Val - 28.416583349830226 KLBeta - 0.04983333336666667 Epoch time - -138.47431
