created virtual environment CPython3.8.10.final.0-64 in 6675ms
  creator CPython3Posix(dest=/localscratch/srenaud.14626148.0/ENV, clear=False, global=False)
  seeder FromAppData(download=False, pip=latest, setuptools=latest, wheel=latest, via=copy, app_data_dir=/home/srenaud/.local/share/virtualenv/seed-app-data/v1.0.1)
  activators BashActivator,CShellActivator,FishActivator,PowerShellActivator,PythonActivator,XonshActivator
data
ENV
Ignoring pip: markers 'python_version < "3"' don't match your environment
Looking in links: /cvmfs/soft.computecanada.ca/custom/python/wheelhouse/gentoo/avx2, /cvmfs/soft.computecanada.ca/custom/python/wheelhouse/gentoo/generic, /cvmfs/soft.computecanada.ca/custom/python/wheelhouse/generic
Collecting transvae
  Using cached transvae-0.6.1-py3-none-any.whl (31 kB)
Processing /cvmfs/soft.computecanada.ca/custom/python/wheelhouse/generic/seaborn-0.11.2+computecanada-py3-none-any.whl
Processing /cvmfs/soft.computecanada.ca/custom/python/wheelhouse/gentoo/generic/pandas-1.3.0+computecanada-cp38-cp38-linux_x86_64.whl
Processing /cvmfs/soft.computecanada.ca/custom/python/wheelhouse/gentoo/generic/numpy-1.21.0+computecanada-cp38-cp38-linux_x86_64.whl
Processing /cvmfs/soft.computecanada.ca/custom/python/wheelhouse/gentoo/generic/matplotlib-3.4.2+computecanada-cp38-cp38-linux_x86_64.whl
Processing /cvmfs/soft.computecanada.ca/custom/python/wheelhouse/generic/torch-1.9.0+computecanada-cp38-cp38-linux_x86_64.whl
Processing /cvmfs/soft.computecanada.ca/custom/python/wheelhouse/generic/sklearn-0.0+computecanada-py2.py3-none-any.whl
Processing /cvmfs/soft.computecanada.ca/custom/python/wheelhouse/gentoo/generic/scipy-1.7.1+computecanada-cp38-cp38-linux_x86_64.whl
Processing /cvmfs/soft.computecanada.ca/custom/python/wheelhouse/generic/pytz-2021.1+computecanada-py3-none-any.whl
Processing /cvmfs/soft.computecanada.ca/custom/python/wheelhouse/generic/python_dateutil-2.8.2+computecanada-py2.py3-none-any.whl
Processing /cvmfs/soft.computecanada.ca/custom/python/wheelhouse/generic/cycler-0.10.0+computecanada-py3-none-any.whl
Processing /cvmfs/soft.computecanada.ca/custom/python/wheelhouse/generic/pyparsing-2.4.7+computecanada-py2.py3-none-any.whl
Processing /cvmfs/soft.computecanada.ca/custom/python/wheelhouse/gentoo/generic/Pillow-8.3.1+computecanada-cp38-cp38-linux_x86_64.whl
Processing /cvmfs/soft.computecanada.ca/custom/python/wheelhouse/generic/kiwisolver-1.3.1+computecanada-cp38-cp38-linux_x86_64.whl
Processing /cvmfs/soft.computecanada.ca/custom/python/wheelhouse/generic/typing_extensions-3.10.0.2+computecanada-py3-none-any.whl
Processing /cvmfs/soft.computecanada.ca/custom/python/wheelhouse/gentoo/generic/scikit_learn-0.24.1+computecanada-cp38-cp38-linux_x86_64.whl
Processing /cvmfs/soft.computecanada.ca/custom/python/wheelhouse/generic/six-1.16.0+computecanada-py2.py3-none-any.whl
Processing /cvmfs/soft.computecanada.ca/custom/python/wheelhouse/generic/joblib-1.0.1+computecanada-py3-none-any.whl
Processing /cvmfs/soft.computecanada.ca/custom/python/wheelhouse/generic/threadpoolctl-2.2.0+computecanada-py3-none-any.whl
Installing collected packages: numpy, scipy, six, cycler, pyparsing, python-dateutil, pillow, kiwisolver, matplotlib, pytz, pandas, seaborn, typing-extensions, torch, joblib, threadpoolctl, scikit-learn, sklearn, transvae
Successfully installed cycler-0.10.0+computecanada joblib-1.0.1+computecanada kiwisolver-1.3.1+computecanada matplotlib-3.4.2+computecanada numpy-1.21.0+computecanada pandas-1.3.0+computecanada pillow-8.3.1+computecanada pyparsing-2.4.7+computecanada python-dateutil-2.8.2+computecanada pytz-2021.1+computecanada scikit-learn-0.24.1+computecanada scipy-1.7.1+computecanada seaborn-0.11.2+computecanada six-1.16.0+computecanada sklearn-0.0+computecanada threadpoolctl-2.2.0+computecanada torch-1.9.0+computecanada transvae-0.6.1 typing-extensions-3.10.0.2+computecanada
r0 master: cdr385.int.cedar.computecanada.ca
GPUs per node: 4
GPUs per node: 4
GPUs per node: 4
GPUs per node: 4
process group ready!
process group ready!
process group ready!
process group ready!
final check
final check
final check
final check
sh: 1,: command not found
sh: 1,: command not found
sh: 1,: command not found
sh: 1,: command not found
Epoch - 1 Train - 2.843088709224354 Val - 2.7218526204427085 KLBeta - 1e-08 Epoch time - -11.15991
Epoch - 1 Train - 2.8441660230809993 Val - 2.7164839108784995 KLBeta - 1e-08 Epoch time - -11.43099
Epoch - 1 Train - 2.842194505171342 Val - 2.719517151514689 KLBeta - 1e-08 Epoch time - -11.02681
Epoch - 1 Train - 2.8451200701973653 Val - 2.7185534636179605 KLBeta - 1e-08 Epoch time - -11.03879
Epoch - 2 Train - 2.716124751351096 Val - 2.7008537451426187 KLBeta - 0.0005000099 Epoch time - -10.95931
Epoch - 2 Train - 2.7175419980829414 Val - 2.693774461746216 KLBeta - 0.0005000099 Epoch time - -10.95873
Epoch - 2 Train - 2.714933659813621 Val - 2.698577642440796 KLBeta - 0.0005000099 Epoch time - -10.95869
Epoch - 2 Train - 2.7188804453069513 Val - 2.6968701680501304 KLBeta - 0.0005000099 Epoch time - -10.95841
Epoch - 3 Train - 2.696659942106767 Val - 2.6856040159861245 KLBeta - 0.0010000098 Epoch time - -10.95667
Epoch - 3 Train - 2.697718672318892 Val - 2.6779088179270425 KLBeta - 0.0010000098 Epoch time - -10.95527
Epoch - 3 Train - 2.6953644449060614 Val - 2.6835691928863525 KLBeta - 0.0010000098 Epoch time - -10.95674
Epoch - 3 Train - 2.6990491737018933 Val - 2.6809889475504556 KLBeta - 0.0010000098 Epoch time - -10.95606
Epoch - 4 Train - 2.683162650195035 Val - 2.674673636754354 KLBeta - 0.0015000096999999999 Epoch time - -10.94991
Epoch - 4 Train - 2.6842391014099123 Val - 2.667422294616699 KLBeta - 0.0015000096999999999 Epoch time - -10.95184
Epoch - 4 Train - 2.681844915043224 Val - 2.673079570134481 KLBeta - 0.0015000096999999999 Epoch time - -10.95298
Epoch - 4 Train - 2.685454498637806 Val - 2.6702874501546225 KLBeta - 0.0015000096999999999 Epoch time - -10.95199
Epoch - 5 Train - 2.6713662884452125 Val - 2.662477175394694 KLBeta - 0.0020000096 Epoch time - -10.94599
Epoch - 5 Train - 2.6724765084006568 Val - 2.655195633570353 KLBeta - 0.0020000096 Epoch time - -10.94449
Epoch - 5 Train - 2.6698504838076507 Val - 2.661095221837362 KLBeta - 0.0020000096 Epoch time - -10.9457
Epoch - 5 Train - 2.6735067107460715 Val - 2.657686948776245 KLBeta - 0.0020000096 Epoch time - -10.94728
Epoch - 6 Train - 2.668849377198653 Val - 2.6582024892171225 KLBeta - 0.0025000095 Epoch time - -11.38247
Epoch - 6 Train - 2.668172480843284 Val - 2.6493558088938394 KLBeta - 0.0025000095 Epoch time - -10.61381
Epoch - 6 Train - 2.663471646742387 Val - 2.6477654774983725 KLBeta - 0.0025000095 Epoch time - -10.65921
Epoch - 6 Train - 2.6604588465257124 Val - 2.6514358520507812 KLBeta - 0.0025000095 Epoch time - -10.74435
Epoch - 7 Train - 2.652327537536621 Val - 2.6443185806274414 KLBeta - 0.0030000094 Epoch time - -10.62958
Epoch - 7 Train - 2.651376048001376 Val - 2.6374102433522544 KLBeta - 0.0030000094 Epoch time - -10.60041
Epoch - 7 Train - 2.647070061076771 Val - 2.634359359741211 KLBeta - 0.0030000094 Epoch time - -10.65085
Epoch - 7 Train - 2.6454469030553645 Val - 2.6553311347961426 KLBeta - 0.0030000094 Epoch time - -10.72322
Epoch - 8 Train - 2.639415554566817 Val - 2.6344950199127197 KLBeta - 0.0035000092999999998 Epoch time - -10.63353
Epoch - 8 Train - 2.641024034673517 Val - 2.6262232462565103 KLBeta - 0.0035000092999999998 Epoch time - -10.60197
Epoch - 8 Train - 2.63899507522583 Val - 2.623004674911499 KLBeta - 0.0035000092999999998 Epoch time - -10.65078
Epoch - 8 Train - 2.632198459451849 Val - 2.6269731521606445 KLBeta - 0.0035000092999999998 Epoch time - -10.71944
Epoch - 9 Train - 2.6242832270535557 Val - 2.6265063285827637 KLBeta - 0.0040000092 Epoch time - -10.63295
Epoch - 9 Train - 2.625259200009433 Val - 2.610288699467977 KLBeta - 0.0040000092 Epoch time - -10.59613
Epoch - 9 Train - 2.6298013773831452 Val - 2.6263909339904785 KLBeta - 0.0040000092 Epoch time - -10.65676
Epoch - 9 Train - 2.621577184850519 Val - 2.6144731044769287 KLBeta - 0.0040000092 Epoch time - -10.73051
Epoch - 10 Train - 2.6112913088365035 Val - 2.607978343963623 KLBeta - 0.0045000091 Epoch time - -10.63995
Epoch - 10 Train - 2.611935485493053 Val - 2.5976409912109375 KLBeta - 0.0045000091 Epoch time - -10.60651
Epoch - 10 Train - 2.6163283001292834 Val - 2.6013150215148926 KLBeta - 0.0045000091 Epoch time - -10.66163
Epoch - 10 Train - 2.6110584952614526 Val - 2.604663054148356 KLBeta - 0.0045000091 Epoch time - -10.73532
Epoch - 11 Train - 2.6263093254782937 Val - 2.602895418802897 KLBeta - 0.005000009 Epoch time - -10.61972
Epoch - 11 Train - 2.6373325998132877 Val - 2.6014351050059 KLBeta - 0.005000009 Epoch time - -10.60405
Epoch - 11 Train - 2.6430755268443713 Val - 2.60381285349528 KLBeta - 0.005000009 Epoch time - -10.66877
Epoch - 11 Train - 2.6346122698350385 Val - 2.6054927508036294 KLBeta - 0.005000009 Epoch time - -10.73571
Epoch - 12 Train - 2.597555533322421 Val - 2.5965859095255532 KLBeta - 0.0055000089 Epoch time - -10.60239
Epoch - 12 Train - 2.6025552359494295 Val - 2.588438034057617 KLBeta - 0.0055000089 Epoch time - -10.57511
Epoch - 12 Train - 2.6046822504563765 Val - 2.592252492904663 KLBeta - 0.0055000089 Epoch time - -10.65987
Epoch - 12 Train - 2.599111929806796 Val - 2.594743092854818 KLBeta - 0.0055000089 Epoch time - -10.71638
Epoch - 13 Train - 2.5935972907326437 Val - 2.5862911542256675 KLBeta - 0.0060000088 Epoch time - -10.59838
Epoch - 13 Train - 2.5927150813016024 Val - 2.5793262322743735 KLBeta - 0.0060000088 Epoch time - -10.59355
Epoch - 13 Train - 2.5951346657492897 Val - 2.5821305910746255 KLBeta - 0.0060000088 Epoch time - -10.66759
Epoch - 13 Train - 2.5904404510151258 Val - 2.58499542872111 KLBeta - 0.0060000088 Epoch time - -10.71882
Epoch - 14 Train - 2.5835966457020154 Val - 2.5799675782521567 KLBeta - 0.0065000087 Epoch time - -10.59373
Epoch - 14 Train - 2.5910990368236195 Val - 2.6003712813059487 KLBeta - 0.0065000087 Epoch time - -10.58433
Epoch - 14 Train - 2.5884627385572956 Val - 2.5754849116007485 KLBeta - 0.0065000087 Epoch time - -10.66589
Epoch - 14 Train - 2.584350828690962 Val - 2.5859790643056235 KLBeta - 0.0065000087 Epoch time - -10.72141
Epoch - 15 Train - 2.5751495708118783 Val - 2.5675694147745767 KLBeta - 0.0070000086 Epoch time - -10.596
Epoch - 15 Train - 2.5833130489696154 Val - 2.5664099057515464 KLBeta - 0.0070000086 Epoch time - -10.57997
Epoch - 15 Train - 2.580317081104625 Val - 2.5708354314168296 KLBeta - 0.0070000086 Epoch time - -10.65747
Epoch - 15 Train - 2.576194446737116 Val - 2.5734519958496094 KLBeta - 0.0070000086 Epoch time - -10.71818
Epoch - 16 Train - 2.5893246910788794 Val - 2.567586660385132 KLBeta - 0.0075000085 Epoch time - -10.62478
Epoch - 16 Train - 2.591462252356789 Val - 2.5607688426971436 KLBeta - 0.0075000085 Epoch time - -10.62535
Epoch - 16 Train - 2.584733750603416 Val - 2.559680143992106 KLBeta - 0.0075000085 Epoch time - -10.67515
Epoch - 16 Train - 2.584420841390436 Val - 2.5646910667419434 KLBeta - 0.0075000085 Epoch time - -10.71859
Epoch - 17 Train - 2.565026044845581 Val - 2.55791966120402 KLBeta - 0.0080000084 Epoch time - -10.61745
Epoch - 17 Train - 2.567269229888916 Val - 2.553537607192993 KLBeta - 0.0080000084 Epoch time - -10.61275
Epoch - 17 Train - 2.5654440489682284 Val - 2.556732177734375 KLBeta - 0.0080000084 Epoch time - -10.66999
Epoch - 17 Train - 2.5630949107083407 Val - 2.5555056730906167 KLBeta - 0.0080000084 Epoch time - -10.71127
Epoch - 18 Train - 2.556828260421753 Val - 2.552188237508138 KLBeta - 0.008500008299999999 Epoch time - -10.61011
Epoch - 18 Train - 2.5589147090911863 Val - 2.5445555051167807 KLBeta - 0.008500008299999999 Epoch time - -10.61683
Epoch - 18 Train - 2.5630135622891514 Val - 2.544933795928955 KLBeta - 0.008500008299999999 Epoch time - -10.66528
Epoch - 18 Train - 2.561679627678611 Val - 2.5548783938090005 KLBeta - 0.008500008299999999 Epoch time - -10.71122
Epoch - 19 Train - 2.5501093127510766 Val - 2.5368250211079917 KLBeta - 0.0090000082 Epoch time - -10.62266
Epoch - 19 Train - 2.551603429967707 Val - 2.5366793473561606 KLBeta - 0.0090000082 Epoch time - -10.61257
Epoch - 19 Train - 2.549143496426669 Val - 2.5348551273345947 KLBeta - 0.0090000082 Epoch time - -10.66198
Epoch - 19 Train - 2.54819956259294 Val - 2.544973452885946 KLBeta - 0.0090000082 Epoch time - -10.71066
Epoch - 20 Train - 2.541670712557706 Val - 2.538661082585653 KLBeta - 0.0095000081 Epoch time - -10.63327
Epoch - 20 Train - 2.543012727390636 Val - 2.522602160771688 KLBeta - 0.0095000081 Epoch time - -10.61479
Epoch - 20 Train - 2.5422754591161554 Val - 2.5258029301961265 KLBeta - 0.0095000081 Epoch time - -10.66427
Epoch - 20 Train - 2.5388774048198353 Val - 2.5278740723927817 KLBeta - 0.0095000081 Epoch time - -10.71201
Epoch - 21 Train - 2.598116042397239 Val - 2.541010618209839 KLBeta - 0.010000008 Epoch time - -10.62734
Epoch - 21 Train - 2.597133528102528 Val - 2.532853444417318 KLBeta - 0.010000008 Epoch time - -10.60106
Epoch - 21 Train - 2.6030316439541905 Val - 2.5375939210255942 KLBeta - 0.010000008 Epoch time - -10.65401
Epoch - 21 Train - 2.594449437748302 Val - 2.539967139561971 KLBeta - 0.010000008 Epoch time - -10.74125
Epoch - 22 Train - 2.5386654637076638 Val - 2.5287250677744546 KLBeta - 0.010500007899999999 Epoch time - -10.61262
Epoch - 22 Train - 2.54089937210083 Val - 2.5226325194040933 KLBeta - 0.010500007899999999 Epoch time - -10.59574
Epoch - 22 Train - 2.542411622134122 Val - 2.5242935021718345 KLBeta - 0.010500007899999999 Epoch time - -10.64358
Epoch - 22 Train - 2.538436456160112 Val - 2.527871052424113 KLBeta - 0.010500007899999999 Epoch time - -10.73824
Epoch - 23 Train - 2.5304300741715866 Val - 2.5210291544596353 KLBeta - 0.0110000078 Epoch time - -10.61898
Epoch - 23 Train - 2.5326068834824995 Val - 2.5166142781575522 KLBeta - 0.0110000078 Epoch time - -10.59747
Epoch - 23 Train - 2.5336719209497627 Val - 2.520158052444458 KLBeta - 0.0110000078 Epoch time - -10.66271
Epoch - 23 Train - 2.530586528778076 Val - 2.5234885215759277 KLBeta - 0.0110000078 Epoch time - -10.75384
Epoch - 24 Train - 2.524588797309182 Val - 2.514875332514445 KLBeta - 0.0115000077 Epoch time - -10.62953
Epoch - 24 Train - 2.5270414395765823 Val - 2.508526086807251 KLBeta - 0.0115000077 Epoch time - -10.60423
Epoch - 24 Train - 2.5281749248504637 Val - 2.5123528639475503 KLBeta - 0.0115000077 Epoch time - -10.67122
Epoch - 24 Train - 2.5244359189813785 Val - 2.5133941173553467 KLBeta - 0.0115000077 Epoch time - -10.74975
Epoch - 25 Train - 2.5189336906779896 Val - 2.512566169102987 KLBeta - 0.0120000076 Epoch time - -10.61359
Epoch - 25 Train - 2.521132386814464 Val - 2.5008090337117515 KLBeta - 0.0120000076 Epoch time - -10.5992
Epoch - 25 Train - 2.521957852623679 Val - 2.505070130030314 KLBeta - 0.0120000076 Epoch time - -10.65258
Epoch - 25 Train - 2.5186399286443537 Val - 2.5072758992513022 KLBeta - 0.0120000076 Epoch time - -10.75401
Epoch - 26 Train - 2.5926063407551156 Val - 2.518159786860148 KLBeta - 0.012500007499999998 Epoch time - -10.60539
Epoch - 26 Train - 2.6004231799732556 Val - 2.5140939553578696 KLBeta - 0.012500007499999998 Epoch time - -10.59932
Epoch - 26 Train - 2.5923245603388008 Val - 2.5136292775472007 KLBeta - 0.012500007499999998 Epoch time - -10.6679
Epoch - 26 Train - 2.5765617413954303 Val - 2.516000191370646 KLBeta - 0.012500007499999998 Epoch time - -10.73276
Epoch - 27 Train - 2.5185886903242634 Val - 2.5066206455230713 KLBeta - 0.0130000074 Epoch time - -10.60768
Epoch - 27 Train - 2.5218758756464177 Val - 2.5009471575419107 KLBeta - 0.0130000074 Epoch time - -10.59321
Epoch - 27 Train - 2.5217199152166194 Val - 2.505793253580729 KLBeta - 0.0130000074 Epoch time - -10.65816
Epoch - 27 Train - 2.51689228144559 Val - 2.5081366697947183 KLBeta - 0.0130000074 Epoch time - -10.72734
Epoch - 28 Train - 2.5105561559850518 Val - 2.5006287892659507 KLBeta - 0.0135000073 Epoch time - -10.589
Epoch - 28 Train - 2.5140710267153654 Val - 2.495915095011393 KLBeta - 0.0135000073 Epoch time - -10.58167
Epoch - 28 Train - 2.5146304607391357 Val - 2.4976799488067627 KLBeta - 0.0135000073 Epoch time - -10.65011
Epoch - 28 Train - 2.5101864337921143 Val - 2.50388240814209 KLBeta - 0.0135000073 Epoch time - -10.71908
Epoch - 29 Train - 2.5052368294109 Val - 2.4953057765960693 KLBeta - 0.0140000072 Epoch time - -10.59178
Epoch - 29 Train - 2.5081895394758744 Val - 2.4895705382029214 KLBeta - 0.0140000072 Epoch time - -10.58003
Epoch - 29 Train - 2.509379603646018 Val - 2.4952735106150308 KLBeta - 0.0140000072 Epoch time - -10.65111
Epoch - 29 Train - 2.50468787279996 Val - 2.4936091899871826 KLBeta - 0.0140000072 Epoch time - -10.7182
Epoch - 30 Train - 2.500015237114646 Val - 2.4868467648824057 KLBeta - 0.014500007099999998 Epoch time - -10.58195
Epoch - 30 Train - 2.5025659561157227 Val - 2.48740561803182 KLBeta - 0.014500007099999998 Epoch time - -10.58696
Epoch - 30 Train - 2.503928535634821 Val - 2.4900163809458413 KLBeta - 0.014500007099999998 Epoch time - -10.66558
Epoch - 30 Train - 2.499707824533636 Val - 2.4904873371124268 KLBeta - 0.014500007099999998 Epoch time - -10.72873
Epoch - 31 Train - 2.520417339151556 Val - 2.491314172744751 KLBeta - 0.015000007 Epoch time - -10.61783
Epoch - 31 Train - 2.528060128472068 Val - 2.4847042560577393 KLBeta - 0.015000007 Epoch time - -10.60274
Epoch - 31 Train - 2.5295620354739103 Val - 2.488219658533732 KLBeta - 0.015000007 Epoch time - -10.66613
Epoch - 31 Train - 2.5263155286962338 Val - 2.489753564198812 KLBeta - 0.015000007 Epoch time - -10.70403
Epoch - 32 Train - 2.4939009666442873 Val - 2.483268896738688 KLBeta - 0.0155000069 Epoch time - -10.60584
Epoch - 32 Train - 2.497787484255704 Val - 2.475130319595337 KLBeta - 0.0155000069 Epoch time - -10.60277
Epoch - 32 Train - 2.4992025808854534 Val - 2.48243776957194 KLBeta - 0.0155000069 Epoch time - -10.66037
Epoch - 32 Train - 2.4956494244662197 Val - 2.483034292856852 KLBeta - 0.0155000069 Epoch time - -10.70508
Epoch - 33 Train - 2.4895646008578214 Val - 2.479057788848877 KLBeta - 0.0160000068 Epoch time - -10.60469
Epoch - 33 Train - 2.4925675478848546 Val - 2.4758578141530356 KLBeta - 0.0160000068 Epoch time - -10.60067
Epoch - 33 Train - 2.4939416972073642 Val - 2.47687300046285 KLBeta - 0.0160000068 Epoch time - -10.66102
Epoch - 33 Train - 2.490038759058172 Val - 2.4774836699167886 KLBeta - 0.0160000068 Epoch time - -10.70524
Epoch - 34 Train - 2.484333038330078 Val - 2.471254030863444 KLBeta - 0.0165000067 Epoch time - -10.59682
Epoch - 34 Train - 2.4883447993885386 Val - 2.4702281951904297 KLBeta - 0.0165000067 Epoch time - -10.6006
Epoch - 34 Train - 2.4887510906566273 Val - 2.475703398386637 KLBeta - 0.0165000067 Epoch time - -10.6604
Epoch - 34 Train - 2.4858632001009853 Val - 2.469132979710897 KLBeta - 0.0165000067 Epoch time - -10.699
Epoch - 35 Train - 2.4786679527976294 Val - 2.462130149205526 KLBeta - 0.0170000066 Epoch time - -10.59852
Epoch - 35 Train - 2.48245530128479 Val - 2.4641615549723306 KLBeta - 0.0170000066 Epoch time - -10.60451
Epoch - 35 Train - 2.4845205567099833 Val - 2.473771810531616 KLBeta - 0.0170000066 Epoch time - -10.65672
Epoch - 35 Train - 2.47989237091758 Val - 2.480234464009603 KLBeta - 0.0170000066 Epoch time - -10.7039
Epoch - 36 Train - 2.5067627820101652 Val - 2.4622833728790283 KLBeta - 0.0175000065 Epoch time - -10.6156
Epoch - 36 Train - 2.5158329053358597 Val - 2.460888226826986 KLBeta - 0.0175000065 Epoch time - -10.58971
Epoch - 36 Train - 2.510367757623846 Val - 2.4617316722869873 KLBeta - 0.0175000065 Epoch time - -10.64453
Epoch - 36 Train - 2.5112418564883145 Val - 2.465750296910604 KLBeta - 0.0175000065 Epoch time - -10.74677
Epoch - 37 Train - 2.4730950658971613 Val - 2.463521718978882 KLBeta - 0.0180000064 Epoch time - -10.61462
Epoch - 37 Train - 2.477692716771906 Val - 2.45481546719869 KLBeta - 0.0180000064 Epoch time - -10.59655
Epoch - 37 Train - 2.4780081965706566 Val - 2.4550484816233316 KLBeta - 0.0180000064 Epoch time - -10.65756
Epoch - 37 Train - 2.4746790582483467 Val - 2.46153195699056 KLBeta - 0.0180000064 Epoch time - -10.74325
Epoch - 38 Train - 2.468719495426525 Val - 2.453997850418091 KLBeta - 0.0185000063 Epoch time - -10.60993
Epoch - 38 Train - 2.47225755778226 Val - 2.450352112452189 KLBeta - 0.0185000063 Epoch time - -10.59353
Epoch - 38 Train - 2.4735198497772215 Val - 2.447495778401693 KLBeta - 0.0185000063 Epoch time - -10.65146
Epoch - 38 Train - 2.4700056769631127 Val - 2.4570678075154624 KLBeta - 0.0185000063 Epoch time - -10.73069
Epoch - 39 Train - 2.4643481558019467 Val - 2.4491753578186035 KLBeta - 0.019000006200000003 Epoch time - -10.61322
Epoch - 39 Train - 2.4689058130437678 Val - 2.444170077641805 KLBeta - 0.019000006200000003 Epoch time - -10.59433
Epoch - 39 Train - 2.468919597972523 Val - 2.44791571299235 KLBeta - 0.019000006200000003 Epoch time - -10.64905
Epoch - 39 Train - 2.4660330599004574 Val - 2.447248379389445 KLBeta - 0.019000006200000003 Epoch time - -10.73088
Epoch - 40 Train - 2.459469691189853 Val - 2.4378226598103843 KLBeta - 0.0195000061 Epoch time - -10.60372
Epoch - 40 Train - 2.463447184996171 Val - 2.4324231147766113 KLBeta - 0.0195000061 Epoch time - -10.59016
Epoch - 40 Train - 2.463478218425404 Val - 2.4418368339538574 KLBeta - 0.0195000061 Epoch time - -10.65015
Epoch - 40 Train - 2.4600699858231976 Val - 2.442889928817749 KLBeta - 0.0195000061 Epoch time - -10.73433
Epoch - 41 Train - 2.4922932581468062 Val - 2.441251198450724 KLBeta - 0.020000006 Epoch time - -10.58547
Epoch - 41 Train - 2.4952883937142114 Val - 2.435664653778076 KLBeta - 0.020000006 Epoch time - -10.57684
Epoch - 41 Train - 2.4971338748931884 Val - 2.4395264784495034 KLBeta - 0.020000006 Epoch time - -10.65706
Epoch - 41 Train - 2.4933660550550982 Val - 2.444539229075114 KLBeta - 0.020000006 Epoch time - -10.72498
Epoch - 42 Train - 2.4538866563276813 Val - 2.4377170403798423 KLBeta - 0.0205000059 Epoch time - -10.59113
Epoch - 42 Train - 2.4579249945553867 Val - 2.432072480519613 KLBeta - 0.0205000059 Epoch time - -10.60208
Epoch - 42 Train - 2.4591936068101363 Val - 2.4390811920166016 KLBeta - 0.0205000059 Epoch time - -10.66835
Epoch - 42 Train - 2.45574312210083 Val - 2.4361635049184165 KLBeta - 0.0205000059 Epoch time - -10.73331
Epoch - 43 Train - 2.449385049126365 Val - 2.432570298512777 KLBeta - 0.0210000058 Epoch time - -10.59553
Epoch - 43 Train - 2.4537330844185568 Val - 2.424445311228434 KLBeta - 0.0210000058 Epoch time - -10.58558
Epoch - 43 Train - 2.454872070659291 Val - 2.432236830393473 KLBeta - 0.0210000058 Epoch time - -10.6537
Epoch - 43 Train - 2.4511357177387585 Val - 2.4305301507314048 KLBeta - 0.0210000058 Epoch time - -10.71473
Epoch - 44 Train - 2.446061507138339 Val - 2.4267051219940186 KLBeta - 0.0215000057 Epoch time - -10.58944
Epoch - 44 Train - 2.4494096105748957 Val - 2.418885866800944 KLBeta - 0.0215000057 Epoch time - -10.59225
Epoch - 44 Train - 2.450314513119784 Val - 2.4245128631591797 KLBeta - 0.0215000057 Epoch time - -10.65113
Epoch - 44 Train - 2.447645477815108 Val - 2.426272392272949 KLBeta - 0.0215000057 Epoch time - -10.70834
Epoch - 45 Train - 2.4420110659165815 Val - 2.4247725009918213 KLBeta - 0.0220000056 Epoch time - -10.58866
Epoch - 45 Train - 2.444458757747303 Val - 2.4132297039031982 KLBeta - 0.0220000056 Epoch time - -10.58101
Epoch - 45 Train - 2.446487131985751 Val - 2.4207639694213867 KLBeta - 0.0220000056 Epoch time - -10.65961
Epoch - 45 Train - 2.442842453176325 Val - 2.423872947692871 KLBeta - 0.0220000056 Epoch time - -10.71513
Epoch - 46 Train - 2.499929172342474 Val - 2.424854119618734 KLBeta - 0.0225000055 Epoch time - -10.60072
Epoch - 46 Train - 2.506265943700617 Val - 2.420053164164225 KLBeta - 0.0225000055 Epoch time - -10.60547
Epoch - 46 Train - 2.505341369455511 Val - 2.4227969646453857 KLBeta - 0.0225000055 Epoch time - -10.649
Epoch - 46 Train - 2.4999413967132567 Val - 2.4263923168182373 KLBeta - 0.0225000055 Epoch time - -10.70452
Epoch - 47 Train - 2.437889419902455 Val - 2.416250785191854 KLBeta - 0.023000005400000002 Epoch time - -10.60718
Epoch - 47 Train - 2.4430134296417236 Val - 2.411186854044596 KLBeta - 0.023000005400000002 Epoch time - -10.60493
Epoch - 47 Train - 2.4437349622899838 Val - 2.4118165969848633 KLBeta - 0.023000005400000002 Epoch time - -10.66159
Epoch - 47 Train - 2.4400838591835714 Val - 2.416715224583944 KLBeta - 0.023000005400000002 Epoch time - -10.70356
Epoch - 48 Train - 2.433626903187145 Val - 2.413800001144409 KLBeta - 0.0235000053 Epoch time - -10.59695
Epoch - 48 Train - 2.4383455709977584 Val - 2.4069812297821045 KLBeta - 0.0235000053 Epoch time - -10.59677
Epoch - 48 Train - 2.439199820431796 Val - 2.406351089477539 KLBeta - 0.0235000053 Epoch time - -10.66039
Epoch - 48 Train - 2.435176220807162 Val - 2.4115893840789795 KLBeta - 0.0235000053 Epoch time - -10.69785
Epoch - 49 Train - 2.4307253230701793 Val - 2.410985310872396 KLBeta - 0.0240000052 Epoch time - -10.59435
Epoch - 49 Train - 2.4343962105837735 Val - 2.403231382369995 KLBeta - 0.0240000052 Epoch time - -10.60675
Epoch - 49 Train - 2.4355512012134897 Val - 2.407776435216268 KLBeta - 0.0240000052 Epoch time - -10.65222
Epoch - 49 Train - 2.4315447633916683 Val - 2.4082516034444175 KLBeta - 0.0240000052 Epoch time - -10.69365
Epoch - 50 Train - 2.4267088586633854 Val - 2.402374347050985 KLBeta - 0.0245000051 Epoch time - -10.60579
Epoch - 50 Train - 2.431266021728516 Val - 2.4018283685048423 KLBeta - 0.0245000051 Epoch time - -10.60286
Epoch - 50 Train - 2.4315199895338577 Val - 2.404794613520304 KLBeta - 0.0245000051 Epoch time - -10.67351
Epoch - 50 Train - 2.427652528069236 Val - 2.401097615559896 KLBeta - 0.0245000051 Epoch time - -10.7151
Epoch - 51 Train - 2.453990684856068 Val - 2.410161336263021 KLBeta - 0.025000005 Epoch time - -10.62308
Epoch - 51 Train - 2.4665315628051756 Val - 2.4006460507710776 KLBeta - 0.025000005 Epoch time - -10.59981
Epoch - 51 Train - 2.4641453439539127 Val - 2.405925671259562 KLBeta - 0.025000005 Epoch time - -10.64693
Epoch - 51 Train - 2.466223023154519 Val - 2.408853451410929 KLBeta - 0.025000005 Epoch time - -10.73787
Epoch - 52 Train - 2.421773654764349 Val - 2.4017995993296304 KLBeta - 0.0255000049 Epoch time - -10.60745
Epoch - 52 Train - 2.4273359428752554 Val - 2.396038055419922 KLBeta - 0.0255000049 Epoch time - -10.5993
Epoch - 52 Train - 2.4286904725161467 Val - 2.404032309850057 KLBeta - 0.0255000049 Epoch time - -10.65777
Epoch - 52 Train - 2.4248370734128084 Val - 2.406567096710205 KLBeta - 0.0255000049 Epoch time - -10.74394
Epoch - 53 Train - 2.418658139488914 Val - 2.394388755162557 KLBeta - 0.0260000048 Epoch time - -10.62337
Epoch - 53 Train - 2.423891379616477 Val - 2.386061747868856 KLBeta - 0.0260000048 Epoch time - -10.60636
Epoch - 53 Train - 2.4251664291728625 Val - 2.397674798965454 KLBeta - 0.0260000048 Epoch time - -10.6494
Epoch - 53 Train - 2.421438811042092 Val - 2.3988160292307534 KLBeta - 0.0260000048 Epoch time - -10.74223
Epoch - 54 Train - 2.416009369763461 Val - 2.3877816200256348 KLBeta - 0.0265000047 Epoch time - -10.60717
Epoch - 54 Train - 2.4204277992248535 Val - 2.3872381846110025 KLBeta - 0.0265000047 Epoch time - -10.59304
Epoch - 54 Train - 2.4218196522105826 Val - 2.3842697143554688 KLBeta - 0.0265000047 Epoch time - -10.64777
Epoch - 54 Train - 2.4177280165932395 Val - 2.399545351664225 KLBeta - 0.0265000047 Epoch time - -10.73785
Epoch - 55 Train - 2.411825505169955 Val - 2.385749340057373 KLBeta - 0.027000004600000002 Epoch time - -10.61781
Epoch - 55 Train - 2.4164193240079013 Val - 2.382009744644165 KLBeta - 0.027000004600000002 Epoch time - -10.59878
Epoch - 55 Train - 2.4179804065010764 Val - 2.386955817540487 KLBeta - 0.027000004600000002 Epoch time - -10.64814
Epoch - 55 Train - 2.4143685427579014 Val - 2.393768866856893 KLBeta - 0.027000004600000002 Epoch time - -10.73755
Epoch - 56 Train - 2.450629862872037 Val - 2.3904080390930176 KLBeta - 0.0275000045 Epoch time - -10.58453
Epoch - 56 Train - 2.456032774665139 Val - 2.38902219136556 KLBeta - 0.0275000045 Epoch time - -10.58418
Epoch - 56 Train - 2.453752192583951 Val - 2.3896191914876304 KLBeta - 0.0275000045 Epoch time - -10.65652
Epoch - 56 Train - 2.451265153017911 Val - 2.3892780939737954 KLBeta - 0.0275000045 Epoch time - -10.71962
Epoch - 57 Train - 2.4080988537181507 Val - 2.3843936920166016 KLBeta - 0.0280000044 Epoch time - -10.57725
Epoch - 57 Train - 2.41362174207514 Val - 2.3775407473246255 KLBeta - 0.0280000044 Epoch time - -10.58003
Epoch - 57 Train - 2.413969880884344 Val - 2.3808048566182456 KLBeta - 0.0280000044 Epoch time - -10.65056
Epoch - 57 Train - 2.4105034871534867 Val - 2.3793535232543945 KLBeta - 0.0280000044 Epoch time - -10.71234
Epoch - 58 Train - 2.4045058597217905 Val - 2.3803018728892007 KLBeta - 0.0285000043 Epoch time - -10.57976
Epoch - 58 Train - 2.409721430865201 Val - 2.3731319904327393 KLBeta - 0.0285000043 Epoch time - -10.57327
Epoch - 58 Train - 2.4109000769528475 Val - 2.376643657684326 KLBeta - 0.0285000043 Epoch time - -10.65446
Epoch - 58 Train - 2.406691460175948 Val - 2.3806459108988443 KLBeta - 0.0285000043 Epoch time - -10.72732
Epoch - 59 Train - 2.401262296329845 Val - 2.3770480155944824 KLBeta - 0.0290000042 Epoch time - -10.59122
Epoch - 59 Train - 2.407131481170654 Val - 2.374715010325114 KLBeta - 0.0290000042 Epoch time - -10.5867
Epoch - 59 Train - 2.4070529851046474 Val - 2.3743499914805093 KLBeta - 0.0290000042 Epoch time - -10.66748
Epoch - 59 Train - 2.403681889447299 Val - 2.3712309996287027 KLBeta - 0.0290000042 Epoch time - -10.72121
Epoch - 60 Train - 2.3980015191164883 Val - 2.3675688902537027 KLBeta - 0.0295000041 Epoch time - -10.60232
Epoch - 60 Train - 2.402897665717385 Val - 2.364665905634562 KLBeta - 0.0295000041 Epoch time - -10.59199
Epoch - 60 Train - 2.4040555347095838 Val - 2.3695159753163657 KLBeta - 0.0295000041 Epoch time - -10.66028
Epoch - 60 Train - 2.400173299962824 Val - 2.3714073499043784 KLBeta - 0.0295000041 Epoch time - -10.72732
Epoch - 61 Train - 2.438064111362804 Val - 2.3724891344706216 KLBeta - 0.030000004 Epoch time - -10.61357
Epoch - 61 Train - 2.44720139503479 Val - 2.3687170346577964 KLBeta - 0.030000004 Epoch time - -10.61538
Epoch - 61 Train - 2.447037787870927 Val - 2.3693412144978843 KLBeta - 0.030000004 Epoch time - -10.6689
Epoch - 61 Train - 2.4403976050290193 Val - 2.373546044031779 KLBeta - 0.030000004 Epoch time - -10.71635
Epoch - 62 Train - 2.39537972536954 Val - 2.3662612438201904 KLBeta - 0.0305000039 Epoch time - -10.60703
Epoch - 62 Train - 2.4007782155817203 Val - 2.3605475425720215 KLBeta - 0.0305000039 Epoch time - -10.60175
Epoch - 62 Train - 2.4016826109452682 Val - 2.362558205922445 KLBeta - 0.0305000039 Epoch time - -10.63972
Epoch - 62 Train - 2.3975434173237193 Val - 2.3713367780049643 KLBeta - 0.0305000039 Epoch time - -10.6907
Epoch - 63 Train - 2.391811379519376 Val - 2.366934617360433 KLBeta - 0.031000003800000002 Epoch time - -10.60354
Epoch - 63 Train - 2.397480587525801 Val - 2.3563111623128257 KLBeta - 0.031000003800000002 Epoch time - -10.60735
Epoch - 63 Train - 2.398282831365412 Val - 2.3650617599487305 KLBeta - 0.031000003800000002 Epoch time - -10.65987
Epoch - 63 Train - 2.3938871947201816 Val - 2.3649999300638833 KLBeta - 0.031000003800000002 Epoch time - -10.71269
Epoch - 64 Train - 2.3894830660386517 Val - 2.3583672046661377 KLBeta - 0.0315000037 Epoch time - -10.60885
Epoch - 64 Train - 2.394410601529208 Val - 2.3538092772165933 KLBeta - 0.0315000037 Epoch time - -10.60576
Epoch - 64 Train - 2.3953370614485308 Val - 2.3533643881479898 KLBeta - 0.0315000037 Epoch time - -10.6614
Epoch - 64 Train - 2.390717614780773 Val - 2.358733574549357 KLBeta - 0.0315000037 Epoch time - -10.70479
Epoch - 65 Train - 2.386615926569158 Val - 2.3564984798431396 KLBeta - 0.0320000036 Epoch time - -10.59267
Epoch - 65 Train - 2.3914795312014494 Val - 2.3510363896687827 KLBeta - 0.0320000036 Epoch time - -10.60086
Epoch - 65 Train - 2.391479440168901 Val - 2.3530521392822266 KLBeta - 0.0320000036 Epoch time - -10.66508
Epoch - 65 Train - 2.3880386959422717 Val - 2.358015219370524 KLBeta - 0.0320000036 Epoch time - -10.70407
Epoch - 66 Train - 2.429973762685602 Val - 2.3640851179758706 KLBeta - 0.0325000035 Epoch time - -10.61837
Epoch - 66 Train - 2.432875902002508 Val - 2.3565564155578613 KLBeta - 0.0325000035 Epoch time - -10.59602
Epoch - 66 Train - 2.436374230818315 Val - 2.3589314619700112 KLBeta - 0.0325000035 Epoch time - -10.64868
Epoch - 66 Train - 2.429603286222978 Val - 2.3607608477274575 KLBeta - 0.0325000035 Epoch time - -10.73396
Epoch - 67 Train - 2.3836570609699597 Val - 2.3542280197143555 KLBeta - 0.0330000034 Epoch time - -10.60359
Epoch - 67 Train - 2.3898996699940076 Val - 2.350639820098877 KLBeta - 0.0330000034 Epoch time - -10.59354
Epoch - 67 Train - 2.391294175928289 Val - 2.3476615746816 KLBeta - 0.0330000034 Epoch time - -10.64506
Epoch - 67 Train - 2.38683200749484 Val - 2.3532089392344155 KLBeta - 0.0330000034 Epoch time - -10.74861
Epoch - 68 Train - 2.380811002037742 Val - 2.3516592979431152 KLBeta - 0.0335000033 Epoch time - -10.61667
Epoch - 68 Train - 2.3861422885547983 Val - 2.3533581097920737 KLBeta - 0.0335000033 Epoch time - -10.59867
Epoch - 68 Train - 2.3875845475630326 Val - 2.3487903277079263 KLBeta - 0.0335000033 Epoch time - -10.66161
Epoch - 68 Train - 2.3827341643246736 Val - 2.3521092732747397 KLBeta - 0.0335000033 Epoch time - -10.74265
Epoch - 69 Train - 2.3784592281688344 Val - 2.3561227321624756 KLBeta - 0.0340000032 Epoch time - -10.60645
Epoch - 69 Train - 2.3833385640924627 Val - 2.343162457148234 KLBeta - 0.0340000032 Epoch time - -10.59274
Epoch - 69 Train - 2.384267737648704 Val - 2.3532825311024985 KLBeta - 0.0340000032 Epoch time - -10.64846
Epoch - 69 Train - 2.3804746107621626 Val - 2.3511481285095215 KLBeta - 0.0340000032 Epoch time - -10.73675
Epoch - 70 Train - 2.3758754513480445 Val - 2.3430227438608804 KLBeta - 0.0345000031 Epoch time - -10.60994
Epoch - 70 Train - 2.379567545110529 Val - 2.3369967142740884 KLBeta - 0.0345000031 Epoch time - -10.59682
Epoch - 70 Train - 2.381496611508456 Val - 2.341845750808716 KLBeta - 0.0345000031 Epoch time - -10.66083
Epoch - 70 Train - 2.377850645238703 Val - 2.3441876570383706 KLBeta - 0.0345000031 Epoch time - -10.74638
Epoch - 71 Train - 2.42135439786044 Val - 2.350818157196045 KLBeta - 0.035000003 Epoch time - -10.59308
Epoch - 71 Train - 2.421866356242787 Val - 2.343451738357544 KLBeta - 0.035000003 Epoch time - -10.58131
Epoch - 71 Train - 2.421679466420954 Val - 2.345448891321818 KLBeta - 0.035000003 Epoch time - -10.6551
Epoch - 72 Train - 2.3730035478418525 Val - 2.342530091603597 KLBeta - 0.0355000029 Epoch time - -10.59366
Epoch - 71 Train - 2.4150036681782114 Val - 2.3472755750020347 KLBeta - 0.035000003 Epoch time - -10.7148
Epoch - 72 Train - 2.3792439590800893 Val - 2.336973190307617 KLBeta - 0.0355000029 Epoch time - -10.582
Epoch - 72 Train - 2.3807909575375645 Val - 2.337575991948446 KLBeta - 0.0355000029 Epoch time - -10.64734
Epoch - 73 Train - 2.369731955094771 Val - 2.3386055628458657 KLBeta - 0.0360000028 Epoch time - -10.58192
Epoch - 72 Train - 2.3753983454270795 Val - 2.3402323722839355 KLBeta - 0.0355000029 Epoch time - -10.7089
Epoch - 73 Train - 2.3760113152590665 Val - 2.3309200604756675 KLBeta - 0.0360000028 Epoch time - -10.57081
Epoch - 73 Train - 2.3766774437644265 Val - 2.3328287601470947 KLBeta - 0.0360000028 Epoch time - -10.64639
Epoch - 74 Train - 2.367528278177435 Val - 2.335959275563558 KLBeta - 0.0365000027 Epoch time - -10.58798
Epoch - 73 Train - 2.372612883827903 Val - 2.339534600575765 KLBeta - 0.0360000028 Epoch time - -10.72174
Epoch - 74 Train - 2.3735544464804907 Val - 2.3261709213256836 KLBeta - 0.0365000027 Epoch time - -10.59602
Epoch - 74 Train - 2.374709567156705 Val - 2.3298054536183677 KLBeta - 0.0365000027 Epoch time - -10.655
Epoch - 75 Train - 2.364913576299494 Val - 2.3343704541524253 KLBeta - 0.0370000026 Epoch time - -10.58156
Epoch - 74 Train - 2.3694972081617878 Val - 2.334802230199178 KLBeta - 0.0365000027 Epoch time - -10.71702
Epoch - 75 Train - 2.3704258008436723 Val - 2.3263728618621826 KLBeta - 0.0370000026 Epoch time - -10.57882
Epoch - 75 Train - 2.3708275925029407 Val - 2.325385888417562 KLBeta - 0.0370000026 Epoch time - -10.65774
Epoch - 76 Train - 2.4080883199518377 Val - 2.340076287587484 KLBeta - 0.0375000025 Epoch time - -10.61123
Epoch - 75 Train - 2.3661483071067115 Val - 2.330329259236654 KLBeta - 0.0370000026 Epoch time - -10.73017
Epoch - 76 Train - 2.408987452767112 Val - 2.3330612977345786 KLBeta - 0.0375000025 Epoch time - -10.6066
Epoch - 76 Train - 2.415911726518111 Val - 2.3336782455444336 KLBeta - 0.0375000025 Epoch time - -10.66315
Epoch - 77 Train - 2.3631127097389917 Val - 2.3281981150309243 KLBeta - 0.0380000024 Epoch time - -10.60874
Epoch - 76 Train - 2.413419909910722 Val - 2.3400684197743735 KLBeta - 0.0375000025 Epoch time - -10.71446
Epoch - 77 Train - 2.369466209411621 Val - 2.3249568144480386 KLBeta - 0.0380000024 Epoch time - -10.62986
Epoch - 77 Train - 2.3710330876437102 Val - 2.3298609256744385 KLBeta - 0.0380000024 Epoch time - -10.67089
Epoch - 78 Train - 2.359720464186235 Val - 2.3267635504404702 KLBeta - 0.0385000023 Epoch time - -10.60981
Epoch - 77 Train - 2.367039901560003 Val - 2.329183499018351 KLBeta - 0.0380000024 Epoch time - -10.71843
Epoch - 78 Train - 2.3660154125907202 Val - 2.3242963949839273 KLBeta - 0.0385000023 Epoch time - -10.61076
Epoch - 78 Train - 2.367362776669589 Val - 2.3196702798207602 KLBeta - 0.0385000023 Epoch time - -10.67384
Epoch - 79 Train - 2.3571602561257103 Val - 2.3267718156178794 KLBeta - 0.0390000022 Epoch time - -10.61657
Epoch - 78 Train - 2.3634968410838733 Val - 2.3274551232655845 KLBeta - 0.0385000023 Epoch time - -10.71023
Epoch - 79 Train - 2.3637470852244986 Val - 2.318186601003011 KLBeta - 0.0390000022 Epoch time - -10.6166
Epoch - 79 Train - 2.3643981673500756 Val - 2.318464438120524 KLBeta - 0.0390000022 Epoch time - -10.67271
Epoch - 80 Train - 2.3557674624703147 Val - 2.3222574392954507 KLBeta - 0.0395000021 Epoch time - -10.6173
Epoch - 79 Train - 2.3600247816606 Val - 2.3221725622812905 KLBeta - 0.0390000022 Epoch time - -10.71074
Epoch - 80 Train - 2.3606376951391046 Val - 2.313472112019857 KLBeta - 0.0395000021 Epoch time - -10.61383
Epoch - 80 Train - 2.361451227014715 Val - 2.3164335091908774 KLBeta - 0.0395000021 Epoch time - -10.66026
Epoch - 81 Train - 2.3909529989415947 Val - 2.3228584130605063 KLBeta - 0.040000002 Epoch time - -10.61057
Epoch - 80 Train - 2.3569981921802867 Val - 2.3187976678212485 KLBeta - 0.0395000021 Epoch time - -10.70519
Epoch - 81 Train - 2.4080601822246206 Val - 2.32182248433431 KLBeta - 0.040000002 Epoch time - -10.597
Epoch - 81 Train - 2.402084476297552 Val - 2.320862054824829 KLBeta - 0.040000002 Epoch time - -10.64867
Epoch - 82 Train - 2.3521895321932704 Val - 2.318552811940511 KLBeta - 0.0405000019 Epoch time - -10.60929
Epoch - 81 Train - 2.3983361330899324 Val - 2.3271169662475586 KLBeta - 0.040000002 Epoch time - -10.73907
Epoch - 82 Train - 2.360384871742942 Val - 2.3141349156697593 KLBeta - 0.0405000019 Epoch time - -10.5844
Epoch - 82 Train - 2.360549397902055 Val - 2.312970240910848 KLBeta - 0.0405000019 Epoch time - -10.64006
Epoch - 83 Train - 2.34877008524808 Val - 2.3168487548828125 KLBeta - 0.0410000018 Epoch time - -10.60327
Epoch - 82 Train - 2.3557624686848033 Val - 2.3175352414449057 KLBeta - 0.0405000019 Epoch time - -10.74663
Epoch - 83 Train - 2.35619631247087 Val - 2.3096683820088706 KLBeta - 0.0410000018 Epoch time - -10.59773
Epoch - 83 Train - 2.356500699303367 Val - 2.31644336382548 KLBeta - 0.0410000018 Epoch time - -10.64719
Epoch - 84 Train - 2.34713172045621 Val - 2.318073590596517 KLBeta - 0.0415000017 Epoch time - -10.59528
Epoch - 83 Train - 2.353037712790749 Val - 2.3148600260416665 KLBeta - 0.0410000018 Epoch time - -10.73908
Epoch - 84 Train - 2.3535867604342373 Val - 2.3056270281473794 KLBeta - 0.0415000017 Epoch time - -10.58947
Epoch - 84 Train - 2.354118013381958 Val - 2.3040143648783364 KLBeta - 0.0415000017 Epoch time - -10.64431
Epoch - 85 Train - 2.3445989695462313 Val - 2.307459751764933 KLBeta - 0.042000001599999996 Epoch time - -10.60174
Epoch - 84 Train - 2.349357674338601 Val - 2.3104825814565024 KLBeta - 0.0415000017 Epoch time - -10.73524
Epoch - 85 Train - 2.3516458771445534 Val - 2.30499800046285 KLBeta - 0.042000001599999996 Epoch time - -10.59205
Epoch - 85 Train - 2.351180419054898 Val - 2.3048051993052163 KLBeta - 0.042000001599999996 Epoch time - -10.6657
Epoch - 86 Train - 2.3944104671478272 Val - 2.313297430674235 KLBeta - 0.0425000015 Epoch time - -10.58761
Epoch - 85 Train - 2.346681109341708 Val - 2.307548443476359 KLBeta - 0.042000001599999996 Epoch time - -10.74324
Epoch - 86 Train - 2.408347884091464 Val - 2.309795618057251 KLBeta - 0.0425000015 Epoch time - -10.5901
Epoch - 86 Train - 2.4075104800137606 Val - 2.3114211559295654 KLBeta - 0.0425000015 Epoch time - -10.65564
Epoch - 87 Train - 2.3413793953982265 Val - 2.30538272857666 KLBeta - 0.0430000014 Epoch time - -10.58431
Epoch - 86 Train - 2.39984279979359 Val - 2.314199686050415 KLBeta - 0.0425000015 Epoch time - -10.71126
Epoch - 87 Train - 2.3496980970556085 Val - 2.301607052485148 KLBeta - 0.0430000014 Epoch time - -10.57896
Epoch - 87 Train - 2.349679929559881 Val - 2.3015828927357993 KLBeta - 0.0430000014 Epoch time - -10.65383
Epoch - 88 Train - 2.337935278632424 Val - 2.3005431493123374 KLBeta - 0.0435000013 Epoch time - -10.57917
Epoch - 87 Train - 2.3461819952184504 Val - 2.3071258862813315 KLBeta - 0.0430000014 Epoch time - -10.71829
Epoch - 88 Train - 2.3465070724487305 Val - 2.2988338470458984 KLBeta - 0.0435000013 Epoch time - -10.57491
Epoch - 88 Train - 2.347034129229459 Val - 2.3003479639689126 KLBeta - 0.0435000013 Epoch time - -10.65106
Epoch - 89 Train - 2.336691951751709 Val - 2.3013147513071694 KLBeta - 0.0440000012 Epoch time - -10.5895
Epoch - 88 Train - 2.3424722584811124 Val - 2.3021374543507895 KLBeta - 0.0435000013 Epoch time - -10.72248
Epoch - 89 Train - 2.3438697598197242 Val - 2.2961224714914956 KLBeta - 0.0440000012 Epoch time - -10.57308
Epoch - 89 Train - 2.3446416464718904 Val - 2.2928249835968018 KLBeta - 0.0440000012 Epoch time - -10.65964
Epoch - 90 Train - 2.3344891331412576 Val - 2.2964988549550376 KLBeta - 0.0445000011 Epoch time - -10.57475
Epoch - 90 Train - 2.3412302667444402 Val - 2.2909799416859946 KLBeta - 0.0445000011 Epoch time - -10.5764
Epoch - 89 Train - 2.3401997869664974 Val - 2.2983078161875405 KLBeta - 0.0440000012 Epoch time - -10.71661
Epoch - 90 Train - 2.3413398959419944 Val - 2.295363108317057 KLBeta - 0.0445000011 Epoch time - -10.65209
Epoch - 91 Train - 2.3782226129011677 Val - 2.3013806343078613 KLBeta - 0.045000001 Epoch time - -10.60238
Epoch - 91 Train - 2.389699198982932 Val - 2.2974445819854736 KLBeta - 0.045000001 Epoch time - -10.60469
Epoch - 90 Train - 2.3374290206215598 Val - 2.2958346207936606 KLBeta - 0.0445000011 Epoch time - -10.71067
Epoch - 91 Train - 2.399333784796975 Val - 2.301762342453003 KLBeta - 0.045000001 Epoch time - -10.66008
Epoch - 92 Train - 2.3316847107627177 Val - 2.2949136098225913 KLBeta - 0.0455000009 Epoch time - -10.60148
Epoch - 92 Train - 2.340179595080289 Val - 2.290174643198649 KLBeta - 0.0455000009 Epoch time - -10.60685
Epoch - 91 Train - 2.3843840035525234 Val - 2.3046979904174805 KLBeta - 0.045000001 Epoch time - -10.69057
Epoch - 92 Train - 2.341728201779452 Val - 2.29109255472819 KLBeta - 0.0455000009 Epoch time - -10.65423
Epoch - 93 Train - 2.329843694513494 Val - 2.2913580735524497 KLBeta - 0.0460000008 Epoch time - -10.60628
Epoch - 93 Train - 2.337631676413796 Val - 2.2900044123331704 KLBeta - 0.0460000008 Epoch time - -10.60663
Epoch - 92 Train - 2.3368361776525326 Val - 2.2950034141540527 KLBeta - 0.0455000009 Epoch time - -10.69149
Epoch - 93 Train - 2.3388860659165815 Val - 2.2885141372680664 KLBeta - 0.0460000008 Epoch time - -10.66337
Epoch - 94 Train - 2.32769586389715 Val - 2.293626149495443 KLBeta - 0.0465000007 Epoch time - -10.59771
Epoch - 94 Train - 2.33526480848139 Val - 2.2833122412363687 KLBeta - 0.0465000007 Epoch time - -10.59374
Epoch - 93 Train - 2.3344412803649903 Val - 2.2938853104909263 KLBeta - 0.0460000008 Epoch time - -10.70347
Epoch - 94 Train - 2.336151365800337 Val - 2.287438710530599 KLBeta - 0.0465000007 Epoch time - -10.65641
Epoch - 95 Train - 2.3264410105618563 Val - 2.290710926055908 KLBeta - 0.0470000006 Epoch time - -10.5975
Epoch - 95 Train - 2.332912713831121 Val - 2.2818798224131265 KLBeta - 0.0470000006 Epoch time - -10.5943
Epoch - 94 Train - 2.3311842831698333 Val - 2.2901204427083335 KLBeta - 0.0465000007 Epoch time - -10.69804
Epoch - 95 Train - 2.3344045248898593 Val - 2.2824811935424805 KLBeta - 0.0470000006 Epoch time - -10.64711
Epoch - 96 Train - 2.3776863358237526 Val - 2.296224673589071 KLBeta - 0.0475000005 Epoch time - -10.61034
Epoch - 96 Train - 2.384653364528309 Val - 2.293076992034912 KLBeta - 0.0475000005 Epoch time - -10.58694
Epoch - 95 Train - 2.3296579230915415 Val - 2.2925263245900473 KLBeta - 0.0470000006 Epoch time - -10.68748
Epoch - 96 Train - 2.387295787984675 Val - 2.291217486063639 KLBeta - 0.0475000005 Epoch time - -10.64615
Epoch - 97 Train - 2.3256032683632593 Val - 2.2879510720570884 KLBeta - 0.0480000004 Epoch time - -10.61271
Epoch - 97 Train - 2.334713164242831 Val - 2.2829766273498535 KLBeta - 0.0480000004 Epoch time - -10.59326
Epoch - 96 Train - 2.3852361635728316 Val - 2.2978288332621255 KLBeta - 0.0475000005 Epoch time - -10.74558
Epoch - 97 Train - 2.3340758020227605 Val - 2.2825518449147544 KLBeta - 0.0480000004 Epoch time - -10.65435
Epoch - 98 Train - 2.3221868471665816 Val - 2.2841389179229736 KLBeta - 0.0485000003 Epoch time - -10.60748
Epoch - 98 Train - 2.3307546572251754 Val - 2.2783711751302085 KLBeta - 0.0485000003 Epoch time - -10.58825
Epoch - 97 Train - 2.3308834942904384 Val - 2.285647710164388 KLBeta - 0.0480000004 Epoch time - -10.74439
Epoch - 98 Train - 2.331267803365534 Val - 2.2810045878092446 KLBeta - 0.0485000003 Epoch time - -10.65113
Epoch - 99 Train - 2.3200044241818514 Val - 2.2815685272216797 KLBeta - 0.0490000002 Epoch time - -10.60655
Epoch - 99 Train - 2.3273076794364234 Val - 2.2744017442067466 KLBeta - 0.0490000002 Epoch time - -10.59468
Epoch - 98 Train - 2.3270814288746227 Val - 2.2827658653259277 KLBeta - 0.0485000003 Epoch time - -10.74162
Epoch - 99 Train - 2.3282815066250886 Val - 2.27427609761556 KLBeta - 0.0490000002 Epoch time - -10.65571
Epoch - 100 Train - 2.3182670549912885 Val - 2.2803014119466147 KLBeta - 0.0495000001 Epoch time - -10.60963
main function called /n
train_parser function called /n
train function called /n
parser model_init called /n
rnn-128_peptide
rnn-128_peptide
Epoch - 100 Train - 2.3255280191248113 Val - 2.2730444272359214 KLBeta - 0.0495000001 Epoch time - -10.71984
main function called /n
train_parser function called /n
train function called /n
parser model_init called /n
rnn-128_peptide
rnn-128_peptide
Epoch - 99 Train - 2.3242353612726383 Val - 2.2794369061787925 KLBeta - 0.0490000002 Epoch time - -10.91659
Epoch - 100 Train - 2.325865056297996 Val - 2.274066209793091 KLBeta - 0.0495000001 Epoch time - -11.04994
main function called /n
train_parser function called /n
train function called /n
parser model_init called /n
rnn-128_peptide
rnn-128_peptide
Epoch - 100 Train - 2.3222939361225476 Val - 2.2808154424031577 KLBeta - 0.0495000001 Epoch time - -11.26106
main function called /n
train_parser function called /n
train function called /n
parser model_init called /n
rnn-128_peptide
rnn-128_peptide
